epoch,RMSE_P,RMSE_T,loss,mean_absolute_error,root_mean_squared_error,val_RMSE_P,val_RMSE_T,val_loss,val_mean_absolute_error,val_root_mean_squared_error
0,2460.34033203125,189.60630798339844,0.12915152311325073,0.2860276401042938,0.35937660932540894,1951.31640625,103.03913879394531,0.047770190984010696,0.17069271206855774,0.21856392920017242
1,1964.9263916015625,101.41242980957031,0.048166271299123764,0.17124728858470917,0.2194681465625763,1743.2783203125,86.01248931884766,0.03594951704144478,0.15030375123023987,0.18960358202457428
2,1752.770751953125,87.95257568359375,0.03775237873196602,0.150276780128479,0.19429971277713776,1520.9713134765625,73.73579406738281,0.027021920308470726,0.12755946815013885,0.16438345611095428
3,1642.317138671875,79.93046569824219,0.031983159482479095,0.13730014860630035,0.1788383573293686,1395.8426513671875,65.86093139648438,0.02231782115995884,0.11339747160673141,0.14939150214195251
4,1519.9241943359375,73.39915466308594,0.027542641386389732,0.1265903264284134,0.16595976054668427,1410.361328125,66.72245025634766,0.022935792803764343,0.11411081254482269,0.151445671916008
5,1440.2974853515625,67.60588073730469,0.024113241583108902,0.116913340985775,0.15528438985347748,1366.7828369140625,62.20273971557617,0.020913325250148773,0.10694150626659393,0.14461439847946167
6,1484.9254150390625,64.86087799072266,0.024023670703172684,0.1166636124253273,0.15499570965766907,1297.2872314453125,57.69805145263672,0.01846412383019924,0.0996796041727066,0.13588276505470276
7,1417.6790771484375,60.741817474365234,0.0217157993465662,0.10917723923921585,0.1473628133535385,1287.22509765625,55.903663635253906,0.017894864082336426,0.0975465476512909,0.13377168774604797
8,1369.7801513671875,60.618309020996094,0.020704681053757668,0.10592037439346313,0.14389121532440186,1299.7322998046875,55.45265197753906,0.018040910363197327,0.09654269367456436,0.13431645929813385
9,1366.1251220703125,58.58391571044922,0.02006390690803528,0.10573231428861618,0.1416471153497696,1288.4786376953125,55.91737747192383,0.017916573211550713,0.09663158655166626,0.13385280966758728
10,1327.4261474609375,57.2445068359375,0.01906028389930725,0.10162778943777084,0.13805899024009705,1266.7830810546875,53.045814514160156,0.01684088073670864,0.09318085014820099,0.12977242469787598
11,1361.447998046875,56.32550811767578,0.01938682422041893,0.10244955867528915,0.13923656940460205,1265.6495361328125,51.791202545166016,0.016563398763537407,0.09188838303089142,0.12869887053966522
12,1329.8756103515625,55.64532470703125,0.018568187952041626,0.10110703855752945,0.1362651288509369,1262.53369140625,51.432861328125,0.016444064676761627,0.09121974557638168,0.12823441624641418
13,1332.1341552734375,53.3813362121582,0.01839488185942173,0.09938761591911316,0.13562773168087006,1260.72265625,51.26215362548828,0.016398930922150612,0.09052899479866028,0.1280583143234253
14,1321.9776611328125,52.57807540893555,0.017844412475824356,0.09872639179229736,0.1335829794406891,1265.58154296875,51.21108627319336,0.01649297960102558,0.09070657938718796,0.1284250020980835
15,1288.9736328125,53.083946228027344,0.01762104034423828,0.09710157662630081,0.13274426758289337,1261.0260009765625,51.45173645019531,0.016421034932136536,0.09098917990922928,0.12814459204673767
16,1292.2257080078125,52.12348175048828,0.01714411936700344,0.09608456492424011,0.13093554973602295,1259.29345703125,50.739845275878906,0.016267972066998482,0.08969900757074356,0.12754596769809723
17,1318.8719482421875,50.798744201660156,0.017389779910445213,0.09591605514287949,0.131870299577713,1248.817626953125,50.02463150024414,0.015900282189249992,0.08940716832876205,0.12609632313251495
18,1284.5748291015625,50.93977737426758,0.01705881580710411,0.09536568075418472,0.1306094080209732,1245.0333251953125,50.65788269042969,0.015991151332855225,0.0895264744758606,0.1264561265707016
19,1293.87646484375,52.03901290893555,0.01735633611679077,0.09566788375377655,0.1317434459924698,1246.8074951171875,49.87904357910156,0.015840688720345497,0.08863740414381027,0.125859797000885
20,1277.1890869140625,48.83945846557617,0.016414575278759003,0.09320774674415588,0.12811937928199768,1244.014892578125,48.83638000488281,0.015586827881634235,0.08746609091758728,0.12484721839427948
21,1270.0615234375,49.41181564331055,0.016343040391802788,0.09315686672925949,0.12783990800380707,1237.72265625,48.543277740478516,0.01542900875210762,0.08692459017038345,0.1242135614156723
22,1257.5308837890625,51.12664031982422,0.016411976888775826,0.09321548044681549,0.12810923159122467,1247.745361328125,48.74299621582031,0.015619959682226181,0.08793993294239044,0.12497983872890472
23,1272.8045654296875,49.7513427734375,0.016450464725494385,0.0931083932518959,0.12825936079025269,1234.0562744140625,48.97426223754883,0.015466328710317612,0.08677738159894943,0.12436369806528091
24,1251.437744140625,47.21870422363281,0.015671471133828163,0.090277761220932,0.1251857429742813,1238.038330078125,48.32185363769531,0.015375345014035702,0.08687348663806915,0.12399736046791077
25,1259.9300537109375,48.94109344482422,0.016033437103033066,0.09196683019399643,0.1266232132911682,1236.855712890625,48.75971221923828,0.01548039074987173,0.08646285533905029,0.12442021816968918
26,1261.4586181640625,48.424400329589844,0.01576211117208004,0.09066369384527206,0.12554726004600525,1234.1322021484375,48.30985641479492,0.015317796729505062,0.0863078385591507,0.12376508861780167
27,1266.064453125,47.05707550048828,0.015716489404439926,0.09050638228654861,0.12536542117595673,1238.4171142578125,47.732540130615234,0.01527146715670824,0.08629002422094345,0.123577781021595
28,1269.6842041015625,47.696380615234375,0.01602185331285,0.09175118058919907,0.1265774667263031,1243.84716796875,47.95266342163086,0.01538690272718668,0.08708864450454712,0.12404395639896393
29,1259.5792236328125,48.475852966308594,0.016056396067142487,0.09107595682144165,0.1267138421535492,1239.217041015625,48.008705139160156,0.015385654754936695,0.08542457967996597,0.12403891980648041
30,1255.104248046875,48.95780563354492,0.016001015901565552,0.09092846512794495,0.1264951080083847,1233.24658203125,48.26432800292969,0.015283466316759586,0.08612647652626038,0.12362632155418396
31,1240.7333984375,47.16626739501953,0.0154874287545681,0.08952318876981735,0.1244485005736351,1228.3760986328125,47.658653259277344,0.015089670196175575,0.08506862819194794,0.122840017080307
32,1238.587646484375,48.006595611572266,0.015410205349326134,0.08900098502635956,0.12413784861564636,1234.6951904296875,47.80713653564453,0.015203956514596939,0.0854940339922905,0.1233043223619461
33,1232.58056640625,46.134883880615234,0.014939739368855953,0.08872156590223312,0.1222282201051712,1225.1982421875,47.276729583740234,0.014980658888816833,0.08404053747653961,0.12239550054073334
34,1254.412841796875,46.84783172607422,0.015395592898130417,0.08914756774902344,0.12407897412776947,1236.463623046875,47.823883056640625,0.015296057797968388,0.08531336486339569,0.12367723137140274
35,1246.4874267578125,46.56471252441406,0.015382327139377594,0.08952480554580688,0.12402550876140594,1234.29443359375,47.62321472167969,0.015170075930655003,0.08549754321575165,0.12316686660051346
36,1241.076171875,46.77915954589844,0.015252415090799332,0.08911954611539841,0.12350066751241684,1233.5462646484375,47.56343460083008,0.015153617598116398,0.08516503125429153,0.12310002744197845
37,1243.6673583984375,46.5357551574707,0.015262865461409092,0.08894065022468567,0.12354297190904617,1233.885986328125,47.47542190551758,0.015147967264056206,0.08508334308862686,0.12307707965373993
38,1234.77392578125,45.99739074707031,0.015056981705129147,0.08823958039283752,0.12270690500736237,1228.7088623046875,47.520118713378906,0.015077102929353714,0.08499862998723984,0.12278885394334793
39,1217.1878662109375,45.86447525024414,0.014808435924351215,0.08773800730705261,0.12168991565704346,1237.451416015625,47.18482971191406,0.015112229622900486,0.08594685047864914,0.12293180823326111
40,1237.22998046875,46.00880432128906,0.015101480297744274,0.08928501605987549,0.12288808077573776,1237.462646484375,47.63883972167969,0.015236192382872105,0.08552858233451843,0.12343496829271317
41,1219.1727294921875,46.19437026977539,0.014939852058887482,0.08767145872116089,0.12222868949174881,1229.4052734375,47.21551513671875,0.015040143392980099,0.08421602100133896,0.1226382628083229
42,1228.5970458984375,45.459590911865234,0.01489168405532837,0.08712854981422424,0.12203148752450943,1234.0989990234375,47.38633728027344,0.015147359110414982,0.08477670699357986,0.12307460606098175
43,1237.6806640625,45.58058547973633,0.014992322772741318,0.08786046504974365,0.12244313955307007,1227.698486328125,46.884281158447266,0.014958089217543602,0.08379814773797989,0.12230326980352402
44,1240.6270751953125,45.610984802246094,0.014913617633283138,0.08770609647035599,0.12212132662534714,1235.0985107421875,47.05153274536133,0.015066972933709621,0.08513493090867996,0.12274759262800217
45,1229.962890625,45.05459213256836,0.01506321132183075,0.08804640918970108,0.12273227423429489,1234.674072265625,47.24517822265625,0.015095408074557781,0.08534795790910721,0.12286338210105896
46,1227.561767578125,45.8337516784668,0.014805995859205723,0.087032750248909,0.1216798946261406,1237.7750244140625,47.185508728027344,0.015125262551009655,0.08574966341257095,0.12298480421304703
47,1230.3477783203125,45.47852325439453,0.014606376178562641,0.0861373245716095,0.12085684388875961,1230.365478515625,47.37618637084961,0.015047010034322739,0.08528270572423935,0.12266625463962555
48,1224.026611328125,44.37247085571289,0.014536483213305473,0.08639843761920929,0.12056733667850494,1259.33642578125,46.9893684387207,0.015433009713888168,0.08743968605995178,0.12422966212034225
49,1217.91650390625,45.64100646972656,0.014813156798481941,0.08785004168748856,0.12170930951833725,1238.96533203125,47.12865447998047,0.015127862803637981,0.08556760102510452,0.12299537658691406
50,1210.2406005859375,45.08415603637695,0.014375187456607819,0.08579537272453308,0.11989656835794449,1232.7486572265625,47.44099426269531,0.015118471346795559,0.08478422462940216,0.12295719236135483
51,1229.63671875,44.5565071105957,0.014588851481676102,0.08624857664108276,0.12078431248664856,1223.3536376953125,47.10629653930664,0.014911355450749397,0.08380581438541412,0.12211205810308456
52,1237.89013671875,46.12675476074219,0.015195677056908607,0.08887102454900742,0.12327075004577637,1230.271240234375,46.97995376586914,0.014995330944657326,0.08423536270856857,0.1224554255604744
53,1214.798828125,44.74983215332031,0.014546620659530163,0.08588983863592148,0.12060937285423279,1244.0240478515625,46.79671859741211,0.0151533093303442,0.08540298044681549,0.12309877574443817
54,1214.135986328125,45.047325134277344,0.014497201889753342,0.08611807972192764,0.12040432542562485,1228.81591796875,47.32190704345703,0.015030978247523308,0.0837717205286026,0.12260089069604874
55,1203.65283203125,45.28574752807617,0.014406712725758553,0.08609335869550705,0.12002796679735184,1238.911376953125,47.084877014160156,0.01511825155466795,0.08504243940114975,0.1229563057422638
56,1199.4962158203125,44.06718063354492,0.01406561117619276,0.08489945530891418,0.11859852820634842,1237.551513671875,47.36931610107422,0.015152417123317719,0.08525337278842926,0.12309514731168747
57,1209.0911865234375,44.64615249633789,0.014425256289541721,0.08593475818634033,0.12010519206523895,1217.4495849609375,47.23954772949219,0.014816819690167904,0.08341541141271591,0.12172435969114304
58,1215.9859619140625,44.632144927978516,0.014581994153559208,0.08544020354747772,0.12075592577457428,1229.107177734375,47.39375686645508,0.0150421978905797,0.08437035232782364,0.12264663726091385
59,1211.3685302734375,44.29202651977539,0.014287606813013554,0.08566486090421677,0.11953077465295792,1226.4556884765625,47.29161834716797,0.014954871498048306,0.08432191610336304,0.12229011207818985
60,1206.969482421875,45.67506790161133,0.014465555548667908,0.08628920465707779,0.12027283757925034,1223.262451171875,47.09883499145508,0.014884252101182938,0.08366090059280396,0.1220010295510292
61,1203.087158203125,44.82015609741211,0.014287973754107952,0.08576221019029617,0.11953231692314148,1223.1746826171875,47.253414154052734,0.014892540872097015,0.08418458700180054,0.12203499674797058
62,1217.8822021484375,44.33245849609375,0.014442622661590576,0.08554978668689728,0.12017746269702911,1220.4798583984375,47.54136657714844,0.014907801523804665,0.08400773257017136,0.12209749966859818
63,1203.8614501953125,43.736942291259766,0.014189007692039013,0.08536473661661148,0.1191176250576973,1218.044677734375,47.12409210205078,0.014801259152591228,0.0835593044757843,0.12166042625904083
64,1205.923095703125,43.40874481201172,0.014125831425189972,0.08496759831905365,0.11885213851928711,1230.44580078125,47.253456115722656,0.015029593370854855,0.08486900478601456,0.12259523570537567
65,1206.024658203125,43.399688720703125,0.01412532851099968,0.08480745553970337,0.11885002255439758,1229.6602783203125,47.71153259277344,0.015125914476811886,0.08463383466005325,0.12298745661973953
66,1199.3826904296875,44.29343032836914,0.014151808805763721,0.08568987995386124,0.1189613789319992,1225.4317626953125,47.32908248901367,0.01496026199311018,0.08384118974208832,0.12231215089559555
67,1194.9447021484375,44.40570831298828,0.014087238349020481,0.08471933752298355,0.11868967115879059,1222.355224609375,47.331417083740234,0.014901862479746342,0.08413246273994446,0.12207318842411041
68,1213.98828125,43.38724899291992,0.014363331720232964,0.08613203465938568,0.1198471188545227,1233.1785888671875,46.92826843261719,0.014989330433309078,0.0847473070025444,0.12243092060089111
69,1211.9632568359375,43.8930549621582,0.014374171383678913,0.08577516674995422,0.11989234387874603,1246.9384765625,47.217037200927734,0.01525087933987379,0.0862513855099678,0.123494453728199
70,1198.2734375,43.74204635620117,0.014100940898060799,0.08529352396726608,0.11874738335609436,1235.1826171875,47.05392837524414,0.015042153187096119,0.08457522839307785,0.12264645844697952
71,1191.1005859375,43.25836181640625,0.013861142098903656,0.08384963124990463,0.11773335933685303,1239.7945556640625,47.139259338378906,0.015146763063967228,0.08499984443187714,0.12307219207286835
72,1179.5494384765625,42.983741760253906,0.013576159253716469,0.08326225727796555,0.11651677638292313,1231.15087890625,47.01295471191406,0.014993196353316307,0.08403047919273376,0.122446708381176
73,1200.319580078125,43.556549072265625,0.014002873562276363,0.08453719317913055,0.11833373457193375,1221.5555419921875,47.38893508911133,0.014904445968568325,0.08406493067741394,0.12208376079797745
74,1184.8040771484375,42.40298080444336,0.013630058616399765,0.08363346010446548,0.11674784123897552,1240.3106689453125,46.94795227050781,0.015096536837518215,0.08534746617078781,0.12286796420812607
75,1217.9456787109375,43.9882698059082,0.014388145878911018,0.08553972095251083,0.11995059996843338,1226.339111328125,47.250431060791016,0.01494185347110033,0.0845726951956749,0.12223687767982483
76,1215.22119140625,43.80888748168945,0.014150681905448437,0.0849551185965538,0.11895664036273956,1226.6890869140625,47.3738899230957,0.015011397190392017,0.08398792147636414,0.12252100557088852
77,1201.6278076171875,42.893348693847656,0.014081242494285107,0.08461400121450424,0.11866440623998642,1233.818115234375,46.85649871826172,0.0149996904656291,0.08470415323972702,0.12247321754693985
78,1195.4737548828125,43.024906158447266,0.013824796304106712,0.08406460285186768,0.1175788938999176,1228.658447265625,46.752716064453125,0.014895283617079258,0.08430512994527817,0.12204623222351074
79,1205.3985595703125,43.634124755859375,0.014081817120313644,0.08489254862070084,0.11866683512926102,1224.4383544921875,46.90361404418945,0.014863927848637104,0.08408404141664505,0.1219177097082138
80,1195.761962890625,43.524688720703125,0.014007186517119408,0.08470356464385986,0.11835195869207382,1221.9871826171875,47.03570556640625,0.014871417544782162,0.08354637771844864,0.12194842100143433
81,1221.6749267578125,42.95955276489258,0.01417199894785881,0.08506251871585846,0.11904620379209518,1222.1768798828125,47.00914001464844,0.014866182580590248,0.08334651589393616,0.12192694842815399
82,1192.447998046875,43.89154052734375,0.013994495384395123,0.08426397293806076,0.11829833686351776,1225.2406005859375,46.71678924560547,0.014850971288979053,0.0837814062833786,0.12186455726623535
83,1185.648193359375,43.046207427978516,0.013764692470431328,0.08450561761856079,0.11732301861047745,1228.549560546875,47.20075225830078,0.014997400343418121,0.0839516818523407,0.1224638819694519
84,1199.34716796875,43.23848342895508,0.01379922591149807,0.08349277824163437,0.11747010797262192,1234.0,46.758060455322266,0.014979968778789043,0.08462686836719513,0.1223926916718483
85,1201.551513671875,43.96684265136719,0.013982661068439484,0.0846836045384407,0.11824830621480942,1233.0179443359375,46.60432052612305,0.014958730898797512,0.08402969688177109,0.12230589240789413
86,1185.5567626953125,42.628883361816406,0.013586611486971378,0.08292938023805618,0.11656162142753601,1242.5201416015625,46.64128494262695,0.015087629668414593,0.08497223258018494,0.12283171713352203
87,1193.1015625,42.8123664855957,0.013751562684774399,0.08413062244653702,0.11726705729961395,1234.0052490234375,46.487457275390625,0.014939111657440662,0.08407076448202133,0.12222566455602646
88,1169.086181640625,43.19122314453125,0.013614222407341003,0.08338766545057297,0.11668000370264053,1230.664306640625,46.91188430786133,0.014985432848334312,0.0837492123246193,0.12241500616073608
89,1179.5518798828125,43.54315185546875,0.013548486866056919,0.08349701762199402,0.11639796942472458,1231.424560546875,46.81320571899414,0.014952323399484158,0.08398465067148209,0.12227968126535416
90,1190.8328857421875,43.32957077026367,0.013748783618211746,0.08316388726234436,0.11725521087646484,1232.96728515625,47.017391204833984,0.015035330317914486,0.08444590121507645,0.12261863797903061
91,1195.6090087890625,44.33439636230469,0.013952471315860748,0.08459106087684631,0.11812057346105576,1225.28125,46.63798141479492,0.014844690449535847,0.08362248539924622,0.12183878570795059
92,1184.362548828125,43.650390625,0.013642183504998684,0.08372027426958084,0.11679975688457489,1231.473388671875,46.77471923828125,0.014944124035537243,0.08423060923814774,0.1222461611032486
93,1181.17822265625,43.43784713745117,0.013582441955804825,0.0836978629231453,0.1165437325835228,1229.769287109375,46.493831634521484,0.014855013228952885,0.08400905877351761,0.1218811422586441
94,1173.22705078125,42.69647216796875,0.013298965990543365,0.0822782889008522,0.11532114446163177,1223.81005859375,46.429874420166016,0.01476472057402134,0.0831325352191925,0.12151016294956207
95,1171.385986328125,42.660118103027344,0.013489476405084133,0.08334216475486755,0.11614420264959335,1238.122802734375,46.604942321777344,0.015033558011054993,0.0844331607222557,0.12261141091585159
96,1173.5201416015625,42.503265380859375,0.013366658240556717,0.08247776329517365,0.11561426520347595,1241.8265380859375,46.460365295410156,0.015051019378006458,0.0849946141242981,0.1226825937628746
97,1177.0731201171875,41.90747833251953,0.013448013924062252,0.0823374092578888,0.1159655749797821,1225.3731689453125,46.67332458496094,0.014831997454166412,0.083803690969944,0.1217866912484169
98,1171.3463134765625,42.82147216796875,0.013403298333287239,0.08253267407417297,0.11577261984348297,1230.137939453125,46.64501190185547,0.014897875487804413,0.08421351760625839,0.12205685675144196
99,1163.14453125,43.220924377441406,0.013508275151252747,0.08316390961408615,0.11622510105371475,1242.4691162109375,46.307228088378906,0.015056302770972252,0.08483043313026428,0.12270412594079971
100,1180.6766357421875,42.52561569213867,0.01343903224915266,0.08275918662548065,0.1159268394112587,1241.3602294921875,46.20712661743164,0.0150027209892869,0.08481664210557938,0.12248559296131134
101,1169.848876953125,41.75141143798828,0.01320966798812151,0.08226244151592255,0.1149333193898201,1226.7330322265625,46.5620231628418,0.014833638444542885,0.08399229496717453,0.12179341912269592
102,1207.031494140625,41.95115280151367,0.013733930885791779,0.08365797251462936,0.1171918585896492,1228.9884033203125,46.29951858520508,0.01482727937400341,0.08351010084152222,0.1217673197388649
103,1179.8597412109375,42.72142791748047,0.013414463959634304,0.08262290805578232,0.11582082509994507,1229.13525390625,46.24941635131836,0.014805822633206844,0.08409155160188675,0.12167917937040329
104,1155.0618896484375,42.05773162841797,0.01316332258284092,0.08155199140310287,0.11473153531551361,1228.14599609375,46.14999008178711,0.014795519411563873,0.08361067622900009,0.12163683772087097
105,1163.9229736328125,41.68317413330078,0.013028576970100403,0.08164285123348236,0.11414279788732529,1229.0660400390625,45.96265411376953,0.01475013792514801,0.08319705724716187,0.12145014852285385
106,1169.416748046875,42.624183654785156,0.013376139104366302,0.08254805207252502,0.11565525829792023,1249.21923828125,46.38885498046875,0.015126031823456287,0.08579341322183609,0.12298793345689774
107,1176.522216796875,41.8765754699707,0.013229512609541416,0.08201343566179276,0.11501961946487427,1227.7808837890625,46.564823150634766,0.014853520318865776,0.08349151909351349,0.12187501788139343
108,1178.11572265625,42.4619140625,0.013461440801620483,0.08286996185779572,0.11602345108985901,1225.65576171875,46.727394104003906,0.014866815879940987,0.08319056034088135,0.12192955613136292
109,1178.039794921875,42.548954010009766,0.013525478541851044,0.08214262127876282,0.1162990927696228,1227.599365234375,46.48887634277344,0.014851017855107784,0.08283744752407074,0.12186475098133087
110,1152.1522216796875,41.41733932495117,0.012967455200850964,0.08128129690885544,0.11387473344802856,1219.980712890625,46.38111877441406,0.014699547551572323,0.08270370960235596,0.12124168872833252
111,1175.2454833984375,41.95842742919922,0.01310307253152132,0.08182359486818314,0.11446865648031235,1237.9561767578125,46.521827697753906,0.014992778189480305,0.08469059318304062,0.1224450021982193
112,1175.3507080078125,42.49688720703125,0.013220924884080887,0.08277517557144165,0.11498227715492249,1258.30810546875,46.37636947631836,0.015285613015294075,0.08612290024757385,0.12363500148057938
113,1170.31396484375,42.56520462036133,0.013346864841878414,0.08210022002458572,0.1155286356806755,1223.540771484375,46.48383712768555,0.014780277386307716,0.08283191174268723,0.12157416343688965
114,1165.166015625,41.895355224609375,0.013196910731494427,0.08195047080516815,0.11487780511379242,1233.1546630859375,46.12907028198242,0.014834068715572357,0.08359804004430771,0.12179519236087799
115,1171.7275390625,41.53239440917969,0.013198697939515114,0.08173291385173798,0.11488558351993561,1231.8897705078125,46.24188232421875,0.01483780238777399,0.0840160995721817,0.12181051820516586
116,1161.9901123046875,41.90150451660156,0.012983120046555996,0.08131731301546097,0.11394349485635757,1221.423583984375,46.15956497192383,0.014642242342233658,0.08327852934598923,0.12100512534379959
117,1162.123046875,41.96445846557617,0.013155358843505383,0.08204954117536545,0.11469681560993195,1212.54736328125,46.20671463012695,0.014544358476996422,0.08210009336471558,0.12060000002384186
118,1163.85107421875,42.27463150024414,0.013372296467423439,0.08174527436494827,0.11563865095376968,1215.4267578125,46.118019104003906,0.014556088484823704,0.08245585113763809,0.12064861506223679
119,1173.5089111328125,41.074249267578125,0.013055946677923203,0.08149468153715134,0.11426261812448502,1216.9830322265625,46.0657844543457,0.014556221663951874,0.08298808336257935,0.12064916640520096
120,1157.385986328125,41.96817398071289,0.013048368506133556,0.08161027729511261,0.11422944813966751,1233.902099609375,46.37154006958008,0.014890378341078758,0.08408262580633163,0.12202613800764084
121,1132.226806640625,41.036903381347656,0.012604251503944397,0.08022598177194595,0.11226865649223328,1226.249267578125,46.0023307800293,0.01469340454787016,0.08274417370557785,0.12121635675430298
122,1147.4837646484375,41.34183883666992,0.01278128195554018,0.08038053661584854,0.11305433511734009,1230.32568359375,46.149837493896484,0.014804991893470287,0.08319932967424393,0.1216757670044899
123,1154.875,41.31040573120117,0.012790489941835403,0.08085786551237106,0.11309503763914108,1230.604248046875,46.058563232421875,0.014797776937484741,0.08280164003372192,0.12164611369371414
124,1171.92822265625,41.43814468383789,0.01307302713394165,0.08119279891252518,0.11433733999729156,1227.4241943359375,46.406105041503906,0.014808348380029202,0.0835328996181488,0.12168955057859421
125,1158.5865478515625,42.05711364746094,0.012982433661818504,0.08124862611293793,0.11394047737121582,1228.105224609375,46.09067153930664,0.014742814004421234,0.08334758877754211,0.1214199885725975
126,1157.9276123046875,41.88529968261719,0.013113930821418762,0.08153408020734787,0.11451607197523117,1221.10888671875,46.329288482666016,0.01469445414841175,0.0830460712313652,0.12122068554162979
127,1169.2691650390625,41.16596221923828,0.012926054187119007,0.08099283277988434,0.11369279026985168,1236.926025390625,45.83296585083008,0.014848391525447369,0.0839584618806839,0.12185397744178772
128,1155.33203125,42.112464904785156,0.013013556599617004,0.0813116505742073,0.11407697945833206,1225.9498291015625,45.880165100097656,0.014712286181747913,0.08237998187541962,0.12129420787096024
129,1171.470703125,40.58376693725586,0.012966707348823547,0.08095674216747284,0.11387144774198532,1214.5650634765625,45.77964782714844,0.014500247314572334,0.08211544156074524,0.12041696906089783
130,1158.856201171875,41.40521240234375,0.012960993684828281,0.08052945137023926,0.11384636163711548,1207.103515625,45.9681510925293,0.014427883550524712,0.08157166838645935,0.12011612206697464
131,1160.3896484375,41.839088439941406,0.013028132729232311,0.08098375797271729,0.11414085328578949,1213.01708984375,45.93782043457031,0.01449931412935257,0.08202211558818817,0.12041309475898743
132,1156.3873291015625,41.61361312866211,0.012935977429151535,0.08094367384910583,0.11373643577098846,1230.92041015625,45.9859619140625,0.01475478895008564,0.08380857855081558,0.12146929651498795
133,1172.27978515625,41.810848236083984,0.013299346901476383,0.08204817026853561,0.1153227910399437,1226.8311767578125,45.8240966796875,0.014672272838652134,0.0835912674665451,0.12112914770841599
134,1167.8675537109375,41.46352005004883,0.013167452067136765,0.08153939992189407,0.11474952101707458,1212.947509765625,46.038360595703125,0.014502642676234245,0.08225560933351517,0.12042692303657532
135,1145.44921875,41.025596618652344,0.012763268314301968,0.08052396774291992,0.1129746362566948,1211.6673583984375,45.87734603881836,0.014456675387918949,0.08149630576372147,0.12023591250181198
136,1150.92822265625,41.46751022338867,0.012891131453216076,0.08011545240879059,0.11353912204504013,1241.29443359375,46.20041275024414,0.014943609945476055,0.08457779884338379,0.12224406003952026
137,1140.0247802734375,41.71759796142578,0.012701369822025299,0.08075354993343353,0.11270035058259964,1208.784423828125,46.307899475097656,0.014454901218414307,0.08183833211660385,0.12022853642702103
138,1129.2113037109375,41.52340316772461,0.012730032205581665,0.08102616667747498,0.11282745003700256,1212.36669921875,45.797889709472656,0.014469887129962444,0.08138014376163483,0.1202908456325531
139,1155.937744140625,40.40641403198242,0.012817833572626114,0.08040012419223785,0.113215871155262,1217.0782470703125,45.60842514038086,0.014494722709059715,0.08161219954490662,0.1203940287232399
140,1133.1524658203125,41.98507308959961,0.012616387568414211,0.07990925759077072,0.11232269555330276,1213.8275146484375,45.76655197143555,0.014453570358455181,0.08187349885702133,0.12022300064563751
141,1146.863525390625,41.57126235961914,0.012830335646867752,0.08031154423952103,0.1132710799574852,1215.73583984375,45.9614143371582,0.014556318521499634,0.082098089158535,0.12064956873655319
142,1150.4700927734375,42.3171501159668,0.01294216513633728,0.08066719025373459,0.11376363039016724,1218.87890625,45.8245735168457,0.014589308761060238,0.08169347047805786,0.12078621238470078
143,1147.2716064453125,41.21673583984375,0.012742353603243828,0.08079108595848083,0.11288203299045563,1221.0296630859375,46.04591751098633,0.014629248529672623,0.08232758939266205,0.12095142900943756
144,1150.2742919921875,41.350528717041016,0.012649791315197945,0.07987678796052933,0.11247128993272781,1226.8896484375,45.90068817138672,0.014680491760373116,0.08316276967525482,0.12116307765245438
145,1149.6173095703125,40.823333740234375,0.01265201810747385,0.07962323725223541,0.11248119175434113,1220.5784912109375,46.27680969238281,0.014660869725048542,0.08283015340566635,0.12108207494020462
146,1152.292236328125,42.066070556640625,0.013024683110415936,0.08090287446975708,0.11412573605775833,1218.04638671875,45.99628448486328,0.01458665356040001,0.08199580758810043,0.12077520787715912
147,1139.585205078125,41.7791633605957,0.012720282189548016,0.07995344698429108,0.11278422921895981,1222.99853515625,45.998661041259766,0.014630439691245556,0.08270388841629028,0.12095635384321213
148,1150.275390625,41.11347579956055,0.012646419927477837,0.08048930764198303,0.1124562993645668,1221.2518310546875,46.124847412109375,0.014634893275797367,0.08253847062587738,0.12097476422786713
149,1141.91357421875,40.29496765136719,0.01254631020128727,0.07932934910058975,0.11201031506061554,1230.773681640625,45.88127136230469,0.01474236324429512,0.08310957252979279,0.12141813337802887
150,1129.7301025390625,41.4661750793457,0.012686868198215961,0.08022332191467285,0.11263599991798401,1220.12841796875,46.27508544921875,0.014684711582958698,0.08252774924039841,0.12118048965930939
151,1134.76953125,41.072444915771484,0.012399453669786453,0.07936234772205353,0.1113528311252594,1216.0440673828125,46.0248908996582,0.014586461707949638,0.0813872292637825,0.12077441811561584
152,1133.512451171875,41.42097473144531,0.012539057992398739,0.07944883406162262,0.11197793483734131,1220.1962890625,45.48613357543945,0.01453552208840847,0.08163631707429886,0.12056335061788559
153,1143.7679443359375,41.41307067871094,0.012716410681605339,0.08021511882543564,0.1127670630812645,1217.5267333984375,45.76957321166992,0.014538737945258617,0.08227952569723129,0.12057668715715408
154,1144.3046875,40.24185562133789,0.012452332302927971,0.07957407832145691,0.11159002035856247,1211.1365966796875,45.63268280029297,0.01440927479416132,0.08108636736869812,0.12003864347934723
155,1130.2958984375,40.9044075012207,0.012530729174613953,0.07933013141155243,0.11194074153900146,1217.491455078125,45.51426696777344,0.014495152048766613,0.08171801269054413,0.12039581686258316
156,1139.91943359375,41.015380859375,0.012667194940149784,0.08003636449575424,0.11254863440990448,1218.375,45.520320892333984,0.014483933337032795,0.0817716121673584,0.1203492134809494
157,1135.3055419921875,40.715606689453125,0.012419519945979118,0.07912177592515945,0.11144290119409561,1218.37548828125,45.969085693359375,0.014535176567733288,0.08202116191387177,0.12056192010641098
158,1141.2618408203125,41.25229263305664,0.012531986460089684,0.07912113517522812,0.11194635182619095,1225.9144287109375,45.93681335449219,0.01466058474034071,0.0824974998831749,0.1210809051990509
159,1120.37548828125,40.54587173461914,0.012373832985758781,0.07884175330400467,0.11123773455619812,1214.368896484375,46.16645050048828,0.014514886774122715,0.08190630376338959,0.12047775089740753
160,1154.465576171875,41.06499099731445,0.012743066996335983,0.08039741218090057,0.11288519203662872,1211.5113525390625,45.83854675292969,0.014441330917179585,0.0816078707575798,0.12017209082841873
161,1127.777099609375,40.53948974609375,0.012258315458893776,0.07875020802021027,0.1107172742486,1216.8924560546875,46.08100891113281,0.014533191919326782,0.08187109231948853,0.12055368721485138
162,1134.379150390625,40.85868453979492,0.012563997879624367,0.07928808778524399,0.11208923161029816,1220.15380859375,45.84373474121094,0.014564523473381996,0.08220259845256805,0.12068356573581696
163,1155.3084716796875,40.69393539428711,0.012662041932344437,0.07975565642118454,0.11252574622631073,1212.9112548828125,46.1845588684082,0.014553449116647243,0.08165717124938965,0.1206376776099205
164,1135.511962890625,40.821800231933594,0.01253981702029705,0.07974611967802048,0.1119813323020935,1221.525634765625,46.454345703125,0.01468757912516594,0.0831848680973053,0.1211923211812973
165,1134.9608154296875,41.052947998046875,0.012428250163793564,0.07974967360496521,0.11148206144571304,1204.26708984375,46.11835479736328,0.014361778274178505,0.0816216841340065,0.11984065175056458
166,1136.0631103515625,40.89446258544922,0.012475840747356415,0.07925106585025787,0.1116953045129776,1220.70068359375,46.02699279785156,0.014602620154619217,0.08242975920438766,0.12084130197763443
167,1123.9061279296875,40.53914260864258,0.012287093326449394,0.0789167732000351,0.11084716022014618,1208.8704833984375,45.956787109375,0.014415737241506577,0.08166434615850449,0.12006555497646332
168,1122.42333984375,41.34698486328125,0.01244433969259262,0.0793105885386467,0.11155419796705246,1209.7447509765625,45.74616241455078,0.014417384751141071,0.08102570474147797,0.12007240951061249
169,1121.421875,40.010986328125,0.012139263562858105,0.07798413932323456,0.11017832905054092,1217.6219482421875,45.857276916503906,0.014531728811562061,0.08174882084131241,0.12054762244224548
170,1133.4189453125,40.39768600463867,0.012407926842570305,0.07865175604820251,0.11139087378978729,1215.77197265625,45.58890151977539,0.014439797960221767,0.08147279918193817,0.12016570568084717
171,1126.8779296875,39.6891975402832,0.012156208045780659,0.0782175287604332,0.11025518923997879,1212.0228271484375,45.699127197265625,0.01445070281624794,0.08073124289512634,0.12021106481552124
172,1148.7205810546875,40.8624153137207,0.01251661591231823,0.07915722578763962,0.1118776798248291,1214.9681396484375,45.799564361572266,0.01448010466992855,0.08203265815973282,0.12033330649137497
173,1132.6297607421875,39.49187469482422,0.012303113006055355,0.07857149094343185,0.11091940104961395,1210.19384765625,45.73032760620117,0.014409397728741169,0.08115819841623306,0.12003915011882782
174,1128.4390869140625,39.42940902709961,0.012295510619878769,0.07918200641870499,0.1108851209282875,1206.76416015625,45.797340393066406,0.014388690702617168,0.08067651093006134,0.11995287239551544
175,1126.71044921875,40.58650588989258,0.01232955977320671,0.07914917171001434,0.11103855073451996,1211.0482177734375,45.71534729003906,0.014399329200387001,0.08154841512441635,0.11999720335006714
176,1126.5157470703125,39.79978561401367,0.012211216613650322,0.07859543710947037,0.11050437390804291,1211.1513671875,45.76084899902344,0.014418310485780239,0.0810643658041954,0.12007627636194229
177,1137.856689453125,40.50764846801758,0.012523166835308075,0.07941222935914993,0.11190695315599442,1216.288330078125,45.77788543701172,0.014506454579532146,0.08151920139789581,0.12044274806976318
178,1122.997314453125,40.563507080078125,0.012345671653747559,0.0785917341709137,0.11111107468605042,1215.983154296875,45.77695846557617,0.014494634233415127,0.08151695132255554,0.12039367109537125
179,1134.782958984375,40.321533203125,0.012416163459420204,0.07861858606338501,0.11142784357070923,1212.4444580078125,45.76742935180664,0.014419322833418846,0.08196189254522324,0.12008048593997955
180,1122.256591796875,40.71929931640625,0.012137665413320065,0.07850953191518784,0.11017107218503952,1207.8565673828125,45.470664978027344,0.014306025579571724,0.0809234231710434,0.11960779875516891
181,1127.181884765625,40.68190383911133,0.012375444173812866,0.0788772702217102,0.11124497652053833,1206.724853515625,45.38109588623047,0.014263750053942204,0.08083619922399521,0.11943094432353973
182,1123.552001953125,40.052894592285156,0.012287133373320103,0.0782654657959938,0.1108473390340805,1208.4635009765625,45.86018371582031,0.014432348310947418,0.08143309503793716,0.12013471126556396
183,1126.8173828125,40.5640983581543,0.01220703125,0.077976755797863,0.11048543453216553,1211.150634765625,45.38518524169922,0.014353660866618156,0.08122223615646362,0.11980675905942917
184,1135.662841796875,41.4675407409668,0.012412002310156822,0.07938335090875626,0.11140917241573334,1220.7662353515625,45.49589920043945,0.014501291327178478,0.08213008940219879,0.12042130529880524
185,1138.3519287109375,40.30250930786133,0.01238348800688982,0.07863181829452515,0.11128111928701401,1206.6959228515625,45.561458587646484,0.014292205683887005,0.0813552662730217,0.11955001205205917
186,1129.14111328125,40.242156982421875,0.012350047938525677,0.07884766161441803,0.11113076657056808,1212.124755859375,45.325523376464844,0.014356720261275768,0.08182390034198761,0.1198195293545723
187,1132.97607421875,40.23447799682617,0.012323366478085518,0.07861527055501938,0.11101065576076508,1214.5250244140625,45.50898742675781,0.014433449134230614,0.08155296742916107,0.12013929337263107
188,1131.490478515625,40.41714859008789,0.012265412136912346,0.07902225852012634,0.11074931919574738,1215.7255859375,45.48826599121094,0.014428472146391869,0.08174559473991394,0.12011858075857162
189,1117.2623291015625,40.25806427001953,0.012158233672380447,0.07875090092420578,0.1102643832564354,1201.502197265625,45.4983024597168,0.0142302755266428,0.08073257654905319,0.11929071694612503
190,1125.35302734375,39.24100112915039,0.012142994441092014,0.07791303098201752,0.11019525676965714,1211.658935546875,45.49613571166992,0.014350540935993195,0.08208999782800674,0.11979374289512634
191,1128.0816650390625,40.3022575378418,0.012318664230406284,0.07906465232372284,0.11098948121070862,1205.15673828125,45.74788284301758,0.014323554933071136,0.08184413611888885,0.11968105286359787
192,1122.688720703125,40.29533767700195,0.012239605188369751,0.07849981635808945,0.1106327474117279,1204.21435546875,45.54811096191406,0.014263265766203403,0.08168420940637589,0.11942891776561737
193,1124.439208984375,39.500911712646484,0.012156672775745392,0.07855561375617981,0.11025730520486832,1211.2647705078125,45.857139587402344,0.014467144384980202,0.0816599503159523,0.12027944624423981
194,1116.2291259765625,40.16114044189453,0.01208291482180357,0.07817533612251282,0.10992231220006943,1206.2347412109375,45.56487274169922,0.014295737259089947,0.08120568096637726,0.11956477910280228
195,1116.341796875,39.600833892822266,0.011944025754928589,0.07793872058391571,0.10928872972726822,1200.572509765625,45.38737487792969,0.014184446074068546,0.0803840160369873,0.1190984696149826
196,1112.3858642578125,40.51251220703125,0.012060984969139099,0.07810699939727783,0.10982251912355423,1217.599365234375,45.66984558105469,0.014474378898739815,0.08196565508842468,0.1203095093369484
197,1125.94287109375,40.12725067138672,0.012173090130090714,0.07836727797985077,0.11033172160387039,1202.37548828125,45.36332702636719,0.014194187708199024,0.08065212517976761,0.11913935840129852
198,1100.0970458984375,40.38580322265625,0.011931795626878738,0.07806933671236038,0.10923276096582413,1206.0556640625,45.486366271972656,0.014280240051448345,0.0808514803647995,0.11949995905160904
199,1115.90478515625,39.765350341796875,0.012126530520617962,0.07802681624889374,0.11012052744626999,1199.995361328125,45.45707702636719,0.014189645648002625,0.08053695410490036,0.11912029981613159
200,1118.8939208984375,40.17451095581055,0.011989149264991283,0.07731309533119202,0.10949497669935226,1204.4461669921875,45.49714660644531,0.014267421327531338,0.08085842430591583,0.11944631487131119
201,1116.879150390625,40.17520523071289,0.01214220467954874,0.07799561321735382,0.11019166558980942,1201.72998046875,45.613826751708984,0.014261648990213871,0.08100806176662445,0.11942214518785477
202,1113.6988525390625,40.0899658203125,0.012010413222014904,0.07824046164751053,0.1095920279622078,1220.248046875,45.46336364746094,0.014477386139333248,0.08204358071088791,0.12032201141119003
203,1103.4830322265625,40.277435302734375,0.01195721048861742,0.07778671383857727,0.10934902727603912,1204.1890869140625,45.09159851074219,0.014194193296134472,0.08029878884553909,0.11913938075304031
204,1116.079345703125,39.60377502441406,0.012148046866059303,0.07811787724494934,0.11021817475557327,1207.8505859375,45.763179779052734,0.014330188743770123,0.08191853761672974,0.11970876157283783
205,1120.522705078125,40.53110885620117,0.012266322039067745,0.07847913354635239,0.11075343191623688,1201.472412109375,45.21494674682617,0.01415203232318163,0.08040677756071091,0.11896231025457382
206,1108.678955078125,40.228492736816406,0.011941240169107914,0.07732871919870377,0.10927598178386688,1204.74658203125,45.63090133666992,0.01428922824561596,0.08080228418111801,0.11953756213188171
207,1138.8778076171875,40.82521438598633,0.012475001625716686,0.07957570254802704,0.11169154942035675,1201.2271728515625,45.40143966674805,0.014239158481359482,0.08026853203773499,0.11932793259620667
208,1110.490966796875,38.94779586791992,0.011933720670640469,0.07671390473842621,0.10924156755208969,1197.5595703125,45.328006744384766,0.014126014895737171,0.08032449334859848,0.11885291337966919
209,1098.1448974609375,39.28505325317383,0.011655323207378387,0.0767904669046402,0.1079598218202591,1204.59326171875,45.5660285949707,0.0142970597371459,0.08036068081855774,0.11957031488418579
210,1110.960205078125,39.51912307739258,0.011902998201549053,0.07718199491500854,0.10910086333751678,1208.794921875,45.484596252441406,0.014304711483418941,0.08092261850833893,0.11960230022668839
211,1111.360595703125,39.76805114746094,0.01199613232165575,0.07728226482868195,0.1095268577337265,1212.049072265625,45.46945571899414,0.014349591918289661,0.0811932235956192,0.11978977173566818
212,1101.8863525390625,39.77036666870117,0.011974815279245377,0.07749705016613007,0.1094295009970665,1210.6734619140625,45.59396743774414,0.014361853711307049,0.08098284155130386,0.11984094977378845
213,1114.0501708984375,40.5102653503418,0.012076102197170258,0.07775463908910751,0.10989131778478622,1215.2159423828125,45.642356872558594,0.014429205097258091,0.08131696283817291,0.12012163549661636
214,1118.509521484375,39.58736038208008,0.011951511725783348,0.07775940001010895,0.10932297259569168,1216.63330078125,45.714271545410156,0.014479836449027061,0.08128838986158371,0.12033218890428543
215,1100.0701904296875,38.77101516723633,0.011715774424374104,0.07630264759063721,0.10823943465948105,1212.5611572265625,45.67903137207031,0.01443467941135168,0.08094562590122223,0.12014441192150116
216,1112.310791015625,40.54364013671875,0.011994204483926296,0.0777917429804802,0.10951805859804153,1209.62353515625,45.5214958190918,0.014334356412291527,0.08096886426210403,0.11972617357969284
217,1109.234130859375,39.60435485839844,0.011798742227256298,0.07632531225681305,0.10862201452255249,1219.1466064453125,45.99308395385742,0.014575465582311153,0.08180493116378784,0.12072889506816864
218,1108.945556640625,39.08018112182617,0.011753625236451626,0.07687199115753174,0.10841413587331772,1204.98779296875,45.64422607421875,0.014288145117461681,0.0805482491850853,0.11953303217887878
219,1104.6461181640625,40.86435317993164,0.01202382706105709,0.07754601538181305,0.10965321213006973,1207.154541015625,45.72005844116211,0.014374126680195332,0.08064919710159302,0.11989214271306992
220,1113.1085205078125,40.70682907104492,0.012106414884328842,0.07776101678609848,0.11002915352582932,1198.1666259765625,45.64959716796875,0.01417562086135149,0.08030611276626587,0.1190614178776741
221,1109.0299072265625,39.6133918762207,0.011898764409124851,0.07673943787813187,0.1090814545750618,1195.4771728515625,45.63191604614258,0.014133352786302567,0.08040620386600494,0.11888378113508224
222,1097.91015625,39.907676696777344,0.011815749108791351,0.0769198015332222,0.10870027542114258,1199.44677734375,45.577423095703125,0.014191861264407635,0.08017005771398544,0.11912959814071655
223,1107.69140625,39.81854248046875,0.011897148564457893,0.07760284096002579,0.10907404869794846,1199.958984375,45.90083312988281,0.014280727133154869,0.08071091771125793,0.119501993060112
224,1101.9798583984375,39.688133239746094,0.011755112558603287,0.07734402269124985,0.10842099785804749,1202.39501953125,45.67036056518555,0.014252173714339733,0.08025704324245453,0.11938247084617615
225,1092.90283203125,39.75111389160156,0.011667990125715733,0.07616455107927322,0.10801847279071808,1203.3004150390625,45.56877899169922,0.014242956414818764,0.08012544363737106,0.11934385448694229
226,1098.4407958984375,39.39500045776367,0.011838611215353012,0.07693804800510406,0.10880538076162338,1192.7811279296875,45.63581848144531,0.01410791464149952,0.07969065010547638,0.11877674609422684
227,1090.8890380859375,39.62923812866211,0.011548547074198723,0.07605425268411636,0.10746417194604874,1197.5177001953125,45.65011215209961,0.014188972301781178,0.0800592228770256,0.11911747604608536
228,1090.1578369140625,39.40843963623047,0.011542289517819881,0.07596177607774734,0.10743504017591476,1196.5845947265625,45.615787506103516,0.014197077602148056,0.0798010379076004,0.11915148794651031
229,1103.2874755859375,39.50239944458008,0.011784467846155167,0.0769583061337471,0.10855628550052643,1200.8216552734375,45.67772674560547,0.014313165098428726,0.08008495718240738,0.1196376383304596
230,1089.3631591796875,39.97465515136719,0.011696846224367619,0.07704832404851913,0.10815195739269257,1207.0963134765625,45.653133392333984,0.014323447830975056,0.08099941164255142,0.11968060582876205
231,1103.2218017578125,40.036746978759766,0.011813580989837646,0.0768759548664093,0.1086902990937233,1203.11279296875,45.61573028564453,0.014262871816754341,0.08010359108448029,0.11942726373672485
232,1108.7633056640625,38.68086624145508,0.011666818521916866,0.07655388116836548,0.10801304876804352,1201.5084228515625,45.78280258178711,0.014285262674093246,0.08061720430850983,0.11952096968889236
233,1080.477294921875,39.438133239746094,0.011456858366727829,0.07664564251899719,0.10703671723604202,1204.2926025390625,46.07891845703125,0.014403028413653374,0.08076838403940201,0.12001261860132217
234,1098.6756591796875,40.22719192504883,0.01188252866268158,0.07712031900882721,0.10900700837373734,1197.8096923828125,45.79819869995117,0.014223786070942879,0.08002351969480515,0.11926351487636566
235,1109.251220703125,40.16791915893555,0.01178127620369196,0.07653596252202988,0.1085415855050087,1202.82861328125,45.54975509643555,0.014244446530938148,0.08026893436908722,0.11935009807348251
236,1087.0345458984375,39.15251541137695,0.011467267759144306,0.0761394202709198,0.10708533227443695,1201.60986328125,45.587791442871094,0.014204553328454494,0.08073057234287262,0.11918286234140396
237,1108.5660400390625,39.70502471923828,0.0117012495175004,0.07650181651115417,0.10817231982946396,1215.9248046875,45.78764343261719,0.0144871287047863,0.0812249556183815,0.12036248296499252
238,1091.44189453125,39.54770278930664,0.011713867075741291,0.0770999863743782,0.10823061317205429,1196.856201171875,45.82429122924805,0.014231747016310692,0.07981524616479874,0.11929688602685928
239,1088.4757080078125,39.74265670776367,0.011480462737381458,0.07598316669464111,0.10714691132307053,1206.3359375,45.959129333496094,0.014381317421793938,0.0800439715385437,0.11992213129997253
240,1088.6009521484375,40.319549560546875,0.011801284737884998,0.07694746553897858,0.10863371938467026,1202.927734375,45.922298431396484,0.014307375997304916,0.08046288788318634,0.11961343884468079
241,1103.81982421875,38.682369232177734,0.011755485087633133,0.07678694278001785,0.10842271149158478,1198.444580078125,45.72311782836914,0.01421206071972847,0.08013487607240677,0.11921434849500656
242,1098.814697265625,39.09858322143555,0.011531103402376175,0.07626369595527649,0.10738297551870346,1199.8048095703125,45.71196365356445,0.014210834167897701,0.08034999668598175,0.11920920014381409
243,1103.715087890625,39.095149993896484,0.011765578761696815,0.07659033685922623,0.10846925526857376,1200.5252685546875,45.91304016113281,0.014293840155005455,0.08041874319314957,0.11955685168504715
244,1087.0174560546875,39.72662353515625,0.011616702191531658,0.07638855278491974,0.1077808067202568,1205.36767578125,45.99775695800781,0.014407281763851643,0.0804513692855835,0.12003033608198166
245,1090.322021484375,39.540409088134766,0.011599437333643436,0.07700607180595398,0.10770068317651749,1203.4932861328125,45.97323989868164,0.014369399286806583,0.08018577098846436,0.11987242847681046
246,1115.6104736328125,40.18672180175781,0.011885516345500946,0.07729273289442062,0.10902071744203568,1199.5770263671875,45.96794891357422,0.014291249215602875,0.08031933754682541,0.11954601109027863
247,1088.077880859375,39.374839782714844,0.011551905423402786,0.07602015137672424,0.10747978836297989,1201.392822265625,45.90468215942383,0.014324218966066837,0.0803997740149498,0.11968383938074112
248,1086.9739990234375,39.506229400634766,0.011526111513376236,0.07576563209295273,0.10735972970724106,1192.598388671875,45.63375473022461,0.014106632210314274,0.07989102602005005,0.11877134442329407
249,1102.0767822265625,39.974586486816406,0.011808313429355621,0.07684926688671112,0.1086660623550415,1203.78662109375,45.825374603271484,0.014297946356236935,0.08072789758443832,0.11957401782274246
250,1088.330078125,39.22806167602539,0.011603989638388157,0.07628925889730453,0.10772180557250977,1196.57080078125,45.83831787109375,0.014235734939575195,0.08011879771947861,0.11931359767913818
251,1091.895263671875,39.183677673339844,0.0115780895575881,0.07602831721305847,0.10760153084993362,1194.1976318359375,45.97349166870117,0.014184031635522842,0.07983072847127914,0.11909673362970352
252,1088.599609375,39.06138229370117,0.011538596823811531,0.07591562718153,0.10741785913705826,1202.2078857421875,45.701141357421875,0.014274113811552525,0.0807470977306366,0.11947432160377502
253,1093.7437744140625,39.11016082763672,0.011463206261396408,0.07563301175832748,0.10706637054681778,1206.3365478515625,45.52482604980469,0.01425610389560461,0.08101057261228561,0.11939891427755356
254,1109.847900390625,39.94966506958008,0.011756094172596931,0.0766676813364029,0.10842552036046982,1194.892578125,45.982994079589844,0.014237858355045319,0.08030441403388977,0.11932249367237091
255,1089.12060546875,39.3274040222168,0.011477136984467506,0.07569429278373718,0.10713139921426773,1195.0220947265625,45.80637741088867,0.014156214892864227,0.08062154799699783,0.11897989362478256
256,1096.223876953125,39.73788070678711,0.01157971192151308,0.07659458369016647,0.10760907828807831,1193.744140625,45.87478256225586,0.014183864928781986,0.08004686236381531,0.11909603327512741
257,1086.4993896484375,39.633522033691406,0.011444935575127602,0.0760803148150444,0.10698100924491882,1199.463134765625,45.82140350341797,0.01427512988448143,0.08019017428159714,0.11947857588529587
258,1098.11669921875,38.605167388916016,0.011518788523972034,0.07606717944145203,0.10732562094926834,1196.4080810546875,45.96534729003906,0.014247981831431389,0.08024393767118454,0.1193649098277092
259,1091.6968994140625,39.395050048828125,0.011521704494953156,0.07511245459318161,0.10733921825885773,1193.96044921875,45.8333625793457,0.014177815057337284,0.07984644919633865,0.1190706342458725
260,1086.3297119140625,39.3931884765625,0.011377259157598019,0.07588402181863785,0.10666423290967941,1193.73974609375,45.74971008300781,0.014117961749434471,0.08000781387090683,0.11881902813911438
261,1092.456787109375,38.56097412109375,0.011372647248208523,0.07550104707479477,0.10664261132478714,1185.1378173828125,45.850345611572266,0.014001251198351383,0.0796324610710144,0.11832687258720398
262,1102.576171875,38.94688034057617,0.011603882536292076,0.07651284337043762,0.10772132128477097,1188.6893310546875,45.78990173339844,0.014090458862483501,0.07976258546113968,0.11870323121547699
263,1089.8018798828125,38.7701530456543,0.011445276439189911,0.07581034302711487,0.10698259621858597,1185.082763671875,45.941322326660156,0.014042115770280361,0.07983210682868958,0.11849943548440933
264,1079.6099853515625,39.32476043701172,0.011364874430000782,0.07556189596652985,0.10660616308450699,1187.188720703125,45.77175521850586,0.014055001549422741,0.07997196167707443,0.11855379492044449
265,1093.6829833984375,39.14180374145508,0.011563180945813656,0.07656626403331757,0.10753223299980164,1187.281982421875,45.54003143310547,0.014025723561644554,0.07980669289827347,0.1184302419424057
266,1086.619873046875,38.53240966796875,0.01148821972310543,0.07629713416099548,0.10718311369419098,1188.640625,45.356117248535156,0.01400692481547594,0.07951681315898895,0.11835086345672607
267,1104.974609375,39.10105514526367,0.011596782132983208,0.07578766345977783,0.10768835991621017,1191.360595703125,45.47605895996094,0.014059851877391338,0.07972335070371628,0.11857424676418304
268,1101.8271484375,38.371673583984375,0.011556076817214489,0.0760861188173294,0.10749919712543488,1204.31591796875,45.58597183227539,0.014299187809228897,0.08038968592882156,0.11957921087741852
269,1084.7783203125,38.11430740356445,0.01128925196826458,0.07523762434720993,0.10625088959932327,1198.091796875,45.39763259887695,0.014170222915709019,0.08000286668539047,0.11903873831033707
270,1087.9232177734375,39.03491973876953,0.011394958943128586,0.07547348737716675,0.10674717277288437,1190.658447265625,45.506690979003906,0.01404262613505125,0.07965768128633499,0.11850158870220184
271,1097.5157470703125,39.364051818847656,0.011595111340284348,0.07634620368480682,0.10768060386180878,1189.9046630859375,45.6602668762207,0.014092287980020046,0.0797140821814537,0.1187109425663948
272,1085.09521484375,38.53062057495117,0.011281280778348446,0.07594681531190872,0.10621337592601776,1189.7216796875,45.60776138305664,0.014040006324648857,0.07977032661437988,0.11849053204059601
273,1112.0360107421875,38.8311653137207,0.011692777276039124,0.07602875679731369,0.10813314467668533,1187.4285888671875,45.54719543457031,0.014004106633365154,0.07996247708797455,0.11833894997835159
274,1083.3717041015625,38.67751693725586,0.011431493796408176,0.07537886500358582,0.10691816359758377,1190.1864013671875,45.96046447753906,0.014127915725111961,0.07984727621078491,0.11886090785264969
275,1102.470703125,39.11799240112305,0.011662592180073261,0.07638780772686005,0.107993483543396,1187.133544921875,45.77862548828125,0.014055994339287281,0.07953173667192459,0.11855798214673996
276,1070.5396728515625,40.00958251953125,0.011367525905370712,0.0759611651301384,0.10661859810352325,1187.50927734375,45.57555389404297,0.013992588967084885,0.07953546941280365,0.11829026788473129
277,1089.3145751953125,38.40956497192383,0.011308323591947556,0.07546429336071014,0.10634060949087143,1190.8905029296875,45.57496643066406,0.014063892886042595,0.0794588029384613,0.11859128624200821
278,1101.1507568359375,39.999061584472656,0.011778924614191055,0.076266810297966,0.10853075236082077,1192.7896728515625,45.444091796875,0.014056159183382988,0.08011390268802643,0.11855867505073547
279,1086.96435546875,39.412715911865234,0.011525767855346203,0.0756308063864708,0.10735812783241272,1190.6558837890625,45.53943634033203,0.014077603816986084,0.08035171031951904,0.11864908039569855
280,1101.995849609375,39.0026741027832,0.011701876297593117,0.07660910487174988,0.10817521810531616,1191.536865234375,45.84239959716797,0.014109345152974129,0.0809088721871376,0.11878276616334915
281,1083.0699462890625,38.816246032714844,0.011254118755459785,0.07578662782907486,0.10608542710542679,1197.231201171875,45.73216247558594,0.014238621108233929,0.08011044561862946,0.11932568997144699
282,1086.558837890625,39.2335319519043,0.011448738165199757,0.07591764628887177,0.10699877887964249,1189.17822265625,45.67878723144531,0.01406156923621893,0.07999463379383087,0.11858148127794266
283,1073.06201171875,37.97838592529297,0.011078030802309513,0.07443694025278091,0.1052522286772728,1194.05419921875,45.72262954711914,0.014144130051136017,0.08010954409837723,0.11892909556627274
284,1089.6409912109375,39.237464904785156,0.011416206136345863,0.07577954977750778,0.1068466454744339,1199.261962890625,45.79728698730469,0.01424598041921854,0.08027492463588715,0.11935652792453766
285,1077.2496337890625,38.42695999145508,0.011279052123427391,0.07548101246356964,0.10620288550853729,1193.48779296875,45.43101119995117,0.014100062660872936,0.07936827838420868,0.11874368786811829
286,1081.4302978515625,39.23102569580078,0.011452754959464073,0.07569927722215652,0.10701754689216614,1198.67138671875,45.58808898925781,0.014240357093513012,0.07996051758527756,0.11933296173810959
287,1072.7935791015625,39.141197204589844,0.011359318159520626,0.07517589628696442,0.10658010095357895,1190.931396484375,45.5681037902832,0.014088433235883713,0.0797182098031044,0.11869470775127411
288,1061.541748046875,39.323917388916016,0.011136927641928196,0.07456060498952866,0.10553164035081863,1201.0010986328125,45.538787841796875,0.014242419973015785,0.07999986410140991,0.11934161186218262
289,1089.1280517578125,38.76105499267578,0.011237656697630882,0.07474177330732346,0.10600781440734863,1196.7747802734375,45.62499237060547,0.014162637293338776,0.07990061491727829,0.11900687962770462
290,1073.0196533203125,38.94428634643555,0.01136170607060194,0.07516644895076752,0.10659130662679672,1187.611083984375,45.47113037109375,0.013986924663186073,0.07921108603477478,0.11826632916927338
291,1066.616455078125,39.06948471069336,0.01126313116401434,0.07516499608755112,0.10612790286540985,1194.33251953125,45.56532287597656,0.014121931977570057,0.0796126276254654,0.11883573234081268
292,1068.1048583984375,39.22536849975586,0.011300046928226948,0.07506496459245682,0.1063016802072525,1197.5816650390625,45.43388366699219,0.014142113737761974,0.07993131875991821,0.11892061680555344
293,1079.7225341796875,37.51725387573242,0.011094731278717518,0.07378270477056503,0.10533153265714645,1203.1063232421875,45.60535430908203,0.014253811910748482,0.08053527772426605,0.11938933283090591
294,1094.211669921875,38.98527908325195,0.011444364674389362,0.07552985846996307,0.10697833448648453,1192.230224609375,45.58183670043945,0.014101661741733551,0.07947293668985367,0.11875041574239731
295,1062.8250732421875,39.167213439941406,0.011122048832476139,0.07538899034261703,0.10546112805604935,1196.233154296875,45.55057144165039,0.014180997386574745,0.07939008623361588,0.11908399313688278
296,1075.0443115234375,38.54185104370117,0.011235945858061314,0.07467705011367798,0.10599974542856216,1194.97265625,45.49576187133789,0.014174752868711948,0.07928859442472458,0.11905777454376221
297,1087.994384765625,38.4993896484375,0.011334666982293129,0.07558445632457733,0.10646439343690872,1197.619140625,45.39189529418945,0.014190617017447948,0.07956531643867493,0.11912437528371811
298,1067.2237548828125,39.01798629760742,0.01116619911044836,0.07530632615089417,0.10567023605108261,1196.3922119140625,45.29872131347656,0.014157766476273537,0.07936885207891464,0.11898642033338547
299,1085.442626953125,38.422115325927734,0.01128773670643568,0.07543177157640457,0.10624375939369202,1191.347900390625,45.528446197509766,0.014098858460783958,0.07966016978025436,0.11873861402273178
300,1081.6651611328125,38.20644760131836,0.011309942230582237,0.07500316202640533,0.10634821653366089,1190.26611328125,45.57617950439453,0.014053943566977978,0.07978726178407669,0.11854932457208633
301,1066.364990234375,37.7220458984375,0.010950878262519836,0.07410500943660736,0.10464644432067871,1193.8802490234375,45.57493591308594,0.01414428185671568,0.07943059504032135,0.11892973631620407
302,1079.5892333984375,38.81961441040039,0.01120365783572197,0.07483694702386856,0.10584733635187149,1193.883056640625,45.37417984008789,0.014099343679845333,0.07952417433261871,0.11874065548181534
303,1070.936279296875,38.68011474609375,0.011332455091178417,0.07535204291343689,0.10645400732755661,1196.757080078125,45.51472473144531,0.014185411855578423,0.0797123908996582,0.11910253018140793
304,1073.301513671875,38.567420959472656,0.011061737313866615,0.07478500157594681,0.10517478734254837,1205.5457763671875,45.37379455566406,0.014276846311986446,0.08020937442779541,0.11948574334383011
305,1086.358154296875,38.57188034057617,0.011348985135555267,0.0755714699625969,0.10653161257505417,1191.35302734375,45.31283187866211,0.014041983522474766,0.07936553657054901,0.11849887669086456
306,1072.6749267578125,38.21885299682617,0.011037145741283894,0.07398626953363419,0.10505782067775726,1203.7501220703125,45.4010009765625,0.014276789501309395,0.08012948930263519,0.1194855198264122
307,1089.1094970703125,39.07889938354492,0.011470249854028225,0.07571721822023392,0.10709924250841141,1192.7608642578125,45.37672424316406,0.014057016000151634,0.07970742881298065,0.11856228113174438
308,1060.9771728515625,39.316612243652344,0.011021330021321774,0.0739486813545227,0.10498252511024475,1194.984130859375,45.33076095581055,0.014107479713857174,0.07988376170396805,0.11877492070198059
309,1091.263427734375,38.9463996887207,0.011465593241155148,0.07585648447275162,0.10707750916481018,1198.40478515625,45.59627914428711,0.014216355048120022,0.08039035648107529,0.11923235654830933
310,1060.2254638671875,38.483177185058594,0.010986282490193844,0.07461486011743546,0.10481546819210052,1209.3756103515625,45.746891021728516,0.01435218658298254,0.08075539022684097,0.1198006123304367
311,1081.4090576171875,39.40863037109375,0.011364251375198364,0.07523606717586517,0.106603242456913,1198.003662109375,45.40365219116211,0.014174491167068481,0.07938186079263687,0.11905667930841446
312,1076.39306640625,39.00619888305664,0.011280111968517303,0.07489760965108871,0.10620786994695663,1197.80517578125,45.29288864135742,0.01416083425283432,0.07939503341913223,0.11899930238723755
313,1080.4224853515625,38.65928268432617,0.011157063767313957,0.07452291250228882,0.10562700778245926,1198.27001953125,45.67750549316406,0.014191183261573315,0.07972680032253265,0.11912675201892853
314,1068.02490234375,38.31906509399414,0.010969772934913635,0.07421688735485077,0.10473668575286865,1199.772705078125,45.66108322143555,0.014248196966946125,0.07988767325878143,0.11936581134796143
315,1078.1123046875,38.9516716003418,0.011185829527676105,0.07518059760332108,0.10576308518648148,1194.731201171875,45.43703079223633,0.014109057374298573,0.07971424609422684,0.11878154426813126
316,1069.7384033203125,37.70201873779297,0.010931716300547123,0.07361258566379547,0.10455484688282013,1193.9859619140625,45.24139404296875,0.014046489261090755,0.07911594957113266,0.11851789057254791
317,1068.553466796875,38.37116622924805,0.011043023318052292,0.07470384240150452,0.10508579015731812,1195.7601318359375,45.45181655883789,0.014163924381136894,0.07939454168081284,0.11901228874921799
318,1073.1883544921875,39.18088912963867,0.011238749139010906,0.07512032240629196,0.1060129702091217,1190.4205322265625,45.31757354736328,0.014043542556464672,0.07901474833488464,0.11850544810295105
319,1053.9052734375,38.387916564941406,0.010922604240477085,0.07355306297540665,0.10451126098632812,1195.4305419921875,45.245121002197266,0.014071928337216377,0.07941444963216782,0.11862515658140182
320,1078.216796875,38.724754333496094,0.011253023520112038,0.07514515519142151,0.10608027130365372,1189.75390625,45.38926315307617,0.014010027050971985,0.079039566218853,0.11836395412683487
321,1059.1505126953125,37.8531379699707,0.01089930534362793,0.07354921847581863,0.10439973324537277,1189.6407470703125,45.40849685668945,0.014007951132953167,0.07917045056819916,0.11835519224405289
322,1073.146728515625,38.42948532104492,0.01111317053437233,0.07465765625238419,0.10541902482509613,1194.9200439453125,45.59748458862305,0.01409824937582016,0.07946064323186874,0.11873605102300644
323,1056.8739013671875,37.96723175048828,0.010904710739850998,0.07390851527452469,0.10442562401294708,1200.2664794921875,45.49891662597656,0.014205568470060825,0.07950497418642044,0.1191871166229248
324,1074.70068359375,38.53858947753906,0.011085642501711845,0.07461139559745789,0.10528837889432907,1195.2178955078125,45.51936340332031,0.014117730781435966,0.07911533117294312,0.11881805956363678
325,1082.530029296875,38.53683853149414,0.011316541582345963,0.07566563785076141,0.10637923330068588,1190.3387451171875,45.20134353637695,0.01399653684347868,0.0789099782705307,0.1183069571852684
326,1062.3192138671875,38.1767692565918,0.010912008583545685,0.07396889477968216,0.10446055978536606,1193.406005859375,45.55677032470703,0.014106787741184235,0.07912598550319672,0.1187720000743866
327,1093.86376953125,38.53627395629883,0.011341673322021961,0.07478111982345581,0.10649729520082474,1194.6649169921875,45.82516098022461,0.014150388538837433,0.08033636957406998,0.11895540356636047
328,1089.304931640625,38.69286346435547,0.01138576865196228,0.0755065307021141,0.10670412331819534,1186.949462890625,45.36662292480469,0.013975688256323338,0.07890067249536514,0.1182188093662262
329,1063.3912353515625,38.11774826049805,0.0110562639310956,0.07429090142250061,0.10514876991510391,1190.4051513671875,45.47859191894531,0.01405538059771061,0.07910966128110886,0.11855538934469223
330,1071.537841796875,38.1931037902832,0.010991465300321579,0.07406067848205566,0.10484018176794052,1189.7393798828125,45.34596633911133,0.014015380293130875,0.07909715175628662,0.11838658154010773
331,1089.201416015625,38.54075241088867,0.011340407654643059,0.0749659314751625,0.10649134963750839,1186.62939453125,45.32280349731445,0.013931233435869217,0.07933221012353897,0.11803063750267029
332,1080.466552734375,39.02732849121094,0.011331964284181595,0.07524459064006805,0.10645169764757156,1190.84423828125,45.388450622558594,0.01402219571173191,0.07921474426984787,0.11841535568237305
333,1070.609375,38.98477554321289,0.011114316992461681,0.07433195412158966,0.10542446374893188,1179.7008056640625,45.658016204833984,0.013876253738999367,0.07936602830886841,0.11779750883579254
334,1083.6876220703125,38.434627532958984,0.011267783120274544,0.07443973422050476,0.10614980757236481,1188.0010986328125,45.70070266723633,0.014025642536580563,0.0798216387629509,0.11842990666627884
335,1095.244384765625,39.1775016784668,0.011590403504669666,0.07633702456951141,0.1076587364077568,1185.5589599609375,45.75824737548828,0.014012187719345093,0.07983855158090591,0.1183730885386467
336,1061.753173828125,38.368743896484375,0.011096435599029064,0.07444882392883301,0.10533962398767471,1195.3367919921875,45.573463439941406,0.014152264222502708,0.07964439690113068,0.11896328628063202
337,1046.4324951171875,38.58411407470703,0.010817525908350945,0.07383397966623306,0.10400733351707458,1187.078857421875,45.62199401855469,0.014012257568538189,0.07932782173156738,0.11837338656187057
338,1047.8895263671875,38.43589401245117,0.010688931681215763,0.07313720881938934,0.10338728874921799,1188.957275390625,45.58742141723633,0.014048886485397816,0.07944191247224808,0.11852800101041794
339,1063.1575927734375,38.28521728515625,0.010997227393090725,0.07386131584644318,0.10486766695976257,1189.2635498046875,45.65980529785156,0.014056696556508541,0.07952110469341278,0.11856094002723694
340,1060.975341796875,38.817989349365234,0.010855777189135551,0.07443024218082428,0.10419105738401413,1189.0150146484375,45.32046890258789,0.013997899368405342,0.07905521988868713,0.11831271648406982
341,1044.7098388671875,37.5190315246582,0.010725153610110283,0.07340025901794434,0.10356231033802032,1187.1611328125,45.45814514160156,0.013966018334031105,0.07905320823192596,0.11817791312932968
342,1063.896484375,37.76007843017578,0.011095074005424976,0.07386655360460281,0.10533315688371658,1189.9931640625,45.452335357666016,0.014006352983415127,0.07915613800287247,0.11834844201803207
343,1065.9964599609375,38.01948165893555,0.010937364771962166,0.07374323159456253,0.10458185523748398,1196.362060546875,45.57234191894531,0.014157221652567387,0.07912062853574753,0.11898413300514221
344,1069.06103515625,37.67991256713867,0.010895652696490288,0.07350939512252808,0.10438224673271179,1193.2078857421875,45.43767547607422,0.014069441705942154,0.07900147885084152,0.11861468106508255
345,1067.16064453125,38.161136627197266,0.01085377112030983,0.07322660088539124,0.1041814312338829,1193.186279296875,45.44102478027344,0.014080524444580078,0.07913617789745331,0.11866138130426407
346,1043.890380859375,38.15509796142578,0.01059242244809866,0.07348958402872086,0.10291948914527893,1201.3001708984375,45.33879089355469,0.014173781499266624,0.07989562302827835,0.11905369907617569
347,1049.0721435546875,38.718894958496094,0.010767549276351929,0.07420338690280914,0.1037667989730835,1192.423583984375,45.591064453125,0.014070329256355762,0.07949216663837433,0.1186184212565422
348,1048.4342041015625,38.4160270690918,0.010712936520576477,0.07334774732589722,0.10350330919027328,1190.2425537109375,45.21116638183594,0.013989499770104885,0.07922762632369995,0.11827721446752548
349,1038.7783203125,37.39497375488281,0.01064640935510397,0.07312378287315369,0.10318145155906677,1182.8955078125,45.333282470703125,0.013896680437028408,0.07882722467184067,0.11788418889045715
350,1040.5926513671875,37.455204010009766,0.010521682910621166,0.07203377783298492,0.10257525742053986,1190.9796142578125,45.49030303955078,0.014037109911441803,0.07918114960193634,0.11847831308841705
351,1064.92626953125,38.273860931396484,0.010932641103863716,0.07365761697292328,0.1045592650771141,1183.6993408203125,45.26534652709961,0.013899109326303005,0.07867882400751114,0.1178944855928421
352,1074.7601318359375,38.978485107421875,0.011224843561649323,0.0749206393957138,0.10594736784696579,1184.210693359375,45.221038818359375,0.013921495527029037,0.07915949076414108,0.11798939853906631
353,1064.5634765625,38.12312698364258,0.010920831933617592,0.07450075447559357,0.10450278222560883,1178.9093017578125,45.33522415161133,0.013847188092768192,0.07851351052522659,0.11767406761646271
354,1043.598876953125,38.20879364013672,0.010745609179139137,0.07345712184906006,0.10366103053092957,1179.05126953125,45.26359176635742,0.013810827396810055,0.0786709189414978,0.11751947551965714
355,1037.8831787109375,37.46939468383789,0.010573288425803185,0.07297708839178085,0.10282649844884872,1188.438720703125,45.69175338745117,0.014040296897292137,0.07910849899053574,0.1184917613863945
356,1045.164794921875,38.331302642822266,0.010712020099163055,0.07295849174261093,0.10349889099597931,1191.9573974609375,45.31646728515625,0.01405674684792757,0.07890752702951431,0.11856114864349365
357,1061.2271728515625,38.663307189941406,0.011025547981262207,0.0738675594329834,0.10500261187553406,1186.0260009765625,45.39094161987305,0.013944550417363644,0.07904262095689774,0.1180870458483696
358,1040.817626953125,37.698692321777344,0.010624751448631287,0.07297244668006897,0.10307643562555313,1185.0987548828125,45.59440231323242,0.013981950469315052,0.07897982746362686,0.11824529618024826
359,1051.2271728515625,37.882537841796875,0.010619704611599445,0.07298693805932999,0.10305195301771164,1188.917724609375,45.55976486206055,0.0140426866710186,0.07925067096948624,0.11850184202194214
360,1038.320556640625,37.611019134521484,0.010534756816923618,0.0724245086312294,0.10263895988464355,1201.5125732421875,45.53769302368164,0.014252317138016224,0.07940209656953812,0.1193830668926239
361,1043.7576904296875,37.60334396362305,0.010644289664924145,0.07272286713123322,0.10317116975784302,1190.88623046875,45.41255187988281,0.014040854759514332,0.07891359180212021,0.11849411576986313
362,1042.54296875,37.97166061401367,0.010498376563191414,0.07243362069129944,0.10246159136295319,1188.474365234375,45.41754150390625,0.01400822401046753,0.07884085178375244,0.11835633963346481
363,1053.65478515625,39.45417785644531,0.010906205512583256,0.07353540509939194,0.10443277657032013,1193.084716796875,45.29314422607422,0.014077993109822273,0.07899115979671478,0.11865071207284927
364,1050.621337890625,38.525794982910156,0.010706551373004913,0.07340239733457565,0.10347246378660202,1181.89501953125,45.60939025878906,0.013930169865489006,0.07890729606151581,0.11802613735198975
365,1013.7439575195312,37.67684555053711,0.010135621763765812,0.07153630256652832,0.10067582875490189,1185.9090576171875,45.56724548339844,0.01396495383232832,0.07909323275089264,0.11817341297864914
366,1046.8802490234375,37.90354537963867,0.010759476572275162,0.0732220932841301,0.10372789204120636,1191.0947265625,45.43885803222656,0.014063472859561443,0.07892800867557526,0.11858952045440674
367,1048.1585693359375,38.67308044433594,0.01067731436342001,0.07354523986577988,0.10333108901977539,1181.6500244140625,45.48664855957031,0.013889801688492298,0.0789244994521141,0.117855004966259
368,1065.7578125,37.92532730102539,0.011011289432644844,0.07406876236200333,0.1049346923828125,1183.2352294921875,45.78089904785156,0.014000951312482357,0.0791601687669754,0.1183256208896637
369,1050.197265625,38.05785369873047,0.010723350569605827,0.07356224209070206,0.10355361551046371,1190.9254150390625,45.794246673583984,0.014114017598330975,0.07955299317836761,0.11880242824554443
370,1030.798828125,38.477603912353516,0.010712402872741222,0.0726228579878807,0.10350073873996735,1180.843505859375,45.71033477783203,0.013946219347417355,0.07886496186256409,0.11809410899877548
371,1056.072021484375,37.86912155151367,0.010826162062585354,0.07301162928342819,0.10404884815216064,1184.859375,45.612457275390625,0.013989841565489769,0.07903121411800385,0.11827865988016129
372,1053.486328125,38.11765670776367,0.010785454884171486,0.07329525798559189,0.10385304689407349,1185.71337890625,45.57893371582031,0.01400553435087204,0.07920882850885391,0.1183449774980545
373,1061.8653564453125,37.6778450012207,0.010834605433046818,0.07299942523241043,0.1040894091129303,1191.25634765625,45.67261505126953,0.014111097902059555,0.0795101597905159,0.1187901422381401
374,1036.4852294921875,38.08163070678711,0.010522350668907166,0.07257739454507828,0.10257851332426071,1185.903076171875,45.64237594604492,0.01399483997374773,0.07941114902496338,0.11829978972673416
375,1043.82470703125,37.07127380371094,0.010578501038253307,0.07252778857946396,0.10285183787345886,1182.5443115234375,45.65939712524414,0.013953733257949352,0.07925619184970856,0.11812592297792435
376,1047.3359375,38.131351470947266,0.010622619651257992,0.07266881316900253,0.103066086769104,1187.2337646484375,45.555747985839844,0.014019240625202656,0.07916534692049026,0.1184028759598732
377,1046.087890625,38.2093505859375,0.01067060325294733,0.0729277953505516,0.103298619389534,1193.3260498046875,45.39344787597656,0.014093340374529362,0.0794030949473381,0.11871536821126938
378,1048.7174072265625,38.27429962158203,0.010734619572758675,0.0731598436832428,0.10360799729824066,1188.21630859375,45.45991897583008,0.014026193879544735,0.07913795113563538,0.11843223124742508
379,1066.651123046875,38.63161087036133,0.010916231200098991,0.0740574523806572,0.10448077321052551,1178.53125,45.158756256103516,0.013772952370345592,0.07905053347349167,0.11735823005437851
380,1048.7568359375,38.6029052734375,0.010773900896310806,0.07339377701282501,0.10379740595817566,1182.147216796875,45.29136276245117,0.013896754011511803,0.07899962365627289,0.11788449436426163
381,1046.1121826171875,37.98495101928711,0.010745974257588387,0.07326555997133255,0.10366278886795044,1186.6328125,45.333534240722656,0.013970630243420601,0.07886318862438202,0.11819742619991302
382,1066.3470458984375,37.25383758544922,0.010849468410015106,0.07333486527204514,0.10416078567504883,1188.8416748046875,45.277427673339844,0.01398881059139967,0.0791495218873024,0.11827430129051208
383,1064.110595703125,37.67243957519531,0.010784038342535496,0.07319564372301102,0.1038462221622467,1185.81494140625,45.37345504760742,0.013956522569060326,0.07902326434850693,0.11813773214817047
384,1071.3211669921875,38.44883346557617,0.01096737664192915,0.0739913135766983,0.10472524166107178,1192.39306640625,45.33000183105469,0.014070086181163788,0.07910072058439255,0.11861739307641983
385,1063.6451416015625,38.7245979309082,0.010988745838403702,0.07408682256937027,0.10482721775770187,1195.6905517578125,45.53245162963867,0.014162001200020313,0.07966134697198868,0.11900421977043152
386,1044.463134765625,37.78477096557617,0.010598148219287395,0.0725981816649437,0.10294730216264725,1190.8463134765625,45.51032638549805,0.014071692712605,0.07932835072278976,0.11862417310476303
387,1038.352294921875,37.6131477355957,0.010619424283504486,0.07292915135622025,0.1030505895614624,1181.0751953125,45.39936828613281,0.013878711499273777,0.0791909322142601,0.11780795454978943
388,1038.28759765625,37.87485122680664,0.010576006025075912,0.0733606144785881,0.10283970832824707,1191.0201416015625,45.24430465698242,0.014030961319804192,0.07942979782819748,0.11845235526561737
389,1030.960693359375,38.366065979003906,0.010553978383541107,0.07284171134233475,0.10273255407810211,1194.7403564453125,45.35408401489258,0.014152951538562775,0.07953891158103943,0.11896617710590363
390,1032.7437744140625,37.10393524169922,0.010408741421997547,0.07172960788011551,0.10202323645353317,1189.879150390625,45.18084716796875,0.01398665551096201,0.0792623981833458,0.11826518923044205
391,1032.8851318359375,37.33221435546875,0.010544131509959698,0.07209450751543045,0.1026846319437027,1181.9759521484375,44.95132827758789,0.013826653361320496,0.07862188667058945,0.11758679151535034
392,1046.1597900390625,38.04841613769531,0.010754399932920933,0.07285035401582718,0.10370342433452606,1183.128662109375,44.92209243774414,0.013840995728969574,0.07878530025482178,0.11764776706695557
393,1042.98388671875,38.49178695678711,0.010606390424072742,0.07234016060829163,0.10298733413219452,1186.17626953125,44.995155334472656,0.013921227306127548,0.0786336287856102,0.11798825114965439
394,1051.5159912109375,37.98149108886719,0.010799926705658436,0.07318338751792908,0.10392269492149353,1187.26708984375,45.06380844116211,0.013955896720290184,0.07904643565416336,0.11813507974147797
395,1050.7784423828125,37.701534271240234,0.010719436220824718,0.07293182611465454,0.10353471338748932,1191.07373046875,44.942039489746094,0.01402629166841507,0.07897017896175385,0.11843264847993851
396,1054.5382080078125,38.4914436340332,0.010758381336927414,0.07323487848043442,0.10372260957956314,1193.2833251953125,45.00423049926758,0.014043457806110382,0.07935736328363419,0.118505097925663
397,1027.9873046875,37.44456100463867,0.010268344543874264,0.07200352847576141,0.10133284330368042,1187.6485595703125,45.131317138671875,0.013982890173792839,0.07903987169265747,0.11824926733970642
398,1038.9140625,38.22373580932617,0.010542070493102074,0.07279093563556671,0.10267458856105804,1193.9375,44.99995422363281,0.014069930650293827,0.07891198247671127,0.1186167374253273
399,1017.1984252929688,37.61543655395508,0.010393782518804073,0.07146908342838287,0.10194990038871765,1195.8983154296875,45.16157150268555,0.014102237299084663,0.07916225492954254,0.1187528446316719
400,1040.3685302734375,38.26763153076172,0.01045218575745821,0.07292278110980988,0.10223592817783356,1193.1304931640625,45.09088897705078,0.014034335501492023,0.07894662022590637,0.11846660822629929
401,1030.3331298828125,38.126182556152344,0.010490615852177143,0.07186920195817947,0.10242370516061783,1198.5340576171875,45.34368896484375,0.014153828844428062,0.07958248257637024,0.1189698576927185
402,1034.810791015625,37.98009490966797,0.010431346483528614,0.07234248518943787,0.10213396698236465,1194.6524658203125,45.23675537109375,0.014091072604060173,0.07919283211231232,0.11870582401752472
403,1041.9105224609375,37.94004821777344,0.01055935863405466,0.07252663373947144,0.1027587354183197,1197.1597900390625,45.432830810546875,0.014198250137269497,0.07893173396587372,0.11915641278028488
404,1047.287841796875,37.457332611083984,0.01059816312044859,0.07278004288673401,0.10294738411903381,1191.2840576171875,45.26152038574219,0.014079994522035122,0.07869831472635269,0.11865915358066559
405,1049.7154541015625,37.3312873840332,0.010471457615494728,0.07255466282367706,0.10233014076948166,1180.0140380859375,45.610721588134766,0.013916314579546452,0.07889806479215622,0.11796742677688599
406,1051.43994140625,37.27190017700195,0.010627375915646553,0.07283525168895721,0.10308916121721268,1191.88720703125,45.30382537841797,0.01407602895051241,0.07914558798074722,0.11864244192838669
407,1062.7320556640625,37.6685905456543,0.010933659970760345,0.07376980781555176,0.10456414520740509,1183.8575439453125,45.23539733886719,0.013906198553740978,0.07854977995157242,0.11792454868555069
408,1026.99853515625,37.96098327636719,0.010348735377192497,0.07245450466871262,0.10172872990369797,1190.3414306640625,45.15762710571289,0.014032237231731415,0.0785076916217804,0.11845774203538895
409,1036.037841796875,38.835838317871094,0.0106772156432271,0.07312755286693573,0.10333061218261719,1189.39892578125,45.45618438720703,0.014086488634347916,0.0790829211473465,0.11868651211261749
410,1051.23681640625,37.70827102661133,0.010736637748777866,0.07319598644971848,0.10361775010824203,1190.7911376953125,45.485042572021484,0.014066486619412899,0.0793173536658287,0.1186022236943245
411,1044.3328857421875,37.53061294555664,0.010569513775408268,0.07278227806091309,0.1028081402182579,1193.2308349609375,45.509971618652344,0.01411545742303133,0.07889316231012344,0.11880849301815033
412,1034.875,37.47085952758789,0.010404548607766628,0.07199310511350632,0.10200268775224686,1202.1082763671875,45.35585021972656,0.014266670681536198,0.07936546206474304,0.11944317072629929
413,1049.7413330078125,37.2303352355957,0.010528274811804295,0.07229563593864441,0.10260738432407379,1207.389892578125,45.56246566772461,0.014365952461957932,0.0796784833073616,0.11985805630683899
414,1045.8204345703125,38.799110412597656,0.010694941505789757,0.07365011423826218,0.10341635346412659,1200.3023681640625,45.46281433105469,0.014211735688149929,0.07962106168270111,0.11921298503875732
415,1046.94091796875,37.468082427978516,0.010653669014573097,0.07270535826683044,0.10321661084890366,1193.70703125,45.47718811035156,0.014142577536404133,0.07916461676359177,0.11892256885766983
416,1037.2059326171875,38.39216995239258,0.010532683692872524,0.07235849648714066,0.10262886434793472,1192.152587890625,45.217628479003906,0.01409233920276165,0.07891868054866791,0.11871115863323212
417,1052.7626953125,37.33445358276367,0.01065728347748518,0.07243531197309494,0.10323411971330643,1190.9014892578125,45.3808479309082,0.014093467965722084,0.07905308157205582,0.11871591210365295
418,1047.0592041015625,37.62119674682617,0.010644198395311832,0.07275138050317764,0.1031707227230072,1195.055419921875,45.46302795410156,0.014175357297062874,0.07905082404613495,0.11906030774116516
419,1041.0130615234375,37.21799087524414,0.01036795787513256,0.072052963078022,0.10182316601276398,1199.4464111328125,45.30476379394531,0.014230557717382908,0.07895496487617493,0.11929190158843994
420,1027.565185546875,37.54237747192383,0.010250691324472427,0.07231248915195465,0.1012457013130188,1198.4228515625,45.34025573730469,0.014208479784429073,0.07876204699277878,0.11919932067394257
421,1031.1768798828125,37.290992736816406,0.010491528548300266,0.07237940281629562,0.10242816060781479,1200.193359375,45.66610336303711,0.014264660887420177,0.0799286961555481,0.11943475902080536
422,1044.4429931640625,37.48809814453125,0.010497258976101875,0.07262297719717026,0.10245613008737564,1192.96728515625,45.253700256347656,0.014087975956499577,0.078776516020298,0.1186927780508995
423,1034.9744873046875,37.575294494628906,0.010376213118433952,0.07211934030056,0.10186369717121124,1206.0882568359375,45.143714904785156,0.014261332340538502,0.07990734279155731,0.11942081898450851
424,1031.9139404296875,38.056358337402344,0.010419053956866264,0.07173105329275131,0.10207376629114151,1190.445068359375,45.09150314331055,0.014016667380928993,0.07884649932384491,0.11839200556278229
425,1039.6656494140625,37.83879470825195,0.010521762073040009,0.07220590859651566,0.1025756374001503,1189.0037841796875,44.771240234375,0.013932366855442524,0.07852701842784882,0.1180354431271553
426,1048.88720703125,37.99307632446289,0.010668323375284672,0.07271965593099594,0.10328757762908936,1190.49658203125,44.649967193603516,0.013948625884950161,0.07835743576288223,0.11810430139303207
427,1027.294189453125,37.937049865722656,0.010404962114989758,0.0722978338599205,0.10200471431016922,1190.9197998046875,44.89247131347656,0.014011422172188759,0.0786714255809784,0.11836984753608704
428,1035.0509033203125,37.67388153076172,0.010571116581559181,0.07257618010044098,0.10281593352556229,1195.08056640625,44.7855339050293,0.014078917913138866,0.07856931537389755,0.11865461617708206
429,1040.0125732421875,38.31724166870117,0.010780139826238155,0.07290927320718765,0.10382745414972305,1195.57666015625,45.00715255737305,0.014099622145295143,0.07857109606266022,0.11874183267354965
