epoch,RMSE_P,RMSE_T,loss,mean_absolute_error,root_mean_squared_error,val_RMSE_P,val_RMSE_T,val_loss,val_mean_absolute_error,val_root_mean_squared_error
0,2734.20166015625,133.0223846435547,0.09360510110855103,0.24047568440437317,0.30594950914382935,1841.3797607421875,103.1543197631836,0.04537669196724892,0.17807897925376892,0.21301805973052979
1,1931.434814453125,97.44481658935547,0.04555358365178108,0.16723282635211945,0.21343284845352173,1616.84619140625,83.4615478515625,0.03258144110441208,0.14552269876003265,0.18050329387187958
2,1780.9776611328125,81.20210266113281,0.036039743572473526,0.14504262804985046,0.1898413598537445,1490.95654296875,75.91891479492188,0.027416054159402847,0.1319696605205536,0.1655779331922531
3,1668.1041259765625,74.33613586425781,0.030883057042956352,0.1334628462791443,0.17573575675487518,1422.3062744140625,69.4489974975586,0.024105824530124664,0.12072508037090302,0.15526050329208374
4,1562.8106689453125,68.31085968017578,0.026501402258872986,0.1237722635269165,0.16279251873493195,1349.676025390625,62.09550094604492,0.02071492373943329,0.10906455665826797,0.14392679929733276
5,1498.773681640625,65.40985870361328,0.024508101865649223,0.11771264672279358,0.15655063092708588,1302.109375,60.04478073120117,0.019357049837708473,0.10426712781190872,0.1391296088695526
6,1432.2459716796875,61.819766998291016,0.02203521504998207,0.11164393275976181,0.14844262599945068,1273.44384765625,58.83976364135742,0.01861259713768959,0.10111469030380249,0.13642799854278564
7,1402.4095458984375,60.4150390625,0.021293094381690025,0.1084543988108635,0.145921528339386,1242.26171875,55.25175476074219,0.017236990854144096,0.09635409712791443,0.13128972053527832
8,1368.119384765625,57.17595291137695,0.019733911380171776,0.10296941548585892,0.14047743380069733,1239.881103515625,53.05525207519531,0.016726329922676086,0.09409384429454803,0.12933030724525452
9,1382.81689453125,56.61566162109375,0.01979081891477108,0.10416977852582932,0.14067985117435455,1238.9051513671875,54.55788803100586,0.01707119308412075,0.09576234221458435,0.13065677881240845
10,1367.9825439453125,55.664859771728516,0.019451024010777473,0.10333266854286194,0.13946692645549774,1237.3642578125,50.55678939819336,0.01618480309844017,0.09237580746412277,0.12721951305866241
11,1336.3797607421875,54.8472900390625,0.01862124167382717,0.10037856549024582,0.13645966351032257,1219.557373046875,48.695308685302734,0.015477274544537067,0.09052099287509918,0.12440769374370575
12,1316.236328125,53.3914794921875,0.018113432452082634,0.09937237203121185,0.1345861554145813,1213.99169921875,47.86421585083008,0.015193301253020763,0.08955062180757523,0.12326110899448395
13,1324.0721435546875,53.71738052368164,0.018193408846855164,0.0988880842924118,0.13488294184207916,1211.563720703125,49.18825912475586,0.015442561358213425,0.09029526263475418,0.12426809966564178
14,1294.8218994140625,52.71046447753906,0.01737092435359955,0.09719697386026382,0.13179880380630493,1211.0863037109375,48.554962158203125,0.015302648767828941,0.08976893126964569,0.12370387464761734
15,1298.2880859375,51.16517639160156,0.01739588752388954,0.09629053622484207,0.13189347088336945,1206.1414794921875,47.83226776123047,0.015063767321407795,0.08896509557962418,0.12273453921079636
16,1304.9024658203125,50.70286178588867,0.01706310734152794,0.09559784829616547,0.13062582910060883,1205.4630126953125,50.91505432128906,0.015709618106484413,0.09144404530525208,0.12533801794052124
17,1316.4913330078125,49.971046447753906,0.01728816330432892,0.09605032205581665,0.13148446381092072,1217.3123779296875,49.445045471191406,0.015628650784492493,0.09026923775672913,0.12501460313796997
18,1299.4534912109375,51.46864318847656,0.017100036144256592,0.09586329758167267,0.1307671070098877,1205.220947265625,46.44132995605469,0.014784369617700577,0.08776161819696426,0.1215909942984581
19,1277.5802001953125,49.836185455322266,0.01643071509897709,0.09324818104505539,0.12818235158920288,1197.2518310546875,47.165653228759766,0.014791208319365978,0.08777855336666107,0.1216190978884697
20,1291.6519775390625,50.07730484008789,0.01688094437122345,0.09520705789327621,0.1299266815185547,1195.28271484375,47.68939971923828,0.014864152297377586,0.08805539458990097,0.12191862612962723
21,1265.15380859375,48.91546630859375,0.0161009319126606,0.09328842908143997,0.1268894523382187,1193.0130615234375,45.54415512084961,0.014396380633115768,0.08613783121109009,0.11998491734266281
22,1287.701171875,48.48511505126953,0.016295991837978363,0.09282084554433823,0.1276557594537735,1192.7763671875,46.433170318603516,0.014573701657354832,0.08671942353248596,0.12072158604860306
23,1311.8138427734375,49.76397705078125,0.017115777358412743,0.09467951953411102,0.13082727789878845,1201.06982421875,46.95990753173828,0.014836466871201992,0.08722387999296188,0.12180502712726593
24,1285.2415771484375,50.0754280090332,0.0168467964977026,0.09411078691482544,0.12979522347450256,1199.588134765625,47.0167121887207,0.014806173741817474,0.08781884610652924,0.12168062478303909
25,1270.9368896484375,49.77717208862305,0.01626838743686676,0.09286780655384064,0.12754757702350616,1198.7320556640625,46.1955680847168,0.014636185020208359,0.08701050281524658,0.12098009884357452
26,1272.786865234375,48.25277328491211,0.016322484239935875,0.09247507154941559,0.12775947153568268,1194.98388671875,44.45503616333008,0.014211057685315609,0.08542343229055405,0.1192101389169693
27,1266.845703125,47.73398208618164,0.01584646850824356,0.09116879850625992,0.12588275969028473,1192.0531005859375,44.497947692871094,0.014175851829349995,0.08531571179628372,0.1190623864531517
28,1288.8428955078125,47.835994720458984,0.01615706831216812,0.0923423171043396,0.12711045145988464,1199.3272705078125,46.06367874145508,0.014624322764575481,0.08623481541872025,0.12093106657266617
29,1274.13427734375,47.2819938659668,0.015989409759640694,0.09171757847070694,0.12644924223423004,1200.5906982421875,46.117618560791016,0.014663070440292358,0.08637610077857971,0.12109117209911346
30,1244.8006591796875,48.1903190612793,0.015614291653037071,0.09042885154485703,0.12495715916156769,1189.6798095703125,46.55495071411133,0.014540252275764942,0.08620637655258179,0.12058296799659729
31,1254.665283203125,48.10123062133789,0.015861589461565018,0.0909910649061203,0.12594279646873474,1189.9267578125,44.08639907836914,0.014050601050257683,0.08454736322164536,0.11853522807359695
32,1256.7901611328125,47.404571533203125,0.01572575606405735,0.09033416211605072,0.12540237605571747,1188.021240234375,44.61845016479492,0.014127137139439583,0.08456292003393173,0.11885763704776764
33,1243.5814208984375,46.88996505737305,0.015535824000835419,0.08947969973087311,0.12464278191328049,1191.45849609375,43.641578674316406,0.013991637155413628,0.08453775197267532,0.11828625202178955
34,1233.484619140625,47.01747512817383,0.015158163383603096,0.08921153843402863,0.12311848998069763,1190.41748046875,44.341548919677734,0.014117768965661526,0.08464165031909943,0.11881821602582932
35,1258.3726806640625,45.77476119995117,0.0153048662468791,0.08920250087976456,0.12371283769607544,1195.3421630859375,44.09083557128906,0.014156085439026356,0.08550243824720383,0.11897934973239899
36,1258.310791015625,47.0328254699707,0.015552776865661144,0.0905236080288887,0.12471077591180801,1189.795166015625,42.926246643066406,0.01385051105171442,0.08358652144670486,0.11768819391727448
37,1260.98681640625,46.727901458740234,0.015532518737018108,0.08983694016933441,0.12462952733039856,1185.8905029296875,43.59198760986328,0.013921518810093403,0.0837925523519516,0.11798948794603348
38,1236.91064453125,47.09535598754883,0.015321558341383934,0.08895900845527649,0.1237802803516388,1188.733154296875,44.17863464355469,0.014074343256652355,0.08423499763011932,0.11863534152507782
39,1239.03662109375,45.82961654663086,0.01507206168025732,0.08900824934244156,0.122768335044384,1186.4539794921875,43.31682586669922,0.013862421736121178,0.08412335067987442,0.11773878335952759
40,1238.66162109375,46.59344482421875,0.015344901010394096,0.08930981904268265,0.12387453764677048,1182.002197265625,44.46157455444336,0.01400772761553526,0.08438673615455627,0.11835424602031708
41,1236.5421142578125,46.26475524902344,0.015104634687304497,0.08899088203907013,0.12290091067552567,1179.0819091796875,44.77775192260742,0.01401959266513586,0.08399148285388947,0.11840435862541199
42,1246.6695556640625,46.10409927368164,0.015248952433466911,0.08940596878528595,0.12348665297031403,1183.266845703125,45.403926849365234,0.014201503247022629,0.08472837507724762,0.11917005479335785
43,1238.193115234375,45.28833770751953,0.01499112043529749,0.08853127807378769,0.1224382296204567,1181.2406005859375,43.43973159790039,0.01379344891756773,0.08352354168891907,0.11744552105665207
44,1244.6468505859375,46.1163444519043,0.015173160471022129,0.08859863132238388,0.12317938357591629,1180.68359375,44.45755386352539,0.01398617122322321,0.08392474055290222,0.1182631403207779
45,1243.016357421875,45.57293701171875,0.01494094543159008,0.088298000395298,0.12223315984010696,1175.8123779296875,44.704925537109375,0.013953029178082943,0.08334267139434814,0.11812294274568558
46,1229.88623046875,45.806087493896484,0.014970595948398113,0.08860636502504349,0.12235438823699951,1175.2813720703125,46.4715690612793,0.014278021641075611,0.08531893044710159,0.11949068307876587
47,1253.5096435546875,46.19735336303711,0.015211539342999458,0.08846069872379303,0.12333506345748901,1181.156982421875,44.684627532958984,0.014025035314261913,0.0843268409371376,0.1184273362159729
48,1243.7188720703125,46.111656188964844,0.01512477919459343,0.0882936418056488,0.12298284471035004,1189.1416015625,43.7060546875,0.013978374190628529,0.08398965001106262,0.1182301715016365
49,1240.41650390625,46.003780364990234,0.015069243498146534,0.08800839632749557,0.12275684624910355,1188.07958984375,43.165950775146484,0.013851910829544067,0.08383942395448685,0.11769413948059082
50,1232.9090576171875,45.91452407836914,0.01493129227310419,0.0882672369480133,0.12219366431236267,1172.23486328125,43.22373962402344,0.013607170432806015,0.08248407393693924,0.11664977669715881
51,1246.5726318359375,44.92653274536133,0.014926220290362835,0.08772185444831848,0.12217291444540024,1187.486328125,43.11846160888672,0.013846118934452534,0.0836658924818039,0.11766953021287918
52,1245.9375,45.93769836425781,0.015039728954434395,0.08760605752468109,0.1226365715265274,1178.1409912109375,43.20469665527344,0.013698684982955456,0.08290843665599823,0.11704137921333313
53,1232.848388671875,45.231266021728516,0.01481957733631134,0.08709419518709183,0.12173568457365036,1173.3917236328125,43.60142517089844,0.013694553636014462,0.08324142545461655,0.11702372878789902
54,1221.2845458984375,45.4791374206543,0.014802174642682076,0.08717825263738632,0.12166418880224228,1172.7001953125,44.6190071105957,0.01388596836477518,0.0837835818529129,0.11783874034881592
55,1228.6397705078125,44.814212799072266,0.014751582406461239,0.0867299735546112,0.1214560940861702,1184.857177734375,43.03425598144531,0.013767602853477001,0.08364234864711761,0.11733543127775192
56,1225.732421875,45.533775329589844,0.014828273095190525,0.08739683032035828,0.12177139520645142,1171.531005859375,43.72868347167969,0.013680621981620789,0.08292622864246368,0.116964191198349
57,1239.1685791015625,44.42338943481445,0.01464926265180111,0.08678534626960754,0.12103413790464401,1173.31884765625,42.74179458618164,0.01352091133594513,0.08256972581148148,0.11627945303916931
58,1244.5399169921875,45.52442169189453,0.015090998262166977,0.08842109143733978,0.12284542620182037,1171.5872802734375,43.045902252197266,0.013569274917244911,0.08229784667491913,0.11648722738027573
59,1215.19677734375,45.27733612060547,0.014726205728948116,0.08725235611200333,0.12135158479213715,1173.684326171875,42.737979888916016,0.013548136688768864,0.0822247788310051,0.116396464407444
60,1212.6202392578125,45.15861511230469,0.0144820436835289,0.08676904439926147,0.12034136056900024,1169.2762451171875,42.502052307128906,0.013433321379125118,0.08163832128047943,0.11590220779180527
61,1227.6053466796875,44.805049896240234,0.014790539629757404,0.08732304722070694,0.12161636352539062,1167.79248046875,43.34242630004883,0.013563960790634155,0.08217703551054001,0.11646442115306854
62,1229.78515625,44.08564376831055,0.014544789679348469,0.08664057403802872,0.12060178071260452,1175.5408935546875,43.85041809082031,0.01376352645456791,0.08296401798725128,0.1173180565237999
63,1222.1998291015625,44.21315383911133,0.014519155956804752,0.08659131824970245,0.12049546092748642,1170.77197265625,43.802574157714844,0.013687106780707836,0.08281832188367844,0.11699192225933075
64,1222.3609619140625,44.43210983276367,0.014443732798099518,0.08609919250011444,0.1201820820569992,1169.1893310546875,43.11579895019531,0.013532339595258236,0.08211342245340347,0.11632858961820602
65,1228.7838134765625,44.99596405029297,0.014681613072752953,0.08625327795743942,0.12116770446300507,1164.7669677734375,44.51307678222656,0.013731030747294426,0.08291346579790115,0.11717948317527771
66,1218.248046875,44.2797737121582,0.014447355642914772,0.08596237748861313,0.12019715458154678,1179.01953125,42.91427993774414,0.013624677434563637,0.08313101530075073,0.11672479659318924
67,1214.0228271484375,44.31243133544922,0.01454093400388956,0.08681809902191162,0.12058579176664352,1169.079345703125,43.095008850097656,0.013519375585019588,0.08208024501800537,0.11627285182476044
68,1216.68994140625,44.97516632080078,0.0146247036755085,0.08611146360635757,0.12093263864517212,1170.6365966796875,42.85212707519531,0.013493216596543789,0.08203893154859543,0.1161603033542633
69,1228.1383056640625,44.89829635620117,0.014464945532381535,0.08621808886528015,0.12027029693126678,1172.1458740234375,43.44792556762695,0.013636907562613487,0.08300385624170303,0.11677717417478561
70,1210.508056640625,43.74033737182617,0.014322581700980663,0.08577632158994675,0.11967698484659195,1164.064697265625,43.67103576660156,0.013555658049881458,0.08268988132476807,0.11642877012491226
71,1198.27001953125,43.91409683227539,0.014032996259629726,0.08489321172237396,0.11846094578504562,1162.6258544921875,43.841712951660156,0.013555924408137798,0.08229236304759979,0.11642991006374359
72,1206.9368896484375,44.39252471923828,0.014312132261693478,0.08585169911384583,0.11963333934545517,1163.7972412109375,43.98017120361328,0.013592749834060669,0.08215852826833725,0.11658795177936554
73,1223.7744140625,44.14743423461914,0.014346893876791,0.0853492021560669,0.11977852135896683,1161.099853515625,43.552547454833984,0.013484575785696507,0.08158264309167862,0.11612310260534286
74,1209.8204345703125,43.90939712524414,0.014285420998930931,0.08511170744895935,0.1195216253399849,1158.1937255859375,43.443965911865234,0.013417891226708889,0.08199448883533478,0.11583562940359116
75,1190.6011962890625,44.66357421875,0.0142405079677701,0.08614321798086166,0.11933360248804092,1157.3822021484375,43.17158508300781,0.013358700089156628,0.08180845528841019,0.11557984352111816
76,1192.3385009765625,43.807708740234375,0.014070472680032253,0.08463910967111588,0.11861902475357056,1158.6339111328125,43.079437255859375,0.013374525122344494,0.08177999407052994,0.1156482845544815
77,1190.1087646484375,44.933753967285156,0.014176842756569386,0.08551906794309616,0.11906654387712479,1165.84619140625,43.325130462646484,0.013493946753442287,0.08191187679767609,0.11616344749927521
78,1196.9571533203125,44.43145751953125,0.01426248624920845,0.08541029691696167,0.11942564696073532,1159.0164794921875,44.0138053894043,0.01352909579873085,0.08159375190734863,0.11631464213132858
79,1215.4075927734375,43.00782775878906,0.014090126380324364,0.08361969888210297,0.11870183795690536,1160.7489013671875,42.96217346191406,0.01334598008543253,0.0810341089963913,0.11552480608224869
80,1197.59033203125,43.8385009765625,0.014004254713654518,0.0848221704363823,0.11833957582712173,1163.2696533203125,43.39549255371094,0.013467789627611637,0.08186246454715729,0.11605081707239151
81,1214.001220703125,43.79681396484375,0.01408611424267292,0.08488042652606964,0.11868494004011154,1163.8487548828125,43.5698127746582,0.013502923771739006,0.08212688565254211,0.11620207875967026
82,1195.4730224609375,45.155513763427734,0.014143683947622776,0.08524748682975769,0.11892721801996231,1158.65478515625,43.45399856567383,0.013419211842119694,0.08155018091201782,0.1158413216471672
83,1190.032958984375,44.43483352661133,0.014170179143548012,0.08521397411823273,0.11903855949640274,1147.6722412109375,44.41675567626953,0.013432638719677925,0.08187570422887802,0.11589925736188889
84,1192.279541015625,44.05411148071289,0.013932274654507637,0.08373747766017914,0.11803505569696426,1154.35595703125,44.82173156738281,0.013605077750980854,0.0828167051076889,0.11664080619812012
85,1172.75390625,43.808773040771484,0.0136986980214715,0.08360561728477478,0.11704143136739731,1160.3489990234375,44.0687370300293,0.013553077355027199,0.08251582086086273,0.11641768366098404
86,1185.1102294921875,44.363372802734375,0.014090104028582573,0.08415771275758743,0.1187017410993576,1161.42578125,43.764156341552734,0.01352553442120552,0.08200030028820038,0.1162993311882019
87,1180.1171875,43.53882598876953,0.013723447918891907,0.08338198065757751,0.11714711785316467,1152.3934326171875,43.43302917480469,0.013340991921722889,0.08072637766599655,0.1155032142996788
88,1179.643310546875,42.919063568115234,0.01357034407556057,0.08281213790178299,0.11649182438850403,1155.8853759765625,43.23172378540039,0.013337486423552036,0.08133892714977264,0.11548803746700287
89,1209.1756591796875,43.23759078979492,0.01396265160292387,0.08491792529821396,0.11816366761922836,1149.7022705078125,43.16749572753906,0.013226139359176159,0.08084246516227722,0.11500496417284012
90,1191.14111328125,42.973060607910156,0.013811194337904453,0.08470980823040009,0.11752104014158249,1147.4420166015625,43.551273345947266,0.013276210054755211,0.08070050925016403,0.11522243916988373
91,1193.3494873046875,43.17582321166992,0.013823161832988262,0.08362520486116409,0.11757194250822067,1161.9083251953125,42.68745803833008,0.013326561078429222,0.08162809908390045,0.1154407262802124
92,1204.2188720703125,43.12128448486328,0.013796049170196056,0.08328219503164291,0.1174565851688385,1157.9102783203125,42.5079231262207,0.013216506689786911,0.08146736025810242,0.11496306955814362
93,1194.5257568359375,44.269466400146484,0.014043191447854042,0.08461836725473404,0.11850396543741226,1156.840087890625,42.70579528808594,0.013235650025308132,0.08120500296354294,0.11504629254341125
94,1190.3095703125,43.93004608154297,0.014065354131162167,0.08533966541290283,0.11859744787216187,1157.494384765625,43.09617233276367,0.013330153189599514,0.08135245740413666,0.11545628309249878
95,1186.14306640625,43.3119010925293,0.013776902109384537,0.08352433890104294,0.11737504601478577,1147.17041015625,43.72300338745117,0.013294516131281853,0.08095550537109375,0.11530185490846634
96,1192.6214599609375,43.196956634521484,0.01362465601414442,0.08363530039787292,0.11672469973564148,1148.6165771484375,43.70855712890625,0.013295991346240044,0.08117320388555527,0.1153082475066185
97,1201.7384033203125,43.6629638671875,0.014004615135490894,0.08439585566520691,0.11834109574556351,1155.0430908203125,42.82293701171875,0.013243040069937706,0.08163764327764511,0.1150784119963646
98,1210.932861328125,43.30046844482422,0.013946418650448322,0.08446035534143448,0.11809495836496353,1154.1121826171875,42.97359848022461,0.013247384689748287,0.08130473643541336,0.1150972843170166
99,1187.5828857421875,43.02413558959961,0.013741111382842064,0.08396103233098984,0.11722248792648315,1145.820068359375,42.69759750366211,0.01309510413557291,0.08036451786756516,0.11443383991718292
100,1190.783203125,42.89180374145508,0.013833098113536835,0.08338382840156555,0.11761419475078583,1150.1624755859375,43.40080261230469,0.013296619988977909,0.08083126693964005,0.11531097441911697
101,1181.9940185546875,42.851654052734375,0.013510564342141151,0.08244036883115768,0.11623495072126389,1147.5518798828125,43.468448638916016,0.013263573870062828,0.08086787164211273,0.11516758799552917
102,1174.2274169921875,42.883934020996094,0.01356505323201418,0.08320189267396927,0.11646910756826401,1145.80712890625,42.49881362915039,0.013050014153122902,0.0804671123623848,0.11423666030168533
103,1183.638916015625,43.14628219604492,0.013577230274677277,0.08272427320480347,0.11652137339115143,1140.2662353515625,42.40997314453125,0.01296945195645094,0.07993191480636597,0.11388350278139114
104,1172.3675537109375,43.17476272583008,0.013658406212925911,0.08331307768821716,0.11686918139457703,1141.014404296875,42.337154388427734,0.012967109680175781,0.08021367341279984,0.11387322098016739
105,1177.509033203125,42.581302642822266,0.013494565151631832,0.08263349533081055,0.11616610735654831,1142.78564453125,42.28828430175781,0.012984015978872776,0.08009318262338638,0.11394742876291275
106,1181.3685302734375,43.43541717529297,0.01348972413688898,0.08302950859069824,0.11614527553319931,1145.08935546875,43.1171989440918,0.013156547211110592,0.0803583562374115,0.11470199376344681
107,1183.96484375,43.37309265136719,0.013646029867231846,0.08281628787517548,0.11681623011827469,1143.5035400390625,43.083683013916016,0.01311770360916853,0.08082591742277145,0.11453254520893097
108,1160.8968505859375,42.781944274902344,0.01339892391115427,0.08227626234292984,0.11575371772050858,1138.8931884765625,42.684242248535156,0.012979961931705475,0.07966452091932297,0.1139296367764473
109,1194.92578125,42.76591873168945,0.013582437299191952,0.0828997865319252,0.1165437176823616,1149.5758056640625,43.1539421081543,0.013251112774014473,0.08007091283798218,0.11511348187923431
110,1167.6685791015625,42.396793365478516,0.013275664299726486,0.08234849572181702,0.1152200698852539,1142.7655029296875,42.838523864746094,0.013049871660768986,0.08047346770763397,0.11423604190349579
111,1158.99609375,42.84023666381836,0.013147224672138691,0.08279331773519516,0.11466135084629059,1145.661376953125,43.45978546142578,0.013213629834353924,0.081036776304245,0.11495055258274078
112,1167.205322265625,42.538421630859375,0.013283059000968933,0.08168447762727737,0.11525215953588486,1154.409912109375,42.43687438964844,0.01314475666731596,0.08109792321920395,0.11465058475732803
113,1171.4886474609375,43.18906784057617,0.01343843899667263,0.08287942409515381,0.11592428386211395,1146.981201171875,43.089012145996094,0.01314891129732132,0.08098754286766052,0.11466870456933975
114,1165.969482421875,42.830814361572266,0.01327862124890089,0.08193712681531906,0.11523289978504181,1142.6175537109375,43.03043746948242,0.013077241368591785,0.08063151687383652,0.11435577273368835
115,1173.2935791015625,43.121910095214844,0.01338647399097681,0.08243417739868164,0.11569993197917938,1145.2110595703125,42.94527053833008,0.013104316778481007,0.08027511090040207,0.1144740954041481
116,1181.4224853515625,41.840476989746094,0.013356317766010761,0.08185265958309174,0.11556953191757202,1139.1741943359375,42.55513000488281,0.012925802730023861,0.08014567196369171,0.11369170248508453
117,1160.3057861328125,43.23853302001953,0.01323042344301939,0.08229496330022812,0.11502357572317123,1137.393310546875,43.14145278930664,0.013033763505518436,0.07994948327541351,0.11416550725698471
118,1153.1593017578125,42.68757629394531,0.013196528889238834,0.0813954770565033,0.1148761510848999,1143.4130859375,42.48704528808594,0.012937708757817745,0.08078979700803757,0.11374405026435852
119,1171.9395751953125,43.730926513671875,0.013487900607287884,0.08288786560297012,0.11613742262125015,1141.8721923828125,42.178009033203125,0.012890503741800785,0.079925037920475,0.11353635787963867
120,1179.2939453125,42.96281433105469,0.013576159253716469,0.0828876718878746,0.11651677638292313,1134.0648193359375,43.32937240600586,0.013027075678110123,0.0802062451839447,0.1141362190246582
121,1152.1448974609375,42.35252380371094,0.013096173293888569,0.08170472085475922,0.1144385114312172,1137.45556640625,43.270957946777344,0.013037052005529404,0.08067712932825089,0.11417990922927856
122,1173.8358154296875,43.03260040283203,0.013458414934575558,0.08237697184085846,0.1160104051232338,1134.6942138671875,42.562347412109375,0.012876476161181927,0.07980476319789886,0.11347456276416779
123,1174.7274169921875,41.847511291503906,0.013308649882674217,0.08193185180425644,0.11536312103271484,1139.0372314453125,42.346435546875,0.012896979227662086,0.07988826185464859,0.1135648563504219
124,1153.0045166015625,42.38920974731445,0.01313407626003027,0.08154431730508804,0.11460400372743607,1137.88720703125,41.891109466552734,0.012785659171640873,0.07949148863554001,0.1130736842751503
125,1169.6795654296875,42.26116943359375,0.013252628035843372,0.08190632611513138,0.1151200607419014,1132.5755615234375,42.66864776611328,0.012868138961493969,0.07920417189598083,0.11343783140182495
126,1168.539306640625,42.12374496459961,0.013148008845746517,0.08100035786628723,0.11466477066278458,1141.258056640625,43.16176986694336,0.013139288872480392,0.07966649532318115,0.11462673544883728
127,1176.8798828125,42.68561553955078,0.013230673968791962,0.08174196630716324,0.11502467095851898,1136.16845703125,42.69945526123047,0.012952021323144436,0.07969199866056442,0.11380694061517715
128,1158.290283203125,41.99821472167969,0.012914630584418774,0.0813535675406456,0.11364255845546722,1132.8001708984375,42.274749755859375,0.012824085541069508,0.07899054884910583,0.1132434755563736
129,1176.99755859375,42.620338439941406,0.013379600830376148,0.08280481398105621,0.11567022651433945,1143.4898681640625,42.0753173828125,0.012919235974550247,0.07981875538825989,0.11366281658411026
130,1158.231689453125,43.17416763305664,0.013241506181657314,0.08201437443494797,0.11507172882556915,1151.589599609375,42.32444381713867,0.013100809417665005,0.08135382831096649,0.11445876955986023
131,1155.387451171875,41.97761917114258,0.013171406462788582,0.08177986741065979,0.11476676166057587,1142.768798828125,42.29309844970703,0.013002866879105568,0.07961460947990417,0.11403011530637741
132,1161.737060546875,42.37532424926758,0.013249613344669342,0.08167243748903275,0.115106962621212,1139.7952880859375,42.93083953857422,0.013062436133623123,0.0797012522816658,0.11429101228713989
133,1157.7779541015625,42.975685119628906,0.013227450661361217,0.08066429942846298,0.11501065641641617,1146.00732421875,42.401947021484375,0.01302829198539257,0.08003722131252289,0.114141546189785
134,1144.9932861328125,42.466426849365234,0.012823433615267277,0.08079022914171219,0.11324059963226318,1129.593505859375,43.37804412841797,0.012984121218323708,0.07988188415765762,0.11394789069890976
135,1144.8358154296875,42.58665466308594,0.01300333347171545,0.08108560740947723,0.11403215676546097,1133.6683349609375,42.08037567138672,0.012767862528562546,0.07904690504074097,0.1129949688911438
136,1174.3822021484375,42.19072723388672,0.013331949710845947,0.08184242993593216,0.11546406149864197,1138.130615234375,41.65480041503906,0.012752397917211056,0.07963553071022034,0.11292651295661926
137,1161.682861328125,42.62590026855469,0.013163259252905846,0.08139987289905548,0.11473125219345093,1131.019775390625,41.86532211303711,0.012714963406324387,0.07851812988519669,0.11276064813137054
138,1139.206787109375,41.87723159790039,0.012767799198627472,0.08012717217206955,0.11299469321966171,1133.75830078125,42.59177780151367,0.01288024801760912,0.0793955847620964,0.11349117755889893
139,1149.646240234375,42.17868423461914,0.013099863193929195,0.08071313798427582,0.11445463448762894,1136.3853759765625,43.06853485107422,0.012999454513192177,0.07977840304374695,0.11401514708995819
140,1155.8310546875,42.55571365356445,0.013192528858780861,0.08149684965610504,0.1148587316274643,1137.391845703125,42.264068603515625,0.012853370048105717,0.0796366035938263,0.11337270587682724
141,1152.9996337890625,41.87491226196289,0.012884948402643204,0.08060403913259506,0.11351189017295837,1135.7540283203125,42.182071685791016,0.012833239510655403,0.07943145185709,0.11328388750553131
142,1158.1900634765625,42.51368713378906,0.013084301725029945,0.08128686249256134,0.11438663303852081,1131.0802001953125,42.17618179321289,0.012745312415063381,0.0792398750782013,0.11289513856172562
143,1147.9990234375,41.92964172363281,0.01292488630861044,0.081008180975914,0.1136876717209816,1136.330078125,42.39985656738281,0.012862168252468109,0.0796409398317337,0.11341150104999542
144,1151.890380859375,42.48139953613281,0.013174156658351421,0.08159913867712021,0.11477872729301453,1138.4276123046875,42.61448287963867,0.01295679435133934,0.07951107621192932,0.1138279139995575
145,1161.7813720703125,42.10792922973633,0.013032990507781506,0.08089350163936615,0.11416212469339371,1133.17822265625,41.72575378417969,0.012709126807749271,0.07859066873788834,0.11273474991321564
146,1141.7960205078125,41.68134307861328,0.012827036902308464,0.08105629682540894,0.11325650662183762,1141.3681640625,42.34288024902344,0.012936189770698547,0.07960895448923111,0.11373737454414368
147,1176.724609375,42.251564025878906,0.013192950747907162,0.08148356527090073,0.11486057192087173,1133.88134765625,42.31662368774414,0.01281275786459446,0.07877154648303986,0.11319345235824585
148,1152.1339111328125,41.97587966918945,0.012918964959681034,0.08017241954803467,0.11366162449121475,1134.3748779296875,42.32661056518555,0.012819972820580006,0.07878390699625015,0.1132253110408783
149,1175.4261474609375,41.756778717041016,0.01313334982842207,0.08155853301286697,0.11460082978010178,1143.7779541015625,41.95341110229492,0.01287978608161211,0.07949414849281311,0.11348914355039597
150,1149.60693359375,41.73954772949219,0.012951935641467571,0.08147665858268738,0.11380656808614731,1143.0035400390625,41.68315505981445,0.01282344851642847,0.07971964031457901,0.11324066668748856
151,1142.22119140625,41.16526794433594,0.012726427055895329,0.08031989634037018,0.11281146854162216,1133.104736328125,42.042930603027344,0.012761494144797325,0.07861045002937317,0.11296678334474564
152,1151.6912841796875,41.86971664428711,0.012896775268018246,0.07955524325370789,0.11356396973133087,1133.64208984375,41.76033401489258,0.012705815955996513,0.07869987189769745,0.1127200797200203
153,1154.638916015625,41.68242263793945,0.01282897312194109,0.08023305237293243,0.11326505988836288,1132.666015625,41.96834182739258,0.01273621991276741,0.07874245941638947,0.11285486072301865
154,1152.2728271484375,41.675559997558594,0.012917652726173401,0.08035874366760254,0.11365584284067154,1129.17724609375,41.68699264526367,0.012615754269063473,0.07815250009298325,0.11231988668441772
155,1152.86865234375,42.030479431152344,0.013041998259723186,0.08121923357248306,0.11420156806707382,1137.030517578125,41.939300537109375,0.012794659473001957,0.07867094874382019,0.11311347782611847
156,1125.2357177734375,40.60698318481445,0.012343127280473709,0.07857390493154526,0.11109963059425354,1129.2264404296875,42.11189651489258,0.012690970674157143,0.07851172238588333,0.11265420913696289
157,1163.5072021484375,41.29085922241211,0.013019615784287453,0.08029280602931976,0.1141035333275795,1133.90478515625,42.52435302734375,0.012829981744289398,0.07893812656402588,0.11326950788497925
158,1148.1884765625,41.23835372924805,0.012793604284524918,0.08023609220981598,0.1131088137626648,1132.0994873046875,41.97731018066406,0.012726289220154285,0.07832196354866028,0.11281085759401321
159,1142.3162841796875,41.670501708984375,0.01269686222076416,0.08000374585390091,0.1126803606748581,1126.210693359375,41.494300842285156,0.012527987360954285,0.07788949459791183,0.11192849278450012
160,1140.4591064453125,41.52482604980469,0.012765620835125446,0.0797739326953888,0.1129850447177887,1125.439453125,42.4715576171875,0.012727279216051102,0.07841171324253082,0.1128152459859848
161,1150.428955078125,41.2994384765625,0.012879266403615475,0.07979361712932587,0.11348685622215271,1124.1788330078125,41.75312042236328,0.012582222931087017,0.07805491238832474,0.11217050999403
162,1140.7462158203125,41.67905807495117,0.012777849100530148,0.07999639213085175,0.11303914338350296,1124.70654296875,41.74183654785156,0.01257478166371584,0.07808386534452438,0.1121373325586319
163,1141.756103515625,41.3805046081543,0.012689863331615925,0.07994242012500763,0.11264929175376892,1135.1015625,42.596763610839844,0.012877661734819412,0.07935114949941635,0.11347978562116623
164,1146.336669921875,41.144500732421875,0.012747685424983501,0.07987761497497559,0.11290565133094788,1130.3294677734375,42.85134506225586,0.012864524498581886,0.07913150638341904,0.11342188715934753
165,1117.4180908203125,42.07816696166992,0.012433375231921673,0.07964981347322464,0.11150504648685455,1124.765380859375,43.09364318847656,0.012856847606599331,0.07929842174053192,0.11338803917169571
166,1144.7568359375,41.52214050292969,0.01281791366636753,0.08005259931087494,0.11321622878313065,1127.451171875,41.77223587036133,0.01263901311904192,0.07862937450408936,0.1124233677983284
167,1142.1787109375,41.17964553833008,0.0126238614320755,0.07933773100376129,0.11235595494508743,1120.8114013671875,41.226558685302734,0.012455189600586891,0.07779514044523239,0.11160282045602798
168,1143.8887939453125,41.46348190307617,0.012731210328638554,0.08057703077793121,0.11283267289400101,1123.8140869140625,41.54556655883789,0.012549829669296741,0.07801047712564468,0.11202602088451385
169,1143.7900390625,41.65571212768555,0.012776422314345837,0.08002948760986328,0.11303284019231796,1129.8729248046875,41.621437072753906,0.012649972923099995,0.07830336689949036,0.11247210204601288
170,1147.3599853515625,41.124000549316406,0.012756342068314552,0.08000524342060089,0.11294397711753845,1134.5303955078125,41.62694549560547,0.012688461691141129,0.07875615358352661,0.11264307051897049
171,1129.6839599609375,41.93944549560547,0.012414826080203056,0.07916262745857239,0.11142183840274811,1132.4515380859375,42.65553665161133,0.012866649776697159,0.07928023487329483,0.11343125253915787
172,1135.555908203125,41.40664291381836,0.012690781615674496,0.07968834787607193,0.11265336722135544,1132.861572265625,42.18206787109375,0.012767348438501358,0.07942476123571396,0.11299268901348114
173,1130.000244140625,41.3111457824707,0.012439045123755932,0.07953906059265137,0.11153046786785126,1128.50341796875,41.66144943237305,0.012607505545020103,0.0785582959651947,0.1122831478714943
174,1144.0753173828125,40.75522232055664,0.01252807304263115,0.07916845381259918,0.11192887276411057,1141.24853515625,41.55615234375,0.012774914503097534,0.07890041917562485,0.11302616447210312
175,1136.1328125,41.36155700683594,0.012610932812094688,0.08004993200302124,0.1122984066605568,1133.34814453125,41.38386154174805,0.01261029951274395,0.07828544825315475,0.11229559034109116
176,1132.6953125,40.005985260009766,0.012342914938926697,0.07840272784233093,0.11109866946935654,1131.2828369140625,41.500892639160156,0.01263089757412672,0.07826457917690277,0.1123872697353363
177,1131.596923828125,41.5500602722168,0.01239869836717844,0.07869774103164673,0.1113494411110878,1133.4295654296875,41.12562561035156,0.01262239832431078,0.0783262550830841,0.11234944313764572
178,1120.1527099609375,40.4310188293457,0.012112687341868877,0.0783437192440033,0.11005765199661255,1139.212890625,41.01251983642578,0.01267252117395401,0.07785942405462265,0.11257229745388031
179,1129.4354248046875,40.593753814697266,0.012553809210658073,0.07961586862802505,0.11204378306865692,1137.7337646484375,40.66328430175781,0.012589596211910248,0.07805030047893524,0.11220336705446243
180,1128.9637451171875,41.29663848876953,0.012451217509806156,0.0791035071015358,0.11158502101898193,1135.9871826171875,40.55535888671875,0.012563073076307774,0.07772492617368698,0.11208511143922806
181,1123.06201171875,41.471595764160156,0.012389400973916054,0.07887978851795197,0.11130768060684204,1135.841552734375,40.87694549560547,0.012617855332791805,0.07852169871330261,0.11232922971248627
182,1131.9595947265625,41.2658576965332,0.01242913119494915,0.07925648987293243,0.11148601025342941,1134.9122314453125,41.248016357421875,0.012658780440688133,0.07865355163812637,0.11251124739646912
183,1121.6954345703125,40.88962936401367,0.012312549166381359,0.07888483256101608,0.1109619215130806,1137.7850341796875,41.17164611816406,0.012700222432613373,0.07813943922519684,0.11269526928663254
184,1149.5694580078125,41.522743225097656,0.01262360718101263,0.07897645235061646,0.1123548299074173,1133.5845947265625,41.32312774658203,0.01264610979706049,0.0781533271074295,0.11245492100715637
185,1141.9053955078125,40.62724304199219,0.012533701956272125,0.0790269672870636,0.11195401847362518,1131.6636962890625,41.41831970214844,0.012643920257687569,0.07807982712984085,0.11244519054889679
186,1133.7987060546875,41.50514602661133,0.012537013739347458,0.079652339220047,0.11196880787611008,1132.49462890625,41.20755386352539,0.012565919198095798,0.07857560366392136,0.11209780722856522
187,1112.7508544921875,41.52600860595703,0.01234239712357521,0.07878465950489044,0.1110963448882103,1130.906982421875,41.459590911865234,0.01262595970183611,0.07840008288621902,0.11236529797315598
188,1112.8077392578125,40.86964797973633,0.01217738538980484,0.07882977277040482,0.11035118997097015,1130.9930419921875,41.44987106323242,0.012641125358641148,0.07824687659740448,0.11243276298046112
189,1141.3570556640625,41.55865478515625,0.01248938962817192,0.07978593558073044,0.11175593733787537,1129.9403076171875,42.322998046875,0.012784957885742188,0.07864506542682648,0.11307058483362198
190,1124.472900390625,40.300167083740234,0.01222661230713129,0.07828893512487411,0.11057401448488235,1128.8245849609375,41.33796310424805,0.012575172819197178,0.07820925116539001,0.11213908344507217
191,1118.8177490234375,40.607032775878906,0.012266605161130428,0.07849795371294022,0.11075470596551895,1124.5247802734375,41.424705505371094,0.012547634541988373,0.07787159085273743,0.1120162233710289
192,1125.408447265625,41.23040008544922,0.012330632656812668,0.0791286751627922,0.11104337871074677,1125.47314453125,41.33412170410156,0.01251932978630066,0.07784002274274826,0.1118898093700409
193,1147.0931396484375,41.1905632019043,0.012663902714848518,0.07917366176843643,0.11253400892019272,1127.5257568359375,41.876644134521484,0.012666216120123863,0.07811614871025085,0.11254428327083588
194,1139.9842529296875,40.9275016784668,0.012455825693905354,0.07888203859329224,0.1116056740283966,1132.86279296875,41.261070251464844,0.012603667564690113,0.07852129638195038,0.11226605623960495
195,1111.6378173828125,41.56501770019531,0.0124291917309165,0.0791117399930954,0.1114862859249115,1122.15283203125,41.60285186767578,0.012551750987768173,0.07765915244817734,0.11203459650278091
196,1107.71826171875,41.211429595947266,0.012178315781056881,0.07809457927942276,0.11035540699958801,1123.5831298828125,41.70796585083008,0.012640825472772121,0.07777217030525208,0.11243142932653427
197,1115.0762939453125,40.63503646850586,0.012060482054948807,0.07785680890083313,0.10982022434473038,1121.5543212890625,41.15876388549805,0.012501562014222145,0.07742626965045929,0.11181038618087769
198,1122.2261962890625,40.70909881591797,0.012291058897972107,0.07881803065538406,0.1108650490641594,1133.99169921875,41.176971435546875,0.01266667153686285,0.07841236889362335,0.11254630982875824
199,1125.1055908203125,40.6976432800293,0.012242455035448074,0.0784900113940239,0.11064562946557999,1128.6358642578125,40.975521087646484,0.01256262045353651,0.07793556153774261,0.11208309978246689
200,1131.3072509765625,42.130977630615234,0.012622655369341373,0.07951882481575012,0.11235059052705765,1130.438720703125,43.52471923828125,0.01307858619838953,0.07970401644706726,0.11436164379119873
201,1116.3363037109375,41.22019577026367,0.01224394328892231,0.07858201861381531,0.11065234988927841,1130.2642822265625,41.28057861328125,0.012627591378986835,0.07884003967046738,0.11237255483865738
202,1118.7529296875,41.25647735595703,0.012356294319033623,0.07902371138334274,0.11115887016057968,1120.1529541015625,41.01520538330078,0.012417666614055634,0.07777489721775055,0.11143458634614944
203,1134.8172607421875,41.41454315185547,0.012483261525630951,0.07969500869512558,0.11172851920127869,1127.63720703125,41.71055603027344,0.012697480618953705,0.0781303197145462,0.11268310248851776
204,1111.9576416015625,40.853233337402344,0.012087620794773102,0.07753919810056686,0.10994371771812439,1127.5482177734375,41.17044448852539,0.012554800137877464,0.07786770164966583,0.1120482012629509
205,1131.808349609375,42.602622985839844,0.012570744380354881,0.07943565398454666,0.11211933195590973,1123.480224609375,40.96531677246094,0.012491680681705475,0.07718551158905029,0.11176618933677673
206,1124.173828125,40.9720458984375,0.01234003622084856,0.07875444740056992,0.11108571290969849,1124.7681884765625,41.41101837158203,0.012571691535413265,0.07776857167482376,0.11212354898452759
207,1127.4324951171875,41.17201614379883,0.01239523570984602,0.0788826122879982,0.11133389174938202,1130.589111328125,41.1088981628418,0.01258984487503767,0.07759431004524231,0.11220448464155197
208,1111.26708984375,39.84479904174805,0.012090244330465794,0.07705817371606827,0.10995564609766006,1127.2457275390625,41.28111267089844,0.012579385191202164,0.07755506038665771,0.11215785890817642
209,1133.4794921875,41.07753372192383,0.01219766866415739,0.07833673804998398,0.11044305562973022,1124.862060546875,41.2986946105957,0.012531773187220097,0.0775647908449173,0.11194540560245514
210,1115.348876953125,40.54834747314453,0.01223378162831068,0.07871431112289429,0.11060642451047897,1124.6666259765625,41.04029846191406,0.012493339367210865,0.07715335488319397,0.11177361011505127
211,1111.579833984375,40.37110900878906,0.012259453535079956,0.07814531028270721,0.11072241514921188,1123.7491455078125,40.98764419555664,0.012460841797292233,0.07735583186149597,0.11162813752889633
212,1105.7850341796875,41.11387252807617,0.012066848576068878,0.0777934268116951,0.10984920710325241,1127.567138671875,41.45459747314453,0.012652378529310226,0.07748676836490631,0.11248279362916946
213,1115.74951171875,39.97760009765625,0.011997949331998825,0.07695385813713074,0.10953515022993088,1130.7073974609375,41.26820373535156,0.012601184658706188,0.07771582156419754,0.11225499957799911
214,1117.436767578125,40.78562545776367,0.012181549333035946,0.07819361239671707,0.11037006229162216,1128.694091796875,41.76549530029297,0.012685181573033333,0.07817719876766205,0.1126285120844841
215,1133.427978515625,40.94661331176758,0.012529888190329075,0.07953153550624847,0.11193698644638062,1129.25537109375,40.95379638671875,0.012532973662018776,0.07759861648082733,0.11195076256990433
216,1105.0579833984375,40.180057525634766,0.01205117255449295,0.07772801071405411,0.10977783054113388,1127.0657958984375,41.15592956542969,0.012531345710158348,0.07777119427919388,0.11194349080324173
217,1100.6644287109375,40.97890090942383,0.011939235031604767,0.0771210566163063,0.10926680266857147,1131.33154296875,41.2560920715332,0.012622784823179245,0.07801616936922073,0.11235116422176361
218,1099.883056640625,40.73845672607422,0.011974492110311985,0.07751547545194626,0.1094280257821083,1125.5308837890625,41.8808479309082,0.012702418491244316,0.07805337011814117,0.11270500719547272
219,1105.82958984375,40.72002029418945,0.012144362553954124,0.07824140042066574,0.11020146310329437,1127.5640869140625,40.705867767333984,0.012461360543966293,0.07755481451749802,0.11163046211004257
220,1123.5418701171875,40.22871780395508,0.01205421332269907,0.07735972106456757,0.10979168117046356,1127.1092529296875,41.011558532714844,0.0125541677698493,0.07736745476722717,0.11204538494348526
221,1095.9765625,40.752662658691406,0.01185574010014534,0.07792196422815323,0.1088840663433075,1131.9310302734375,41.69093704223633,0.012771882116794586,0.07800009101629257,0.11301275342702866
222,1101.8431396484375,40.68293762207031,0.01189173012971878,0.0772443488240242,0.10904920846223831,1123.8585205078125,41.39382553100586,0.012555841356515884,0.07760512828826904,0.11205285042524338
223,1104.7579345703125,40.51576232910156,0.011987002566456795,0.0776960551738739,0.10948517173528671,1126.892578125,40.899349212646484,0.012498351745307446,0.07744545489549637,0.11179602891206741
224,1103.23095703125,39.960601806640625,0.012010766193270683,0.07774686068296432,0.10959364473819733,1127.94677734375,41.219974517822266,0.01256208773702383,0.07777667045593262,0.11208072304725647
225,1099.0247802734375,40.272708892822266,0.011980368755757809,0.07741046696901321,0.10945487022399902,1129.28369140625,40.78233337402344,0.012495335191488266,0.07748328894376755,0.11178253591060638
226,1109.4681396484375,40.69659423828125,0.011987351812422276,0.0777418464422226,0.10948676615953445,1128.94970703125,41.26642608642578,0.012566388584673405,0.07793337106704712,0.11209990084171295
227,1098.3446044921875,40.82946014404297,0.01187671348452568,0.07723891735076904,0.10898034274578094,1132.718505859375,40.91140365600586,0.012560066767036915,0.07768549025058746,0.1120717003941536
228,1103.2857666015625,41.22429275512695,0.01202123612165451,0.0776805430650711,0.10964139550924301,1128.1588134765625,40.958740234375,0.01253015361726284,0.07798744738101959,0.11193817108869553
229,1108.64111328125,40.23833465576172,0.011840514838695526,0.07728996127843857,0.10881413519382477,1131.00634765625,40.87660217285156,0.01253257505595684,0.07808053493499756,0.11194898188114166
230,1111.5748291015625,41.29529571533203,0.011992180719971657,0.07830934226512909,0.10950881242752075,1134.161865234375,40.7787971496582,0.01259189285337925,0.07799288630485535,0.1122136190533638
231,1105.79345703125,40.57421112060547,0.012000136077404022,0.07793241739273071,0.10954513400793076,1139.281494140625,41.16584014892578,0.012720959261059761,0.0780336931347847,0.11278723180294037
232,1109.282470703125,41.626007080078125,0.012158826924860477,0.07799424976110458,0.11026707291603088,1143.3096923828125,41.03306579589844,0.012706151232123375,0.07820826023817062,0.11272156983613968
233,1101.770751953125,39.95035934448242,0.011906281113624573,0.07747315615415573,0.10911589115858078,1136.022216796875,40.96479797363281,0.012609202414751053,0.07810293138027191,0.11229070276021957
234,1114.1044921875,40.795223236083984,0.012086129747331142,0.07818768173456192,0.10993693768978119,1133.2923583984375,40.82651901245117,0.012529266998171806,0.0778011754155159,0.11193420737981796
235,1110.7093505859375,39.99074935913086,0.011943302117288113,0.07751251757144928,0.10928542166948318,1134.7994384765625,41.027732849121094,0.012628146447241306,0.07787731289863586,0.11237501353025436
236,1135.0076904296875,40.51388931274414,0.012297464534640312,0.07822974026203156,0.11089392751455307,1129.3272705078125,41.07917785644531,0.012546285055577755,0.07814733684062958,0.11201020330190659
237,1118.9482421875,40.89391326904297,0.012067817151546478,0.07787244766950607,0.10985361784696579,1131.609375,41.08192443847656,0.012582981027662754,0.0778576135635376,0.112173892557621
238,1106.970703125,40.37408447265625,0.01179738249629736,0.07681813836097717,0.10861575603485107,1136.5355224609375,40.75765609741211,0.01257181353867054,0.07849812507629395,0.11212409287691116
239,1099.9693603515625,39.992733001708984,0.011812943033874035,0.07676313072443008,0.10868736356496811,1124.20263671875,40.84650421142578,0.012452542781829834,0.07752946019172668,0.11159095913171768
240,1100.289306640625,39.95937728881836,0.011858380399644375,0.0772319883108139,0.10889619588851929,1131.990478515625,40.656307220458984,0.01253102533519268,0.07751867920160294,0.11194206774234772
241,1093.097412109375,40.344966888427734,0.011824040673673153,0.07700010389089584,0.10873840749263763,1137.950927734375,40.56423568725586,0.012585786171257496,0.07815789431333542,0.11218638718128204
242,1106.9989013671875,39.74068832397461,0.01182597316801548,0.07684654742479324,0.10874729603528976,1133.23193359375,40.58476257324219,0.012572290375828743,0.07750976830720901,0.11212622374296188
243,1090.6865234375,40.17885208129883,0.01168913021683693,0.07661578059196472,0.1081162840127945,1125.604248046875,40.655914306640625,0.012443633750081062,0.07736122608184814,0.11155103892087936
244,1099.1571044921875,40.32963562011719,0.011880813166499138,0.07619871199131012,0.10899914801120758,1120.6065673828125,40.797698974609375,0.012380022555589676,0.07752535492181778,0.11126554012298584
245,1098.2420654296875,40.357112884521484,0.011731848120689392,0.07675184309482574,0.1083136573433876,1126.7286376953125,40.41127014160156,0.012402355670928955,0.07728907465934753,0.11136586964130402
246,1105.676513671875,40.82380294799805,0.011947007849812508,0.07754677534103394,0.10930237174034119,1124.638427734375,40.67157745361328,0.012356704100966454,0.07790026068687439,0.11116071045398712
247,1099.818115234375,40.71858215332031,0.011896293610334396,0.07732313126325607,0.10907012969255447,1119.611328125,40.63185119628906,0.012306404300034046,0.07742392271757126,0.11093423515558243
248,1087.7930908203125,39.65133285522461,0.011657009832561016,0.07635173201560974,0.10796763002872467,1122.461669921875,41.08675765991211,0.012426593340933323,0.07788821309804916,0.11147463321685791
249,1075.5767822265625,40.15867233276367,0.011399778537452221,0.07599950581789017,0.10676974803209305,1122.7020263671875,41.63975524902344,0.01259925402700901,0.07775719463825226,0.11224640160799026
250,1082.1231689453125,40.204673767089844,0.011605212464928627,0.07647714018821716,0.10772749036550522,1135.89501953125,41.20466995239258,0.01262865960597992,0.07819944620132446,0.11237730830907822
251,1097.336669921875,40.082149505615234,0.011804254725575447,0.07675488293170929,0.10864738374948502,1127.927734375,40.76701354980469,0.012484093196690083,0.07683787494897842,0.11173223704099655
252,1102.475341796875,40.01141357421875,0.011824607849121094,0.07725518941879272,0.10874101519584656,1131.7877197265625,41.081512451171875,0.012617824599146843,0.07757163792848587,0.11232908070087433
253,1107.8060302734375,39.85053253173828,0.011748460121452808,0.07622537761926651,0.10839031636714935,1133.76708984375,41.17101287841797,0.01267252303659916,0.07821255177259445,0.11257230490446091
254,1104.11572265625,40.41521453857422,0.011817851103842258,0.0773238018155098,0.10870993882417679,1129.08935546875,41.20849609375,0.012576964683830738,0.07799309492111206,0.11214707046747208
255,1088.156494140625,39.79412078857422,0.01175670139491558,0.0770791545510292,0.10842832177877426,1124.49462890625,41.41537857055664,0.012571914121508598,0.07792075723409653,0.11212455481290817
256,1086.3875732421875,39.966957092285156,0.011559417471289635,0.07597165554761887,0.10751473158597946,1135.2686767578125,41.0010871887207,0.012628881260752678,0.07818921655416489,0.11237829178571701
257,1098.5972900390625,40.10691452026367,0.011803562752902508,0.07705192267894745,0.10864420235157013,1134.175537109375,41.04695510864258,0.012650047428905964,0.07774567604064941,0.11247243732213974
258,1089.4991455078125,39.183197021484375,0.011523149907588959,0.07619502395391464,0.10734593868255615,1138.31005859375,41.92961120605469,0.012872738763689995,0.07852302491664886,0.11345808953046799
259,1089.0618896484375,39.80189895629883,0.011610628105700016,0.07643454521894455,0.10775262117385864,1143.632080078125,41.5206184387207,0.012897309847176075,0.07826006412506104,0.1135663092136383
260,1069.52587890625,39.87013626098633,0.01144316140562296,0.07617949694395065,0.10697271674871445,1128.6002197265625,41.269161224365234,0.012618135660886765,0.07766904681921005,0.11233048141002655
261,1097.4559326171875,40.60032272338867,0.011753799393773079,0.07653620839118958,0.10841494053602219,1134.3443603515625,41.30640411376953,0.012734719552099705,0.07768543809652328,0.11284821480512619
262,1086.8118896484375,40.8223876953125,0.011721431277692318,0.07645874470472336,0.10826555639505386,1134.63623046875,41.080448150634766,0.01267373375594616,0.07773575186729431,0.11257768422365189
263,1079.9954833984375,39.883056640625,0.011474337428808212,0.07601261883974075,0.10711833089590073,1137.10888671875,41.21236801147461,0.012709717266261578,0.07790649682283401,0.11273737996816635
264,1097.8482666015625,39.822750091552734,0.01181122288107872,0.07680954039096832,0.10867945104837418,1138.51806640625,41.040103912353516,0.012710112147033215,0.07792141288518906,0.11273913085460663
265,1096.0015869140625,38.88561248779297,0.01143467053771019,0.07620357722043991,0.10693302005529404,1135.3173828125,41.18922424316406,0.012683055363595486,0.07797464728355408,0.1126190796494484
266,1100.4473876953125,40.28063201904297,0.011852419003844261,0.07740364223718643,0.10886881500482559,1136.523681640625,40.6768913269043,0.012574679218232632,0.07779712975025177,0.11213687807321548
267,1091.076416015625,39.645751953125,0.011639987118542194,0.07646271586418152,0.10788876563310623,1134.1495361328125,41.063350677490234,0.012630142271518707,0.07786233723163605,0.1123839020729065
268,1089.5042724609375,39.455787658691406,0.011634932830929756,0.07648855447769165,0.1078653484582901,1139.08740234375,41.3423957824707,0.01282595470547676,0.07788348197937012,0.11325173079967499
269,1097.492431640625,40.50465774536133,0.011787663213908672,0.07703433185815811,0.10857100784778595,1138.279541015625,41.58915710449219,0.012833657674491405,0.07817430049180984,0.11328574270009995
270,1070.65625,40.3231201171875,0.01139864418655634,0.07528115063905716,0.10676443576812744,1135.25390625,40.74200439453125,0.01262267678976059,0.07737694680690765,0.11235068738460541
271,1091.7728271484375,39.1674690246582,0.01158979069441557,0.07618077099323273,0.10765589773654938,1130.3958740234375,40.80723571777344,0.012582359835505486,0.0776406079530716,0.11217112094163895
272,1079.4166259765625,39.831966400146484,0.011505098082125187,0.07626310735940933,0.10726182162761688,1131.3775634765625,40.5910530090332,0.012526634149253368,0.07752570509910583,0.11192245036363602
273,1066.9688720703125,39.79873275756836,0.01138536911457777,0.07530835270881653,0.10670224577188492,1136.4898681640625,41.304752349853516,0.012759416364133358,0.07804614305496216,0.11295758187770844
274,1090.141845703125,40.719329833984375,0.011675160378217697,0.07607506215572357,0.10805165022611618,1125.391357421875,40.704833984375,0.012447736226022243,0.07724146544933319,0.11156942695379257
275,1082.65380859375,39.34898376464844,0.011390460655093193,0.0757477730512619,0.10672610253095627,1127.3028564453125,40.996280670166016,0.012453296221792698,0.07773883640766144,0.11159433424472809
276,1059.257568359375,39.95124053955078,0.011338876560330391,0.07558118551969528,0.10648416727781296,1130.0594482421875,41.05508804321289,0.012559388764202595,0.07762498408555984,0.11206867545843124
277,1076.9759521484375,39.455387115478516,0.011525836773216724,0.07567211985588074,0.10735844820737839,1126.004638671875,41.15669250488281,0.012528173625469208,0.07736855745315552,0.11192932724952698
278,1071.0308837890625,39.93561935424805,0.011331101879477501,0.07565691322088242,0.10644765198230743,1135.52783203125,42.1217155456543,0.012856037355959415,0.07872214168310165,0.11338447034358978
279,1086.0086669921875,39.757686614990234,0.011619380675256252,0.07641161978244781,0.10779321938753128,1139.022216796875,41.09585189819336,0.01274760253727436,0.07781460881233215,0.11290527880191803
280,1067.354248046875,39.804718017578125,0.011252687312662601,0.07502810657024384,0.10607868432998657,1136.5858154296875,40.92604064941406,0.012594741769134998,0.07785524427890778,0.11222629994153976
281,1065.2626953125,40.23239517211914,0.01131782028824091,0.0753210261464119,0.1063852459192276,1132.114990234375,40.70804214477539,0.01252466905862093,0.07727000117301941,0.11191365867853165
282,1094.5640869140625,39.85689163208008,0.011627388186752796,0.07616280019283295,0.10783036798238754,1134.9814453125,40.800941467285156,0.012617450207471848,0.07754652947187424,0.11232742667198181
283,1081.442626953125,39.81416702270508,0.011494169943034649,0.0757785364985466,0.10721086710691452,1145.02685546875,41.13473129272461,0.012837478891015053,0.07835114002227783,0.11330259591341019
284,1062.2747802734375,39.07890701293945,0.011275128461420536,0.07468049228191376,0.10618440806865692,1147.3485107421875,40.77165222167969,0.012778474017977715,0.07795032113790512,0.11304191499948502
285,1085.7412109375,39.2940788269043,0.011461077257990837,0.07610242068767548,0.10705642402172089,1146.1964111328125,41.60074996948242,0.013003687374293804,0.07869695872068405,0.11403370648622513
286,1094.7398681640625,39.14904022216797,0.011678694747388363,0.07610298693180084,0.10806801170110703,1140.424072265625,41.512290954589844,0.012924143113195896,0.07841305434703827,0.11368440091609955
287,1088.2352294921875,40.21200180053711,0.011615167371928692,0.07627665996551514,0.10777368396520615,1140.10986328125,41.05387878417969,0.012784753926098347,0.07776544988155365,0.11306968331336975
288,1088.9359130859375,40.03980255126953,0.011655536480247974,0.07622420787811279,0.10796081274747849,1140.5107421875,41.11630630493164,0.01280909776687622,0.07771775126457214,0.11317728459835052
289,1079.3677978515625,39.389591217041016,0.0113849937915802,0.0753110870718956,0.10670048743486404,1139.63330078125,41.43258285522461,0.012817712500691414,0.07833773642778397,0.11321533471345901
290,1072.810546875,39.54813766479492,0.011350506916642189,0.07527363300323486,0.10653875768184662,1142.4677734375,41.368839263916016,0.01286284439265728,0.07836829870939255,0.1134144738316536
291,1075.455322265625,39.8427734375,0.01141100563108921,0.07584764808416367,0.10682231187820435,1144.1744384765625,41.68852996826172,0.01292636338621378,0.07877010107040405,0.11369416862726212
292,1072.987548828125,40.977657318115234,0.011459297500550747,0.07655312120914459,0.10704810917377472,1142.4510498046875,40.96342468261719,0.012739165686070919,0.07815559208393097,0.11286791414022446
293,1061.2845458984375,39.35761642456055,0.0112508749589324,0.07476003468036652,0.1060701385140419,1132.146484375,40.97578430175781,0.012591619975864887,0.07742036134004593,0.11221238970756531
294,1089.555419921875,39.379737854003906,0.011555451899766922,0.07576438039541245,0.10749629139900208,1141.33447265625,41.41864013671875,0.012840687297284603,0.07807525992393494,0.11331675946712494
295,1046.0494384765625,40.14677810668945,0.01100154034793377,0.07488112151622772,0.10488823056221008,1142.60107421875,41.212547302246094,0.012775733135640621,0.07796669751405716,0.11302978545427322
296,1068.2843017578125,39.80133819580078,0.011291607283055782,0.07512392103672028,0.1062619686126709,1140.88818359375,40.94990539550781,0.012744798325002193,0.07759643346071243,0.11289285868406296
297,1069.9661865234375,40.450958251953125,0.011345098726451397,0.07513570785522461,0.1065133735537529,1140.13232421875,41.041099548339844,0.01273236982524395,0.0777684673666954,0.11283780634403229
