epoch,RMSE_P,RMSE_T,loss,mean_absolute_error,root_mean_squared_error,val_RMSE_P,val_RMSE_T,val_loss,val_mean_absolute_error,val_root_mean_squared_error
0,2377.8349609375,141.47186279296875,0.08451993018388748,0.2302839756011963,0.29072311520576477,1733.89599609375,88.70687866210938,0.03691183403134346,0.1547301709651947,0.19212453067302704
1,1844.32958984375,95.11429595947266,0.042682331055402756,0.16050498187541962,0.20659701526165009,1563.377197265625,76.76068878173828,0.0289346631616354,0.1350858211517334,0.17010192573070526
2,1728.5478515625,84.3469467163086,0.03577139601111412,0.14465460181236267,0.18913327157497406,1480.7750244140625,72.04264831542969,0.0257718488574028,0.1265755444765091,0.16053612530231476
3,1536.27197265625,73.46385955810547,0.02758088894188404,0.12438596785068512,0.1660749465227127,1370.70263671875,63.24738311767578,0.021154068410396576,0.11027704924345016,0.1454443782567978
4,1486.408203125,69.8931884765625,0.025490688160061836,0.12020600587129593,0.1596580296754837,1330.9739990234375,57.65895080566406,0.019032513722777367,0.10275746881961823,0.1379583775997162
5,1441.6861572265625,67.28105926513672,0.02338664047420025,0.11444155871868134,0.15292690694332123,1327.137451171875,55.10285949707031,0.018375514075160027,0.10012969374656677,0.13555629551410675
6,1383.144775390625,63.870018005371094,0.021742546930909157,0.10962177813053131,0.14745354652404785,1296.65185546875,53.708465576171875,0.017505718395113945,0.09783746302127838,0.1323091834783554
7,1358.9951171875,58.73636245727539,0.019958438351750374,0.10404285043478012,0.1412743330001831,1285.715087890625,49.38971710205078,0.016396909952163696,0.09335830062627792,0.12805041670799255
8,1373.0689697265625,57.747928619384766,0.020189544185996056,0.10426472127437592,0.14208991825580597,1296.5986328125,49.36955261230469,0.016632473096251488,0.09249213337898254,0.12896694242954254
9,1333.28173828125,56.2864990234375,0.018628286197781563,0.10003852099180222,0.1364854872226715,1289.029052734375,49.448097229003906,0.016513844951987267,0.0920044556260109,0.12850619852542877
10,1314.6669921875,54.93342590332031,0.01816532574594021,0.09895915538072586,0.13477879762649536,1279.6712646484375,50.40965270996094,0.016498005017638206,0.09402185678482056,0.12844456732273102
11,1307.0631103515625,53.72822189331055,0.018122483044862747,0.09847880899906158,0.13461977243423462,1271.46484375,48.47357177734375,0.015995582565665245,0.0915328860282898,0.12647365033626556
12,1299.7637939453125,53.87159729003906,0.01780661754310131,0.0975475013256073,0.13344143331050873,1276.185302734375,49.0566291809082,0.016180947422981262,0.09195148199796677,0.12720435857772827
13,1313.3050537109375,52.570159912109375,0.01747453585267067,0.09750856459140778,0.13219128549098969,1270.989013671875,47.33781051635742,0.015764020383358,0.09058742970228195,0.12555484473705292
14,1303.0997314453125,52.838401794433594,0.01768120378255844,0.09718238562345505,0.1329706907272339,1269.6744384765625,47.48423385620117,0.01579546555876732,0.09014413505792618,0.12568001449108124
15,1296.5338134765625,50.65824890136719,0.01681431196630001,0.0949455127120018,0.12967000901699066,1273.3680419921875,47.94633865356445,0.0159702580422163,0.09043306112289429,0.1263734996318817
16,1282.7293701171875,51.587135314941406,0.017103761434555054,0.09567257761955261,0.130781352519989,1271.1888427734375,47.26007843017578,0.015778789296746254,0.09030727297067642,0.12561364471912384
17,1256.186767578125,50.83610534667969,0.016355467960238457,0.09350492805242538,0.1278885006904602,1272.685791015625,47.61250305175781,0.015897424891591072,0.08996344357728958,0.12608498334884644
18,1277.3887939453125,51.006309509277344,0.01670014299452305,0.09427109360694885,0.12922903895378113,1269.6654052734375,47.89719009399414,0.015899889171123505,0.09048476070165634,0.1260947585105896
19,1277.627685546875,49.08220672607422,0.01643192768096924,0.09307149052619934,0.12818707525730133,1264.0531005859375,47.031578063964844,0.01564670167863369,0.08917546272277832,0.12508678436279297
20,1256.7646484375,49.68560791015625,0.016163650900125504,0.09232370555400848,0.12713634967803955,1263.009521484375,46.28368377685547,0.015466645359992981,0.08921609073877335,0.12436496466398239
21,1294.666259765625,49.11728286743164,0.01660381443798542,0.0933462455868721,0.12885579466819763,1266.492919921875,46.236202239990234,0.015536848455667496,0.0886833667755127,0.12464690208435059
22,1265.9527587890625,48.09638977050781,0.015928994864225388,0.09110128879547119,0.12621012330055237,1277.0421142578125,46.879310607910156,0.015812663361430168,0.09041310846805573,0.125748410820961
23,1242.2852783203125,49.362754821777344,0.015918267890810966,0.09099149703979492,0.1261676400899887,1266.02490234375,46.379493713378906,0.0155851561576128,0.08815601468086243,0.12484052032232285
24,1262.0648193359375,47.43654251098633,0.015802696347236633,0.09083587676286697,0.12570878863334656,1250.604248046875,45.49586486816406,0.015158054418861866,0.08704320341348648,0.12311805039644241
25,1252.8193359375,47.24878692626953,0.015738479793071747,0.09029920399188995,0.12545309960842133,1256.3148193359375,47.35354232788086,0.015624594874680042,0.08874205499887466,0.12499838322401047
26,1258.422119140625,48.09037399291992,0.016002267599105835,0.09200475364923477,0.12650007009506226,1253.35107421875,45.61836242675781,0.015210562385618687,0.08798032999038696,0.12333111464977264
27,1227.6387939453125,47.35823059082031,0.015137706883251667,0.08932831883430481,0.12303538620471954,1246.9677734375,45.34684753417969,0.015071955509483814,0.08707624673843384,0.12276789546012878
28,1229.7115478515625,47.092872619628906,0.01532526221126318,0.08920303732156754,0.12379524111747742,1250.9908447265625,45.989234924316406,0.015238789841532707,0.0880071222782135,0.12344549596309662
29,1239.1470947265625,47.31081008911133,0.015329457819461823,0.08875995129346848,0.12381219118833542,1250.1793212890625,46.40391540527344,0.015317292883992195,0.08746889978647232,0.1237630546092987
30,1240.2354736328125,46.75594711303711,0.015274759382009506,0.08932119607925415,0.1235910952091217,1251.4056396484375,45.510520935058594,0.015151843428611755,0.0876021608710289,0.12309282273054123
31,1237.2384033203125,45.3021354675293,0.015136787667870522,0.08850792795419693,0.12303164601325989,1250.028564453125,45.31578063964844,0.01510979887098074,0.08673594146966934,0.12292192131280899
32,1249.510498046875,45.825931549072266,0.015248165465891361,0.08890450745820999,0.12348345667123795,1249.647705078125,45.822879791259766,0.015203277580440044,0.08707485347986221,0.12330157309770584
33,1269.1805419921875,46.262969970703125,0.01557955238968134,0.08993997424840927,0.12481807917356491,1254.5657958984375,46.55906677246094,0.01539486926048994,0.08900613337755203,0.12407606095075607
34,1246.3123779296875,46.53544616699219,0.01522214524447918,0.08903752267360687,0.12337806075811386,1253.565673828125,46.488182067871094,0.015392745845019817,0.08806849271059036,0.1240675076842308
35,1211.509033203125,47.15351867675781,0.014951705001294613,0.08853261172771454,0.1222771629691124,1253.7265625,47.515777587890625,0.015596877783536911,0.08871009200811386,0.12488745898008347
36,1245.396484375,45.15308380126953,0.015260503627359867,0.08891592919826508,0.12353341281414032,1256.22021484375,45.65877914428711,0.015268879942595959,0.08788488805294037,0.12356731295585632
37,1229.627197265625,45.55727005004883,0.014846493490040302,0.08730544149875641,0.12184618413448334,1251.7515869140625,45.95274353027344,0.015247628092765808,0.08795170485973358,0.12348128855228424
38,1224.9981689453125,45.73601531982422,0.014932087622582912,0.08756695687770844,0.12219692021608353,1250.7652587890625,46.05510711669922,0.015242082066833973,0.08826296031475067,0.12345882505178452
39,1240.08056640625,46.244014739990234,0.015267384238541126,0.08790083229541779,0.12356125563383102,1251.22802734375,45.330238342285156,0.015108833089470863,0.0875483900308609,0.12291799485683441
40,1214.328857421875,45.30961990356445,0.014497209340333939,0.08675920963287354,0.12040435522794724,1246.17236328125,45.86713409423828,0.015127163380384445,0.08736902475357056,0.12299253791570663
41,1201.140869140625,46.61402893066406,0.014747187495231628,0.08691365271806717,0.12143799662590027,1240.2489013671875,45.32572937011719,0.014920912683010101,0.0865328386425972,0.12215118855237961
42,1221.9244384765625,44.97413635253906,0.014707263559103012,0.08690882474184036,0.12127351015806198,1244.4200439453125,45.49428939819336,0.015012932009994984,0.08733829855918884,0.12252726405858994
43,1219.657958984375,45.87232971191406,0.014687884598970413,0.087432362139225,0.12119358777999878,1233.908447265625,45.35255432128906,0.01484887395054102,0.08625897020101547,0.1218559518456459
44,1215.78955078125,45.052337646484375,0.01468600146472454,0.0870797261595726,0.12118581682443619,1232.99267578125,45.78321075439453,0.014913732185959816,0.08618689328432083,0.12212179601192474
45,1207.1383056640625,45.55347442626953,0.014598487876355648,0.08676019310951233,0.12082420289516449,1243.051025390625,45.68046569824219,0.01503748819231987,0.08709101378917694,0.12262744456529617
46,1225.1041259765625,44.019840240478516,0.014443285763263702,0.08572225272655487,0.12018021941184998,1237.5250244140625,45.48814392089844,0.01490892842411995,0.08670151233673096,0.12210212647914886
47,1214.509521484375,45.12919998168945,0.014465305022895336,0.08588117361068726,0.12027180194854736,1240.64404296875,45.47505569458008,0.014936389401555061,0.08723662048578262,0.12221451848745346
48,1221.7509765625,45.2006721496582,0.014688016846776009,0.08686785399913788,0.12119413167238235,1230.97607421875,45.23683166503906,0.01474855002015829,0.08617065846920013,0.12144360691308975
49,1216.576904296875,45.54412841796875,0.014707658439874649,0.08708483725786209,0.12127513438463211,1235.6719970703125,45.58657455444336,0.014879276975989342,0.08687928318977356,0.12198062986135483
50,1207.6138916015625,45.15816879272461,0.014385211281478405,0.08610302209854126,0.11993836611509323,1233.4559326171875,45.7330322265625,0.014880779199302197,0.08682526648044586,0.12198679894208908
51,1217.4910888671875,45.4785041809082,0.014693383127450943,0.0866445004940033,0.12121627479791641,1235.119384765625,46.193634033203125,0.014995794743299484,0.08713165670633316,0.12245731800794601
52,1216.6876220703125,44.42876434326172,0.014350849203765392,0.08573950827121735,0.11979503184556961,1236.925048828125,45.70287322998047,0.014925653114914894,0.08688418567180634,0.1221705973148346
53,1203.7298583984375,44.70070266723633,0.014365761540830135,0.0855618491768837,0.11985725164413452,1238.8914794921875,45.4468994140625,0.014900151640176773,0.08719494938850403,0.12206617742776871
54,1217.9599609375,44.5322265625,0.0145051134750247,0.08639950305223465,0.12043717503547668,1237.1221923828125,45.175376892089844,0.014844102784991264,0.08648243546485901,0.12183637917041779
55,1207.5643310546875,44.57242965698242,0.014256266877055168,0.08560767024755478,0.11939960718154907,1232.1004638671875,45.34056091308594,0.01482270285487175,0.08553767204284668,0.12174852192401886
56,1215.414306640625,44.5229377746582,0.014519176445901394,0.08588630706071854,0.12049554288387299,1228.1993408203125,45.14834976196289,0.014711268246173859,0.08524183928966522,0.12129002064466476
57,1194.41015625,44.11273193359375,0.014118194580078125,0.08532073348760605,0.11882000416517258,1226.711181640625,45.712188720703125,0.014787455089390278,0.08590631186962128,0.12160368263721466
58,1198.9173583984375,44.10871887207031,0.014075092040002346,0.08499655872583389,0.11863850057125092,1226.923583984375,45.311126708984375,0.01472168043255806,0.08540156483650208,0.12133292853832245
59,1205.22900390625,44.652435302734375,0.014255101792514324,0.08504799008369446,0.11939473450183868,1229.098388671875,45.92520523071289,0.014857351779937744,0.08656470477581024,0.12189073860645294
60,1206.4141845703125,43.994144439697266,0.014197848737239838,0.08519265055656433,0.11915472149848938,1227.5098876953125,45.529823303222656,0.014776380732655525,0.08563734591007233,0.12155814468860626
61,1215.797607421875,44.303802490234375,0.014548885636031628,0.08626629412174225,0.12061876058578491,1231.22265625,45.974403381347656,0.0149119533598423,0.08647217601537704,0.12211450934410095
62,1205.25048828125,45.278076171875,0.01427024882286787,0.08542511612176895,0.1194581463932991,1230.0545654296875,46.25898742675781,0.014973499812185764,0.08622080832719803,0.12236624956130981
63,1203.62353515625,44.478084564208984,0.014157482422888279,0.08480184525251389,0.11898522824048996,1230.3643798828125,45.33021926879883,0.01481121126562357,0.0850704088807106,0.12170130759477615
64,1180.5045166015625,44.827022552490234,0.014064660295844078,0.0847913920879364,0.11859451979398727,1228.1990966796875,45.029361724853516,0.01469101756811142,0.08532477170228958,0.12120650708675385
65,1195.283203125,44.460899353027344,0.014268272556364536,0.08523086458444595,0.11944986879825592,1228.0750732421875,45.03436279296875,0.014686375856399536,0.08560208231210709,0.12118735909461975
66,1189.4735107421875,43.61793899536133,0.013847229070961475,0.08488170057535172,0.11767426133155823,1227.24365234375,45.17301940917969,0.014698539860546589,0.08586651086807251,0.12123752385377884
67,1203.22900390625,43.511470794677734,0.01407452579587698,0.08438069373369217,0.11863609403371811,1244.40087890625,45.003814697265625,0.014940891414880753,0.08658681809902191,0.12223293632268906
68,1208.19775390625,44.69834899902344,0.01430472731590271,0.08526366204023361,0.11960237473249435,1233.637939453125,45.41230010986328,0.014877808280289173,0.08584850281476974,0.12197462469339371
69,1191.2554931640625,43.47810363769531,0.013793940655887127,0.08391089737415314,0.11744760721921921,1222.3485107421875,45.040706634521484,0.014604258351027966,0.08502158522605896,0.12084808200597763
70,1195.2396240234375,44.232383728027344,0.014035203494131565,0.08392667770385742,0.11847026646137238,1232.07666015625,45.27092361450195,0.014795987866818905,0.08629248291254044,0.12163875997066498
71,1205.7261962890625,43.86155319213867,0.01420261338353157,0.08504506200551987,0.11917471885681152,1222.044189453125,45.55760192871094,0.014707647264003754,0.08578286319971085,0.12127508968114853
72,1209.3165283203125,43.13426971435547,0.014068800956010818,0.08429379016160965,0.11861197650432587,1227.49169921875,45.2272834777832,0.014731105417013168,0.0856185257434845,0.12137176841497421
73,1188.7642822265625,43.380733489990234,0.013819939456880093,0.08464700728654861,0.11755824089050293,1226.707763671875,45.04440689086914,0.014703045599162579,0.08520237356424332,0.12125610560178757
74,1214.9453125,42.799476623535156,0.013952573761343956,0.08430096507072449,0.11812101304531097,1224.6043701171875,45.0963134765625,0.014673600904643536,0.08537988364696503,0.12113463878631592
75,1201.7708740234375,43.31222152709961,0.013931922614574432,0.08361618220806122,0.11803356558084488,1221.9044189453125,45.17585754394531,0.014683948829770088,0.08440791815519333,0.12117734551429749
76,1180.1724853515625,43.28744125366211,0.01363337505608797,0.08411476016044617,0.11676204204559326,1218.7110595703125,45.20729446411133,0.014629591256380081,0.08407807350158691,0.12095284461975098
77,1178.6654052734375,43.57184600830078,0.013826623558998108,0.08358801901340485,0.1175866648554802,1236.5382080078125,45.21087646484375,0.014865916222333908,0.08656032383441925,0.12192586064338684
78,1188.080078125,43.283180236816406,0.013627428561449051,0.0830417051911354,0.11673657596111298,1212.0098876953125,45.07000732421875,0.014516719616949558,0.08367804437875748,0.1204853504896164
79,1198.53369140625,43.53351974487305,0.014041517861187458,0.08475004136562347,0.11849691718816757,1217.798095703125,45.162452697753906,0.014568123035132885,0.08530333638191223,0.120698481798172
80,1158.187255859375,43.7283935546875,0.013427400030195713,0.08256082236766815,0.11587665975093842,1214.88720703125,45.179962158203125,0.014543239027261734,0.08412403613328934,0.12059535831212997
81,1171.7467041015625,43.46010971069336,0.013497455976903439,0.08347004652023315,0.11617854982614517,1217.527587890625,45.0633430480957,0.014559203758835793,0.08404335379600525,0.12066152691841125
82,1190.1231689453125,43.56987380981445,0.013730639591813087,0.08350441604852676,0.117177814245224,1217.44091796875,45.18211364746094,0.014567503705620766,0.08452657610177994,0.12069590389728546
83,1182.639892578125,43.355159759521484,0.013615000061690807,0.08398889750242233,0.11668332666158676,1217.756591796875,44.76017761230469,0.014480107463896275,0.0848221480846405,0.12033332139253616
84,1177.7734375,42.96314239501953,0.01352616585791111,0.08285657316446304,0.11630205065011978,1210.4532470703125,44.944278717041016,0.01444479264318943,0.08296121656894684,0.12018649280071259
85,1189.5833740234375,42.552181243896484,0.013570461422204971,0.08262588083744049,0.11649232357740402,1220.8096923828125,44.89787292480469,0.014558530412614346,0.08427052944898605,0.12065873295068741
86,1169.6666259765625,43.5195198059082,0.013522416353225708,0.08272366970777512,0.11628593504428864,1228.806884765625,45.335205078125,0.014748589135706425,0.08578664064407349,0.12144377082586288
87,1162.2384033203125,43.441192626953125,0.013507092371582985,0.08308179676532745,0.11622001975774765,1212.27880859375,45.434146881103516,0.01452903263270855,0.08398324251174927,0.1205364316701889
88,1183.933837890625,43.13075637817383,0.013513811863958836,0.08295559883117676,0.11624891310930252,1213.98681640625,45.10254669189453,0.01449187844991684,0.08427486568689346,0.12038221955299377
89,1193.52587890625,43.401798248291016,0.013889189809560776,0.08402454853057861,0.11785240471363068,1218.344970703125,45.32240295410156,0.014587471261620522,0.08421681076288223,0.12077860534191132
90,1196.607177734375,42.95562744140625,0.013837563805282116,0.0832633227109909,0.1176331639289856,1215.4122314453125,45.22196578979492,0.01455289963632822,0.08389665186405182,0.12063539773225784
91,1167.8482666015625,42.31245422363281,0.013460339047014713,0.08186538517475128,0.11601869761943817,1215.09130859375,44.90388488769531,0.014467514120042324,0.08402092754840851,0.12028098106384277
92,1190.80712890625,42.94436264038086,0.013580650091171265,0.08259467035531998,0.11653604358434677,1210.7928466796875,44.961708068847656,0.014409293420612812,0.08390617370605469,0.1200387179851532
93,1165.4344482421875,42.34548568725586,0.013295640237629414,0.08264313638210297,0.11530672013759613,1215.6651611328125,45.07426452636719,0.014512691646814346,0.08455565571784973,0.1204686313867569
94,1174.55224609375,42.81132507324219,0.013491333462297916,0.0824994444847107,0.11615219712257385,1207.730224609375,44.839290618896484,0.014357272535562515,0.08309555798768997,0.11982184648513794
95,1171.0379638671875,43.38102722167969,0.013510015793144703,0.08285271376371384,0.11623259633779526,1209.5858154296875,44.749576568603516,0.014381319284439087,0.08287147432565689,0.11992213875055313
96,1164.8878173828125,42.05205535888672,0.013245593756437302,0.08147341012954712,0.11508950591087341,1208.34130859375,45.11497116088867,0.014441332779824734,0.08291374146938324,0.12017209827899933
97,1186.2906494140625,42.55157470703125,0.013582520186901093,0.08265632390975952,0.11654406785964966,1206.6385498046875,45.04628372192383,0.014402005821466446,0.08299431204795837,0.12000835686922073
98,1157.6033935546875,43.26741409301758,0.013169814832508564,0.08225434273481369,0.11475981026887894,1210.8577880859375,44.94273376464844,0.014475452713668346,0.08288215100765228,0.12031397223472595
99,1159.455322265625,42.73314666748047,0.01309356838464737,0.0816282406449318,0.1144271269440651,1208.44287109375,44.964622497558594,0.014394642785191536,0.08364555239677429,0.1199776753783226
100,1161.697509765625,41.937129974365234,0.013108606450259686,0.0817161425948143,0.11449282616376877,1203.08642578125,45.244667053222656,0.014407733455300331,0.08307157456874847,0.12003222107887268
101,1185.8968505859375,42.62322998046875,0.01364896260201931,0.0824248269200325,0.11682877689599991,1213.271240234375,45.33921813964844,0.014531598426401615,0.08469828963279724,0.12054707109928131
102,1181.1826171875,42.505741119384766,0.013397871516644955,0.08262690901756287,0.11574917286634445,1211.0391845703125,45.31357955932617,0.014520208351314068,0.08362328261137009,0.12049982696771622
103,1167.174072265625,42.1458625793457,0.013158018700778484,0.0822073295712471,0.11470840871334076,1208.8565673828125,45.56264877319336,0.01452846173197031,0.08367433398962021,0.12053406983613968
104,1181.484619140625,43.09969711303711,0.013541502878069878,0.0829593613743782,0.11636796593666077,1210.1348876953125,45.01982116699219,0.014436901547014713,0.08352301269769669,0.12015365809202194
105,1169.742919921875,42.53531265258789,0.013331879861652851,0.08212223649024963,0.11546376347541809,1203.37939453125,45.3836784362793,0.014396014623343945,0.08329574018716812,0.11998338997364044
106,1171.6783447265625,43.00711441040039,0.013365664519369602,0.08221302926540375,0.11560997366905212,1207.127197265625,44.89201354980469,0.014377715066075325,0.08246663957834244,0.11990711092948914
107,1172.34130859375,42.050048828125,0.013284590095281601,0.08182460814714432,0.11525879800319672,1212.791259765625,44.774471282958984,0.014428539201617241,0.08316295593976974,0.12011885643005371
108,1168.2845458984375,42.08409118652344,0.013174579478800297,0.08207836747169495,0.11478056758642197,1201.9610595703125,44.81452941894531,0.014263450168073177,0.08237043023109436,0.11942968517541885
109,1170.0687255859375,42.061614990234375,0.01315152645111084,0.08152268826961517,0.11468010395765305,1199.60498046875,44.75602340698242,0.014207332395017147,0.08234675973653793,0.11919450014829636
110,1152.1016845703125,42.51287078857422,0.012928505428135395,0.08108848333358765,0.11370358616113663,1200.3345947265625,44.72032165527344,0.01422603614628315,0.08252852410078049,0.11927294731140137
111,1181.88818359375,43.208438873291016,0.01347146462649107,0.08241517841815948,0.11606664210557938,1197.9266357421875,44.72705078125,0.014201052486896515,0.08253251016139984,0.11916816979646683
112,1164.9608154296875,42.62593460083008,0.013255143538117409,0.08196118474006653,0.11513098329305649,1209.712158203125,44.84733963012695,0.014397677965462208,0.08291497081518173,0.11999032646417618
113,1171.2120361328125,41.40875244140625,0.013008153066039085,0.08089157193899155,0.11405329406261444,1195.7745361328125,45.011295318603516,0.014188201166689396,0.08244440704584122,0.1191142350435257
114,1167.34521484375,42.27903747558594,0.013187010772526264,0.08152452111244202,0.114834725856781,1197.12841796875,44.83538818359375,0.014184191823005676,0.08244751393795013,0.11909740418195724
115,1165.4954833984375,41.66465377807617,0.013109884224832058,0.08127367496490479,0.11449839919805527,1199.6741943359375,45.225555419921875,0.014287815429270267,0.08293724060058594,0.11953165382146835
116,1160.077392578125,42.25176239013672,0.013207376934587955,0.08156602829694748,0.11492335796356201,1204.0166015625,45.214969635009766,0.014341013506054878,0.08334653079509735,0.11975397169589996
117,1171.14208984375,40.88031768798828,0.013024995103478432,0.08115113526582718,0.11412710696458817,1202.3609619140625,44.97786331176758,0.014306401833891869,0.08228106796741486,0.11960937082767487
118,1171.78466796875,42.2895622253418,0.01330113410949707,0.0818619430065155,0.1153305396437645,1196.3974609375,44.90907287597656,0.01419992744922638,0.08223257213830948,0.11916344612836838
119,1160.6087646484375,41.657196044921875,0.013010487891733646,0.08176399022340775,0.11406352370977402,1198.138427734375,45.18387222290039,0.014279467985033989,0.08271072804927826,0.11949672549962997
120,1156.257568359375,41.82135009765625,0.0129815973341465,0.08114857971668243,0.11393681913614273,1200.668212890625,44.65960693359375,0.014233977533876896,0.08201418071985245,0.11930623650550842
121,1151.577880859375,41.728370666503906,0.01273795124143362,0.08026353269815445,0.11286253482103348,1197.3209228515625,44.70864486694336,0.014144210144877434,0.08291864395141602,0.1189294308423996
122,1174.2960205078125,41.181880950927734,0.01311466097831726,0.08087862282991409,0.11451926082372665,1206.718017578125,44.857418060302734,0.01431040558964014,0.0836624801158905,0.11962610483169556
123,1164.837158203125,41.628501892089844,0.01292330026626587,0.08064033091068268,0.11368069797754288,1201.78759765625,44.90798568725586,0.014260059222579002,0.0830470398068428,0.11941548436880112
124,1148.303466796875,40.83903503417969,0.012792738154530525,0.08045809715986252,0.11310498416423798,1202.7823486328125,45.07506561279297,0.014326208271086216,0.0828445553779602,0.11969213932752609
125,1153.2437744140625,42.0633659362793,0.012825860641896725,0.08023441582918167,0.11325131356716156,1203.38720703125,45.01164245605469,0.01430531870573759,0.08297624439001083,0.11960484087467194
126,1132.09423828125,41.38839340209961,0.012550481595098972,0.07999162375926971,0.11202893406152725,1190.11669921875,44.69868469238281,0.014057864435017109,0.08170279860496521,0.1185658723115921
127,1170.873046875,42.88352966308594,0.013316974975168705,0.08259525895118713,0.11539920419454575,1192.7237548828125,44.76335525512695,0.014104277826845646,0.08250278979539871,0.11876143515110016
128,1155.025634765625,41.98548889160156,0.012894331477582455,0.08080451935529709,0.11355321109294891,1195.3597412109375,44.61714553833008,0.014141014777123928,0.08244796842336655,0.11891598999500275
129,1142.0731201171875,42.2142219543457,0.012934418395161629,0.08057986944913864,0.1137295812368393,1196.0518798828125,44.82630920410156,0.01417339313775301,0.08235716074705124,0.11905205994844437
130,1139.0162353515625,41.042274475097656,0.012615557760000229,0.07914499193429947,0.11231900006532669,1196.2139892578125,44.738956451416016,0.014204529114067554,0.08205937594175339,0.1191827580332756
131,1139.0374755859375,41.872283935546875,0.012773455120623112,0.08090617507696152,0.11301971226930618,1197.50439453125,44.543174743652344,0.01418562512844801,0.08219468593597412,0.11910342425107956
132,1158.665771484375,41.89210891723633,0.012876956723630428,0.08056562393903732,0.11347667872905731,1192.8463134765625,44.400386810302734,0.014067230746150017,0.08195053786039352,0.1186053529381752
133,1153.8985595703125,41.379493713378906,0.012808911502361298,0.08029044419527054,0.11317645758390427,1189.7005615234375,44.580230712890625,0.01407615002244711,0.08183090388774872,0.11864294111728668
134,1142.60595703125,42.5517578125,0.012834611348807812,0.08134492486715317,0.11328992992639542,1193.9447021484375,44.98080062866211,0.014226004481315613,0.08224625140428543,0.11927281320095062
135,1154.4693603515625,42.12858581542969,0.012985230423510075,0.08132898807525635,0.11395275592803955,1195.7059326171875,45.140953063964844,0.014300993643701077,0.08251167088747025,0.1195867583155632
136,1127.89404296875,41.506927490234375,0.012576962821185589,0.07993694394826889,0.11214704811573029,1199.3736572265625,45.03858947753906,0.014324751682579517,0.08248394727706909,0.1196860522031784
137,1123.9276123046875,41.27705764770508,0.012462523765861988,0.07946909964084625,0.11163567006587982,1190.5189208984375,44.63642883300781,0.014092199504375458,0.08170309662818909,0.11871057003736496
138,1140.0579833984375,41.51441192626953,0.012761512771248817,0.07963961362838745,0.1129668727517128,1192.093017578125,44.729644775390625,0.014114568009972572,0.08195294439792633,0.11880474537611008
139,1146.214599609375,40.72356033325195,0.01262625027447939,0.07961005717515945,0.11236658692359924,1194.2095947265625,44.74152374267578,0.014192716218531132,0.08173178881406784,0.11913318932056427
140,1132.388671875,41.827857971191406,0.012612506747245789,0.07969087362289429,0.1123054176568985,1199.6356201171875,44.785011291503906,0.014279888942837715,0.08233530074357986,0.11949849128723145
141,1150.2545166015625,41.04317855834961,0.012759397737681866,0.08042211085557938,0.11295750737190247,1194.2059326171875,44.591678619384766,0.014150798320770264,0.08201617747545242,0.11895713210105896
142,1150.962646484375,40.65712356567383,0.012636608444154263,0.07989582419395447,0.11241266876459122,1198.2772216796875,44.55337905883789,0.014214666560292244,0.08244925737380981,0.11922527849674225
143,1137.26220703125,42.551265716552734,0.012738378718495369,0.08064006268978119,0.1128644272685051,1194.3367919921875,44.73368835449219,0.014182613231241703,0.08211010694503784,0.11909078061580658
144,1149.489013671875,40.44814682006836,0.012596874497830868,0.07942409068346024,0.11223579943180084,1199.3521728515625,44.64231872558594,0.014216105453670025,0.082272969186306,0.11923131346702576
145,1130.38916015625,41.0588264465332,0.012508353218436241,0.07922035455703735,0.11184074729681015,1195.4747314453125,44.75739288330078,0.014170304872095585,0.08255364745855331,0.11903909593820572
146,1112.0189208984375,41.74251937866211,0.012165868654847145,0.07857662439346313,0.1102989986538887,1192.776611328125,44.792022705078125,0.014133377000689507,0.08194700628519058,0.11888387799263
147,1145.843505859375,40.65272521972656,0.0126820532605052,0.07973133027553558,0.11261462420225143,1193.4268798828125,44.8506965637207,0.01416380051523447,0.08209209144115448,0.1190117672085762
148,1124.1458740234375,40.26567077636719,0.012361487373709679,0.07915885001420975,0.11118222028017044,1193.8863525390625,44.68330001831055,0.014141358435153961,0.0819709450006485,0.11891744285821915
149,1127.426025390625,40.73363494873047,0.012492832727730274,0.07920750230550766,0.11177133768796921,1196.7996826171875,44.85777282714844,0.0142309395596385,0.08190690726041794,0.11929349601268768
150,1145.8199462890625,41.103111267089844,0.01273561455309391,0.07993874698877335,0.11285217851400375,1196.124755859375,44.79159927368164,0.014214291237294674,0.082084521651268,0.1192237138748169
151,1140.96435546875,40.9110221862793,0.01271536760032177,0.07982338964939117,0.11276242882013321,1198.2557373046875,44.77526092529297,0.014261160045862198,0.0823848620057106,0.11942010372877121
152,1144.981689453125,41.1763801574707,0.012509310618042946,0.07966185361146927,0.11184503138065338,1191.6171875,44.73397445678711,0.014143833890557289,0.0818140059709549,0.11892785131931305
153,1133.31689453125,40.42900085449219,0.012361090630292892,0.07864611595869064,0.11118043959140778,1200.6136474609375,45.086185455322266,0.014379856176674366,0.08230947703123093,0.11991603672504425
154,1142.9697265625,40.493751525878906,0.012609066441655159,0.07980580627918243,0.11229009926319122,1197.1990966796875,44.678489685058594,0.014215197414159775,0.08240242302417755,0.11922750622034073
155,1137.59912109375,40.58620071411133,0.012403166852891445,0.07931791245937347,0.11136950552463531,1205.2589111328125,44.51016616821289,0.014307232573628426,0.0828855112195015,0.11961284279823303
156,1129.6322021484375,41.47959899902344,0.012305333279073238,0.07888706773519516,0.11092940717935562,1210.703369140625,44.2184944152832,0.014314484782516956,0.08350116014480591,0.11964315921068192
157,1126.633056640625,41.56109619140625,0.012475069612264633,0.07942695170640945,0.11169185489416122,1204.81005859375,44.28575134277344,0.014282138086855412,0.08270469307899475,0.11950790137052536
158,1122.735595703125,40.45991134643555,0.012202245183289051,0.07777833193540573,0.11046377569437027,1195.5191650390625,44.534423828125,0.014194376766681671,0.08228874206542969,0.1191401556134224
159,1128.0841064453125,40.59074783325195,0.01231401041150093,0.07881368696689606,0.11096850782632828,1196.1680908203125,44.59623336791992,0.014152401126921177,0.08307439833879471,0.11896386742591858
160,1111.7545166015625,41.353336334228516,0.012244751676917076,0.07839172333478928,0.1106560081243515,1197.6190185546875,44.638816833496094,0.014222604222595692,0.08255753666162491,0.11925856024026871
161,1128.5242919921875,40.970306396484375,0.012389865703880787,0.07954703271389008,0.11130977421998978,1197.153564453125,44.71028137207031,0.014213678427040577,0.08252065628767014,0.11922112852334976
162,1112.8089599609375,40.379844665527344,0.012023908086121082,0.07743758708238602,0.10965358465909958,1187.00048828125,44.73302459716797,0.014070264995098114,0.0818263441324234,0.11861814558506012
163,1122.1593017578125,41.054073333740234,0.012409736402332783,0.07931706309318542,0.11139899492263794,1195.00146484375,44.73881530761719,0.014210160821676254,0.08199841529130936,0.11920637637376785
164,1135.2501220703125,40.39658737182617,0.012414684519171715,0.07855482399463654,0.11142120510339737,1190.379638671875,44.621646881103516,0.014064188115298748,0.08231429010629654,0.1185925304889679
165,1111.5845947265625,40.92205810546875,0.01223353948444128,0.07816875725984573,0.11060532927513123,1190.40185546875,44.3790168762207,0.014055940322577953,0.08198659121990204,0.11855774372816086
166,1122.8441162109375,41.399169921875,0.012364348396658897,0.07867417484521866,0.11119509488344193,1191.96337890625,44.61852264404297,0.014188146218657494,0.0817456915974617,0.11911400407552719
167,1124.5361328125,40.85990524291992,0.012385210953652859,0.07890822738409042,0.11128886044025421,1189.8341064453125,44.72748565673828,0.01414747815579176,0.0819917693734169,0.11894316971302032
168,1136.197265625,41.21435546875,0.012439079582691193,0.07871397584676743,0.11153062433004379,1190.1077880859375,44.60157012939453,0.014109709300100803,0.08166702091693878,0.11878430098295212
169,1100.5123291015625,41.45627975463867,0.012072833254933357,0.0779949426651001,0.10987644642591476,1188.7528076171875,44.61512756347656,0.01408442109823227,0.08163904398679733,0.11867780238389969
170,1094.521240234375,40.80372619628906,0.011971705593168736,0.0770801305770874,0.10941529273986816,1198.719970703125,44.53861999511719,0.014221600256860256,0.0821622908115387,0.11925435066223145
171,1138.6614990234375,41.03263473510742,0.012463541701436043,0.07927859574556351,0.11164022982120514,1195.09619140625,44.531005859375,0.01417412981390953,0.08190671354532242,0.11905515193939209
172,1120.3353271484375,40.64834213256836,0.012132287956774235,0.07805273681879044,0.110146664083004,1195.3927001953125,44.46846389770508,0.014157223515212536,0.08212345838546753,0.11898413300514221
173,1138.684326171875,40.44038009643555,0.012424854561686516,0.07801564782857895,0.11146682500839233,1198.3297119140625,44.49129104614258,0.01421605609357357,0.08213051408529282,0.11923110485076904
174,1131.27099609375,41.33990478515625,0.01232130080461502,0.07877938449382782,0.11100135743618011,1195.68798828125,44.508182525634766,0.014145554043352604,0.08235783874988556,0.11893508583307266
175,1139.8916015625,40.30378723144531,0.012322420254349709,0.07889077812433243,0.11100639402866364,1201.0545654296875,44.698707580566406,0.014271433465182781,0.08215504139661789,0.11946310847997665
176,1127.5162353515625,40.91142654418945,0.012343752197921276,0.07868999987840652,0.11110244691371918,1200.25634765625,44.645755767822266,0.01429679710417986,0.08238714933395386,0.11956921219825745
177,1132.251708984375,40.863224029541016,0.012497187592089176,0.07948369532823563,0.11179082095623016,1198.183349609375,44.72874069213867,0.014324618503451347,0.08177752792835236,0.11968550086021423
178,1107.7418212890625,40.27009582519531,0.012190508656203747,0.07807833701372147,0.11041063070297241,1203.3668212890625,44.74835205078125,0.014325344003736973,0.08283665776252747,0.11968852579593658
179,1116.465087890625,40.56880569458008,0.012107145972549915,0.07774651795625687,0.11003247648477554,1200.9815673828125,44.87696075439453,0.014321748167276382,0.08252070099115372,0.11967352032661438
180,1120.942138671875,40.19969940185547,0.012121863663196564,0.07747070491313934,0.11009933799505234,1201.089599609375,44.83648681640625,0.014305569231510162,0.08297019451856613,0.1196058839559555
181,1124.40380859375,40.82178497314453,0.012138324789702892,0.07837830483913422,0.11017406731843948,1193.4893798828125,45.19986343383789,0.014266736805438995,0.08249969780445099,0.11944344639778137
182,1108.243408203125,40.895912170410156,0.011966105550527573,0.07845005393028259,0.10938969254493713,1197.0142822265625,44.81465530395508,0.014300987124443054,0.08199063688516617,0.11958672106266022
183,1120.1622314453125,41.23887252807617,0.012296705506742,0.0782347172498703,0.11089050769805908,1196.55615234375,44.76247024536133,0.014247151091694832,0.08222188800573349,0.11936143040657043
184,1096.67431640625,41.39025115966797,0.01208722498267889,0.07814100384712219,0.10994191467761993,1195.095458984375,44.50714874267578,0.01415987778455019,0.08204953372478485,0.1189952865242958
185,1112.9827880859375,40.11835861206055,0.012011663056910038,0.07748348265886307,0.10959773510694504,1204.27880859375,44.58898162841797,0.014312218874692917,0.08312887698411942,0.11963368207216263
186,1096.7716064453125,39.8321647644043,0.011736621148884296,0.07734128087759018,0.10833568871021271,1187.2896728515625,44.299468994140625,0.014015541411936283,0.08126026391983032,0.11838725209236145
187,1099.663330078125,40.12550735473633,0.011748144403100014,0.07645357400178909,0.10838884115219116,1190.51806640625,44.44253158569336,0.014073626138269901,0.08186016231775284,0.11863231658935547
188,1110.134765625,40.58966064453125,0.012091226875782013,0.07800356298685074,0.10996011644601822,1195.8941650390625,44.6551513671875,0.014250878244638443,0.08239086717367172,0.11937703937292099
189,1107.8951416015625,41.473114013671875,0.012221653945744038,0.07784378528594971,0.11055158823728561,1197.1107177734375,44.42836380004883,0.014141741208732128,0.08270836621522903,0.11891905218362808
190,1104.16064453125,41.02210998535156,0.012065519578754902,0.07760434597730637,0.10984315723180771,1194.6767578125,44.50758361816406,0.01410851813852787,0.08227115869522095,0.11877928674221039
191,1127.656494140625,41.40640640258789,0.012465712614357471,0.07864046841859818,0.11164995282888412,1198.1273193359375,44.67790222167969,0.014238490723073483,0.08268008381128311,0.11932515352964401
192,1102.27197265625,39.87151336669922,0.011999668553471565,0.07738789916038513,0.10954299569129944,1202.2615966796875,45.01169967651367,0.014405891299247742,0.08297218382358551,0.12002454698085785
193,1103.4288330078125,40.519657135009766,0.01188991591334343,0.07777128368616104,0.10904089361429214,1191.5618896484375,44.57899475097656,0.014118177816271782,0.08187620341777802,0.1188199371099472
194,1122.3121337890625,40.06476974487305,0.012079938314855099,0.07793153077363968,0.10990877449512482,1202.2232666015625,44.68204879760742,0.014332796446979046,0.08230731636285782,0.11971965432167053
195,1112.56787109375,40.04794692993164,0.011941050179302692,0.07749108225107193,0.10927511006593704,1197.245361328125,44.58042907714844,0.01419947762042284,0.08215930312871933,0.11916156858205795
196,1120.0137939453125,40.70246505737305,0.012282706797122955,0.0782645046710968,0.11082737147808075,1191.183349609375,44.43107223510742,0.014074365608394146,0.08236005902290344,0.11863543838262558
197,1122.9715576171875,40.072052001953125,0.012101502157747746,0.07729335874319077,0.11000683158636093,1192.3167724609375,44.58448028564453,0.014133523218333721,0.08190703392028809,0.11888449639081955
198,1102.142333984375,40.649696350097656,0.011843038722872734,0.0775749459862709,0.10882572829723358,1192.268310546875,44.669158935546875,0.014164145104587078,0.08183665573596954,0.1190132200717926
199,1087.646240234375,40.09901428222656,0.01162309292703867,0.07643607258796692,0.10781045258045197,1188.1380615234375,44.43198013305664,0.014032497070729733,0.08145425468683243,0.11845884472131729
200,1091.897705078125,40.210533142089844,0.01185603253543377,0.0771268978714943,0.10888540744781494,1188.0594482421875,44.477237701416016,0.014084313996136189,0.08152756094932556,0.11867735534906387
201,1119.7235107421875,40.379066467285156,0.012030908837914467,0.07762978225946426,0.1096855029463768,1190.279541015625,44.596580505371094,0.014144869521260262,0.08159233629703522,0.11893220245838165
202,1094.8096923828125,40.06988525390625,0.011786751449108124,0.0768011063337326,0.10856680572032928,1191.744140625,44.742427825927734,0.01414188090711832,0.0823504775762558,0.11891964077949524
203,1121.0753173828125,39.89813995361328,0.012088256888091564,0.07719630748033524,0.109946608543396,1191.991455078125,45.01198196411133,0.014192157424986362,0.08208813518285751,0.11913084238767624
204,1105.8912353515625,40.45336151123047,0.012086129747331142,0.07773654907941818,0.10993693768978119,1188.2061767578125,44.662200927734375,0.01406975369900465,0.08160684257745743,0.11861599236726761
205,1100.076171875,40.30040740966797,0.011745273135602474,0.07719743251800537,0.10837560892105103,1189.58740234375,44.719783782958984,0.014120676554739475,0.08185704052448273,0.11883044242858887
206,1116.693603515625,40.17377471923828,0.011879784055054188,0.07716511189937592,0.10899442434310913,1187.9510498046875,44.90293884277344,0.01409145537763834,0.08199094980955124,0.11870744079351425
207,1100.0849609375,39.28707504272461,0.011798991821706295,0.07651633769273758,0.10862316191196442,1189.662353515625,44.33582305908203,0.014039781875908375,0.0816764310002327,0.1184895858168602
208,1099.8797607421875,40.334224700927734,0.011904779821634293,0.0772210955619812,0.10910902917385101,1182.75146484375,44.3796501159668,0.013950139284133911,0.08099784702062607,0.11811070889234543
209,1092.369873046875,39.94902801513672,0.011711624450981617,0.07732100039720535,0.10822025686502457,1192.281005859375,44.381649017333984,0.014079843647778034,0.08176913857460022,0.11865852028131485
210,1091.9215087890625,39.45196533203125,0.011621776968240738,0.07625562697649002,0.10780434310436249,1184.84912109375,44.520023345947266,0.014016694389283657,0.08165685087442398,0.11839212477207184
211,1114.8948974609375,39.61808776855469,0.011933530680835247,0.07709147036075592,0.10924069583415985,1186.9876708984375,44.50010681152344,0.014031969010829926,0.08170270919799805,0.11845660954713821
212,1108.174072265625,40.78065872192383,0.012078994885087013,0.0778777152299881,0.10990447551012039,1189.9888916015625,44.68901062011719,0.014131755568087101,0.0817052498459816,0.11887706816196442
213,1070.0389404296875,39.727970123291016,0.01143424492329359,0.07583114504814148,0.10693103075027466,1187.3013916015625,44.737037658691406,0.014120359905064106,0.08143839240074158,0.11882912367582321
214,1104.6165771484375,40.69960021972656,0.01198370847851038,0.07757875323295593,0.10947012901306152,1193.62548828125,44.85503387451172,0.014204666018486023,0.08224646002054214,0.11918332427740097
215,1103.032958984375,39.00697708129883,0.01163044199347496,0.07655134797096252,0.1078445240855217,1197.2347412109375,44.69258117675781,0.014211274683475494,0.08263338357210159,0.11921104788780212
216,1100.0443115234375,39.34889221191406,0.011779211461544037,0.07684884965419769,0.10853207856416702,1194.118896484375,44.63179016113281,0.014163522981107235,0.0818483904004097,0.11901059746742249
217,1092.938232421875,40.546897888183594,0.011745501309633255,0.07677478343248367,0.10837665945291519,1199.92138671875,44.80343246459961,0.014287401922047138,0.08255472034215927,0.11952991783618927
218,1093.8890380859375,40.49745559692383,0.011782188899815083,0.0763273611664772,0.10854579508304596,1193.736572265625,44.87760543823242,0.014216287061572075,0.08194252848625183,0.11923207342624664
219,1103.3472900390625,40.15128707885742,0.011670036241412163,0.07633210718631744,0.10802794247865677,1198.383056640625,44.81863021850586,0.01433217991143465,0.08138962835073471,0.119717076420784
220,1098.935546875,40.159427642822266,0.011755122803151608,0.0769185796380043,0.10842104256153107,1191.05029296875,44.94869613647461,0.014189456589519978,0.08185749500989914,0.11911950260400772
221,1108.4383544921875,40.15022277832031,0.01187539380043745,0.07649378478527069,0.10897427052259445,1191.0194091796875,45.117820739746094,0.014190268702805042,0.08195345848798752,0.11912292242050171
222,1087.335693359375,40.00029373168945,0.011695382185280323,0.07644039392471313,0.10814519226551056,1191.036376953125,44.87299728393555,0.014191236346960068,0.0813913494348526,0.11912697553634644
223,1094.2799072265625,39.692474365234375,0.011630619876086712,0.07628091424703598,0.10784535109996796,1192.4554443359375,44.59097671508789,0.014186366461217403,0.08105402439832687,0.11910653114318848
224,1097.2506103515625,40.66624069213867,0.011755567975342274,0.07719740271568298,0.10842309892177582,1193.30810546875,44.76913070678711,0.01418351475149393,0.08158157765865326,0.11909456551074982
225,1100.2327880859375,40.37853240966797,0.011670760810375214,0.07656572759151459,0.10803128778934479,1192.0001220703125,44.708614349365234,0.014141538180410862,0.08165178447961807,0.11891820281744003
226,1115.8599853515625,40.26526641845703,0.011946880258619785,0.07710137963294983,0.10930178314447403,1198.6597900390625,45.06221008300781,0.014307375997304916,0.08226760476827621,0.11961343884468079
227,1108.451904296875,39.63641357421875,0.011835060082376003,0.07707608491182327,0.10878905653953552,1192.1590576171875,44.81575393676758,0.014191651716828346,0.08137321472167969,0.11912871897220612
228,1088.9385986328125,40.187564849853516,0.011761310510337353,0.07642925530672073,0.10844957828521729,1190.5582275390625,44.97699737548828,0.014157247729599476,0.08127139508724213,0.11898422986268997
229,1085.37646484375,39.592018127441406,0.011504895985126495,0.0762992575764656,0.10726087540388107,1188.5535888671875,44.67130661010742,0.014054497703909874,0.08160857856273651,0.11855166405439377
230,1109.2962646484375,41.16868209838867,0.012029347009956837,0.07704290747642517,0.10967838019132614,1196.3009033203125,44.81551742553711,0.014202320016920567,0.08218304812908173,0.11917348951101303
231,1117.0067138671875,39.8912467956543,0.0120222307741642,0.0774533823132515,0.10964593291282654,1195.68603515625,44.76826095581055,0.014205096289515495,0.08217339962720871,0.11918513476848602
232,1075.5357666015625,40.15804672241211,0.011492320336401463,0.07592401653528214,0.10720223933458328,1194.87744140625,44.38304138183594,0.014141757972538471,0.08178939670324326,0.11891912668943405
233,1092.7755126953125,38.9592170715332,0.011640191078186035,0.0763305053114891,0.10788971930742264,1199.1104736328125,44.59800720214844,0.014242894947528839,0.08156686276197433,0.119343601167202
234,1081.7493896484375,40.64731979370117,0.01154917012900114,0.07627307623624802,0.10746706277132034,1192.9151611328125,44.77901840209961,0.014176859520375729,0.08156578242778778,0.11906661838293076
235,1088.3153076171875,39.197574615478516,0.01156186405569315,0.07602519541978836,0.10752610862255096,1192.0216064453125,44.8192138671875,0.014171967282891273,0.08173106610774994,0.11904607713222504
236,1088.718505859375,39.44132995605469,0.011579643003642559,0.07577215880155563,0.10760875046253204,1193.119384765625,44.936851501464844,0.01422438956797123,0.08167845010757446,0.11926604807376862
237,1092.4945068359375,39.24922561645508,0.011531938798725605,0.07602233439683914,0.10738685727119446,1207.67431640625,44.99967956542969,0.014527392573654652,0.08203994482755661,0.12052963674068451
238,1093.6253662109375,39.35820388793945,0.01164815854281187,0.07650807499885559,0.1079266369342804,1200.5628662109375,44.89511489868164,0.014310291968286037,0.08215253055095673,0.11962562799453735
239,1081.969970703125,39.35399627685547,0.011611235328018665,0.07641689479351044,0.10775544494390488,1196.474609375,44.827491760253906,0.01420898549258709,0.08182834088802338,0.11920144408941269
240,1091.7384033203125,39.103538513183594,0.011541087180376053,0.07591912895441055,0.10742945224046707,1204.3466796875,45.07246780395508,0.014380168169736862,0.08238356560468674,0.11991734057664871
241,1090.9744873046875,39.80141067504883,0.011510217562317848,0.07601700723171234,0.10728567838668823,1202.781982421875,44.99134063720703,0.014354622922837734,0.08256012946367264,0.11981078237295151
242,1080.858642578125,40.84341049194336,0.011563175357878208,0.07627588510513306,0.10753220319747925,1198.21435546875,44.87202453613281,0.014232523739337921,0.08204447478055954,0.11930014193058014
243,1070.2757568359375,39.05823516845703,0.011298995465040207,0.0758294016122818,0.10629673302173615,1197.7430419921875,45.240718841552734,0.014297543093562126,0.08190718293190002,0.11957233399152756
244,1099.734619140625,39.12092590332031,0.01170384231954813,0.0763653814792633,0.10818430036306381,1196.361083984375,45.249732971191406,0.014306203462183475,0.08214423060417175,0.11960854381322861
245,1094.962646484375,40.08271408081055,0.011754820123314857,0.07651244103908539,0.10841964930295944,1198.43408203125,45.23023986816406,0.014299903996288776,0.08191144466400146,0.11958220601081848
246,1095.0577392578125,38.49285888671875,0.011439207941293716,0.07491640746593475,0.10695423185825348,1194.3193359375,45.01749801635742,0.014220557175576687,0.08177262544631958,0.11924997717142105
247,1096.1217041015625,38.77695846557617,0.011436126194894314,0.07510858029127121,0.10693982243537903,1195.3072509765625,44.833824157714844,0.01420561969280243,0.08184366673231125,0.11918733268976212
248,1072.755615234375,38.76070022583008,0.011232379823923111,0.07490251958370209,0.10598291456699371,1202.5269775390625,44.94365692138672,0.014335958287119865,0.08208787441253662,0.11973286420106888
249,1097.2647705078125,38.84923553466797,0.011590767651796341,0.07589547336101532,0.10766042768955231,1197.0689697265625,44.90731430053711,0.014257490634918213,0.08182564377784729,0.11940473318099976
250,1077.383544921875,39.26335525512695,0.01142133679240942,0.07560356706380844,0.10687065124511719,1203.468017578125,45.200531005859375,0.014416542835533619,0.08234313875436783,0.12006890773773193
251,1090.8642578125,39.892547607421875,0.011536980047821999,0.07616783678531647,0.10741033405065536,1193.7933349609375,44.81715393066406,0.014226487837731838,0.08161243051290512,0.11927483975887299
252,1083.3389892578125,38.91666793823242,0.011355751194059849,0.07527858763933182,0.10656336694955826,1195.611572265625,44.9232177734375,0.014260798692703247,0.08151817321777344,0.11941858381032944
253,1082.2933349609375,40.194419860839844,0.01155924517661333,0.07662923634052277,0.107513926923275,1196.3760986328125,44.727657318115234,0.014226733706891537,0.08172649145126343,0.11927587538957596
254,1089.8094482421875,38.69765090942383,0.011419931426644325,0.07570774853229523,0.1068640723824501,1191.21044921875,45.05741882324219,0.014198838733136654,0.08128724247217178,0.11915887892246246
255,1091.737548828125,39.6083984375,0.011622553691267967,0.07632045447826385,0.1078079342842102,1186.000244140625,44.88309860229492,0.014079861342906952,0.08153900504112244,0.11865860223770142
256,1082.5919189453125,39.498470306396484,0.011312385089695454,0.07574715465307236,0.10635969787836075,1193.4923095703125,44.963314056396484,0.014248822815716267,0.08217248320579529,0.11936844140291214
257,1062.4891357421875,39.714515686035156,0.011152658611536026,0.07472933083772659,0.10560614615678787,1193.536376953125,44.80511474609375,0.014240887016057968,0.08123950660228729,0.11933518946170807
258,1071.0108642578125,38.75736618041992,0.011290954425930977,0.07537300884723663,0.10625889897346497,1196.6455078125,44.9011116027832,0.014270319603383541,0.08179103583097458,0.11945845186710358
