epoch,RMSE_P,RMSE_T,loss,mean_absolute_error,root_mean_squared_error,val_RMSE_P,val_RMSE_T,val_loss,val_mean_absolute_error,val_root_mean_squared_error
0,2280.60498046875,126.62667083740234,0.07043662667274475,0.21163468062877655,0.2653990089893341,1772.47021484375,92.94110107421875,0.03954838216304779,0.16146525740623474,0.19886775314807892
1,1827.6953125,92.3807373046875,0.041382066905498505,0.1559331864118576,0.2034258246421814,1478.6956787109375,75.95455169677734,0.027015570551156998,0.12885427474975586,0.16436414420604706
2,1562.2572021484375,77.51750183105469,0.029499515891075134,0.13234184682369232,0.17175422608852386,1360.1221923828125,63.5589599609375,0.021111885085701942,0.11084537953138351,0.1452993005514145
3,1462.8660888671875,68.76377868652344,0.02457593008875847,0.12023773044347763,0.1567671149969101,1320.73681640625,62.62392807006836,0.020063016563653946,0.10755036026239395,0.1416439712047577
4,1447.7064208984375,63.35136032104492,0.02265540324151516,0.11260495334863663,0.15051712095737457,1265.6236572265625,58.37999725341797,0.0180207546800375,0.10018826276063919,0.13424140214920044
5,1383.2655029296875,61.31859588623047,0.021205874159932137,0.1089569479227066,0.1456223726272583,1261.89501953125,56.61447525024414,0.01751224882900715,0.09804318100214005,0.13233385980129242
6,1345.4769287109375,59.09818649291992,0.019951004534959793,0.10471362620592117,0.14124801754951477,1250.5772705078125,54.08427047729492,0.016763154417276382,0.09547406435012817,0.12947261333465576
7,1349.4735107421875,54.84014892578125,0.018891822546720505,0.10115230828523636,0.1374475061893463,1240.656005859375,51.67173767089844,0.01606764644384384,0.09299971908330917,0.12675821781158447
8,1345.09033203125,54.07981872558594,0.018713267520070076,0.10123130679130554,0.13679644465446472,1238.5780029296875,49.281436920166016,0.01553470827639103,0.09086605161428452,0.12463831156492233
9,1330.2889404296875,54.933353424072266,0.01861380971968174,0.10046154260635376,0.1364324390888214,1238.4703369140625,48.57038116455078,0.015389096923172474,0.09043390303850174,0.12405280023813248
10,1319.8251953125,52.89434051513672,0.018045544624328613,0.0988835021853447,0.13433369994163513,1227.619384765625,50.62195587158203,0.015612166374921799,0.0908757820725441,0.124948650598526
11,1285.8114013671875,53.246456146240234,0.017352869734168053,0.09677658975124359,0.13173030316829681,1231.965576171875,49.17207717895508,0.015389895997941494,0.08988538384437561,0.12405601888895035
12,1304.1634521484375,50.5755615234375,0.017386194318532944,0.09702524542808533,0.13185670971870422,1233.3409423828125,50.8512077331543,0.015743613243103027,0.09113235771656036,0.12547355890274048
13,1291.9183349609375,51.94801712036133,0.017130626365542412,0.09550996869802475,0.13088402152061462,1231.0137939453125,48.588043212890625,0.0152387460693717,0.08946716785430908,0.12344531714916229
14,1301.841796875,50.93769836425781,0.017191747203469276,0.09607280045747757,0.1311172991991043,1229.8155517578125,47.22591018676758,0.014955281279981136,0.08856312185525894,0.12229178845882416
15,1290.0013427734375,50.7386360168457,0.01681428961455822,0.09516602754592896,0.1296699196100235,1223.1978759765625,48.59250259399414,0.01511162519454956,0.08893020451068878,0.12292934954166412
16,1299.6807861328125,50.583152770996094,0.01703071780502796,0.09421239793300629,0.13050179183483124,1230.52978515625,46.85986328125,0.014909807592630386,0.08839282393455505,0.12210572510957718
17,1278.8951416015625,49.830753326416016,0.016595682129263878,0.09448608756065369,0.12882423400878906,1232.41552734375,46.561317443847656,0.01489405520260334,0.0881718322634697,0.12204120308160782
18,1292.6766357421875,49.02537155151367,0.01669883541762829,0.09419380128383636,0.1292239874601364,1223.8492431640625,46.73038864135742,0.014777954667806625,0.08775928616523743,0.12156461179256439
19,1300.32421875,49.783931732177734,0.01681031659245491,0.09369751065969467,0.12965460121631622,1224.031005859375,48.45372009277344,0.015102590434253216,0.08896856009960175,0.1228925883769989
20,1262.8162841796875,48.19926071166992,0.015994546934962273,0.0918641909956932,0.12646955251693726,1215.67041015625,48.2975959777832,0.014924955554306507,0.08809070289134979,0.12216773629188538
21,1271.817626953125,48.516510009765625,0.016134532168507576,0.09178698807954788,0.12702177464962006,1216.64306640625,47.24586486816406,0.014758358709514141,0.08768866956233978,0.12148398905992508
22,1268.341552734375,48.700843811035156,0.016019638627767563,0.09165909141302109,0.12656870484352112,1216.2750244140625,48.559444427490234,0.015020595863461494,0.0885668620467186,0.12255854159593582
23,1264.1661376953125,47.25401306152344,0.01575326733291149,0.09102004766464233,0.1255120187997818,1217.54052734375,46.34499740600586,0.01461191289126873,0.087291419506073,0.12087973952293396
24,1271.684326171875,47.63620376586914,0.015906522050499916,0.09186737984418869,0.12612105906009674,1216.2132568359375,47.45173263549805,0.014790344052016735,0.08798521012067795,0.12161555886268616
25,1282.6658935546875,48.089698791503906,0.016323799267411232,0.0920523852109909,0.12776462733745575,1208.0587158203125,46.76521301269531,0.014521417208015919,0.08711380511522293,0.12050484865903854
26,1266.490234375,47.3082160949707,0.015805741772055626,0.09102090448141098,0.12572088837623596,1216.251220703125,46.192081451416016,0.014550144784152508,0.08733689785003662,0.12062398344278336
27,1258.7337646484375,48.40393829345703,0.015902575105428696,0.09205763041973114,0.1261054128408432,1205.49658203125,46.58751678466797,0.01445356011390686,0.08663301914930344,0.12022296339273453
28,1268.4560546875,47.87156677246094,0.01609024964272976,0.0916949063539505,0.12684734165668488,1211.5736083984375,48.247467041015625,0.014857162721455097,0.08842617273330688,0.12188995629549026
29,1266.4940185546875,47.397586822509766,0.015744319185614586,0.09069258719682693,0.12547637522220612,1209.5340576171875,46.66466522216797,0.014521000906825066,0.08692926168441772,0.12050311267375946
30,1268.9566650390625,47.15243148803711,0.015797797590494156,0.09095492959022522,0.1256892830133438,1206.8565673828125,46.30057907104492,0.014413355849683285,0.08632275462150574,0.12005563825368881
31,1263.0804443359375,47.81486511230469,0.01589151658117771,0.09102232754230499,0.1260615587234497,1208.2913818359375,46.708709716796875,0.01451169140636921,0.08680791407823563,0.12046448141336441
32,1253.6685791015625,46.81560516357422,0.015380414202809334,0.08956987410783768,0.12401779741048813,1207.17236328125,46.45236587524414,0.01446074340492487,0.0865168645977974,0.1202528327703476
33,1265.1025390625,47.20379638671875,0.015762116760015488,0.09065824747085571,0.12554727494716644,1208.1978759765625,46.64674377441406,0.014511478133499622,0.08676682412624359,0.12046359479427338
34,1258.3236083984375,45.28291702270508,0.015398004092276096,0.08901410549879074,0.12408870458602905,1205.17529296875,46.98638916015625,0.014524180442094803,0.08659277856349945,0.12051630765199661
35,1257.2874755859375,46.57030487060547,0.015445040538907051,0.08933604508638382,0.12427807599306107,1208.472900390625,46.192718505859375,0.014437633566558361,0.08633992075920105,0.12015670537948608
36,1255.43603515625,45.691162109375,0.015359879471361637,0.08926892280578613,0.12393497675657272,1201.48681640625,46.79064178466797,0.014428875409066677,0.08591093868017197,0.12012025713920593
37,1248.9630126953125,45.4779167175293,0.015213108621537685,0.08848382532596588,0.12334143370389938,1204.462890625,46.61200714111328,0.0144337834790349,0.0860767811536789,0.1201406866312027
38,1223.1558837890625,45.68658447265625,0.014912225306034088,0.08777221292257309,0.12211562693119049,1207.2344970703125,45.47426986694336,0.014262125827372074,0.08588545769453049,0.11942414194345474
39,1239.7557373046875,45.68406295776367,0.01508960872888565,0.08863265067338943,0.12283977121114731,1210.1890869140625,46.12748718261719,0.014428708702325821,0.0865999385714531,0.12011955678462982
40,1246.419921875,45.25469207763672,0.015120737254619598,0.08828652650117874,0.12296640872955322,1196.514404296875,45.4976692199707,0.014094080775976181,0.08505385369062424,0.11871849745512009
41,1251.824951171875,45.87821960449219,0.015232876874506474,0.08854444324970245,0.12342154234647751,1201.31982421875,45.61750411987305,0.014189395122230053,0.08566007763147354,0.11911924183368683
42,1242.8223876953125,45.79298782348633,0.015192581340670586,0.08860781788825989,0.12325818836688995,1199.83544921875,46.20387649536133,0.014277917332947254,0.08600299805402756,0.11949023604393005
43,1242.3551025390625,45.38262176513672,0.015089808031916618,0.0878002867102623,0.12284058332443237,1194.3232421875,45.06033706665039,0.013974294066429138,0.0847574919462204,0.11821291595697403
44,1238.4573974609375,46.185638427734375,0.01507605891674757,0.08825959265232086,0.12278460711240768,1192.090087890625,47.19535827636719,0.014350410550832748,0.08621814101934433,0.11979319900274277
45,1245.2061767578125,45.88864517211914,0.015285901725292206,0.08878026157617569,0.1236361712217331,1189.93896484375,47.3458366394043,0.014354228042066097,0.08592376112937927,0.11980912834405899
46,1259.283447265625,46.141727447509766,0.01564401015639305,0.08977991342544556,0.12507601082324982,1196.292724609375,47.139991760253906,0.014418650418519974,0.08623161166906357,0.12007768452167511
47,1254.8370361328125,44.927459716796875,0.015075580216944218,0.08808349072933197,0.12278265506029129,1190.5301513671875,46.68156051635742,0.014235926792025566,0.08564325422048569,0.11931440234184265
48,1219.9981689453125,45.503971099853516,0.01474518608301878,0.08731649070978165,0.12142975628376007,1188.18408203125,45.46782684326172,0.013966827653348446,0.08477307856082916,0.11818133294582367
49,1238.3974609375,45.027610778808594,0.014855477027595043,0.08687946200370789,0.12188304960727692,1191.6956787109375,45.20005416870117,0.013990228995680809,0.08491538465023041,0.11828029155731201
50,1228.06982421875,44.930389404296875,0.014646901749074459,0.08665724098682404,0.12102438509464264,1185.68212890625,45.60954284667969,0.013963790610432625,0.08442272245883942,0.11816848069429398
51,1251.1954345703125,45.03664016723633,0.01512989867478609,0.08769793063402176,0.12300365418195724,1189.8514404296875,45.78297424316406,0.014064679853618145,0.08517283946275711,0.11859459429979324
52,1238.101806640625,44.7596321105957,0.014815831556916237,0.08720854669809341,0.12172029912471771,1189.33544921875,46.81927490234375,0.014256729744374752,0.08593293279409409,0.11940155178308487
53,1240.4085693359375,45.79515838623047,0.01506846584379673,0.08809702843427658,0.12275367230176926,1188.6224365234375,45.28535461425781,0.01396523043513298,0.08431477844715118,0.11817457526922226
54,1211.5308837890625,44.83978271484375,0.014498195610940456,0.08667550981044769,0.12040845304727554,1190.761962890625,45.83079528808594,0.014097746461629868,0.08494488149881363,0.11873393505811691
55,1201.8275146484375,44.90721893310547,0.01425122283399105,0.08563605695962906,0.1193784847855568,1185.5306396484375,45.90916442871094,0.014024578034877777,0.08464730530977249,0.1184254139661789
56,1214.39453125,44.69207000732422,0.014303408563137054,0.08614134788513184,0.11959686130285263,1187.302734375,45.418678283691406,0.013976284302771091,0.08453716337680817,0.11822133511304855
57,1220.03125,44.0955924987793,0.014450917020440102,0.08605708926916122,0.12021197378635406,1180.359619140625,45.45892333984375,0.01386157888919115,0.08408355712890625,0.11773520708084106
58,1216.25244140625,45.368507385253906,0.01481273490935564,0.0867660641670227,0.12170758098363876,1181.27197265625,45.91455841064453,0.013945026323199272,0.08505888283252716,0.11808905750513077
59,1212.915771484375,43.16339874267578,0.014313877560198307,0.08606493473052979,0.11964061856269836,1187.434814453125,45.480594635009766,0.0139684546738863,0.08491938561201096,0.11818821728229523
60,1220.236083984375,44.35035705566406,0.014343556948006153,0.08625359833240509,0.11976458877325058,1180.834228515625,44.93918991088867,0.013754536397755146,0.08386564999818802,0.11727973818778992
61,1227.935791015625,43.44295120239258,0.014397255145013332,0.08548319339752197,0.11998856067657471,1180.3328857421875,45.224090576171875,0.01380725484341383,0.08422663807868958,0.11750427633523941
62,1208.3690185546875,43.69084930419922,0.01419177744537592,0.08590621501207352,0.1191292479634285,1181.611572265625,44.74946975708008,0.013741668313741684,0.08400440961122513,0.11722486466169357
63,1220.4351806640625,44.40091323852539,0.014489482156932354,0.08590856939554214,0.12037226557731628,1181.072265625,45.347267150878906,0.013847129419445992,0.0841338112950325,0.1176738291978836
64,1213.2838134765625,44.87465286254883,0.014393828809261322,0.0862899199128151,0.119974285364151,1176.8050537109375,46.004024505615234,0.013896914198994637,0.08431592583656311,0.11788517236709595
65,1219.4522705078125,43.409698486328125,0.014490109868347645,0.08587714284658432,0.12037487328052521,1186.335693359375,45.23740768432617,0.013925112783908844,0.08417237550020218,0.11800471693277359
66,1236.4537353515625,43.83128356933594,0.01458627637475729,0.0859021544456482,0.12077365815639496,1172.72412109375,45.80271530151367,0.01380152814090252,0.08353956043720245,0.11747991293668747
67,1216.56640625,44.284210205078125,0.014359242282807827,0.08596257120370865,0.11983005702495575,1176.0079345703125,45.814876556396484,0.013868801295757294,0.08424483984708786,0.117765873670578
68,1207.8077392578125,44.41383361816406,0.014303116127848625,0.0860302597284317,0.11959563940763474,1174.1451416015625,45.92536926269531,0.013861539773643017,0.0839122086763382,0.11773504316806793
69,1217.352294921875,43.267723083496094,0.014311178587377071,0.0850820243358612,0.11962933838367462,1178.08154296875,46.38248062133789,0.01401534490287304,0.0847502127289772,0.11838642507791519
70,1219.8204345703125,44.87516403198242,0.014370288699865341,0.08562949299812317,0.11987613886594772,1174.374755859375,47.39457321166992,0.014149230904877186,0.0851629376411438,0.11895053833723068
71,1224.484375,43.9166259765625,0.014536871574819088,0.08589176833629608,0.12056894600391388,1175.3619384765625,44.94859313964844,0.013685056008398533,0.08348650485277176,0.11698314547538757
72,1207.596435546875,43.59381103515625,0.014201314188539982,0.08530581742525101,0.11916926503181458,1171.4736328125,44.85008239746094,0.013597145676612854,0.08300163596868515,0.11660680174827576
73,1227.447021484375,43.680240631103516,0.014519910328090191,0.08587826788425446,0.12049859017133713,1172.1141357421875,45.15696716308594,0.013671458698809147,0.08339566737413406,0.11692501604557037
74,1212.6751708984375,43.43164825439453,0.014130032621324062,0.08475260436534882,0.11886981129646301,1178.728271484375,44.90132141113281,0.013739533722400665,0.08368869125843048,0.11721576005220413
75,1189.7567138671875,43.03402328491211,0.0139499856159091,0.08349058777093887,0.1181100606918335,1170.81494140625,45.69069290161133,0.013761306181550026,0.0838000625371933,0.1173085868358612
76,1196.1053466796875,42.84016799926758,0.013767959550023079,0.08400175720453262,0.1173369511961937,1168.597900390625,45.26755142211914,0.013638773933053017,0.0832996815443039,0.11678516119718552
77,1203.5372314453125,44.02335739135742,0.013966716825962067,0.08405396342277527,0.11818087100982666,1170.858154296875,44.352989196777344,0.013518517836928368,0.08263051509857178,0.11626916378736496
78,1201.9810791015625,43.971961975097656,0.01432470977306366,0.08558159321546555,0.11968587338924408,1177.074462890625,44.55094909667969,0.013672507368028164,0.08332409709692001,0.11692949384450912
79,1187.9263916015625,43.47260284423828,0.013921264559030533,0.0840991958975792,0.11798840761184692,1172.8248291015625,45.53772735595703,0.01377025991678238,0.08358942717313766,0.11734674870967865
80,1190.4825439453125,43.63808059692383,0.013896039687097073,0.08461716771125793,0.11788146197795868,1166.4840087890625,45.441741943359375,0.013651893474161625,0.082961805164814,0.11684131622314453
81,1193.73193359375,43.24543762207031,0.013959559611976147,0.08405078947544098,0.11815056949853897,1169.917724609375,45.12980270385742,0.01364198885858059,0.0834352970123291,0.11679892241954803
82,1199.888916015625,42.64768600463867,0.013625162653625011,0.08325506746768951,0.11672687530517578,1169.060302734375,45.65610122680664,0.01374723482877016,0.0841934010386467,0.11724860221147537
83,1193.0206298828125,42.911659240722656,0.013923853635787964,0.08461126685142517,0.11799938231706619,1169.22119140625,44.515533447265625,0.01355112437158823,0.08346188813447952,0.1164092943072319
84,1197.5718994140625,43.38853073120117,0.014027888886630535,0.08474310487508774,0.11843939125537872,1158.61474609375,44.439674377441406,0.013373211026191711,0.0825551301240921,0.11564259976148605
85,1212.1998291015625,44.192684173583984,0.014294024556875229,0.0853739082813263,0.11955761909484863,1158.9859619140625,44.97984313964844,0.013465924188494682,0.08287057280540466,0.11604277044534683
86,1209.634765625,43.63594436645508,0.014134476892650127,0.08464653044939041,0.11888851225376129,1163.4552001953125,45.65797424316406,0.01366279274225235,0.0838833674788475,0.11688795685768127
87,1191.0843505859375,42.89337158203125,0.013541020452976227,0.08352622389793396,0.11636588722467422,1160.562744140625,43.69844055175781,0.013259242288768291,0.08209928125143051,0.11514878273010254
88,1194.02978515625,43.48778533935547,0.013847872614860535,0.08413408696651459,0.1176769807934761,1155.7890625,44.72533416748047,0.013387096114456654,0.08252367377281189,0.11570262163877487
89,1182.4234619140625,43.17047119140625,0.013587591238319874,0.08294682949781418,0.11656582355499268,1158.7567138671875,44.66852951049805,0.013411752879619598,0.08272100239992142,0.1158091276884079
90,1197.177978515625,42.76595687866211,0.0138346953317523,0.08385809510946274,0.11762098222970963,1156.63916015625,44.40829849243164,0.013331251218914986,0.0824190005660057,0.11546103656291962
91,1196.5645751953125,42.719200134277344,0.013514472171664238,0.0825832188129425,0.11625175923109055,1154.126708984375,44.417545318603516,0.01329596247524023,0.08215954154729843,0.11530812829732895
92,1172.675048828125,43.17023849487305,0.013503266498446465,0.08344433456659317,0.11620355397462845,1158.2364501953125,44.54130554199219,0.01338119711726904,0.0826268121600151,0.1156771257519722
93,1190.725830078125,42.8220100402832,0.0137049974873662,0.08364299684762955,0.1170683354139328,1154.79736328125,44.117366790771484,0.01323941070586443,0.08221960067749023,0.1150626391172409
94,1191.676513671875,42.46363067626953,0.013593735173344612,0.08286941051483154,0.116592176258564,1158.03955078125,44.39742660522461,0.013344602659344673,0.08234846591949463,0.11551883816719055
95,1195.0357666015625,42.74608612060547,0.013695653527975082,0.08335404843091965,0.11702843010425568,1156.271484375,44.508033752441406,0.013330388814210892,0.08211974799633026,0.11545730382204056
96,1179.84765625,42.23474884033203,0.013562504202127457,0.08269976824522018,0.11645816266536713,1154.6663818359375,44.93245315551758,0.013392762281000614,0.08242043107748032,0.11572710424661636
97,1183.2386474609375,43.4245719909668,0.013767913915216923,0.08390145748853683,0.11733675748109818,1162.06494140625,44.976585388183594,0.013510077260434628,0.0831807404756546,0.11623285710811615
98,1192.5743408203125,42.62038040161133,0.013712985441088676,0.08341789245605469,0.11710245907306671,1153.8548583984375,44.74596405029297,0.013344991952180862,0.08222729712724686,0.11552052944898605
99,1201.0399169921875,42.59962844848633,0.013649306260049343,0.08260253816843033,0.1168302446603775,1158.1951904296875,44.660064697265625,0.013394557870924473,0.08236269652843475,0.11573486030101776
100,1185.553466796875,43.3215446472168,0.013548907823860645,0.08339042961597443,0.11639977246522903,1153.4990234375,44.38001251220703,0.013277268037199974,0.08188875764608383,0.11522702872753143
101,1178.267578125,42.71970748901367,0.013507159426808357,0.08259757608175278,0.11622030287981033,1150.0460205078125,44.360137939453125,0.013217766769230366,0.08172938972711563,0.11496854573488235
102,1189.229736328125,42.618263244628906,0.013606560416519642,0.08291426301002502,0.1166471540927887,1156.38427734375,44.51462173461914,0.013346917927265167,0.08227980136871338,0.11552885919809341
103,1190.5467529296875,42.87127685546875,0.013703521341085434,0.08253581076860428,0.1170620396733284,1156.559814453125,44.157554626464844,0.0132838049903512,0.082010418176651,0.11525538563728333
104,1195.006591796875,43.508174896240234,0.01364572811871767,0.08339907974004745,0.11681493371725082,1153.3431396484375,44.22958755493164,0.0132595831528306,0.0813523381948471,0.11515025794506073
105,1163.5618896484375,42.75276565551758,0.013375642709434032,0.08189471065998077,0.11565310508012772,1155.676025390625,44.60696792602539,0.0133525924757123,0.08190438151359558,0.11555341631174088
106,1183.357421875,42.00241470336914,0.013384217396378517,0.08197474479675293,0.11569017916917801,1161.70361328125,45.02705001831055,0.013515075668692589,0.08261611312627792,0.11625435948371887
107,1179.66650390625,42.100791931152344,0.01335566770285368,0.08272140473127365,0.11556672304868698,1159.6790771484375,44.3207893371582,0.013376850634813309,0.0818195641040802,0.11565833538770676
108,1209.8935546875,42.13631057739258,0.013859357684850693,0.0828193873167038,0.11772577464580536,1162.0579833984375,43.8521728515625,0.013318411074578762,0.0818086639046669,0.11540541797876358
109,1196.0743408203125,42.085147857666016,0.013559462502598763,0.0824686661362648,0.11644510179758072,1160.843505859375,44.693572998046875,0.01345107052475214,0.08260685950517654,0.11597874760627747
110,1163.9666748046875,42.64712142944336,0.013423933647572994,0.08267632871866226,0.11586169898509979,1159.23291015625,44.56451416015625,0.013393609784543514,0.08219294250011444,0.11573076248168945
111,1177.084716796875,42.63473892211914,0.013270131312310696,0.08168192207813263,0.11519605666399002,1156.6907958984375,44.47167205810547,0.013331608846783638,0.08200860768556595,0.11546258628368378
112,1181.599609375,42.72333526611328,0.013672523200511932,0.0827668309211731,0.1169295683503151,1157.89208984375,44.73051071166992,0.0134010910987854,0.08219492435455322,0.11576308310031891
113,1173.65087890625,41.389305114746094,0.01332099363207817,0.08250291645526886,0.11541660875082016,1172.59033203125,45.223087310791016,0.013736354187130928,0.08338022977113724,0.11720219254493713
114,1165.9888916015625,41.1514778137207,0.013136700727045536,0.08146413415670395,0.11461544781923294,1162.177978515625,44.824275970458984,0.013486416079103947,0.08292858302593231,0.11613103002309799
115,1161.3270263671875,41.641075134277344,0.01325643714517355,0.0822751522064209,0.11513660103082657,1157.3719482421875,44.33552169799805,0.013345546089112759,0.08197014033794403,0.11552292108535767
116,1175.0322265625,41.99226760864258,0.013418334536254406,0.08185175806283951,0.11583753675222397,1157.9393310546875,44.47808074951172,0.013376456685364246,0.08216193318367004,0.11565662920475006
117,1190.83984375,41.65449905395508,0.013468651100993156,0.0823134109377861,0.11605452001094818,1157.27783203125,44.669227600097656,0.013398321345448494,0.08253808319568634,0.11575111746788025
118,1176.8677978515625,42.446800231933594,0.013290444388985634,0.08209248632192612,0.11528418958187103,1153.6522216796875,44.67646026611328,0.013342177495360374,0.08220207691192627,0.11550834029912949
119,1178.9420166015625,41.8880729675293,0.013325710780918598,0.08139578253030777,0.11543704569339752,1155.26220703125,44.442466735839844,0.0133275231346488,0.08214959502220154,0.11544489860534668
120,1169.394287109375,41.72622299194336,0.01319572702050209,0.08177516609430313,0.11487264931201935,1148.6767578125,44.63929748535156,0.013263924978673458,0.0818476676940918,0.11516911536455154
121,1170.042724609375,42.928001403808594,0.013373035937547684,0.08196470886468887,0.11564183980226517,1156.71142578125,45.16874694824219,0.013472514227032661,0.08288896828889847,0.11607115715742111
122,1163.8663330078125,41.964229583740234,0.013216184452176094,0.08153460919857025,0.1149616688489914,1154.2962646484375,44.8503532409668,0.013360396027565002,0.08259179443120956,0.11558718234300613
123,1171.23486328125,41.78976058959961,0.013111605308949947,0.08143425732851028,0.11450591683387756,1152.6888427734375,44.976905822753906,0.01338119711726904,0.08265222609043121,0.1156771183013916
124,1166.1622314453125,42.076995849609375,0.013301444239914417,0.08189567178487778,0.11533188074827194,1145.04150390625,44.171470642089844,0.013116871938109398,0.08109468966722488,0.11452891677618027
125,1176.00634765625,42.31119155883789,0.013310661539435387,0.0819493904709816,0.11537184566259384,1148.2930908203125,44.44881057739258,0.013217542320489883,0.08157089352607727,0.11496756970882416
126,1151.86669921875,41.65273666381836,0.012841274961829185,0.08050981163978577,0.11331935226917267,1150.1427001953125,44.95119094848633,0.013341084122657776,0.08212819695472717,0.11550360918045044
127,1153.301025390625,42.64625930786133,0.01310135331004858,0.08147318661212921,0.11446114629507065,1160.6685791015625,44.529457092285156,0.013434579595923424,0.0817987322807312,0.11590763181447983
128,1155.095703125,41.0966911315918,0.013060048222541809,0.0810515284538269,0.114280566573143,1161.2210693359375,43.98744583129883,0.013334301300346851,0.0819791927933693,0.11547424644231796
129,1173.6337890625,41.28883361816406,0.013131193816661835,0.08210307359695435,0.11459141969680786,1152.603515625,44.762420654296875,0.013354272581636906,0.08203807473182678,0.11556068807840347
130,1161.0546875,41.31883239746094,0.01306318212300539,0.08123094588518143,0.11429427564144135,1148.6646728515625,44.215362548828125,0.013197431340813637,0.08161409199237823,0.11488007754087448
131,1151.132568359375,41.14512252807617,0.01265120692551136,0.0799829289317131,0.11247758567333221,1146.64208984375,44.40074157714844,0.0132061205804348,0.08121965825557709,0.11491787433624268
132,1160.4791259765625,42.07328414916992,0.012962041422724724,0.08069431036710739,0.11385095119476318,1141.9920654296875,44.27677917480469,0.01309850625693798,0.08103705942630768,0.11444870382547379
133,1160.5665283203125,41.02276611328125,0.012863808311522007,0.08072415739297867,0.11341872811317444,1149.123046875,44.38347625732422,0.01322722528129816,0.08154366165399551,0.11500968039035797
134,1152.4627685546875,42.09232711791992,0.013103784993290901,0.08121626079082489,0.11447176337242126,1149.8076171875,43.53834533691406,0.013083006255328655,0.08095918595790863,0.11438097059726715
135,1145.1282958984375,41.34157180786133,0.01282272394746542,0.08001615107059479,0.11323747038841248,1147.71240234375,43.734039306640625,0.013094884343445301,0.08098950982093811,0.11443287879228592
136,1147.963623046875,40.76324462890625,0.012713383883237839,0.07968118041753769,0.11275364458560944,1147.53564453125,44.1697998046875,0.013157260604202747,0.08157046884298325,0.11470509320497513
137,1173.56298828125,40.857547760009766,0.013017496094107628,0.08131973445415497,0.11409424990415573,1152.2857666015625,43.810306549072266,0.013146206736564636,0.08155544847249985,0.11465691030025482
138,1144.5733642578125,41.47327423095703,0.012788218446075916,0.0804627314209938,0.11308500170707703,1149.094970703125,44.16120529174805,0.013165914453566074,0.08142051100730896,0.11474281549453735
139,1160.1173095703125,41.5390625,0.013117393478751183,0.0812898650765419,0.11453118920326233,1147.192626953125,44.28074645996094,0.013148564845323563,0.08143112063407898,0.11466719210147858
140,1128.552734375,41.1984748840332,0.012579409405589104,0.07936423271894455,0.11215796321630478,1143.948486328125,44.295875549316406,0.013095163740217686,0.08096307516098022,0.11443410068750381
141,1141.001953125,40.81517791748047,0.012546401470899582,0.07956861704587936,0.11201072484254837,1145.4910888671875,44.54076385498047,0.013170616701245308,0.0811857283115387,0.1147633045911789
142,1153.2562255859375,40.76350021362305,0.012730060145258904,0.08013775944709778,0.11282756179571152,1145.0811767578125,44.46907043457031,0.013144796714186668,0.08094248920679092,0.11465075612068176
143,1169.849853515625,42.19504928588867,0.013176639564335346,0.08072777837514877,0.11478954553604126,1138.282958984375,44.0716438293457,0.012979868799448013,0.0803714320063591,0.11392922699451447
144,1154.961181640625,41.29404830932617,0.012925644405186176,0.08046238124370575,0.11369100213050842,1139.4786376953125,44.67594909667969,0.013100781477987766,0.08146466314792633,0.11445865035057068
145,1144.8004150390625,41.47163391113281,0.01279501337558031,0.08046001940965652,0.11311504989862442,1132.47509765625,43.910728454589844,0.01285961177200079,0.0803316980600357,0.11340022832155228
146,1160.81103515625,40.99995422363281,0.01291617751121521,0.08049227297306061,0.11364936083555222,1136.67578125,44.69620132446289,0.013070553541183472,0.0815112367272377,0.11432652175426483
147,1170.6798095703125,41.56172561645508,0.013121763244271278,0.08054642379283905,0.11455026268959045,1135.11328125,44.437767028808594,0.013001875951886177,0.08115434646606445,0.1140257716178894
148,1177.2476806640625,41.429298400878906,0.01317391823977232,0.08167867362499237,0.11477769166231155,1134.0599365234375,44.08203887939453,0.012899717316031456,0.08059358596801758,0.11357691884040833
149,1144.0291748046875,40.95695114135742,0.012708645313978195,0.07999594509601593,0.11273262649774551,1136.0721435546875,43.672664642333984,0.0128652174025774,0.08028271794319153,0.11342494934797287
150,1169.05419921875,42.023643493652344,0.0132197430357337,0.0810457095503807,0.11497713625431061,1137.3470458984375,43.609554290771484,0.012865785509347916,0.08023718744516373,0.11342744529247284
151,1159.5660400390625,40.590091705322266,0.012701375409960747,0.07980331778526306,0.11270038038492203,1145.272216796875,44.483917236328125,0.01314973458647728,0.08132851868867874,0.11467230319976807
152,1159.0091552734375,41.000396728515625,0.01291233953088522,0.08024685084819794,0.11363247781991959,1139.23974609375,44.88612365722656,0.013126496225595474,0.08136550337076187,0.11457092314958572
153,1154.078125,41.551170349121094,0.012904353439807892,0.07990799844264984,0.1135973334312439,1136.30810546875,43.8283576965332,0.012888548895716667,0.08001042902469635,0.11352774500846863
154,1140.3084716796875,40.776363372802734,0.012618704698979855,0.07976467907428741,0.11233300715684891,1142.7093505859375,43.65096664428711,0.01296105794608593,0.08001866936683655,0.11384663730859756
155,1133.5711669921875,41.17258071899414,0.012699533253908157,0.07999719679355621,0.1126921996474266,1142.6510009765625,43.380977630615234,0.012925311923027039,0.08011025190353394,0.11368954181671143
156,1138.459716796875,40.87275314331055,0.012580948881804943,0.07996045053005219,0.11216483265161514,1146.932373046875,43.74305725097656,0.013041612692177296,0.08066853135824203,0.11419987678527832
157,1145.2490234375,40.195709228515625,0.012668241746723652,0.08017075061798096,0.11255329847335815,1136.571533203125,43.238075256347656,0.012790260836482048,0.07995357364416122,0.1130940392613411
158,1157.0570068359375,42.18741226196289,0.012858357280492783,0.08093836903572083,0.11339469999074936,1139.7288818359375,43.35997772216797,0.012864997610449791,0.08001452684402466,0.11342396587133408
159,1155.2552490234375,40.5639762878418,0.012676642276346684,0.0796535462141037,0.11259059607982635,1140.124755859375,43.96937561035156,0.012982672080397606,0.08035504817962646,0.11394152790307999
160,1151.191162109375,41.491512298583984,0.012858274392783642,0.08039607852697372,0.11339433491230011,1144.079345703125,44.171974182128906,0.013084285892546177,0.08101987093687057,0.11438656598329544
161,1129.3623046875,41.28205108642578,0.01234569400548935,0.07881314307451248,0.11111117899417877,1138.1263427734375,43.66365432739258,0.012899111956357956,0.08006954938173294,0.11357425898313522
162,1158.7369384765625,41.8158073425293,0.012978293932974339,0.0802963599562645,0.11392231285572052,1134.7039794921875,43.69087600708008,0.012851989828050137,0.08024764806032181,0.11336661875247955
163,1139.076416015625,40.39644241333008,0.012530945241451263,0.07908541709184647,0.11194170266389847,1136.30517578125,43.57633972167969,0.012852906249463558,0.0799984335899353,0.11337065696716309
164,1151.9560546875,40.714385986328125,0.012637545354664326,0.07996151596307755,0.1124168410897255,1136.978515625,43.36464309692383,0.012832919135689735,0.07981536537408829,0.1132824718952179
165,1133.9718017578125,39.75391387939453,0.012480425648391247,0.07943447679281235,0.11171582341194153,1132.7607421875,44.49209976196289,0.012956324964761734,0.08065194636583328,0.11382585018873215
166,1130.9635009765625,39.847190856933594,0.012281510978937149,0.07836554199457169,0.11082197725772858,1133.3785400390625,43.704795837402344,0.012822458520531654,0.07972206175327301,0.11323629319667816
167,1117.2913818359375,40.70365905761719,0.012236027978360653,0.07868757098913193,0.11061657965183258,1144.901123046875,43.62043762207031,0.012984861619770527,0.08035803586244583,0.11395113915205002
168,1135.7415771484375,40.764488220214844,0.012447944842278957,0.07953306287527084,0.11157035827636719,1137.0958251953125,43.75223159790039,0.012897644191980362,0.07983411848545074,0.1135677918791771
169,1136.6964111328125,40.854286193847656,0.012419898994266987,0.07837598770856857,0.11144459992647171,1136.5947265625,43.96208190917969,0.012915822677314281,0.07992195338010788,0.11364780366420746
170,1136.3170166015625,40.88787841796875,0.012515051290392876,0.07879940420389175,0.11187069118022919,1135.767333984375,43.96205139160156,0.012905861251056194,0.07982773333787918,0.11360396444797516
171,1167.7955322265625,40.55744171142578,0.012813755311071873,0.08025018870830536,0.11319787055253983,1133.0948486328125,43.46685791015625,0.012765592895448208,0.07967735826969147,0.11298492550849915
172,1130.6595458984375,41.7494010925293,0.012429730966687202,0.07934001088142395,0.1114886999130249,1131.7701416015625,43.82734680175781,0.01281699351966381,0.07982373237609863,0.11321216076612473
173,1130.51806640625,40.86674499511719,0.012415534816682339,0.07926838099956512,0.111425019800663,1133.0997314453125,44.054439544677734,0.012887442484498024,0.0798148363828659,0.11352287232875824
174,1116.4052734375,40.484344482421875,0.012097030878067017,0.07787410169839859,0.10998650640249252,1135.7431640625,44.09496307373047,0.012922858819365501,0.08039061725139618,0.11367875337600708
175,1113.84521484375,39.81118392944336,0.012152591720223427,0.07845712453126907,0.11023879051208496,1151.62841796875,44.418243408203125,0.013228590600192547,0.08147217333316803,0.11501561105251312
176,1132.8162841796875,40.836517333984375,0.012462216429412365,0.07892508804798126,0.11163429915904999,1141.7142333984375,44.64305114746094,0.013112901709973812,0.0811862051486969,0.11451157927513123
177,1122.3707275390625,40.08648681640625,0.012104803696274757,0.07769554108381271,0.11002182960510254,1140.43603515625,44.36296844482422,0.013052101247012615,0.08071667701005936,0.11424579471349716
178,1121.75,40.838768005371094,0.012328097596764565,0.07891786843538284,0.11103196442127228,1140.41455078125,44.03236389160156,0.012990177609026432,0.07999992370605469,0.11397445946931839
179,1142.9190673828125,41.06748962402344,0.012554897926747799,0.07987285405397415,0.11204864084720612,1135.107421875,44.05873107910156,0.012912699952721596,0.08033834397792816,0.11363407224416733
180,1146.95361328125,41.01973342895508,0.012518259696662426,0.07898818701505661,0.11188502609729767,1131.701416015625,44.165771484375,0.012878958135843277,0.08007661998271942,0.11348550021648407
181,1123.3590087890625,39.795406341552734,0.012289637699723244,0.07785195857286453,0.11085864156484604,1133.265380859375,43.74110412597656,0.01281706988811493,0.07961408793926239,0.11321249604225159
182,1126.3612060546875,40.20547866821289,0.012062137015163898,0.07809613645076752,0.10982776433229446,1137.61669921875,44.39944839477539,0.013012341223657131,0.08072905242443085,0.11407164484262466
183,1143.009765625,40.839271545410156,0.012672497890889645,0.08005006611347198,0.11257219314575195,1133.8001708984375,44.30845260620117,0.012936703860759735,0.08049837499856949,0.11373963207006454
184,1137.2342529296875,40.6019401550293,0.01258755847811699,0.07916445285081863,0.11219428479671478,1128.262939453125,44.07081604003906,0.012808908708393574,0.07976918667554855,0.11317645013332367
185,1141.723388671875,40.363624572753906,0.012378999963402748,0.078823022544384,0.11126096546649933,1128.6226806640625,44.48595428466797,0.012884581461548805,0.07997675240039825,0.11351027339696884
186,1118.3692626953125,40.22316360473633,0.012015175074338913,0.077708400785923,0.10961376130580902,1133.9189453125,44.6794319152832,0.01299351081252098,0.08074387907981873,0.11398908495903015
187,1126.068115234375,39.69862365722656,0.012199255637824535,0.07810045033693314,0.11045023053884506,1131.00244140625,44.35454177856445,0.012895787134766579,0.08003649115562439,0.11355961859226227
188,1124.11474609375,40.569190979003906,0.012236636132001877,0.07820722460746765,0.11061932891607285,1135.21826171875,44.22112274169922,0.012931901030242443,0.08034516870975494,0.11371851712465286
189,1124.7431640625,40.23085021972656,0.012217245995998383,0.07805459201335907,0.11053165048360825,1137.755859375,43.80765914916992,0.01290335226804018,0.07971647381782532,0.11359292268753052
190,1124.777099609375,40.64536666870117,0.012290434911847115,0.07872267067432404,0.11086223274469376,1134.8939208984375,43.94309997558594,0.012873898260295391,0.07987067848443985,0.11346320062875748
191,1131.7650146484375,40.66274642944336,0.012318383902311325,0.07831259816884995,0.11098821461200714,1132.8848876953125,43.94540023803711,0.012851517647504807,0.07993976026773453,0.11336454004049301
192,1110.091064453125,40.00778579711914,0.012012551538646221,0.07733438163995743,0.10960178822278976,1131.4307861328125,43.80241775512695,0.01281064748764038,0.07925865799188614,0.1131841316819191
193,1122.669677734375,40.57854461669922,0.012301200069487095,0.0782787948846817,0.11091077327728271,1132.78466796875,44.19321823120117,0.012889795936644077,0.08016519248485565,0.11353323608636856
194,1113.029052734375,39.90888214111328,0.012062925845384598,0.07764463126659393,0.10983135551214218,1131.2344970703125,44.54633331298828,0.012938171625137329,0.08040405064821243,0.11374609172344208
195,1136.093017578125,41.352622985839844,0.0126491729170084,0.07901439070701599,0.11246854066848755,1128.014404296875,44.896846771240234,0.012952112592756748,0.08050304651260376,0.11380735039710999
196,1114.7952880859375,40.045658111572266,0.012147055938839912,0.07760749012231827,0.11021368205547333,1136.06396484375,44.119163513183594,0.012923269532620907,0.08032464236021042,0.11368056386709213
197,1122.31787109375,40.521278381347656,0.012208462692797184,0.07890291512012482,0.11049191653728485,1128.208740234375,44.62172317504883,0.012905226089060307,0.07964716851711273,0.11360117048025131
198,1132.4853515625,40.49751281738281,0.012396855279803276,0.07889922708272934,0.11134116351604462,1129.4068603515625,44.36869430541992,0.01287737675011158,0.07989902049303055,0.11347852647304535
199,1140.42529296875,39.323665618896484,0.01232682541012764,0.07869367301464081,0.11102623492479324,1130.189453125,44.93190002441406,0.012989584356546402,0.08005083352327347,0.11397186666727066
200,1126.9522705078125,40.41204833984375,0.012380639091134071,0.07897108048200607,0.11126831918954849,1130.0809326171875,44.306453704833984,0.01287298183888197,0.07980482280254364,0.11345916241407394
201,1113.5472412109375,40.404296875,0.012003792449831963,0.07759912312030792,0.10956182330846786,1128.4520263671875,44.44100570678711,0.012864206917583942,0.07962439209222794,0.11342048645019531
202,1118.3427734375,40.2392692565918,0.012090479955077171,0.07743185013532639,0.10995671898126602,1134.7156982421875,44.16586685180664,0.012920207343995571,0.08042577654123306,0.1136670932173729
203,1114.771484375,40.32040786743164,0.012007948942482471,0.07782989740371704,0.10958078503608704,1135.418212890625,44.02658462524414,0.01291267853230238,0.08006733655929565,0.11363396048545837
204,1111.8719482421875,40.40409469604492,0.01201883889734745,0.07748627662658691,0.10963046550750732,1133.49072265625,44.568397521972656,0.012965927831828594,0.08028732985258102,0.11386803537607193
205,1107.01806640625,40.202335357666016,0.01195977907627821,0.0775735080242157,0.10936077684164047,1133.2236328125,44.32610321044922,0.012922759167850018,0.08022987842559814,0.11367831379175186
206,1113.4344482421875,41.45810317993164,0.012168876826763153,0.07856547832489014,0.11031263321638107,1136.73779296875,43.76614761352539,0.0128832021728158,0.07981154322624207,0.11350419372320175
207,1101.2567138671875,39.962005615234375,0.012002840638160706,0.07769983261823654,0.10955747961997986,1135.374755859375,44.37862014770508,0.012970955111086369,0.08018611371517181,0.11389010399580002
208,1121.96142578125,39.267005920410156,0.011876469478011131,0.0769256055355072,0.10897921770811081,1128.0494384765625,44.15575408935547,0.012823215685784817,0.07957383990287781,0.11323963105678558
209,1131.103271484375,40.13700866699219,0.012179224751889706,0.07800063490867615,0.11035952717065811,1132.148681640625,44.87728500366211,0.01301648374646902,0.08041999489068985,0.11408979445695877
210,1120.6365966796875,39.74760818481445,0.01201796904206276,0.07722155749797821,0.10962649434804916,1132.3798828125,44.504150390625,0.01295195147395134,0.0800977274775505,0.11380664259195328
211,1110.5361328125,39.89884948730469,0.011789963580667973,0.07703046500682831,0.10858159512281418,1134.154052734375,44.68914794921875,0.01300994586199522,0.08012185245752335,0.1140611544251442
212,1113.900390625,40.32977294921875,0.01198195293545723,0.07723163813352585,0.10946210473775864,1140.061767578125,44.41669464111328,0.013061760924756527,0.08017583191394806,0.11428806185722351
213,1120.015625,39.56675720214844,0.012066837400197983,0.07822459936141968,0.10984915494918823,1133.0462646484375,44.79317855834961,0.013028761371970177,0.07978925853967667,0.11414360255002975
214,1111.8800048828125,39.76026916503906,0.011939257383346558,0.0773489773273468,0.10926690697669983,1131.7762451171875,44.212928771972656,0.012894022278487682,0.0792429968714714,0.11355184763669968
215,1093.7142333984375,39.57200622558594,0.01166005339473486,0.07583558559417725,0.10798171907663345,1132.2608642578125,44.33802795410156,0.012925765477120876,0.07966479659080505,0.1136915385723114
216,1108.17919921875,39.85406494140625,0.012002650648355484,0.07762107253074646,0.10955660790205002,1137.4522705078125,44.51380920410156,0.013035966083407402,0.07979830354452133,0.11417515575885773
217,1106.3037109375,39.96307373046875,0.01194541435688734,0.0771174430847168,0.1092950850725174,1140.1395263671875,44.46543502807617,0.01305721327662468,0.08035195618867874,0.11426816135644913
218,1108.5560302734375,38.91518020629883,0.011705802753567696,0.07670971751213074,0.10819336026906967,1139.497314453125,44.55013656616211,0.013068566098809242,0.08003690838813782,0.11431782692670822
219,1096.1602783203125,40.813507080078125,0.011883233673870564,0.0771682858467102,0.109010249376297,1137.1448974609375,44.18794631958008,0.012964271940290928,0.07970963418483734,0.11386075615882874
220,1080.4495849609375,40.50399398803711,0.011579187586903572,0.07650803029537201,0.10760662704706192,1139.65478515625,44.38261795043945,0.013042663224041462,0.07985178381204605,0.11420446634292603
221,1102.145263671875,39.46138000488281,0.011697201989591122,0.07636844366788864,0.10815360397100449,1137.64697265625,44.4737663269043,0.013038759119808674,0.08030813187360764,0.11418738961219788
