epoch,RMSE_P,RMSE_T,loss,mean_absolute_error,root_mean_squared_error,val_RMSE_P,val_RMSE_T,val_loss,val_mean_absolute_error,val_root_mean_squared_error
0,2374.111083984375,167.9696044921875,0.10707022249698639,0.256151407957077,0.32721588015556335,1904.52392578125,91.13316345214844,0.04243345931172371,0.16541960835456848,0.20599383115768433
1,1954.1123046875,100.16769409179688,0.04706437513232231,0.16770991683006287,0.21694324910640717,1587.83837890625,78.76760864257812,0.030509555712342262,0.13713079690933228,0.17466984689235687
2,1695.4464111328125,84.56436920166016,0.03464285284280777,0.14293339848518372,0.18612590432167053,1492.9039306640625,72.85314178466797,0.026618609204888344,0.12713825702667236,0.16315209865570068
3,1569.70751953125,76.7140884399414,0.029168281704187393,0.13015232980251312,0.1707872450351715,1355.70654296875,64.3166732788086,0.02139487862586975,0.11036361008882523,0.14626988768577576
4,1536.505615234375,72.49783325195312,0.02703206241130829,0.12475261092185974,0.16441428661346436,1324.45166015625,61.827392578125,0.020225904881954193,0.10670917481184006,0.14221781492233276
5,1459.7862548828125,67.59033203125,0.02416466549038887,0.11616630107164383,0.15544988214969635,1312.4498291015625,57.54396057128906,0.01893920637667179,0.10215684026479721,0.13761979341506958
6,1413.5054931640625,65.2445297241211,0.022669455036520958,0.1122719869017601,0.1505637913942337,1260.92236328125,57.23090362548828,0.01794678531587124,0.09915097057819366,0.1339656114578247
7,1364.377197265625,62.26829528808594,0.020939921960234642,0.10925108939409256,0.14470632374286652,1252.604736328125,53.56358337402344,0.016962599009275436,0.09538783878087997,0.1302405446767807
8,1388.964111328125,60.2855110168457,0.020858602598309517,0.10687665641307831,0.14442507922649384,1240.6627197265625,51.252342224121094,0.016248751431703568,0.09313630312681198,0.12747059762477875
9,1380.1907958984375,58.320091247558594,0.0202955175191164,0.10528101772069931,0.1424623429775238,1224.471435546875,50.98444747924805,0.01593915931880474,0.09212632477283478,0.12625038623809814
10,1334.958984375,57.93256759643555,0.019299235194921494,0.10261649638414383,0.13892169296741486,1227.22119140625,49.41461944580078,0.015656139701604843,0.09117773920297623,0.1251244992017746
11,1346.8260498046875,56.9355354309082,0.01928296685218811,0.1019088625907898,0.13886311650276184,1226.93408203125,49.53175735473633,0.015675541013479233,0.09146611392498016,0.1252020001411438
12,1309.7806396484375,56.05470657348633,0.01839124783873558,0.10014799237251282,0.1356143355369568,1224.0074462890625,48.67591094970703,0.015408064238727093,0.0908755511045456,0.12412922084331512
13,1309.4693603515625,52.95754623413086,0.017677243798971176,0.09867782145738602,0.13295578956604004,1217.62158203125,48.40269088745117,0.015253312885761261,0.09023438394069672,0.12350430339574814
14,1301.8775634765625,54.12604904174805,0.01775789074599743,0.09789859503507614,0.13325873017311096,1214.032470703125,47.793487548828125,0.015088774263858795,0.08936988562345505,0.12283637374639511
15,1309.7740478515625,52.071048736572266,0.017522580921649933,0.09761051088571548,0.1323728859424591,1215.1309814453125,48.00135803222656,0.01515350304543972,0.08936204016208649,0.12309956550598145
16,1291.4373779296875,51.65834426879883,0.017338978126645088,0.09666852653026581,0.1316775679588318,1215.2645263671875,46.97923278808594,0.014941491186618805,0.08836119621992111,0.12223539501428604
17,1286.557861328125,53.00148391723633,0.01728554628789425,0.09675239026546478,0.13147450983524323,1215.5577392578125,47.80671691894531,0.015124368481338024,0.08848077803850174,0.12298116832971573
18,1304.4852294921875,52.03878402709961,0.017467156052589417,0.09672553837299347,0.1321633756160736,1213.9923095703125,46.99349594116211,0.014932078309357166,0.08806847035884857,0.12219689041376114
19,1271.8238525390625,50.73029327392578,0.01686694100499153,0.09529631584882736,0.12987278401851654,1207.00927734375,46.31455993652344,0.014666365459561348,0.08711790293455124,0.12110477685928345
20,1274.1947021484375,50.37736892700195,0.016533097252249718,0.09365616738796234,0.12858109176158905,1215.9952392578125,46.31879425048828,0.014816394075751305,0.08801861852407455,0.12172261625528336
21,1287.775146484375,51.74910354614258,0.017178544774651527,0.09563981741666794,0.1310669481754303,1214.0218505859375,46.80049133300781,0.014870235696434975,0.08728063106536865,0.12194357812404633
22,1279.5435791015625,50.02223587036133,0.016444426029920578,0.09322172403335571,0.1282358169555664,1209.2730712890625,45.79846954345703,0.014600963331758976,0.08667012304067612,0.12083444744348526
23,1261.0703125,49.13411331176758,0.016190871596336365,0.09262797981500626,0.12724335491657257,1206.721923828125,46.43792724609375,0.014684082008898258,0.0868721753358841,0.12117789685726166
24,1245.5484619140625,49.42368698120117,0.016160903498530388,0.09215331822633743,0.127125546336174,1202.61376953125,45.0571403503418,0.014350269921123981,0.08551384508609772,0.11979261040687561
25,1275.555908203125,49.74229049682617,0.016421815380454063,0.0929139107465744,0.12814763188362122,1210.74658203125,45.667781829833984,0.014606883749365807,0.08612373471260071,0.12085894495248795
26,1258.421142578125,48.26143264770508,0.015979915857315063,0.091681569814682,0.12641169130802155,1207.309814453125,45.27989196777344,0.014474628493189812,0.08607739955186844,0.12031055241823196
27,1272.3505859375,48.015472412109375,0.01615498773753643,0.09252861142158508,0.12710227072238922,1214.0762939453125,45.13870620727539,0.014531579799950123,0.08653752505779266,0.12054699659347534
28,1295.07763671875,48.860809326171875,0.016582868993282318,0.09282907843589783,0.128774493932724,1206.513671875,45.65584182739258,0.014513631351292133,0.08653809130191803,0.12047252058982849
29,1276.4332275390625,48.82582473754883,0.016323097050189972,0.09176629781723022,0.1277618706226349,1207.17041015625,44.89458465576172,0.014374622143805027,0.08585107326507568,0.11989420652389526
30,1269.6553955078125,48.92176818847656,0.016251584514975548,0.09279011934995651,0.12748171389102936,1200.2969970703125,45.82102584838867,0.014483320526778698,0.08520647883415222,0.12034666538238525
31,1253.78271484375,47.31138229370117,0.015754014253616333,0.09118333458900452,0.12551499903202057,1201.5589599609375,46.826602935791016,0.01468808576464653,0.08589780330657959,0.12119441479444504
32,1264.331787109375,48.914337158203125,0.016229625791311264,0.09266500174999237,0.12739555537700653,1199.787353515625,45.856685638427734,0.014484325423836708,0.08575668185949326,0.12035084515810013
33,1240.2147216796875,46.8348388671875,0.015432516112923622,0.08957412838935852,0.12422768026590347,1195.94677734375,46.570987701416016,0.014565294608473778,0.08563999831676483,0.12068676203489304
34,1253.2369384765625,48.959774017333984,0.015692489221692085,0.09102936089038849,0.12526966631412506,1194.2027587890625,46.93476486206055,0.014626405201852322,0.08533021807670593,0.12093967199325562
35,1258.55908203125,47.52354049682617,0.015653138980269432,0.08998886495828629,0.12511250376701355,1196.80419921875,45.36787414550781,0.014335880056023598,0.08467124402523041,0.11973252892494202
36,1237.7259521484375,48.97218704223633,0.015613675117492676,0.08979685604572296,0.1249546930193901,1203.060302734375,45.29640197753906,0.01442715059965849,0.08523543924093246,0.1201130747795105
37,1255.1466064453125,48.642879486083984,0.015863729640841484,0.0906067043542862,0.12595130503177643,1193.207275390625,44.83332443237305,0.014187166467308998,0.08391568064689636,0.11910989135503769
38,1238.6492919921875,47.425689697265625,0.015411297790706158,0.08944175392389297,0.12414225190877914,1200.7335205078125,44.6666145324707,0.01428561843931675,0.08480547368526459,0.11952245980501175
39,1264.5997314453125,47.4843864440918,0.01577655039727688,0.0903274193406105,0.12560473382472992,1195.0870361328125,44.28013610839844,0.014098791405558586,0.08435947448015213,0.1187383309006691
40,1240.880859375,45.910770416259766,0.014958567917346954,0.08811326324939728,0.12230522185564041,1196.52880859375,44.19718551635742,0.01412156131118536,0.0849834680557251,0.11883417516946793
41,1259.095458984375,46.42502975463867,0.015496010892093182,0.08960563689470291,0.12448297441005707,1183.8865966796875,45.19645690917969,0.014102664776146412,0.08362385630607605,0.11875464022159576
42,1230.626953125,45.46892547607422,0.014920084737241268,0.08697353303432465,0.12214779853820801,1184.0667724609375,44.29261779785156,0.01392490603029728,0.08352643996477127,0.11800383776426315
43,1236.83154296875,46.240455627441406,0.015222619287669659,0.0886877253651619,0.12337999045848846,1185.35400390625,45.196136474609375,0.01413615234196186,0.08417582511901855,0.11889555305242538
44,1245.3385009765625,47.22397232055664,0.015361202880740166,0.08922258764505386,0.12394031882286072,1182.797119140625,46.833805084228516,0.014426267705857754,0.08484940975904465,0.12010940164327621
45,1237.3421630859375,46.47172546386719,0.015287845395505428,0.08825360983610153,0.12364402413368225,1177.9110107421875,45.97789001464844,0.014179755002260208,0.08406592905521393,0.11907877773046494
46,1222.471923828125,46.08860397338867,0.014987527392804623,0.08804213255643845,0.12242355942726135,1182.985107421875,45.126983642578125,0.014078509993851185,0.08386220782995224,0.11865289509296417
47,1244.0147705078125,46.05985641479492,0.015399997122585773,0.08917070925235748,0.12409672141075134,1195.8046875,44.20011901855469,0.014098335057497025,0.08448135107755661,0.11873640865087509
48,1237.1903076171875,45.900901794433594,0.015057524666190147,0.08856181055307388,0.12270910292863846,1186.620361328125,44.81308364868164,0.014085309579968452,0.08399692177772522,0.11868155002593994
49,1223.4951171875,46.014503479003906,0.014943288639187813,0.08801764994859695,0.12224273383617401,1186.238037109375,44.31981658935547,0.013973284512758255,0.08378369361162186,0.11820864677429199
50,1223.7408447265625,45.89833068847656,0.014807693660259247,0.08769182860851288,0.12168686836957932,1178.6103515625,44.33277893066406,0.013855458237230778,0.08323175460100174,0.1177092120051384
51,1218.9447021484375,45.8033447265625,0.01471886970102787,0.08732189983129501,0.12132135033607483,1195.6419677734375,44.37269592285156,0.014159244485199451,0.08431991189718246,0.1189926266670227
52,1230.8128662109375,45.112613677978516,0.014951127581298351,0.08742097020149231,0.12227480113506317,1189.9580078125,44.68866729736328,0.014111735858023167,0.08423769474029541,0.118792824447155
53,1230.994140625,45.94492721557617,0.014864332042634487,0.0869845598936081,0.12191936373710632,1179.7293701171875,43.300323486328125,0.013687456026673317,0.08298914134502411,0.11699340492486954
54,1203.7298583984375,46.099754333496094,0.014581077732145786,0.08691800385713577,0.12075213342905045,1179.99658203125,44.32588195800781,0.013887249864637852,0.08308734744787216,0.11784417927265167
55,1231.53173828125,45.70317077636719,0.014872298575937748,0.08723719418048859,0.12195202708244324,1185.843994140625,43.76554489135742,0.013858526013791561,0.0834837257862091,0.11772224307060242
56,1217.5347900390625,44.613670349121094,0.014703772962093353,0.08691349625587463,0.12125911563634872,1179.43310546875,45.62690353393555,0.014120437204837799,0.08327406644821167,0.11882944405078888
57,1228.6036376953125,45.467193603515625,0.014837699010968208,0.08739322423934937,0.12181010097265244,1177.1624755859375,46.16929626464844,0.014192957431077957,0.0838605985045433,0.11913420259952545
58,1242.4263916015625,45.647117614746094,0.01496354304254055,0.08752076327800751,0.12232555449008942,1176.784912109375,43.58456802368164,0.01369959395378828,0.08241894841194153,0.11704526096582413
59,1226.848388671875,45.67927551269531,0.014682209119200706,0.08710355311632156,0.12117016315460205,1178.1627197265625,44.41068649291992,0.013885742984712124,0.08304014801979065,0.11783777922391891
60,1222.675048828125,45.219764709472656,0.01468685083091259,0.08680961281061172,0.12118931859731674,1175.342041015625,44.37221145629883,0.013847338035702705,0.08305157721042633,0.11767471581697464
61,1220.8720703125,44.624568939208984,0.014561738818883896,0.0866638794541359,0.12067203223705292,1172.0599365234375,44.765193939208984,0.013883199542760849,0.08269648998975754,0.11782699078321457
62,1223.4571533203125,45.35578918457031,0.014681925997138023,0.08654379844665527,0.12116899341344833,1174.13916015625,45.01680374145508,0.013956672511994839,0.08318569511175156,0.11813836544752121
63,1206.811767578125,44.97018051147461,0.014591912738978863,0.08633303642272949,0.12079699337482452,1176.5687255859375,44.47077178955078,0.013866118155419827,0.08315145969390869,0.1177544817328453
64,1203.6722412109375,44.68024826049805,0.014288817532360554,0.08577860891819,0.11953584849834442,1172.9906005859375,45.54560852050781,0.014021242037415504,0.08371365815401077,0.11841132491827011
65,1191.764892578125,44.702728271484375,0.014069405384361744,0.08542683720588684,0.11861452460289001,1172.63916015625,43.86357879638672,0.01370846014469862,0.08233348280191422,0.11708313226699829
66,1196.5184326171875,44.58298873901367,0.014297778718173504,0.08534644544124603,0.11957332491874695,1168.90673828125,44.01597213745117,0.013684308156371117,0.08199924975633621,0.11697994917631149
67,1207.5775146484375,44.89237594604492,0.014476428739726543,0.0865212082862854,0.12031803280115128,1173.6256103515625,44.73611831665039,0.01386979315429926,0.08272397518157959,0.11777008324861526
68,1206.7369384765625,44.89054870605469,0.014319834299385548,0.08592832833528519,0.11966551095247269,1169.395751953125,44.98093032836914,0.013852774165570736,0.08320404589176178,0.1176978051662445
69,1214.41455078125,44.46284484863281,0.014390657655894756,0.08625022321939468,0.11996106058359146,1166.1727294921875,44.524967193603516,0.013701672665774822,0.08278445154428482,0.11705414205789566
70,1215.5106201171875,44.58199691772461,0.014344043098390102,0.08520511537790298,0.11976662278175354,1165.2503662109375,44.75482940673828,0.013727912679314613,0.08279729634523392,0.1171661764383316
71,1205.7301025390625,44.78811264038086,0.014522205106914043,0.08581705391407013,0.12050811201334,1178.4287109375,43.26914596557617,0.013635381124913692,0.08346346765756607,0.11677063256502151
72,1225.74609375,45.17235565185547,0.014567499980330467,0.08643529564142227,0.12069589644670486,1169.7379150390625,43.30320739746094,0.013497387990355492,0.08324819803237915,0.11617825925350189
73,1206.2825927734375,44.6042366027832,0.014276284724473953,0.08524013310670853,0.11948339641094208,1159.4791259765625,43.51301574707031,0.013403869234025478,0.08177817612886429,0.11577508598566055
74,1206.08203125,44.330230712890625,0.014206768944859505,0.08539439737796783,0.11919214576482773,1157.4779052734375,44.34243392944336,0.013565377332270145,0.08210767805576324,0.11647049337625504
75,1203.3570556640625,43.713714599609375,0.014137071557343006,0.0846693217754364,0.11889941990375519,1171.6895751953125,43.05438232421875,0.013505296781659126,0.08256938308477402,0.11621229350566864
76,1185.6556396484375,43.658443450927734,0.01400680560618639,0.0844627246260643,0.11835034936666489,1157.077880859375,42.99337387084961,0.0132842306047678,0.0813542827963829,0.11525723338127136
77,1204.415283203125,43.77949905395508,0.01414704043418169,0.08459005504846573,0.11894133687019348,1157.0908203125,44.31227493286133,0.01352699100971222,0.08255559206008911,0.11630558967590332
78,1204.6727294921875,44.088829040527344,0.014108085073530674,0.08495650440454483,0.11877746134996414,1154.81005859375,43.101051330566406,0.01327295508235693,0.08121423423290253,0.11520831286907196
79,1204.9642333984375,44.0894775390625,0.014042176306247711,0.08539855480194092,0.11849968880414963,1155.476318359375,43.469383239746094,0.013355148024857044,0.0810997486114502,0.11556447297334671
80,1201.7783203125,43.6934700012207,0.014141054823994637,0.08491072058677673,0.11891616880893707,1169.0343017578125,42.609718322753906,0.013373088091611862,0.08211441338062286,0.11564207077026367
81,1208.6539306640625,44.15570068359375,0.01427844725549221,0.0846887156367302,0.11949245631694794,1153.577392578125,42.82612609863281,0.01317987684160471,0.08130989223718643,0.11480364203453064
82,1193.358642578125,42.84926986694336,0.013781552202999592,0.08391926437616348,0.11739485710859299,1162.938720703125,42.84449768066406,0.013331469148397446,0.08166057616472244,0.11546198278665543
83,1166.361572265625,43.31673049926758,0.013596771284937859,0.08343866467475891,0.11660519242286682,1154.849365234375,43.84878158569336,0.013402326963841915,0.08111152052879333,0.1157684177160263
84,1209.5257568359375,44.02402877807617,0.014044844545423985,0.0843936949968338,0.11851094663143158,1154.0948486328125,43.27973937988281,0.013276898302137852,0.08082949370145798,0.1152254268527031
85,1228.26171875,43.82960891723633,0.014262223616242409,0.08509532362222672,0.11942456662654877,1155.3702392578125,43.309696197509766,0.013294970616698265,0.08095884323120117,0.11530382186174393
86,1181.762451171875,43.94668960571289,0.013867443427443504,0.08407807350158691,0.11776010692119598,1153.7137451171875,43.94374084472656,0.013406656682491302,0.08135320246219635,0.11578712612390518
87,1188.4840087890625,44.09517288208008,0.01395918894559145,0.08454849570989609,0.11814901232719421,1142.579833984375,43.547733306884766,0.013155128806829453,0.08000271767377853,0.11469580978155136
88,1190.070556640625,42.648033142089844,0.013783697970211506,0.08332931995391846,0.11740399152040482,1152.187744140625,42.344913482666016,0.013065699487924576,0.08007143437862396,0.1143052875995636
89,1201.22900390625,44.464412689208984,0.014183331280946732,0.08467528969049454,0.11909379065036774,1144.2833251953125,42.94389343261719,0.013078413903713226,0.07979518920183182,0.11436089128255844
90,1199.3468017578125,43.83277130126953,0.01401494350284338,0.08454257994890213,0.11838472634553909,1169.223388671875,42.771053314208984,0.013415353372693062,0.0818350613117218,0.11582466214895248
91,1178.1392822265625,44.274662017822266,0.013798643834888935,0.08424653857946396,0.11746762692928314,1152.1356201171875,42.92136001586914,0.013192669488489628,0.08085539191961288,0.11485935002565384
92,1171.029052734375,43.11565399169922,0.01356582809239626,0.08339042216539383,0.11647243797779083,1154.261474609375,42.51908874511719,0.013170558027923107,0.08071262389421463,0.1147630512714386
93,1174.9698486328125,43.37685012817383,0.013615342788398266,0.08344292640686035,0.11668480187654495,1152.1220703125,42.80466079711914,0.013180802576243877,0.08069495111703873,0.11480767279863358
94,1198.8115234375,43.16642761230469,0.013885827735066414,0.08406458050012589,0.11783814430236816,1150.356689453125,43.16313171386719,0.013215744867920876,0.08035114407539368,0.11495975404977798
95,1195.7459716796875,43.34387969970703,0.013860736042261124,0.08360351622104645,0.11773163080215454,1167.1986083984375,42.52320098876953,0.013355149887502193,0.08132652193307877,0.11556448042392731
96,1181.478515625,42.93228530883789,0.013673564419150352,0.08327502012252808,0.11693401634693146,1156.3619384765625,42.49176788330078,0.013169369660317898,0.08101240545511246,0.11475787311792374
97,1169.6832275390625,42.665714263916016,0.013571472838521004,0.08318470418453217,0.11649665981531143,1148.675048828125,43.18547058105469,0.013171051628887653,0.0809067040681839,0.11476520448923111
98,1187.4979248046875,43.57160568237305,0.013905731029808521,0.08422219753265381,0.11792256683111191,1146.644287109375,42.62574768066406,0.013034435920417309,0.08038877695798874,0.1141684502363205
99,1190.2890625,43.06313705444336,0.01371033489704132,0.08375100046396255,0.11709114164113998,1149.15673828125,43.84819030761719,0.013333931565284729,0.08123905956745148,0.11547263711690903
100,1179.60009765625,43.12090301513672,0.01376293133944273,0.08330149203538895,0.11731552332639694,1159.0718994140625,42.811885833740234,0.013279075734317303,0.0810169130563736,0.1152348741889
101,1201.5223388671875,44.04983901977539,0.014007232151925564,0.08366071432828903,0.11835215240716934,1148.66064453125,43.3931999206543,0.013229970820248127,0.08076970279216766,0.11502160876989365
102,1189.1810302734375,43.87503433227539,0.013808737508952618,0.08433214575052261,0.117510586977005,1145.6766357421875,42.71195983886719,0.013046973384916782,0.08003988862037659,0.11422334611415863
103,1163.6539306640625,42.87749481201172,0.013325968757271767,0.08227108418941498,0.11543815582990646,1146.197509765625,42.4459228515625,0.012994179502129555,0.08022709935903549,0.11399201303720474
104,1170.58544921875,43.06089401245117,0.013354947790503502,0.0821365937590599,0.11556360870599747,1134.07666015625,42.895057678222656,0.012896477244794369,0.07979267835617065,0.11356265842914581
105,1172.7655029296875,43.05939483642578,0.013445022515952587,0.08251643925905228,0.11595267057418823,1157.3677978515625,42.05393600463867,0.013084756210446358,0.08179624378681183,0.11438862234354019
106,1191.5142822265625,43.44150161743164,0.01380790863186121,0.08384478092193604,0.11750705540180206,1143.9312744140625,42.11939239501953,0.012913738377392292,0.08065525442361832,0.11363863199949265
107,1162.6951904296875,42.64635467529297,0.013409065082669258,0.08266898989677429,0.11579751968383789,1142.54541015625,43.60049819946289,0.013178341090679169,0.08088678866624832,0.1147969588637352
108,1175.352783203125,43.74333572387695,0.013603252358734608,0.0832533985376358,0.11663298308849335,1135.5361328125,43.45222854614258,0.013038991950452328,0.08009570837020874,0.11418840289115906
109,1171.8763427734375,43.65476989746094,0.013446549884974957,0.08273833245038986,0.11595925688743591,1149.27099609375,42.28746032714844,0.013011977076530457,0.08073210716247559,0.11407005786895752
110,1166.3697509765625,42.89036178588867,0.013436120003461838,0.08297409862279892,0.11591427773237228,1134.8314208984375,42.21992492675781,0.01280532032251358,0.07947750389575958,0.11316059529781342
111,1185.579345703125,42.7709846496582,0.013691374100744724,0.08324083685874939,0.11701014637947083,1139.06494140625,42.84531784057617,0.012989270500838757,0.0802096351981163,0.11397047340869904
112,1178.05029296875,42.944400787353516,0.01351839303970337,0.08312936127185822,0.11626862734556198,1133.2720947265625,42.54608917236328,0.012851708568632603,0.07939326018095016,0.11336538195610046
113,1174.8616943359375,42.358848571777344,0.013370472937822342,0.08227274566888809,0.11563076078891754,1136.9154052734375,42.61497116088867,0.012908958829939365,0.07974271476268768,0.11361759155988693
114,1183.081298828125,42.40123748779297,0.013585120439529419,0.08337579667568207,0.11655523627996445,1143.650146484375,42.73042297363281,0.01302864495664835,0.08005190640687943,0.11414308845996857
115,1170.1090087890625,42.46156692504883,0.013365963473916054,0.08214542269706726,0.11561126261949539,1135.7374267578125,42.449119567871094,0.012864920310676098,0.07975146174430847,0.11342363059520721
116,1168.9296875,43.23760986328125,0.0133238285779953,0.08229496330022812,0.11542888730764389,1142.86328125,42.172122955322266,0.012929326854646206,0.0801662728190422,0.11370719969272614
117,1184.656982421875,43.13494873046875,0.01367228664457798,0.08378488570451736,0.11692855507135391,1135.9407958984375,42.11094665527344,0.012809810228645802,0.07948345690965652,0.11318043619394302
118,1161.244140625,42.17677688598633,0.013323677703738213,0.08196291327476501,0.11542823165655136,1128.7430419921875,43.207611083984375,0.0129294628277421,0.07980295270681381,0.11370779573917389
119,1174.3092041015625,43.07777404785156,0.013563009910285473,0.08293641358613968,0.11646033823490143,1149.6873779296875,41.99537658691406,0.012986202724277973,0.08041635900735855,0.11395702511072159
120,1179.962158203125,43.529056549072266,0.013530118390917778,0.08287587761878967,0.11631903797388077,1134.0660400390625,42.09130096435547,0.012789701111614704,0.07922641932964325,0.11309155076742172
121,1167.956298828125,42.75357437133789,0.013360890559852123,0.0821918323636055,0.11558932065963745,1138.517822265625,42.53997802734375,0.012920135632157326,0.08009471744298935,0.11366678029298782
122,1178.931640625,43.08163833618164,0.013492747209966183,0.08251866698265076,0.11615828424692154,1134.76513671875,42.26344299316406,0.012839608825743198,0.0791877806186676,0.1133119985461235
123,1169.1536865234375,43.5601692199707,0.013372020795941353,0.0821523666381836,0.11563745141029358,1130.29345703125,42.37437438964844,0.0127888023853302,0.07913795858621597,0.11308758705854416
124,1178.220703125,43.272918701171875,0.013507637195289135,0.08236068487167358,0.11622235924005508,1136.510009765625,41.7402229309082,0.012737353332340717,0.07935396581888199,0.11285988241434097
125,1168.2864990234375,43.11410140991211,0.01344667561352253,0.08264055103063583,0.11595980077981949,1129.826416015625,42.578338623046875,0.012827285565435886,0.07923943549394608,0.11325760185718536
126,1160.8406982421875,43.059478759765625,0.0132142324000597,0.08220929652452469,0.1149531751871109,1124.12841796875,42.19219207763672,0.012691706418991089,0.07834754884243011,0.11265747249126434
127,1156.755126953125,42.48337936401367,0.013169512152671814,0.08130670338869095,0.11475849151611328,1133.3585205078125,42.66953659057617,0.012874436564743519,0.0801834985613823,0.11346558481454849
128,1151.517822265625,42.74923324584961,0.013186047784984112,0.08143489807844162,0.11483050882816315,1134.9266357421875,42.745182037353516,0.012928713113069534,0.0793738141655922,0.11370450258255005
129,1158.2974853515625,42.55191421508789,0.013113951310515404,0.08165200054645538,0.11451616138219833,1136.88427734375,42.11787414550781,0.012840009294450283,0.0794605016708374,0.11331376433372498
130,1137.81298828125,41.47389602661133,0.012710345908999443,0.08035486936569214,0.1127401664853096,1135.765869140625,42.16959762573242,0.012836526148021221,0.07928239554166794,0.11329839378595352
131,1164.479248046875,43.05206298828125,0.013172391802072525,0.08193434029817581,0.1147710382938385,1140.03173828125,42.34515380859375,0.012933808378875256,0.07973188906908035,0.1137268990278244
132,1179.4537353515625,42.354278564453125,0.013362749479711056,0.0820346251130104,0.11559735983610153,1137.9244384765625,42.47697830200195,0.012904166243970394,0.07962261140346527,0.11359650641679764
133,1160.6143798828125,42.22290802001953,0.013093248009681702,0.081303171813488,0.11442573368549347,1133.745361328125,41.870574951171875,0.012724540196359158,0.07887601107358932,0.11280310153961182
134,1165.3482666015625,42.88740158081055,0.013329273089766502,0.08226800709962845,0.11545246839523315,1127.9210205078125,42.47427749633789,0.012736442498862743,0.07888616621494293,0.11285585165023804
135,1159.291259765625,41.42058181762695,0.012974067591130733,0.08133245259523392,0.11390376091003418,1133.031494140625,41.79054641723633,0.012670698575675488,0.07904363423585892,0.11256419867277145
136,1148.8619384765625,42.13612747192383,0.012988339178264141,0.08143342286348343,0.11396639794111252,1130.87353515625,42.35690689086914,0.012801025062799454,0.07873256504535675,0.11314161866903305
137,1136.057861328125,41.704105377197266,0.012676208280026913,0.07990267872810364,0.11258866637945175,1130.5135498046875,42.46566390991211,0.012832282111048698,0.07879938185214996,0.11327966302633286
138,1168.6668701171875,42.79094696044922,0.013206266798079014,0.08181367814540863,0.1149185299873352,1128.0614013671875,42.86262893676758,0.012851929292082787,0.07899539172649384,0.11336635053157806
139,1160.5892333984375,42.21104049682617,0.013307573273777962,0.08154452592134476,0.11535845696926117,1134.8818359375,41.329917907714844,0.012635436840355396,0.07865828275680542,0.11240746080875397
140,1147.1856689453125,42.67400360107422,0.01288343034684658,0.08085045963525772,0.11350519955158234,1127.1297607421875,41.7769889831543,0.012645024806261063,0.07792370021343231,0.11245010048151016
141,1154.625732421875,41.66635513305664,0.013172375969588757,0.08144151419401169,0.11477097123861313,1127.7667236328125,41.97063446044922,0.012646784074604511,0.07836052775382996,0.11245792359113693
142,1143.3148193359375,41.74424743652344,0.012794280424714088,0.08058975636959076,0.11311180889606476,1136.6522216796875,41.51628875732422,0.012715369462966919,0.07903854548931122,0.1127624437212944
143,1171.028564453125,42.260040283203125,0.013213357888162136,0.08158847689628601,0.11494936794042587,1132.5977783203125,41.63208770751953,0.012695563025772572,0.07844515144824982,0.11267458647489548
144,1145.78125,42.12706756591797,0.01287013478577137,0.08084467798471451,0.11344661563634872,1137.0404052734375,41.483062744140625,0.012702291831374168,0.07903023064136505,0.11270444095134735
145,1154.5924072265625,42.51963424682617,0.013032428920269012,0.08114958554506302,0.11415966600179672,1131.5650634765625,41.82442092895508,0.012701678089797497,0.07888872921466827,0.11270172148942947
146,1161.4437255859375,41.60185241699219,0.013075622729957104,0.08086135238409042,0.11434868723154068,1130.9842529296875,42.22105026245117,0.012781433761119843,0.0789632648229599,0.11305500566959381
147,1170.8209228515625,42.157005310058594,0.013110561296343803,0.08133004605770111,0.11450135707855225,1132.259521484375,42.581077575683594,0.012861230410635471,0.07955420762300491,0.11340736597776413
148,1151.7525634765625,42.448673248291016,0.013119295239448547,0.08153561502695084,0.1145394966006279,1128.45751953125,41.09176254272461,0.01253991387784481,0.07834598422050476,0.11198176443576813
149,1151.17724609375,41.853145599365234,0.013002174906432629,0.08114583790302277,0.11402708292007446,1132.91845703125,41.365760803222656,0.012625224888324738,0.078606016933918,0.11236202716827393
150,1159.802734375,42.24344253540039,0.013165466487407684,0.08143695443868637,0.11474086344242096,1136.0982666015625,42.313507080078125,0.012840588577091694,0.07900453358888626,0.11331631243228912
151,1147.3177490234375,42.6641845703125,0.012922054156661034,0.08077725023031235,0.11367521435022354,1135.8236083984375,41.559329986572266,0.01271822489798069,0.07871705293655396,0.11277510970830917
152,1143.5792236328125,42.2242431640625,0.012776242569088936,0.08032796531915665,0.11303204298019409,1141.7034912109375,41.021888732910156,0.012702000327408314,0.07900404185056686,0.11270315200090408
153,1157.810302734375,42.061309814453125,0.013012059032917023,0.08128489553928375,0.11407041549682617,1134.9232177734375,41.384063720703125,0.012695197016000748,0.07861076295375824,0.11267296224832535
154,1126.58837890625,41.990692138671875,0.012639264576137066,0.0802895799279213,0.11242448538541794,1126.080322265625,42.11692810058594,0.01270037516951561,0.07853386551141739,0.11269593238830566
155,1142.88671875,41.38523864746094,0.012766365893185139,0.08029104769229889,0.11298834532499313,1129.53271484375,41.97364044189453,0.012731517665088177,0.0784362405538559,0.11283402889966965
156,1137.529296875,41.38720703125,0.012624279595911503,0.07990649342536926,0.11235781759023666,1134.0936279296875,41.97624588012695,0.012779073789715767,0.07877995073795319,0.11304456740617752
157,1136.74462890625,42.363059997558594,0.012813806533813477,0.08042506873607635,0.11319808661937714,1128.30419921875,42.7981071472168,0.01285582035779953,0.07903983443975449,0.11338350921869278
158,1137.0223388671875,41.7164192199707,0.012552336789667606,0.07958218455314636,0.11203721165657043,1126.3990478515625,41.278846740722656,0.012538577429950237,0.07818746566772461,0.11197579652070999
159,1155.331298828125,41.83665466308594,0.013021598570048809,0.08112035691738129,0.11411221325397491,1127.39599609375,41.699684143066406,0.012620269320905209,0.07832006365060806,0.11233997344970703
160,1129.126953125,42.48161315917969,0.012711433693766594,0.0807507112622261,0.11274499446153641,1126.8204345703125,42.17115783691406,0.012700571678578854,0.0782414898276329,0.1126968115568161
161,1128.25927734375,41.747093200683594,0.012672077864408493,0.08026398718357086,0.11257033050060272,1127.017578125,43.259185791015625,0.012922113761305809,0.07922739535570145,0.11367547512054443
162,1150.9649658203125,41.99199295043945,0.012921932153403759,0.08085492253303528,0.11367467790842056,1125.842041015625,41.908233642578125,0.012614976614713669,0.07826070487499237,0.11231641471385956
163,1142.2923583984375,41.64216232299805,0.01280649472028017,0.0802885964512825,0.11316578090190887,1124.71044921875,41.49702835083008,0.012506012804806232,0.0778861939907074,0.11183028668165207
164,1127.87646484375,41.48740768432617,0.012420855462551117,0.07899355888366699,0.11144889146089554,1117.2218017578125,41.43840789794922,0.012398616410791874,0.07757400721311569,0.11134907603263855
165,1118.1451416015625,41.60580062866211,0.012506003491580486,0.0801074355840683,0.11183024197816849,1118.1220703125,40.96854782104492,0.012340648099780083,0.07714986056089401,0.11108846962451935
166,1136.321044921875,40.990699768066406,0.012717803940176964,0.07994415611028671,0.11277323961257935,1132.19482421875,41.01142883300781,0.012524719350039959,0.07804419845342636,0.11191388964653015
167,1135.7999267578125,41.00365447998047,0.012411465868353844,0.07903832197189331,0.11140675842761993,1124.04150390625,41.85858154296875,0.012568768113851547,0.07781500369310379,0.11211051791906357
168,1116.7257080078125,42.283050537109375,0.012428649701178074,0.07960083335638046,0.1114838644862175,1139.00439453125,41.53445053100586,0.01271814201027155,0.07845152914524078,0.11277473717927933
169,1141.18603515625,41.75759506225586,0.01262334268540144,0.07951932400465012,0.11235365271568298,1129.0738525390625,41.95321273803711,0.012669514864683151,0.07831741124391556,0.11255893856287003
170,1151.6839599609375,42.197147369384766,0.012825444340705872,0.08045239746570587,0.11324948072433472,1125.2410888671875,41.4735221862793,0.012536919675767422,0.07756403833627701,0.11196839064359665
171,1129.2467041015625,41.80044937133789,0.012531876564025879,0.0797724574804306,0.11194586753845215,1121.09814453125,41.181453704833984,0.012419390492141247,0.07728171348571777,0.11144232004880905
172,1137.0927734375,40.846160888671875,0.01250794343650341,0.07931236922740936,0.1118389144539833,1127.183837890625,41.777809143066406,0.012623867020010948,0.07828950136899948,0.11235598474740982
173,1143.9971923828125,41.94482421875,0.012748696841299534,0.08007728308439255,0.11291012912988663,1128.6307373046875,41.83341598510742,0.012680713087320328,0.07831783592700958,0.11260867118835449
174,1124.0545654296875,42.733642578125,0.01264549233019352,0.07998977601528168,0.11245217174291611,1136.6492919921875,42.20279312133789,0.012842184863984585,0.07879424840211868,0.11332336068153381
175,1123.642578125,41.078697204589844,0.012407856062054634,0.07880939543247223,0.11139056086540222,1147.9327392578125,41.69184112548828,0.01288323849439621,0.07893106341362,0.11350435763597488
176,1124.36767578125,41.53944396972656,0.012303653173148632,0.07917016744613647,0.11092182993888855,1135.0277099609375,41.255706787109375,0.012654898688197136,0.07832971960306168,0.11249399930238724
177,1131.2640380859375,41.39705276489258,0.012518479488790035,0.07891467213630676,0.11188600957393646,1123.3826904296875,41.245338439941406,0.012507614679634571,0.07746193557977676,0.11183744668960571
178,1132.3331298828125,41.466983795166016,0.012683896347880363,0.08046449720859528,0.11262280493974686,1123.66015625,42.20877456665039,0.012697812169790268,0.07806253433227539,0.11268457025289536
179,1126.5673828125,41.62041473388672,0.01239756215363741,0.07909995317459106,0.1113443374633789,1130.8836669921875,41.66733932495117,0.012677229009568691,0.07849787175655365,0.11259320378303528
180,1135.9215087890625,41.243465423583984,0.01256450917571783,0.0793694332242012,0.11209151893854141,1128.9342041015625,41.70362854003906,0.012640191242098808,0.07836408913135529,0.11242859810590744
181,1131.479248046875,41.9372444152832,0.012624664232134819,0.0795159861445427,0.11235953867435455,1129.4056396484375,41.050472259521484,0.01252102479338646,0.07806140184402466,0.11189738661050797
182,1123.8076171875,41.69529342651367,0.012509506195783615,0.07908476889133453,0.11184590309858322,1125.9853515625,41.34815979003906,0.012510621920228004,0.07776948064565659,0.11185090243816376
183,1116.6591796875,42.155113220214844,0.012350991368293762,0.07883089780807495,0.11113501340150833,1128.7369384765625,41.37300109863281,0.012557613663375378,0.07768350839614868,0.11206075549125671
184,1126.736328125,41.088199615478516,0.012439625337719917,0.07831443101167679,0.11153306812047958,1139.12890625,41.48518753051758,0.012714496813714504,0.07859335839748383,0.1127585768699646
185,1134.39501953125,41.23960494995117,0.01245488878339529,0.07904122024774551,0.11160147190093994,1129.468505859375,41.65419387817383,0.012642871588468552,0.07799556106328964,0.11244052648544312
186,1120.6483154296875,41.23509979248047,0.012378324754536152,0.07934615015983582,0.11125791817903519,1130.03564453125,41.52663040161133,0.012619338929653168,0.07803995162248611,0.11233583837747574
187,1138.202880859375,41.24119186401367,0.012572241947054863,0.07927320897579193,0.11212600767612457,1136.294189453125,41.88880157470703,0.012753114104270935,0.07878070324659348,0.11292968690395355
188,1098.338134765625,41.66762161254883,0.012045362032949924,0.07802117615938187,0.10975136607885361,1132.433349609375,41.5323486328125,0.012657752260565758,0.07811160385608673,0.1125066801905632
189,1122.3411865234375,41.38068389892578,0.012284035794436932,0.07878955453634262,0.11083336919546127,1131.75537109375,41.98014831542969,0.012787294574081898,0.0781334638595581,0.11308091878890991
190,1115.6749267578125,40.959693908691406,0.012333912774920464,0.07818916440010071,0.11105815321207047,1133.663330078125,41.176273345947266,0.01261749118566513,0.07810366153717041,0.11232760548591614
191,1131.0985107421875,42.2481575012207,0.012653402984142303,0.07945322245359421,0.11248734593391418,1129.2208251953125,42.05187225341797,0.012752226553857327,0.07821179926395416,0.11292576789855957
192,1127.6239013671875,41.46772766113281,0.012446960434317589,0.07888124883174896,0.11156594753265381,1128.7144775390625,41.17761993408203,0.012544707395136356,0.07758431881666183,0.1120031550526619
193,1119.56005859375,41.361053466796875,0.01234064158052206,0.07921655476093292,0.11108843982219696,1125.3900146484375,40.93775939941406,0.012446757405996323,0.07743066549301147,0.11156503856182098
194,1112.1690673828125,40.26193618774414,0.012175465933978558,0.07834997028112411,0.11034249514341354,1131.85986328125,40.80634307861328,0.012501854449510574,0.07806842029094696,0.11181169003248215
195,1124.4251708984375,41.83519744873047,0.01239235419780016,0.07897385209798813,0.11132095009088516,1126.48388671875,41.40979766845703,0.012524495832622051,0.07827232778072357,0.11191289871931076
196,1140.916015625,41.37739562988281,0.012512519024312496,0.07962557673454285,0.11185937374830246,1126.580078125,42.181304931640625,0.012710211798548698,0.07831596583127975,0.11273957788944244
197,1112.6190185546875,41.271305084228516,0.012176441960036755,0.07824606448411942,0.11034691333770752,1128.9940185546875,40.98395538330078,0.012532791122794151,0.07731760293245316,0.11194994300603867
198,1098.2293701171875,41.311676025390625,0.01218368485569954,0.0783945769071579,0.11037973314523697,1140.1885986328125,42.108516693115234,0.012882771901786327,0.07890616357326508,0.11350230127573013
199,1135.70263671875,41.51826095581055,0.012377330102026463,0.07858450710773468,0.11125344783067703,1130.7808837890625,41.4245491027832,0.012626427225768566,0.0779319703578949,0.11236737668514252
200,1102.787109375,40.88454818725586,0.011834830977022648,0.07756128907203674,0.10878800600767136,1141.346923828125,41.3457145690918,0.012763891369104385,0.07805586606264114,0.11297739297151566
201,1102.67431640625,41.25380325317383,0.012021002359688282,0.07868269830942154,0.10964033007621765,1135.773193359375,41.44378662109375,0.012703542597591877,0.07854460924863815,0.11270999163389206
202,1117.602294921875,40.71913146972656,0.012106594629585743,0.0776924267411232,0.11002997308969498,1128.14990234375,42.11698913574219,0.012733565643429756,0.07832803577184677,0.1128431037068367
203,1129.43798828125,41.30057907104492,0.01238689012825489,0.0789763554930687,0.1112964078783989,1126.8775634765625,42.65798568725586,0.012858275324106216,0.07863803207874298,0.11339433491230011
204,1113.8482666015625,40.55474090576172,0.01211252436041832,0.07763469219207764,0.11005691438913345,1127.5736083984375,41.09193420410156,0.012531958520412445,0.07763077318668365,0.1119462326169014
205,1116.404541015625,41.64378356933594,0.012354167178273201,0.07901416718959808,0.11114930361509323,1126.43310546875,41.22230529785156,0.012557129375636578,0.07773690670728683,0.1120586022734642
206,1102.7115478515625,40.626190185546875,0.01207383256405592,0.07756972312927246,0.10988099873065948,1127.1116943359375,40.94227600097656,0.012496723793447018,0.0772801861166954,0.11178875714540482
207,1125.1361083984375,41.57655715942383,0.012305306270718575,0.07864822447299957,0.11092928797006607,1127.1651611328125,41.380882263183594,0.01258181408047676,0.07757234573364258,0.11216869205236435
208,1102.654052734375,41.093448638916016,0.011936182156205177,0.0777028352022171,0.10925283282995224,1132.8385009765625,41.268890380859375,0.012656385079026222,0.07797081768512726,0.11250060051679611
209,1106.9134521484375,41.21204376220703,0.01202504150569439,0.07745540142059326,0.10965874791145325,1135.0853271484375,41.36977767944336,0.01271248422563076,0.07784190773963928,0.11274965107440948
210,1109.3428955078125,41.44129180908203,0.012240584008395672,0.0788063108921051,0.11063718050718307,1132.08935546875,41.384605407714844,0.012663941830396652,0.07785797119140625,0.11253418028354645
211,1114.58203125,41.20914840698242,0.012214687652885914,0.0786009281873703,0.11052007973194122,1134.580078125,41.29727554321289,0.01265833992511034,0.07786867767572403,0.11250928789377213
212,1103.421142578125,40.927146911621094,0.011934343725442886,0.07778722792863846,0.10924441367387772,1127.7259521484375,41.41416931152344,0.01259811781346798,0.07780096679925919,0.11224133521318436
213,1102.02734375,39.92713928222656,0.011908585205674171,0.07727710157632828,0.10912646353244781,1127.3800048828125,41.132232666015625,0.01251427736133337,0.07725934684276581,0.11186723411083221
214,1099.5408935546875,39.56119155883789,0.011705063283443451,0.07658099383115768,0.10818994790315628,1128.9989013671875,41.62366485595703,0.012626998126506805,0.07783044874668121,0.11236991733312607
215,1099.4080810546875,40.20780944824219,0.0117797227576375,0.07690751552581787,0.10853443294763565,1123.0557861328125,40.909671783447266,0.012419194914400578,0.07703441381454468,0.11144144833087921
