epoch,RMSE_P,RMSE_T,loss,mean_absolute_error,root_mean_squared_error,val_RMSE_P,val_RMSE_T,val_loss,val_mean_absolute_error,val_root_mean_squared_error
0,2278.10595703125,138.8638458251953,0.07768821716308594,0.2214939296245575,0.27872607111930847,1798.9522705078125,89.90866088867188,0.03886185213923454,0.16045387089252472,0.1971341073513031
1,1807.0216064453125,95.264892578125,0.04192148894071579,0.1604587286710739,0.20474737882614136,1517.736572265625,70.67768096923828,0.02623823471367359,0.1293300837278366,0.1619822084903717
2,1643.5811767578125,80.9222412109375,0.032659102231264114,0.13880537450313568,0.1807182878255844,1389.841796875,60.343994140625,0.02093246392905712,0.11231715232133865,0.14468055963516235
3,1539.7064208984375,73.19969940185547,0.027769645676016808,0.12629665434360504,0.16664226353168488,1328.63134765625,57.27362823486328,0.01897605136036873,0.10607486963272095,0.13775359094142914
4,1448.4534912109375,64.88501739501953,0.02348458021879196,0.11518488079309464,0.15324680507183075,1344.4639892578125,54.5498046875,0.0186894740909338,0.10273625701665878,0.13670945167541504
5,1391.8023681640625,62.61037826538086,0.021556740626692772,0.11052606254816055,0.14682213962078094,1335.25390625,52.85365295410156,0.018133532255887985,0.09980140626430511,0.13466081023216248
6,1370.5469970703125,60.510684967041016,0.020756084471940994,0.10743606090545654,0.14406971633434296,1309.9752197265625,50.3459587097168,0.01709088124334812,0.09543440490961075,0.13073210418224335
7,1362.287841796875,58.34175109863281,0.02003362961113453,0.10474179685115814,0.14154019951820374,1303.3489990234375,50.33977508544922,0.016960015520453453,0.09501339495182037,0.1302306205034256
8,1340.725341796875,55.735416412353516,0.019018646329641342,0.10160103440284729,0.13790811598300934,1299.649658203125,50.50437927246094,0.016924548894166946,0.09489385038614273,0.13009437918663025
9,1325.714599609375,55.662452697753906,0.018450329080224037,0.10017584264278412,0.13583198189735413,1307.73876953125,48.28853988647461,0.01668272167444229,0.09272253513336182,0.12916161119937897
10,1317.76025390625,53.52857208251953,0.018176019191741943,0.09931056201457977,0.13481846451759338,1299.431396484375,50.043025970458984,0.01682991161942482,0.0950675755739212,0.12973015010356903
11,1327.747314453125,52.830081939697266,0.018083591014146805,0.09877683967351913,0.1344752460718155,1302.2564697265625,48.66880798339844,0.016573626548051834,0.09441418200731277,0.1287386119365692
12,1306.296142578125,52.22455978393555,0.017540443688631058,0.09732179343700409,0.13244034349918365,1292.9803466796875,48.1761360168457,0.016332276165485382,0.09253212064504623,0.12779779732227325
13,1295.9266357421875,52.727622985839844,0.017297126352787018,0.09693916887044907,0.13151854276657104,1293.2276611328125,47.29108810424805,0.016156241297721863,0.09201934188604355,0.12710720300674438
14,1285.4114990234375,50.55386734008789,0.01670740358531475,0.0945388674736023,0.12925712764263153,1294.0694580078125,48.16337203979492,0.01633322797715664,0.09284980595111847,0.12780152261257172
15,1269.1275634765625,51.12218475341797,0.016778497025370598,0.09485834836959839,0.1295318305492401,1292.57421875,48.05501174926758,0.016273053362965584,0.09244672954082489,0.1275658756494522
16,1288.209716796875,50.2025146484375,0.016817841678857803,0.09410304576158524,0.12968362867832184,1294.2025146484375,48.55827713012695,0.016423342749476433,0.09259829670190811,0.12815359234809875
17,1271.47412109375,49.50604248046875,0.016252558678388596,0.093021921813488,0.12748552858829498,1293.2811279296875,47.22027587890625,0.016138730570673943,0.0910521075129509,0.12703830003738403
18,1274.685546875,49.0703125,0.016389207914471626,0.09281007200479507,0.12802034616470337,1290.762939453125,47.6788330078125,0.016171669587492943,0.09129747748374939,0.12716789543628693
19,1274.8865966796875,47.92742156982422,0.015985427424311638,0.09143467992544174,0.12643347680568695,1289.98828125,48.06333541870117,0.016207965090870857,0.09226348996162415,0.12731049954891205
20,1268.9034423828125,48.838966369628906,0.016363246366381645,0.09301013499498367,0.12791889905929565,1288.9232177734375,47.49879455566406,0.01611042208969593,0.0907481461763382,0.12692683935165405
21,1264.8216552734375,50.128143310546875,0.01637614145874977,0.09284654259681702,0.12796929478645325,1276.1136474609375,47.600738525390625,0.015887094661593437,0.0910845547914505,0.12604400515556335
22,1248.109619140625,47.739845275878906,0.015794821083545685,0.09043702483177185,0.1256774514913559,1274.6329345703125,47.49815368652344,0.01584915816783905,0.09039037674665451,0.12589344382286072
23,1268.4073486328125,47.45469665527344,0.015807881951332092,0.09127233177423477,0.12572939693927765,1279.7308349609375,46.54522705078125,0.01574588194489479,0.0897187888622284,0.12548260390758514
24,1249.7900390625,46.874305725097656,0.015442871488630772,0.09032420814037323,0.12426935136318207,1272.425537109375,46.60432434082031,0.015641098842024803,0.08887052536010742,0.12506437301635742
25,1246.0333251953125,47.3526725769043,0.01564258709549904,0.09028743952512741,0.12507033348083496,1268.05029296875,46.28160858154297,0.015492238104343414,0.08858837932348251,0.12446781992912292
26,1230.3583984375,46.53521728515625,0.01528974249958992,0.0893174558877945,0.12365169823169708,1262.186767578125,46.976497650146484,0.01555443275719881,0.0881892517209053,0.12471741437911987
27,1246.478515625,46.84218215942383,0.015372863970696926,0.09008608013391495,0.1239873543381691,1266.288330078125,48.01155090332031,0.01577981933951378,0.09061312675476074,0.12561775743961334
28,1244.492431640625,46.22330856323242,0.01524793915450573,0.08887103945016861,0.12348254770040512,1267.6875,46.65269088745117,0.01554560661315918,0.08893101662397385,0.12468202412128448
29,1259.0780029296875,47.56550216674805,0.015660759061574936,0.09006116539239883,0.12514296174049377,1260.5556640625,47.45268630981445,0.015592220239341259,0.08914455771446228,0.12486881017684937
30,1228.037353515625,47.87562561035156,0.015443598851561546,0.08922968059778214,0.12427227944135666,1257.2294921875,46.79787826538086,0.015415029600262642,0.08818864077329636,0.12415727972984314
31,1239.2769775390625,46.31724166870117,0.0151240024715662,0.08801229298114777,0.12297968566417694,1259.511474609375,46.8305778503418,0.015471773222088814,0.08826214075088501,0.12438558787107468
32,1252.8944091796875,45.97300720214844,0.01528394315391779,0.08852177113294601,0.12362824380397797,1265.211181640625,46.985050201416016,0.015580371022224426,0.08899711817502975,0.12482135742902756
33,1234.0443115234375,46.25496292114258,0.015118175186216831,0.08904831111431122,0.12295597791671753,1268.54736328125,46.724853515625,0.01557647529989481,0.08939304947853088,0.124805748462677
34,1249.0733642578125,46.06203079223633,0.01526553649455309,0.08898328244686127,0.12355378270149231,1253.829833984375,46.50398254394531,0.015329403802752495,0.08744145929813385,0.12381196767091751
35,1248.5738525390625,45.98530197143555,0.01519644632935524,0.08875913918018341,0.12327386438846588,1258.4049072265625,46.367408752441406,0.015379377640783787,0.08776465058326721,0.12401361763477325
36,1226.83056640625,45.06102752685547,0.014525793492794037,0.08693363517522812,0.12052299827337265,1255.8140869140625,46.49298095703125,0.015331914648413658,0.08843160420656204,0.12382210791110992
37,1220.6021728515625,46.17942810058594,0.014794057235121727,0.08792240172624588,0.12163082510232925,1248.2369384765625,46.96894454956055,0.015306003391742706,0.08817169070243835,0.12371742725372314
38,1219.2034912109375,44.534584045410156,0.014581557363271713,0.08700045198202133,0.12075412273406982,1245.3614501953125,46.62730026245117,0.015192327089607716,0.08770294487476349,0.12325715273618698
39,1227.8951416015625,44.836734771728516,0.014792096801102161,0.08704584091901779,0.12162276357412338,1240.9755859375,47.09053039550781,0.015232293866574764,0.08714909106492996,0.12341918796300888
40,1218.382080078125,44.34965133666992,0.014403563924133778,0.08674865961074829,0.12001484632492065,1240.57958984375,47.187679290771484,0.015212477184832096,0.08819294720888138,0.12333887070417404
41,1235.7613525390625,44.88823318481445,0.014884384348988533,0.08761966973543167,0.12200157344341278,1238.388916015625,46.752803802490234,0.015103341080248356,0.08801167458295822,0.12289565056562424
42,1221.398193359375,43.89273452758789,0.014470957219600677,0.08634877949953079,0.12029529362916946,1241.24462890625,47.306217193603516,0.015248904936015606,0.08826503157615662,0.12348645180463791
43,1224.5462646484375,45.36966323852539,0.014756311662495136,0.08686644583940506,0.12147556245326996,1229.436279296875,47.29730987548828,0.015068153850734234,0.08733685314655304,0.12275242060422897
44,1215.1021728515625,44.9665412902832,0.01447202730923891,0.08585213869810104,0.12029974162578583,1225.7384033203125,47.20578384399414,0.015004386194050312,0.08663913607597351,0.12249238789081573
45,1212.4459228515625,44.8480110168457,0.014357184059917927,0.08575744181871414,0.1198214665055275,1239.53564453125,47.00791931152344,0.01518480945378542,0.08742610365152359,0.12322665750980377
46,1195.88525390625,44.55648422241211,0.014186934567987919,0.08589339256286621,0.11910891532897949,1240.3858642578125,47.1815185546875,0.01521312166005373,0.08833596855401993,0.12334148585796356
47,1229.026611328125,44.59897232055664,0.014682718552649021,0.0868522971868515,0.12117226421833038,1244.7529296875,47.01089859008789,0.015249618329107761,0.08865222334861755,0.12348934262990952
48,1204.8326416015625,44.7236213684082,0.014334551058709621,0.08613641560077667,0.11972697824239731,1232.6671142578125,47.53499221801758,0.015175431035459042,0.08773860335350037,0.12318859994411469
49,1215.9476318359375,43.7992057800293,0.014292558655142784,0.08529207110404968,0.11955148726701736,1241.8182373046875,47.16266632080078,0.015271954238414764,0.08815701305866241,0.12357974797487259
50,1224.025390625,43.90772247314453,0.014569850638508797,0.08652903139591217,0.12070564180612564,1231.8931884765625,47.02954864501953,0.0151130435988307,0.08667527884244919,0.12293511629104614
51,1225.5328369140625,43.85163497924805,0.014570299535989761,0.08595059812068939,0.12070748955011368,1229.44287109375,47.71468734741211,0.015177135355770588,0.08745229244232178,0.12319551408290863
52,1221.1529541015625,43.75332260131836,0.014384068548679352,0.08549748361110687,0.1199336051940918,1237.843017578125,48.32192611694336,0.015427254140377045,0.08821005374193192,0.12420649826526642
53,1219.9942626953125,45.05345916748047,0.014483848586678505,0.0866667851805687,0.12034886330366135,1232.0274658203125,47.15324020385742,0.015111846849322319,0.08736240118741989,0.12293025106191635
54,1203.416259765625,44.76460266113281,0.014326049014925957,0.08621609956026077,0.11969147622585297,1229.861328125,46.8464241027832,0.015016008168458939,0.08719811588525772,0.12253983318805695
55,1215.6077880859375,44.75846862792969,0.01438601128757,0.08548065274953842,0.11994169652462006,1245.0069580078125,46.59989547729492,0.015215210616588593,0.08865257352590561,0.12334994971752167
56,1208.9141845703125,44.496360778808594,0.014330241829156876,0.08602345734834671,0.11970898509025574,1245.774169921875,46.629417419433594,0.015234503895044327,0.08835745602846146,0.12342813611030579
57,1204.162109375,43.741634368896484,0.014456055127084255,0.08576153218746185,0.12023333460092545,1235.6802978515625,46.40873718261719,0.015048034489154816,0.08720628917217255,0.12267042696475983
58,1208.7445068359375,44.4167594909668,0.014240466058254242,0.08566275984048843,0.1193334236741066,1236.3690185546875,46.54631805419922,0.01509608794003725,0.08714493364095688,0.12286613881587982
59,1194.9013671875,43.67108154296875,0.013949552550911903,0.08432695269584656,0.11810822039842606,1226.72119140625,46.747093200683594,0.01497689075767994,0.08655011653900146,0.1223801001906395
60,1220.8870849609375,42.96986389160156,0.014068585820496082,0.08485375344753265,0.11861106753349304,1219.564453125,47.321353912353516,0.014996896497905254,0.08620995283126831,0.12246181815862656
61,1204.88818359375,44.06446075439453,0.014183576218783855,0.08484045416116714,0.11909481883049011,1229.4185791015625,46.58699035644531,0.01498006097972393,0.0869554653763771,0.12239305675029755
62,1185.2298583984375,43.11794662475586,0.01372702419757843,0.08385958522558212,0.11716238409280777,1232.69482421875,46.47306823730469,0.015026632696390152,0.08658933639526367,0.12258316576480865
63,1202.2498779296875,43.101078033447266,0.013896841555833817,0.08455708622932434,0.11788485944271088,1233.696533203125,46.60343551635742,0.015073650516569614,0.08661352843046188,0.12277479469776154
64,1196.64501953125,43.831398010253906,0.014025634154677391,0.08458542078733444,0.11842986941337585,1234.2947998046875,46.68595886230469,0.015078968368470669,0.08716003596782684,0.1227964535355568
65,1189.40478515625,43.482059478759766,0.013829552568495274,0.08428437262773514,0.11759910732507706,1228.66357421875,46.65986251831055,0.015012385323643684,0.08636320382356644,0.12252503633499146
66,1188.946533203125,44.34009552001953,0.013989917933940887,0.08429833501577377,0.11827898025512695,1218.6790771484375,46.277347564697266,0.014774235896766186,0.0859156921505928,0.12154931575059891
67,1208.716796875,43.629661560058594,0.014227958396077156,0.08530986309051514,0.11928100883960724,1232.796142578125,46.52765655517578,0.015056109987199306,0.08665256947278976,0.12270334362983704
68,1193.3924560546875,43.97914505004883,0.014042594470083714,0.08539330959320068,0.1185014545917511,1233.8436279296875,46.97000503540039,0.015119446441531181,0.08738630264997482,0.12296115607023239
69,1186.7781982421875,43.79485321044922,0.013849102891981602,0.08431844413280487,0.11768221110105515,1233.4638671875,47.272525787353516,0.01516660675406456,0.08801493793725967,0.12315277755260468
70,1205.1484375,44.23733139038086,0.014252747409045696,0.0852341577410698,0.11938486993312836,1223.9154052734375,46.98072814941406,0.014956985600292683,0.08684112131595612,0.12229875475168228
71,1190.124267578125,43.80630111694336,0.013922814279794693,0.08368737250566483,0.11799498647451401,1223.848388671875,47.04611587524414,0.014969341456890106,0.086641825735569,0.12234926223754883
72,1194.701171875,42.431663513183594,0.01380031555891037,0.0832526758313179,0.1174747422337532,1224.4346923828125,46.89997863769531,0.01494818739593029,0.08668268471956253,0.12226278334856033
73,1193.75341796875,43.05424499511719,0.013869191519916058,0.08384199440479279,0.11776752024888992,1221.74365234375,47.47639465332031,0.015011153183877468,0.08676844090223312,0.12252001464366913
74,1193.208740234375,42.24449920654297,0.01370761264115572,0.08342336863279343,0.11707951128482819,1227.96435546875,47.33143615722656,0.015075982548296452,0.08753226697444916,0.12278429418802261
75,1191.895263671875,42.76808166503906,0.013764843344688416,0.08409405499696732,0.11732367426156998,1240.353759765625,46.95101547241211,0.015196885913610458,0.08826211094856262,0.12327565997838974
76,1180.285888671875,42.92888259887695,0.013724788092076778,0.08365491032600403,0.11715284734964371,1224.08935546875,46.9902458190918,0.014970400370657444,0.08659525960683823,0.12235359102487564
77,1200.39306640625,43.398990631103516,0.013834217563271523,0.08416957408189774,0.11761894822120667,1224.733642578125,47.21574020385742,0.015030269511044025,0.08671370893716812,0.12259799987077713
78,1182.7418212890625,42.85439682006836,0.013622923754155636,0.08324605226516724,0.11671727150678635,1231.77197265625,47.105709075927734,0.01509912870824337,0.08742497116327286,0.12287851423025131
79,1213.2197265625,42.376136779785156,0.013968341052532196,0.0839301273226738,0.11818773299455643,1224.8253173828125,46.728946685791016,0.014969670213758945,0.08582504093647003,0.12235060334205627
80,1193.0054931640625,42.24679946899414,0.013604959473013878,0.08306547999382019,0.11664030700922012,1221.12353515625,46.97599411010742,0.014942750334739685,0.08566383272409439,0.12224054336547852
81,1184.5531005859375,42.68080520629883,0.013683313503861427,0.08338258415460587,0.11697569489479065,1215.1002197265625,47.30564880371094,0.014879048801958561,0.08594934642314911,0.12197970598936081
82,1158.7176513671875,43.36271286010742,0.01339376624673605,0.08291913568973541,0.11573144048452377,1217.265625,47.681270599365234,0.014993730001151562,0.08601970970630646,0.1224488914012909
83,1175.8431396484375,43.43165588378906,0.013565116561949253,0.08339153230190277,0.1164693832397461,1223.66845703125,46.68305587768555,0.014887599274516106,0.0859038233757019,0.12201475352048874
84,1196.0252685546875,43.51903533935547,0.013713201507925987,0.08345416933298111,0.11710338294506073,1222.351318359375,46.74280548095703,0.014866809360682964,0.08634763211011887,0.12192952632904053
85,1201.7913818359375,43.48432922363281,0.013980861753225327,0.08433286100625992,0.11824069917201996,1226.6790771484375,46.646148681640625,0.01492792833596468,0.0865224078297615,0.12217989563941956
86,1169.9898681640625,42.87039566040039,0.013321987353265285,0.08233551681041718,0.11542091518640518,1211.5474853515625,46.583133697509766,0.014673122204840183,0.08518391102552414,0.12113265693187714
87,1179.59814453125,42.658382415771484,0.01339423656463623,0.08248712867498398,0.11573347449302673,1202.080078125,46.8194694519043,0.014560378156602383,0.08486247062683105,0.12066639214754105
88,1203.5069580078125,42.42574691772461,0.013857880607247353,0.08350216597318649,0.11771950125694275,1212.6177978515625,46.94284439086914,0.01473976206034422,0.08604052662849426,0.1214074194431305
89,1167.6983642578125,42.951473236083984,0.013446680270135403,0.08288108557462692,0.11595982313156128,1208.5943603515625,47.21641540527344,0.01474315021187067,0.0857279822230339,0.12142137438058853
90,1172.8115234375,42.11176300048828,0.0134383300319314,0.08231385797262192,0.11592381447553635,1212.656494140625,46.885948181152344,0.014742381870746613,0.08593127876520157,0.12141820788383484
91,1182.98095703125,42.29557418823242,0.013401994481682777,0.08296045660972595,0.1157669723033905,1207.5286865234375,46.85748291015625,0.014672298915684223,0.08510685712099075,0.12112926691770554
92,1192.607666015625,42.6264762878418,0.013489202596247196,0.08256631344556808,0.11614302545785904,1215.4957275390625,47.26902389526367,0.014860142953693867,0.08621188998222351,0.12190218269824982
93,1192.025390625,42.91411590576172,0.013554183766245842,0.08307456970214844,0.11642242968082428,1216.6334228515625,46.87043380737305,0.01484120637178421,0.08514822274446487,0.1218244880437851
94,1173.5020751953125,42.78895950317383,0.013414077460765839,0.08285222947597504,0.11581915616989136,1211.113525390625,46.43760299682617,0.014639198780059814,0.08514269441366196,0.12099255621433258
95,1179.1676025390625,41.971839904785156,0.013195916078984737,0.08147279173135757,0.1148734837770462,1207.6446533203125,46.73604965209961,0.014629899524152279,0.08505237847566605,0.12095411866903305
96,1178.549072265625,42.58762741088867,0.01326376385986805,0.08203411847352982,0.11516840755939484,1216.1478271484375,46.3275260925293,0.014681722037494183,0.0861077606678009,0.12116814404726028
97,1171.70654296875,42.65814971923828,0.013366681523621082,0.08240950107574463,0.11561436206102371,1207.631591796875,46.74456787109375,0.014639562927186489,0.08538512885570526,0.12099406123161316
98,1186.775390625,41.748077392578125,0.013644260354340076,0.08307487517595291,0.11680865287780762,1210.789794921875,46.53681182861328,0.014638625085353851,0.08580601960420609,0.12099018692970276
99,1183.2471923828125,41.41044616699219,0.013467212207615376,0.0823424682021141,0.11604831367731094,1208.6954345703125,46.61471939086914,0.014622428454458714,0.08574282377958298,0.1209232360124588
100,1174.209228515625,42.302581787109375,0.013385247439146042,0.08231156319379807,0.11569462716579437,1201.7491455078125,46.52339553833008,0.014557917602360249,0.08424267172813416,0.12065619230270386
101,1153.0599365234375,42.132057189941406,0.01291922852396965,0.08133305609226227,0.11366278678178787,1211.054931640625,46.5697021484375,0.014659153297543526,0.08522562682628632,0.12107499688863754
102,1171.166015625,42.1032600402832,0.01329490914940834,0.08254765719175339,0.11530355364084244,1216.80517578125,47.156005859375,0.014865858480334282,0.08670253306627274,0.12192562967538834
103,1172.37890625,42.501407623291016,0.013474583625793457,0.08273250609636307,0.11608007550239563,1201.6302490234375,46.66627502441406,0.01453461404889822,0.08451193571090698,0.12055958807468414
104,1169.7979736328125,43.3299446105957,0.013433853164315224,0.08308031409978867,0.11590450257062912,1202.838623046875,46.878082275390625,0.014584783464670181,0.08454321324825287,0.12076747417449951
105,1188.384765625,41.3999137878418,0.013608886860311031,0.08262831717729568,0.11665713042020798,1216.668701171875,46.3760871887207,0.014704112894833088,0.0851370096206665,0.12126051634550095
106,1185.5299072265625,42.12637710571289,0.013435252010822296,0.08217121660709381,0.11591053009033203,1209.175048828125,46.29306411743164,0.014579740352928638,0.08469600230455399,0.12074659764766693
107,1162.905517578125,42.799015045166016,0.013134500943124294,0.0822315663099289,0.1146058514714241,1204.1541748046875,46.45954895019531,0.014578896574676037,0.08397962152957916,0.12074310332536697
108,1172.29931640625,43.01848220825195,0.013427438214421272,0.08265546709299088,0.11587683111429214,1206.24072265625,46.6938591003418,0.014643879607319832,0.08447732776403427,0.1210118904709816
109,1160.6043701171875,42.129093170166016,0.013263700529932976,0.08190197497606277,0.11516814678907394,1213.552001953125,46.59086608886719,0.014693799428641796,0.0852503553032875,0.12121798098087311
110,1163.11962890625,41.95941162109375,0.013111432082951069,0.08104220032691956,0.11450516432523727,1206.3087158203125,46.425052642822266,0.014540327712893486,0.08473284542560577,0.12058328092098236
111,1191.5225830078125,42.32197952270508,0.013539999723434448,0.08226273208856583,0.11636150628328323,1209.4075927734375,46.529170989990234,0.014634132385253906,0.08408290892839432,0.12097162008285522
112,1170.8829345703125,41.931278228759766,0.013129400089383125,0.08200494199991226,0.1145835891366005,1212.119140625,46.286231994628906,0.014639443717896938,0.08377204835414886,0.12099356949329376
113,1155.0186767578125,42.0550651550293,0.013157797046005726,0.08143544942140579,0.11470744013786316,1204.85205078125,47.02202606201172,0.014655539765954018,0.08490975201129913,0.1210600733757019
114,1168.98291015625,41.56592559814453,0.013065394014120102,0.08091163635253906,0.11430395394563675,1205.8670654296875,46.71965026855469,0.01459207758307457,0.08495257049798965,0.12079766392707825
115,1153.786865234375,41.63908386230469,0.01290584821254015,0.0811050608754158,0.11360391229391098,1204.3529052734375,46.55408477783203,0.014551902189850807,0.08444111049175262,0.12063127011060715
116,1161.6143798828125,41.513877868652344,0.013029039837419987,0.08076398074626923,0.11414481699466705,1198.3009033203125,46.5786247253418,0.01446503959596157,0.08394452184438705,0.12027069181203842
117,1153.5885009765625,41.343597412109375,0.013010061345994473,0.0804436057806015,0.11406165361404419,1192.865234375,47.14848327636719,0.01447093952447176,0.08411063998937607,0.1202952191233635
118,1161.7269287109375,41.97325134277344,0.013173461891710758,0.08173646777868271,0.11477570235729218,1201.67041015625,46.88524627685547,0.014556397683918476,0.08429443836212158,0.12064989656209946
119,1148.8651123046875,41.92473602294922,0.013023750856518745,0.08165121078491211,0.11412164568901062,1198.8680419921875,46.511112213134766,0.014473427087068558,0.08315401524305344,0.12030556052923203
120,1170.7027587890625,42.69190216064453,0.013231468386948109,0.08120189607143402,0.11502812057733536,1200.46728515625,46.98201370239258,0.014568147249519825,0.08444852381944656,0.12069857865571976
121,1148.681640625,42.51948547363281,0.012867655605077744,0.08085975050926208,0.11343568563461304,1192.5548095703125,46.359214782714844,0.014317138120532036,0.08342081308364868,0.11965424567461014
122,1166.4874267578125,41.78863525390625,0.013128088787198067,0.08075391501188278,0.11457787454128265,1198.123779296875,46.4725456237793,0.014452784322202206,0.08364738523960114,0.12021972984075546
123,1150.9718017578125,42.19697189331055,0.01296213362365961,0.08119112998247147,0.11385136842727661,1202.4830322265625,46.451446533203125,0.014493007212877274,0.0846819207072258,0.12038690596818924
124,1150.0496826171875,41.321258544921875,0.012737821787595749,0.08076942712068558,0.11286196112632751,1201.0615234375,46.24036407470703,0.014455707743763924,0.08398326486349106,0.12023188918828964
125,1151.3717041015625,41.56140899658203,0.012766147963702679,0.08044544607400894,0.11298737674951553,1199.6378173828125,46.40189743041992,0.014420527964830399,0.08417496085166931,0.12008550763130188
126,1144.607421875,41.63749694824219,0.012847145088016987,0.0810127928853035,0.11334525048732758,1194.572998046875,46.69742202758789,0.014414031058549881,0.08399929851293564,0.12005844712257385
127,1165.849609375,40.970314025878906,0.01308835856616497,0.08117883652448654,0.11440436542034149,1199.3179931640625,46.46195983886719,0.014433587901294231,0.08422490209341049,0.12013985961675644
128,1147.0318603515625,41.031646728515625,0.012683656066656113,0.08023761212825775,0.1126217395067215,1193.87255859375,46.18762969970703,0.014275028370320797,0.0843232199549675,0.11947815120220184
129,1141.755615234375,41.44484329223633,0.01261056773364544,0.07986434549093246,0.11229678988456726,1193.2757568359375,46.199337005615234,0.01432739943265915,0.0833447203040123,0.11969710886478424
130,1159.66650390625,41.933109283447266,0.01303386501967907,0.08121789991855621,0.11416595429182053,1194.08544921875,46.28506088256836,0.014334587380290031,0.08387499302625656,0.11972713470458984
131,1144.591796875,40.46519088745117,0.012559748254716396,0.07934529334306717,0.11207028478384018,1199.0152587890625,45.78602600097656,0.01433431077748537,0.08392293751239777,0.11972597241401672
132,1138.0894775390625,41.066986083984375,0.012677300721406937,0.0800538957118988,0.11259352415800095,1196.9007568359375,46.44987106323242,0.014435743913054466,0.08373959362506866,0.12014883756637573
133,1141.4095458984375,41.395084381103516,0.012724337168037891,0.08012524247169495,0.11280220001935959,1199.753173828125,45.90037155151367,0.014388416893780231,0.08311322331428528,0.11995172500610352
134,1155.2286376953125,41.64815902709961,0.013026994653046131,0.08112100511789322,0.11413586884737015,1196.566162109375,46.05048751831055,0.014355432242155075,0.08350959420204163,0.11981415003538132
135,1165.2044677734375,41.725364685058594,0.01294593047350645,0.08121179789304733,0.1137801855802536,1202.6773681640625,46.00811004638672,0.014425592496991158,0.08442997932434082,0.12010658532381058
136,1162.240234375,41.68903350830078,0.01296486146748066,0.08068974316120148,0.11386334151029587,1199.1219482421875,46.065792083740234,0.014411444775760174,0.08319193124771118,0.1200476735830307
137,1143.872314453125,41.583736419677734,0.012651801109313965,0.08020494133234024,0.11248022317886353,1201.9031982421875,46.22618103027344,0.014478695578873158,0.08349129557609558,0.12032745033502579
138,1133.7681884765625,41.34128189086914,0.01243734173476696,0.07932016253471375,0.11152283102273941,1201.9561767578125,46.26075744628906,0.014498138800263405,0.08324670791625977,0.12040821462869644
139,1155.695556640625,41.723201751708984,0.012907150201499462,0.08069336414337158,0.11360964179039001,1198.8870849609375,46.16922378540039,0.014372379519045353,0.08412004262208939,0.11988485604524612
140,1132.803466796875,41.43526840209961,0.012414398603141308,0.07976556569337845,0.1114199236035347,1188.8402099609375,46.12754440307617,0.01429205946624279,0.08229657262563705,0.11954940110445023
141,1156.3121337890625,40.62515640258789,0.012626148760318756,0.08003037422895432,0.11236613988876343,1194.78564453125,45.966854095458984,0.014315571635961533,0.08365948498249054,0.11964769661426544
142,1144.3607177734375,41.062740325927734,0.012645038776099682,0.08008021861314774,0.11245016753673553,1213.3648681640625,45.96122360229492,0.014606120064854622,0.08481108397245407,0.12085577845573425
143,1155.5838623046875,40.831787109375,0.0129502909258008,0.08093909919261932,0.11379934847354889,1204.424072265625,46.40750503540039,0.014535796828567982,0.08488409966230392,0.12056449055671692
144,1141.8560791015625,41.499210357666016,0.012587782926857471,0.0804428905248642,0.11219529062509537,1190.6680908203125,46.44317626953125,0.014347758144140244,0.08331085741519928,0.11978213489055634
145,1144.6436767578125,41.04743194580078,0.012743445113301277,0.08010532706975937,0.11288686841726303,1193.669677734375,46.80305099487305,0.014433936215937138,0.08438578993082047,0.12014131993055344
146,1124.8829345703125,40.85612106323242,0.012305151671171188,0.07941119372844696,0.11092858761548996,1189.0489501953125,46.10789108276367,0.014245557598769665,0.08332663029432297,0.11935475468635559
147,1121.5924072265625,41.74876022338867,0.012646777555346489,0.08013997972011566,0.11245789378881454,1191.6236572265625,46.11063766479492,0.01427196990698576,0.08301359415054321,0.11946535110473633
148,1136.078857421875,40.71968460083008,0.01251835748553276,0.07961398363113403,0.11188546568155289,1197.7998046875,46.29862594604492,0.014392480254173279,0.08357173204421997,0.11996866017580032
149,1128.0982666015625,40.88119125366211,0.012410719878971577,0.07945960015058517,0.11140341311693192,1189.857177734375,46.23002243041992,0.014283464290201664,0.08285181224346161,0.11951344460248947
150,1147.0667724609375,41.45223617553711,0.012622230686247349,0.08027806133031845,0.11234869807958603,1202.91357421875,46.223480224609375,0.014507712796330452,0.08373122662305832,0.12044796347618103
151,1141.0814208984375,41.31325912475586,0.012707101181149483,0.08057297021150589,0.11272577941417694,1191.50830078125,46.26548767089844,0.014359070919454098,0.08282385021448135,0.11982933431863785
152,1145.82373046875,41.14128112792969,0.012669827789068222,0.07937723398208618,0.11256033182144165,1187.9705810546875,46.10977554321289,0.014234687201678753,0.08330204337835312,0.1193092092871666
153,1147.38330078125,39.92238235473633,0.012728332541882992,0.0798889696598053,0.11281991004943848,1198.6964111328125,46.29156494140625,0.014434948563575745,0.08458233624696732,0.1201455295085907
154,1138.3826904296875,41.43821334838867,0.012654917314648628,0.08068542182445526,0.1124940738081932,1192.8280029296875,46.1549186706543,0.014319054782390594,0.08385414630174637,0.11966224759817123
155,1123.14697265625,40.1060905456543,0.012191597372293472,0.0784125104546547,0.11041556298732758,1194.5955810546875,46.33713912963867,0.014384709298610687,0.08411912620067596,0.1199362650513649
156,1127.5352783203125,40.60297775268555,0.012311603873968124,0.07918746024370193,0.11095765978097916,1195.91357421875,46.4796142578125,0.014441370032727718,0.08369436860084534,0.12017224729061127
157,1126.7108154296875,39.951881408691406,0.012172559276223183,0.07849857956171036,0.11032932251691818,1188.6129150390625,46.18943786621094,0.014276131987571716,0.08296473324298859,0.11948276311159134
158,1146.1177978515625,40.46339797973633,0.012574284337460995,0.07950993627309799,0.11213511973619461,1191.884521484375,46.2132682800293,0.014340442605316639,0.08283168822526932,0.11975158751010895
159,1138.9754638671875,40.45184326171875,0.012388773262500763,0.07915962487459183,0.1113048642873764,1196.92041015625,46.281558990478516,0.014410344883799553,0.08337798714637756,0.12004309892654419
160,1127.650146484375,40.945274353027344,0.012343309819698334,0.07872195541858673,0.1111004501581192,1200.033203125,46.38886260986328,0.014487284235656261,0.08329781889915466,0.12036313861608505
161,1131.5633544921875,40.57521057128906,0.012461962178349495,0.07937788218259811,0.11163315176963806,1199.3218994140625,46.424102783203125,0.014481439255177975,0.0833742544054985,0.12033884972333908
162,1138.03515625,40.16102981567383,0.01242911722511053,0.07901908457279205,0.11148595064878464,1203.874267578125,46.51589584350586,0.014596664346754551,0.08340185135602951,0.1208166554570198
163,1133.0174560546875,40.8714599609375,0.012450904585421085,0.0786936953663826,0.11158362030982971,1204.0159912109375,46.32020568847656,0.014552492648363113,0.08352203667163849,0.12063370645046234
164,1133.951904296875,40.94221115112305,0.012413217686116695,0.07885895669460297,0.11141463369131088,1202.626953125,46.05103302001953,0.014437779784202576,0.08421668410301208,0.12015731632709503
165,1134.1390380859375,40.77064895629883,0.012515120208263397,0.07949477434158325,0.11187099665403366,1201.7225341796875,46.26362609863281,0.014495842158794403,0.08350345492362976,0.12039867788553238
166,1132.1822509765625,40.07552719116211,0.012187547981739044,0.07819397747516632,0.11039722710847855,1198.9027099609375,46.54972839355469,0.01447216048836708,0.08353501558303833,0.1203003078699112
167,1121.9727783203125,40.4727897644043,0.012328903190791607,0.07892214506864548,0.11103558540344238,1195.28857421875,46.27674102783203,0.014434370212256908,0.08246225118637085,0.12014312297105789
168,1141.3900146484375,40.198726654052734,0.012405823916196823,0.07911898195743561,0.11138143390417099,1195.2197265625,46.486351013183594,0.014435434713959694,0.08361244946718216,0.12014755606651306
169,1117.723876953125,40.31089401245117,0.012272861786186695,0.07889687269926071,0.11078295111656189,1195.8170166015625,46.46473693847656,0.014470421709120274,0.08304550498723984,0.12029306590557098
170,1124.4951171875,40.26152038574219,0.012285646982491016,0.07846909761428833,0.11084064096212387,1194.0267333984375,46.31322479248047,0.014373457990586758,0.08347240090370178,0.11988935619592667
171,1138.7923583984375,41.03325271606445,0.012487312778830528,0.07916348427534103,0.1117466390132904,1200.49560546875,46.23231506347656,0.01450720801949501,0.08275852352380753,0.1204458698630333
172,1125.517333984375,40.15371322631836,0.012143047526478767,0.0782957524061203,0.11019549518823624,1198.445068359375,46.02366638183594,0.014430847018957138,0.0824986919760704,0.12012846022844315
173,1130.061767578125,40.73520278930664,0.01227550394833088,0.07866498082876205,0.11079487204551697,1198.601806640625,46.1157341003418,0.01444395724684,0.08323027193546295,0.12018301337957382
174,1124.842529296875,41.12636184692383,0.01229136437177658,0.07868988811969757,0.11086642742156982,1197.1075439453125,46.147850036621094,0.01444421149790287,0.08226662874221802,0.12018407136201859
175,1127.591064453125,40.57832717895508,0.01227633748203516,0.07862120121717453,0.11079863458871841,1190.960205078125,46.211910247802734,0.014331033453345299,0.08234408497810364,0.11971229314804077
176,1113.9833984375,41.15423583984375,0.012163738720119,0.07816974818706512,0.11028934270143509,1191.407958984375,46.14261245727539,0.014321654103696346,0.08245629072189331,0.11967311054468155
177,1135.0865478515625,40.65614700317383,0.012378167361021042,0.07839809358119965,0.11125721037387848,1188.808349609375,45.95421600341797,0.01420614868402481,0.08273867517709732,0.11918955296278
178,1138.406982421875,40.9062385559082,0.012454695999622345,0.07908397912979126,0.1116006150841713,1199.9244384765625,46.17993927001953,0.014466634020209312,0.08306742459535599,0.12027732282876968
179,1113.50634765625,39.91798400878906,0.01198534108698368,0.07764846831560135,0.10947759449481964,1189.98291015625,46.16813278198242,0.01425911858677864,0.08250482380390167,0.11941155046224594
180,1123.16943359375,41.12819290161133,0.012347077950835228,0.07895267754793167,0.1111174002289772,1199.015380859375,46.306339263916016,0.01445709727704525,0.08303377777338028,0.12023767083883286
181,1123.2039794921875,40.27910232543945,0.01217946782708168,0.07861091941595078,0.11036062985658646,1204.98681640625,46.12803649902344,0.014540333300828934,0.08290648460388184,0.12058330327272415
182,1112.2528076171875,39.7578125,0.011908124200999737,0.07781392335891724,0.10912435501813889,1203.71240234375,46.18379211425781,0.014554454945027828,0.08248566091060638,0.12064184248447418
183,1137.1451416015625,40.36427688598633,0.012375076301395893,0.0791766420006752,0.11124332249164581,1202.3209228515625,46.177974700927734,0.01449948363006115,0.08295804262161255,0.12041380256414413
184,1107.2513427734375,40.226627349853516,0.012076460756361485,0.07825890928506851,0.10989294946193695,1193.711181640625,46.03242874145508,0.014317485503852367,0.08219112455844879,0.11965569853782654
185,1094.179931640625,40.21645736694336,0.011757046915590763,0.07715997844934464,0.108429916203022,1196.3927001953125,46.56834030151367,0.014479497447609901,0.08284089714288712,0.12033078074455261
186,1121.9654541015625,40.788658142089844,0.012309860438108444,0.07818446308374405,0.11094980686903,1201.15576171875,46.36969757080078,0.014555583707988262,0.08261378109455109,0.12064653635025024
187,1110.5335693359375,41.59421920776367,0.012222829274833202,0.07898394763469696,0.11055690795183182,1202.0703125,46.07356643676758,0.01450439728796482,0.08247529715299606,0.12043420225381851
188,1101.1400146484375,40.40385437011719,0.011675111018121243,0.07735273241996765,0.10805142670869827,1193.9552001953125,46.12922668457031,0.014346688985824585,0.08243130892515182,0.11977766454219818
189,1126.161865234375,40.02633285522461,0.012144321575760841,0.07765486091375351,0.11020128428936005,1200.0289306640625,46.17013168334961,0.014439260587096214,0.08333935588598251,0.12016347795724869
190,1133.645263671875,40.301509857177734,0.012222823686897755,0.07886809855699539,0.11055687814950943,1204.4130859375,46.26238250732422,0.014544742181897163,0.08331950008869171,0.1206015795469284
191,1102.7325439453125,39.8620491027832,0.011738819070160389,0.07678985595703125,0.10834582895040512,1202.0693359375,45.84005355834961,0.014417087659239769,0.08271679282188416,0.120071180164814
192,1122.83154296875,41.43394088745117,0.012229768559336662,0.07905995100736618,0.11058828234672546,1206.4962158203125,45.94269561767578,0.014557688497006893,0.08258163928985596,0.12065524607896805
193,1121.0892333984375,40.847415924072266,0.012220555916428566,0.07887685298919678,0.11054662615060806,1202.3687744140625,45.966487884521484,0.01447941455990076,0.08263619989156723,0.12033043056726456
194,1092.2974853515625,40.6078987121582,0.011930128559470177,0.07758276909589767,0.10922513157129288,1198.81396484375,45.72305679321289,0.014354732818901539,0.08226721733808517,0.11981123685836792
195,1113.518310546875,39.259361267089844,0.011930441483855247,0.07768352329730988,0.10922656208276749,1200.5606689453125,45.763214111328125,0.014402007684111595,0.08230177313089371,0.12000837177038193
196,1116.5289306640625,40.8632698059082,0.012162250466644764,0.0784749835729599,0.11028259247541428,1192.0162353515625,45.66316223144531,0.01421981118619442,0.08196913450956345,0.11924684792757034
197,1124.7486572265625,41.08477783203125,0.012191984802484512,0.0780632272362709,0.11041732132434845,1192.318603515625,45.71878433227539,0.01427922397851944,0.08167066425085068,0.1194957047700882
198,1106.4278564453125,40.259765625,0.011987656354904175,0.077473483979702,0.10948815941810608,1194.7979736328125,46.07366180419922,0.014350797981023788,0.08235654979944229,0.1197948157787323
199,1113.990966796875,40.40772247314453,0.012099087238311768,0.07780527323484421,0.10999584943056107,1196.7877197265625,46.12831497192383,0.014392944984138012,0.08221811056137085,0.11997059732675552
200,1097.028076171875,40.00867462158203,0.011734813451766968,0.07688209414482117,0.10832734405994415,1193.6810302734375,45.76439666748047,0.014271612279117107,0.08237103372812271,0.11946385353803635
201,1113.3203125,39.94261932373047,0.01213741209357977,0.07822474837303162,0.1101699247956276,1195.915283203125,45.91541290283203,0.014339355751872063,0.08257081359624863,0.11974704265594482
202,1096.601318359375,39.81858444213867,0.011639111675322056,0.07682251930236816,0.1078847125172615,1193.5159912109375,46.177452087402344,0.014352404512465,0.08268268406391144,0.11980152130126953
203,1108.581787109375,40.463897705078125,0.012123086489737034,0.07807265967130661,0.11010489612817764,1201.8133544921875,46.26484680175781,0.014518065378069878,0.0827079489827156,0.12049093097448349
204,1107.681396484375,40.28656005859375,0.012005390599370003,0.0774107500910759,0.10956910997629166,1201.625732421875,46.040523529052734,0.014428230002522469,0.0826166570186615,0.12011756002902985
205,1115.725830078125,39.880794525146484,0.012086701579391956,0.07770311087369919,0.10993953794240952,1211.8507080078125,46.00466537475586,0.014647088013589382,0.08277793973684311,0.12102515250444412
206,1112.0264892578125,39.70166015625,0.01194703858345747,0.07700971513986588,0.10930250585079193,1206.2064208984375,46.01465606689453,0.014592530205845833,0.08242954313755035,0.12079954892396927
207,1094.154541015625,39.34833908081055,0.011583364568650723,0.0766075849533081,0.1076260432600975,1197.470703125,46.05582046508789,0.014409727416932583,0.0828518271446228,0.12004052102565765
208,1123.895751953125,39.44398880004883,0.012007414363324642,0.07752053439617157,0.10957834124565125,1202.3201904296875,46.20026397705078,0.01450339611619711,0.08335411548614502,0.12043005228042603
209,1110.0904541015625,40.59959411621094,0.01201467402279377,0.07781916111707687,0.10961146652698517,1202.8184814453125,46.13444137573242,0.014535009860992432,0.08248497545719147,0.12056122720241547
210,1109.64794921875,40.339881896972656,0.011877663433551788,0.07750912755727768,0.10898469388484955,1200.1763916015625,46.01340103149414,0.01442135963588953,0.08301270008087158,0.12008896470069885
211,1112.9453125,40.70029067993164,0.012005927041172981,0.07752002030611038,0.10957156121730804,1203.154296875,45.81377029418945,0.014450691640377045,0.082657091319561,0.12021102756261826
212,1114.107421875,39.82758712768555,0.011861072853207588,0.07760868221521378,0.10890855640172958,1198.52978515625,46.00077819824219,0.01446685940027237,0.082481250166893,0.1202782616019249
213,1134.9500732421875,39.62920379638672,0.0121790561825037,0.07752497494220734,0.11035875976085663,1211.12841796875,45.99277114868164,0.014663212932646275,0.08284871280193329,0.12109176069498062
214,1091.3790283203125,39.81702423095703,0.011765350587666035,0.07730476558208466,0.108468197286129,1200.252197265625,46.12315368652344,0.014469485729932785,0.08282735198736191,0.12028917670249939
215,1106.3394775390625,40.079002380371094,0.011866592802107334,0.07689294964075089,0.10893389582633972,1200.024658203125,46.143333435058594,0.01448109745979309,0.08230045437812805,0.12033743411302567
216,1110.7269287109375,40.13790512084961,0.012003210373222828,0.07719004899263382,0.10955916345119476,1201.257568359375,46.13145446777344,0.014504889957606792,0.08258617669343948,0.12043624371290207
217,1100.2232666015625,39.75581741333008,0.011826300993561745,0.07669919729232788,0.10874880850315094,1200.78662109375,46.31101608276367,0.01449623890221119,0.08261968195438385,0.1204003170132637
218,1088.709716796875,40.257816314697266,0.011585465632379055,0.07627388834953308,0.10763580352067947,1197.0906982421875,46.51962661743164,0.01448705606162548,0.08269643783569336,0.12036218494176865
219,1076.4876708984375,40.339942932128906,0.011559155769646168,0.07644160091876984,0.10751351714134216,1202.490234375,46.028202056884766,0.0144607312977314,0.08295272290706635,0.12025278061628342
220,1089.708251953125,39.969932556152344,0.011518561281263828,0.07636363804340363,0.10732456296682358,1202.9891357421875,46.26622772216797,0.014531515538692474,0.08269110321998596,0.12054672837257385
221,1091.6812744140625,38.752593994140625,0.011462228372693062,0.07662223279476166,0.10706179589033127,1212.2706298828125,46.49113845825195,0.014692244119942188,0.08353917300701141,0.12121157348155975
222,1098.040283203125,39.83000183105469,0.011725992895662785,0.07657846063375473,0.10828662663698196,1209.3822021484375,46.192344665527344,0.014635029248893261,0.08246710896492004,0.1209753230214119
223,1096.0274658203125,40.07993698120117,0.011674267239868641,0.07684625685214996,0.10804752260446548,1205.048828125,46.073673248291016,0.01451032143086195,0.08275000005960464,0.12045878916978836
224,1091.5992431640625,39.621280670166016,0.011650152504444122,0.0764380544424057,0.10793587565422058,1204.8583984375,45.80458450317383,0.014454031363129616,0.08251646906137466,0.12022492289543152
225,1109.8131103515625,40.92906951904297,0.011815990321338177,0.07776881009340286,0.10870137810707092,1200.53857421875,46.28166198730469,0.014483417384326458,0.08243536949157715,0.12034706771373749
226,1091.410400390625,39.28599166870117,0.011548146605491638,0.07640091329813004,0.10746230185031891,1202.93408203125,46.114742279052734,0.01449340209364891,0.08217554539442062,0.12038854509592056
227,1095.7923583984375,40.60699462890625,0.01185105461627245,0.0770803689956665,0.10886255651712418,1204.0181884765625,46.407066345214844,0.01454305462539196,0.08359494060277939,0.1205945760011673
