epoch,RMSE_P,RMSE_T,loss,mean_absolute_error,root_mean_squared_error,val_RMSE_P,val_RMSE_T,val_loss,val_mean_absolute_error,val_root_mean_squared_error
0,2432.46484375,152.92764282226562,0.09570994973182678,0.24528872966766357,0.3093702495098114,1845.986083984375,93.00997924804688,0.0413634218275547,0.1594206988811493,0.20337998867034912
1,1822.445556640625,96.84207153320312,0.04264841228723526,0.1627683788537979,0.20651490986347198,1591.417236328125,74.17123413085938,0.02895873598754406,0.13111697137355804,0.17017266154289246
2,1661.2757568359375,82.6662826538086,0.03338458761572838,0.14151082932949066,0.18271449208259583,1478.349853515625,66.2780532836914,0.02432255633175373,0.11988764256238937,0.15595689415931702
3,1555.0284423828125,74.4994125366211,0.028253236785531044,0.12829060852527618,0.16808699071407318,1430.298095703125,58.544822692871094,0.02140234224498272,0.11030396074056625,0.14629539847373962
4,1468.1141357421875,69.87019348144531,0.025063998997211456,0.1206544041633606,0.15831613540649414,1396.5888671875,55.3205451965332,0.0199687909334898,0.1046396791934967,0.14131097495555878
5,1411.965087890625,63.20261764526367,0.022045083343982697,0.11290095001459122,0.14847587049007416,1375.410400390625,51.93916702270508,0.0188327357172966,0.10022146254777908,0.13723240792751312
6,1386.55078125,59.76056671142578,0.02081986516714096,0.10779072344303131,0.14429090917110443,1355.1124267578125,51.02829360961914,0.018252940848469734,0.09819439798593521,0.13510344922542572
7,1362.6666259765625,58.25441360473633,0.02010928839445114,0.10600769519805908,0.1418072134256363,1345.345947265625,50.787010192871094,0.01802707277238369,0.0972217246890068,0.13426494598388672
8,1341.0872802734375,56.61157989501953,0.019184928387403488,0.10289964079856873,0.13850967586040497,1351.263916015625,49.538246154785156,0.01783534325659275,0.09660375118255615,0.1335490345954895
9,1327.7403564453125,57.456260681152344,0.01913866214454174,0.10270290821790695,0.13834257423877716,1341.9788818359375,50.27639389038086,0.017819365486502647,0.09689948707818985,0.133489191532135
10,1293.845458984375,54.26633834838867,0.017738349735736847,0.09841850399971008,0.13318540155887604,1373.687255859375,48.17213439941406,0.01795669086277485,0.09743499010801315,0.13400258123874664
11,1289.6983642578125,53.145263671875,0.017557872459292412,0.0981443002820015,0.1325061172246933,1335.420166015625,48.25834655761719,0.017297696322202682,0.09473782032728195,0.13152070343494415
12,1305.420166015625,51.9716796875,0.017435722053050995,0.09736937284469604,0.13204438984394073,1332.571533203125,48.02370834350586,0.017183536663651466,0.09449327737092972,0.13108599185943604
13,1259.5206298828125,52.05170440673828,0.01674002967774868,0.09513270109891891,0.12938328087329865,1337.3294677734375,48.146453857421875,0.01727624423801899,0.09503380209207535,0.13143913447856903
14,1282.531005859375,51.95641326904297,0.017108941450715065,0.0968087911605835,0.13080115616321564,1339.384033203125,48.483150482177734,0.017380381003022194,0.09537405520677567,0.13183467090129852
15,1262.0489501953125,50.68726348876953,0.016467278823256493,0.09437686949968338,0.12832489609718323,1336.554931640625,47.7601203918457,0.017207929864525795,0.09440180659294128,0.13117900490760803
16,1265.4244384765625,50.568233489990234,0.016428247094154358,0.09343665093183517,0.12817272543907166,1334.0526123046875,47.40152359008789,0.017084622755646706,0.09401881694793701,0.13070815801620483
17,1254.1884765625,49.76884460449219,0.01615474559366703,0.09315389394760132,0.12710131704807281,1325.191650390625,47.42466354370117,0.01692992076277733,0.09344984591007233,0.13011503219604492
18,1261.759521484375,49.84696578979492,0.01621786691248417,0.09350597113370895,0.1273493766784668,1332.0006103515625,48.28478240966797,0.01721987873315811,0.09436032921075821,0.13122454285621643
19,1252.4410400390625,48.38013458251953,0.01577655039727688,0.09199903905391693,0.12560473382472992,1333.357177734375,47.117042541503906,0.017008984461426735,0.09369344264268875,0.13041849434375763
20,1269.268310546875,50.34429931640625,0.01647762954235077,0.09372945874929428,0.12836521863937378,1334.387939453125,47.63505935668945,0.017117993906140327,0.09406043589115143,0.13083575665950775
21,1275.5072021484375,49.91892623901367,0.01643812097609043,0.09406130015850067,0.12821123003959656,1318.423095703125,47.33554458618164,0.016813896596431732,0.09261173754930496,0.12966839969158173
22,1260.4356689453125,50.76911163330078,0.016408635303378105,0.09397181868553162,0.12809619307518005,1323.8045654296875,47.17064666748047,0.016840709373354912,0.09317225217819214,0.12977175414562225
23,1240.5211181640625,49.29595184326172,0.015806209295988083,0.0922502800822258,0.1257227510213852,1317.1038818359375,48.1563606262207,0.01692461036145687,0.09312879294157028,0.13009461760520935
24,1239.688232421875,48.954322814941406,0.01563839428126812,0.09101948887109756,0.1250535547733307,1314.678955078125,48.380409240722656,0.01692061312496662,0.09265588968992233,0.1300792545080185
25,1256.8544921875,48.249603271484375,0.015814581885933876,0.09152030944824219,0.12575604021549225,1331.306884765625,47.836116790771484,0.017095983028411865,0.09391888976097107,0.1307516098022461
26,1247.5247802734375,48.61054229736328,0.015639549121260643,0.09064508229494095,0.12505818903446198,1313.446533203125,47.83704376220703,0.016802242025732994,0.09245400130748749,0.12962345778942108
27,1242.3785400390625,48.51667022705078,0.015637215226888657,0.09150070697069168,0.12504884600639343,1334.6976318359375,47.6272087097168,0.01713215559720993,0.09362463653087616,0.1308898627758026
28,1242.106201171875,47.20844268798828,0.015447014942765236,0.09037277847528458,0.12428601831197739,1325.551513671875,47.05786895751953,0.016845205798745155,0.09309319406747818,0.1297890692949295
29,1241.3353271484375,47.600929260253906,0.015485641546547413,0.09045295417308807,0.12444131821393967,1317.736328125,47.84344482421875,0.01685299724340439,0.09320349246263504,0.1298190951347351
30,1246.2537841796875,48.68373489379883,0.015673315152525902,0.09144008159637451,0.12519310414791107,1323.6923828125,47.46757125854492,0.01689382828772068,0.093220055103302,0.12997625768184662
31,1238.9544677734375,46.366127014160156,0.015208329074084759,0.09020345658063889,0.12332205474376678,1329.733154296875,46.89891052246094,0.01688678190112114,0.09382126480340958,0.129949152469635
32,1234.809326171875,47.669342041015625,0.015297169797122478,0.0899205356836319,0.12368173152208328,1324.5643310546875,47.42619323730469,0.016879631206393242,0.09384279698133469,0.12992163002490997
33,1222.213134765625,48.56163024902344,0.015258662402629852,0.0901416540145874,0.1235259547829628,1304.4510498046875,47.914894104003906,0.01662520505487919,0.09273592382669449,0.12893876433372498
34,1236.649169921875,48.01420974731445,0.015291111543774605,0.09039659053087234,0.1236572340130806,1306.6923828125,48.154747009277344,0.016720294952392578,0.09290290623903275,0.12930698692798615
35,1223.827880859375,47.22101593017578,0.015024778433144093,0.08939623832702637,0.12257560342550278,1299.684814453125,48.17836380004883,0.016606362536549568,0.0923309400677681,0.12886567413806915
36,1231.6256103515625,47.45035934448242,0.015149995684623718,0.09046927839517593,0.12308531254529953,1310.56396484375,47.150230407714844,0.016593201085925102,0.09255199879407883,0.12881459295749664
37,1230.258544921875,47.987579345703125,0.015361189842224121,0.09001000225543976,0.12394026666879654,1312.7188720703125,48.02994918823242,0.016795866191387177,0.09314782172441483,0.12959887087345123
38,1219.8072509765625,47.74597930908203,0.015143005177378654,0.0895683616399765,0.12305691838264465,1303.427001953125,47.373050689697266,0.016520259901881218,0.09214560687541962,0.12853115797042847
39,1207.1937255859375,47.51856994628906,0.014885786920785904,0.08895260095596313,0.12200731039047241,1312.228759765625,48.50149154663086,0.016890142112970352,0.09325481206178665,0.12996208667755127
40,1212.5582275390625,47.093116760253906,0.014935365878045559,0.08825146406888962,0.12221032381057739,1316.8082275390625,47.462520599365234,0.01675834320485592,0.09300872683525085,0.12945401668548584
41,1198.525634765625,46.45753479003906,0.014649770222604275,0.08797913789749146,0.12103623151779175,1289.832763671875,48.163753509521484,0.01645103096961975,0.09142394363880157,0.12826156616210938
42,1208.5191650390625,47.22842788696289,0.01492820493876934,0.0881868451833725,0.12218102812767029,1308.4403076171875,47.687599182128906,0.016643432900309563,0.09264152497053146,0.1290094256401062
43,1220.925537109375,47.01284408569336,0.015000970102846622,0.0883653312921524,0.12247844785451889,1299.2705078125,47.57216262817383,0.016462508589029312,0.09213010966777802,0.1283063143491745
44,1224.618408203125,46.79757308959961,0.014979022555053234,0.08943895995616913,0.1223888099193573,1341.2257080078125,47.34815979003906,0.017146488651633263,0.0945090502500534,0.13094459474086761
45,1211.2279052734375,46.056758880615234,0.014695622026920319,0.08770034462213516,0.1212254986166954,1297.3228759765625,47.96584701538086,0.01650770753622055,0.0919012576341629,0.12848232686519623
46,1226.0318603515625,45.6883544921875,0.0148123474791646,0.08791563659906387,0.12170598655939102,1293.520263671875,46.784156799316406,0.016215790063142776,0.09134627133607864,0.12734124064445496
47,1199.675537109375,46.55502700805664,0.014599746093153954,0.08760928362607956,0.12082941085100174,1305.7969970703125,47.42913055419922,0.016544746235013008,0.09225774556398392,0.12862637639045715
48,1207.7537841796875,45.527626037597656,0.014439977705478668,0.08739582449197769,0.12016645818948746,1336.092529296875,46.461334228515625,0.016908003017306328,0.09354086965322495,0.1300307810306549
49,1215.5419921875,46.49028778076172,0.01475309394299984,0.0885322317481041,0.12146231532096863,1298.5958251953125,48.02836227416992,0.016544153913855553,0.09231843799352646,0.1286240667104721
50,1221.7021484375,47.337242126464844,0.01495297346264124,0.08789267390966415,0.12228234857320786,1316.696533203125,47.729190826416016,0.016798391938209534,0.09316796809434891,0.129608616232872
51,1208.943359375,46.225040435791016,0.01470208540558815,0.08809764683246613,0.1212521567940712,1284.319091796875,47.877445220947266,0.01628223992884159,0.09094265848398209,0.12760187685489655
52,1198.473388671875,45.46715545654297,0.014292416162788868,0.08658227324485779,0.11955089122056961,1285.0631103515625,48.4833869934082,0.01640160009264946,0.09157744795084,0.1280687302350998
53,1212.2603759765625,45.75102996826172,0.014625187031924725,0.08739027380943298,0.12093464285135269,1294.4697265625,47.352684020996094,0.01633176952600479,0.09140456467866898,0.12779581546783447
54,1193.280029296875,45.423431396484375,0.014257305301725864,0.08673460781574249,0.11940395087003708,1283.778076171875,47.87062454223633,0.016268206760287285,0.090874083340168,0.12754689157009125
55,1206.767333984375,45.568416595458984,0.01461597066372633,0.08741538226604462,0.12089653313159943,1300.007568359375,47.05973815917969,0.01637023687362671,0.09164245426654816,0.12794622778892517
56,1189.7271728515625,45.372554779052734,0.014254272915422916,0.0861954465508461,0.11939126998186111,1303.600341796875,47.248329162597656,0.01646779291331768,0.09156527370214462,0.1283268928527832
57,1207.16015625,45.814430236816406,0.014499624259769917,0.08691582828760147,0.1204143837094307,1298.920166015625,46.869354248046875,0.01631174422800541,0.09167153388261795,0.12771745026111603
58,1200.892578125,44.949310302734375,0.014322339557111263,0.08657502382993698,0.11967597901821136,1307.8585205078125,46.550941467285156,0.016415243968367577,0.09222004562616348,0.1281219869852066
59,1201.0797119140625,45.41140365600586,0.0143126817420125,0.08643925935029984,0.11963561922311783,1286.591552734375,46.86866760253906,0.016112787649035454,0.09078392386436462,0.1269361525774002
60,1218.425537109375,45.59135818481445,0.01455628126859665,0.08729944378137589,0.12064941227436066,1301.260986328125,46.53318405151367,0.01629362255334854,0.09158280491828918,0.12764647603034973
61,1203.957275390625,45.76978302001953,0.014404320158064365,0.08609805256128311,0.12001799792051315,1285.723876953125,46.871917724609375,0.016078641638159752,0.09129885584115982,0.12680159509181976
62,1213.48681640625,45.39398956298828,0.014459049329161644,0.08704677224159241,0.1202457845211029,1289.7637939453125,47.021827697753906,0.01617378182709217,0.09130660444498062,0.1271761804819107
63,1203.02978515625,45.79889678955078,0.014429830014705658,0.08707370609045029,0.12012422829866409,1293.474853515625,47.1607666015625,0.01627402752637863,0.09141872078180313,0.12756969034671783
64,1199.5406494140625,45.30921173095703,0.014312449842691422,0.0871405079960823,0.11963465064764023,1286.4940185546875,47.06570816040039,0.01613178849220276,0.09079484641551971,0.12701097130775452
65,1189.2646484375,45.36333084106445,0.014235977083444595,0.08677702397108078,0.11931461840867996,1271.3134765625,46.9452018737793,0.015872392803430557,0.08964776247739792,0.12598568201065063
66,1208.589111328125,45.43091583251953,0.014346232637763023,0.08650495857000351,0.11977575719356537,1288.505615234375,46.358123779296875,0.016036558896303177,0.0909322053194046,0.12663553655147552
67,1196.8433837890625,44.77154541015625,0.014246111735701561,0.08611677587032318,0.11935707181692123,1304.089111328125,46.53921890258789,0.016342194750905037,0.09180184453725815,0.12783659994602203
68,1195.3204345703125,45.90378189086914,0.014404173009097576,0.08654145896434784,0.1200173869729042,1303.702392578125,47.316993713378906,0.016483904793858528,0.0919681191444397,0.1283896565437317
69,1188.7587890625,45.62678527832031,0.014198405668139458,0.0855799987912178,0.11915706098079681,1323.2420654296875,46.74855422973633,0.016718586906790733,0.0925973430275917,0.12930037081241608
70,1218.6412353515625,44.803504943847656,0.014557563699781895,0.08710091561079025,0.12065473198890686,1301.6497802734375,47.1807746887207,0.016415566205978394,0.09164714068174362,0.12812325358390808
71,1192.525634765625,45.444889068603516,0.014236094430088997,0.08649984002113342,0.11931510269641876,1299.420166015625,47.14100646972656,0.016373908147215843,0.09159862995147705,0.12796057760715485
72,1204.06640625,45.416893005371094,0.014418878592550755,0.08663266897201538,0.12007863819599152,1323.6676025390625,47.0551872253418,0.016784124076366425,0.09301268309354782,0.12955355644226074
73,1186.6944580078125,44.71126937866211,0.013956828974187374,0.08559087663888931,0.11813902109861374,1279.0712890625,46.95586013793945,0.016001975163817406,0.09037408232688904,0.12649890780448914
74,1191.6259765625,44.829429626464844,0.013947862200438976,0.08566749840974808,0.11810106784105301,1281.350341796875,47.33552169799805,0.016105029731988907,0.090481236577034,0.12690559029579163
75,1196.843017578125,45.49016571044922,0.014210307970643044,0.08583994209766388,0.1192069947719574,1278.6817626953125,46.923648834228516,0.015979481860995293,0.09044162929058075,0.12640997767448425
76,1193.8553466796875,45.24347686767578,0.01420468371361494,0.08622313290834427,0.11918340623378754,1278.4971923828125,47.141475677490234,0.016019346192479134,0.09067078679800034,0.1265675574541092
77,1173.968017578125,44.87404251098633,0.013830756768584251,0.08461862802505493,0.11760424077510834,1274.0775146484375,47.861717224121094,0.016081325709819794,0.09057146310806274,0.1268121600151062
78,1191.298095703125,45.862552642822266,0.01416387502104044,0.08624255657196045,0.11901208013296127,1271.5631103515625,48.045257568359375,0.01608765684068203,0.09040018171072006,0.1268371343612671
79,1193.0540771484375,45.27371597290039,0.014098413288593292,0.08552104234695435,0.11873674392700195,1287.293701171875,47.47364044189453,0.016206419095396996,0.09117833524942398,0.12730443477630615
80,1185.87646484375,44.68047332763672,0.013911232352256775,0.08541476726531982,0.11794588714838028,1280.5985107421875,46.47356033325195,0.01594439707696438,0.09018471091985703,0.1262711137533188
81,1191.8614501953125,44.56476593017578,0.013870772905647755,0.08532287925481796,0.11777424812316895,1286.09521484375,46.915016174316406,0.016095353290438652,0.09130776673555374,0.12686745822429657
82,1184.090576171875,44.812870025634766,0.013969061896204948,0.08574195951223373,0.11819078773260117,1287.0677490234375,46.34302520751953,0.016008738428354263,0.0903586745262146,0.1265256404876709
83,1188.090087890625,44.529659271240234,0.013874893076717854,0.08529645204544067,0.11779173463582993,1285.564697265625,47.021732330322266,0.01610238291323185,0.0909171774983406,0.12689515948295593
84,1181.3680419921875,44.316261291503906,0.013803507201373577,0.08512526005506516,0.1174883246421814,1272.43359375,46.595481872558594,0.015797561034560204,0.08977515995502472,0.1256883442401886
85,1169.88916015625,44.92525863647461,0.01385565847158432,0.08524306118488312,0.11771005392074585,1273.2742919921875,47.42382049560547,0.015982449054718018,0.09020626544952393,0.1264217048883438
86,1173.8685302734375,44.07524108886719,0.01371927559375763,0.08450634777545929,0.11712931096553802,1268.2188720703125,47.378089904785156,0.01589041016995907,0.08989356458187103,0.12605716288089752
87,1168.1114501953125,44.05435562133789,0.013473358005285263,0.08433915674686432,0.11607479304075241,1275.1766357421875,46.194454193115234,0.0157806184142828,0.08988972753286362,0.12562093138694763
88,1173.3743896484375,43.71269607543945,0.013563030399382114,0.08449691534042358,0.11646042764186859,1295.5308837890625,46.08568572998047,0.016123389825224876,0.09066937118768692,0.12697790563106537
89,1171.749755859375,45.354637145996094,0.013835699297487736,0.08461965620517731,0.11762525886297226,1278.01708984375,47.26892852783203,0.01602272503077984,0.09040184319019318,0.12658090889453888
90,1175.1195068359375,45.33197021484375,0.013862456195056438,0.08441648632287979,0.11773893237113953,1263.4483642578125,46.56226348876953,0.015647966414690018,0.08929658681154251,0.12509183585643768
91,1176.76220703125,44.13872528076172,0.01365682017058134,0.08470726013183594,0.11686240136623383,1276.5277099609375,46.083038330078125,0.015787873417139053,0.08954382687807083,0.1256498098373413
92,1176.1114501953125,43.51571273803711,0.013544080778956413,0.08430558443069458,0.1163790374994278,1265.2388916015625,46.56658172607422,0.015673544257879257,0.08933406323194504,0.1251940280199051
93,1183.829345703125,45.108306884765625,0.013977308757603168,0.08541093021631241,0.11822567135095596,1271.3970947265625,46.556331634521484,0.015762798488140106,0.08987400680780411,0.12554998695850372
94,1167.736572265625,43.996665954589844,0.013520853593945503,0.08388280123472214,0.11627920717000961,1273.609619140625,46.73271942138672,0.01584896259009838,0.08981157839298248,0.12589266896247864
95,1185.611572265625,43.751731872558594,0.013730044476687908,0.08463723957538605,0.11717527359724045,1288.4315185546875,46.67186737060547,0.01608603447675705,0.09061271697282791,0.12683072686195374
96,1163.8231201171875,43.928192138671875,0.013368926011025906,0.08391333371400833,0.1156240701675415,1268.91845703125,46.75617218017578,0.01576361618936062,0.08957613259553909,0.12555323541164398
97,1177.003662109375,44.73452377319336,0.013692576438188553,0.08443683385848999,0.1170152872800827,1268.1888427734375,46.6379280090332,0.015755636617541313,0.08915013074874878,0.1255214512348175
98,1159.3492431640625,43.80558776855469,0.013451888225972652,0.08356151729822159,0.11598227173089981,1277.9290771484375,46.35140609741211,0.015858108177781105,0.09008600562810898,0.12592898309230804
99,1165.004638671875,44.183170318603516,0.013496902771294117,0.08421897143125534,0.11617617309093475,1273.1141357421875,46.380760192871094,0.015782255679368973,0.08965186029672623,0.12562744319438934
100,1167.0234375,43.45252227783203,0.013454129919409752,0.08350305259227753,0.11599194258451462,1274.9869384765625,46.25471115112305,0.015778111293911934,0.09022166579961777,0.12561096251010895
101,1177.231689453125,43.633846282958984,0.013459810055792332,0.08392505347728729,0.11601642519235611,1262.563720703125,46.410743713378906,0.015594624914228916,0.08916366845369339,0.12487844377756119
102,1169.630126953125,44.470115661621094,0.01369945053011179,0.08384235948324203,0.11704465001821518,1275.31494140625,46.23480987548828,0.01577257178723812,0.09009602665901184,0.12558890879154205
103,1166.9447021484375,43.12372970581055,0.01332608051598072,0.08341638743877411,0.11543864756822586,1260.932373046875,45.876548767089844,0.015477191656827927,0.08879347145557404,0.12440735846757889
104,1162.6981201171875,44.261409759521484,0.013380209915339947,0.08415300399065018,0.11567285656929016,1258.8519287109375,45.89196014404297,0.015449661761522293,0.08831370621919632,0.12429667264223099
105,1154.3345947265625,44.06974792480469,0.013221756555140018,0.08283177763223648,0.11498589813709259,1263.712646484375,46.31854248046875,0.015596204437315464,0.08919339627027512,0.12488476932048798
106,1164.555419921875,43.322723388671875,0.013317477889358997,0.08313382416963577,0.11540137231349945,1260.4180908203125,47.000267028808594,0.015678824856877327,0.0894402414560318,0.12521511316299438
107,1156.755615234375,43.875083923339844,0.013403247110545635,0.08394233882427216,0.11577239632606506,1266.290283203125,46.698341369628906,0.015712851658463478,0.08973819017410278,0.12535090744495392
108,1161.072021484375,44.494606018066406,0.013526122085750103,0.08402907103300095,0.11630185693502426,1255.5023193359375,46.37358474731445,0.015477207489311695,0.08884081989526749,0.12440742552280426
109,1153.357666015625,43.835693359375,0.013215224258601665,0.08302070945501328,0.11495748907327652,1262.5006103515625,46.00387191772461,0.015525269322097301,0.08896459639072418,0.12460044026374817
110,1148.90869140625,43.38825225830078,0.013197818771004677,0.08235879242420197,0.11488176137208939,1271.245361328125,46.1915168762207,0.015712840482592583,0.08930610865354538,0.12535086274147034
111,1174.40087890625,43.48758316040039,0.013610351830720901,0.08392667025327682,0.11666341125965118,1260.93505859375,46.67346954345703,0.01564314216375351,0.08914791792631149,0.12507255375385284
112,1146.4527587890625,43.61717224121094,0.01311928778886795,0.08316096663475037,0.11453945934772491,1265.831298828125,46.293792724609375,0.015628674998879433,0.08904172480106354,0.12501469254493713
113,1146.4100341796875,44.486053466796875,0.013320835307240486,0.0827728658914566,0.11541592329740524,1255.0750732421875,46.4463005065918,0.015468867495656013,0.0887710228562355,0.1243739053606987
114,1153.1165771484375,43.137454986572266,0.013141687959432602,0.08261738717556,0.11463721096515656,1261.6767578125,45.82893753051758,0.015479330904781818,0.0884159579873085,0.12441596388816833
115,1167.4617919921875,43.43956756591797,0.013399094343185425,0.08341551572084427,0.11575445532798767,1266.443115234375,46.27294921875,0.015621189028024673,0.08929277211427689,0.1249847486615181
116,1165.08837890625,43.76954650878906,0.01337710116058588,0.08333078026771545,0.11565941572189331,1250.780029296875,46.35615158081055,0.015389930456876755,0.08810362219810486,0.12405616044998169
117,1150.7996826171875,44.25165939331055,0.013294667936861515,0.08372839540243149,0.11530250310897827,1285.107666015625,46.18593215942383,0.015922436490654945,0.09007440507411957,0.1261841356754303
118,1150.0860595703125,43.77018356323242,0.013130315579473972,0.08298373222351074,0.11458759009838104,1273.3629150390625,46.220550537109375,0.015736747533082962,0.08925383538007736,0.12544620037078857
119,1150.3394775390625,43.304935455322266,0.01311123464256525,0.08267232775688171,0.11450430005788803,1269.0467529296875,46.39613723754883,0.01570732519030571,0.08904645591974258,0.12532886862754822
120,1154.325439453125,43.390743255615234,0.013149860315024853,0.08283092081546783,0.11467283964157104,1259.775634765625,46.359619140625,0.015539906919002533,0.0885993093252182,0.12465916574001312
121,1144.9375,42.374603271484375,0.01292845793068409,0.08160057663917542,0.11370337754487991,1257.46826171875,46.44978713989258,0.015509269200265408,0.08890039473772049,0.12453621625900269
122,1155.859375,43.7225456237793,0.01326830592006445,0.08330295234918594,0.1151881292462349,1247.80810546875,46.734344482421875,0.015416627749800682,0.08832747489213943,0.12416371703147888
123,1142.749267578125,43.6254768371582,0.013083760626614094,0.08279509842395782,0.11438426375389099,1257.560791015625,46.21184539794922,0.015467328950762749,0.08863799273967743,0.12436771392822266
124,1139.97509765625,43.5460090637207,0.013012473471462727,0.0822661891579628,0.11407222598791122,1264.293701171875,46.47128677368164,0.015610168687999249,0.08972438424825668,0.1249406710267067
125,1141.9969482421875,43.04729080200195,0.013014773838222027,0.08233027905225754,0.11408230662345886,1265.015380859375,46.145591735839844,0.015572945587337017,0.08914352208375931,0.12479160726070404
126,1152.19921875,44.186485290527344,0.013260646723210812,0.08363033831119537,0.11515489220619202,1259.153076171875,46.16823196411133,0.015479007735848427,0.0889914482831955,0.12441466003656387
127,1128.6513671875,42.701393127441406,0.012797278352081776,0.08116590231657028,0.11312504857778549,1266.506103515625,46.43152618408203,0.015658289194107056,0.08944367617368698,0.12513308227062225
128,1138.35302734375,43.26994705200195,0.012905404902994633,0.08147163689136505,0.11360196024179459,1255.9686279296875,46.2121696472168,0.015442225150763988,0.0884874239563942,0.12426674365997314
129,1131.670166015625,43.51118850708008,0.012887246906757355,0.08180487155914307,0.113522008061409,1248.8739013671875,46.07299041748047,0.015310310758650303,0.08792763203382492,0.12373483926057816
130,1146.0316162109375,42.6861572265625,0.012958040460944176,0.08174768090248108,0.11383338272571564,1268.1171875,46.185340881347656,0.015653695911169052,0.08907851576805115,0.12511472404003143
131,1142.2215576171875,43.04792404174805,0.013004203327000141,0.08218633383512497,0.11403597146272659,1266.8929443359375,46.27952575683594,0.015649769455194473,0.08911602199077606,0.1250990331172943
132,1149.8118896484375,43.149044036865234,0.012982302345335484,0.0819198414683342,0.11393989622592926,1278.5926513671875,46.41593933105469,0.015865875408053398,0.09000275284051895,0.1259598284959793
133,1144.5521240234375,42.837806701660156,0.013004724867641926,0.08234484493732452,0.11403825879096985,1262.5389404296875,45.92758560180664,0.015491215512156487,0.08904065936803818,0.12446371465921402
134,1140.5701904296875,42.83730697631836,0.012900697067379951,0.08200673013925552,0.11358123272657394,1244.589111328125,46.513580322265625,0.01530516892671585,0.08788381516933441,0.12371405214071274
135,1133.0732421875,42.786094665527344,0.01284558605402708,0.08140741288661957,0.11333837360143661,1256.21337890625,46.27585983276367,0.015435267239809036,0.0886853039264679,0.1242387518286705
136,1137.2462158203125,43.13560104370117,0.01286589726805687,0.0819932147860527,0.11342793703079224,1242.4193115234375,45.98047637939453,0.015171037055552006,0.0873475894331932,0.12317076325416565
137,1144.0643310546875,42.445777893066406,0.012884595431387424,0.08188296854496002,0.11351033300161362,1247.8470458984375,46.103172302246094,0.015292243100702763,0.08796271681785583,0.12366180866956711
138,1136.467041015625,43.47869873046875,0.013013796880841255,0.08196233212947845,0.11407802999019623,1248.75,45.953025817871094,0.015274455770850182,0.08791951090097427,0.12358986586332321
139,1137.13916015625,42.74346160888672,0.012850421480834484,0.0817025750875473,0.11335969716310501,1247.9075927734375,45.927467346191406,0.015260222367942333,0.08732550591230392,0.1235322654247284
140,1125.9852294921875,43.43009567260742,0.012820146046578884,0.08131071925163269,0.11322607845067978,1254.9876708984375,46.02720642089844,0.015392332337796688,0.08819162845611572,0.1240658387541771
141,1135.9326171875,42.600162506103516,0.012767300009727478,0.08107410371303558,0.11299247294664383,1258.5416259765625,46.27081298828125,0.015483172610402107,0.0885230079293251,0.12443139404058456
142,1132.923095703125,42.34530258178711,0.012733306735754013,0.08124775439500809,0.11284195631742477,1248.0943603515625,46.050716400146484,0.01527981273829937,0.0875861719250679,0.12361153960227966
143,1131.3193359375,42.08092498779297,0.012633941136300564,0.08111467212438583,0.11240080744028091,1278.578369140625,45.93343734741211,0.015768032521009445,0.08935459703207016,0.12557083368301392
144,1137.7034912109375,42.74620819091797,0.01271770615130663,0.08107586205005646,0.11277281492948532,1274.110107421875,46.423187255859375,0.015745583921670914,0.09009028971195221,0.12548141181468964
145,1150.1656494140625,43.0992431640625,0.01301570888608694,0.08210279047489166,0.11408641189336777,1271.5238037109375,46.0787353515625,0.015641484409570694,0.08971360325813293,0.12506592273712158
146,1146.6556396484375,43.387901306152344,0.01294977217912674,0.08205335587263107,0.11379706859588623,1276.8507080078125,46.021705627441406,0.015721650794148445,0.0898233950138092,0.12538601458072662
147,1138.1495361328125,42.209529876708984,0.012757495976984501,0.0814131423830986,0.11294908821582794,1246.2174072265625,46.17241668701172,0.015264601446688175,0.0876513347029686,0.12354999780654907
148,1131.29345703125,42.172264099121094,0.012671592645347118,0.08115291595458984,0.11256816983222961,1263.0323486328125,45.99659729003906,0.015512846410274506,0.08864514529705048,0.12455058097839355
149,1134.0194091796875,42.4832878112793,0.012755450792610645,0.08080843091011047,0.11294002830982208,1262.280029296875,45.911460876464844,0.015481851994991302,0.08872836083173752,0.12442609667778015
150,1127.273681640625,42.148475646972656,0.012460703030228615,0.08090949803590775,0.11162751913070679,1272.1370849609375,46.497642517089844,0.015746725723147392,0.08990330249071121,0.12548595666885376
151,1121.6763916015625,42.49507141113281,0.012540087103843689,0.08072886615991592,0.11198253184556961,1250.3692626953125,45.909610748291016,0.015277738682925701,0.0878165066242218,0.12360315769910812
152,1130.447509765625,43.14136505126953,0.012725697830319405,0.08108486980199814,0.1128082349896431,1265.5491943359375,45.90660858154297,0.015525533817708492,0.08883288502693176,0.12460150569677353
153,1126.9136962890625,42.877899169921875,0.012741908431053162,0.0807596817612648,0.11288005858659744,1256.010498046875,46.0966796875,0.015407116152346134,0.08843635022640228,0.1241254061460495
154,1125.8001708984375,43.20039367675781,0.012621571309864521,0.08137424290180206,0.11234577000141144,1251.4818115234375,46.28401565551758,0.015356631018221378,0.08808112144470215,0.12392187118530273
155,1136.028076171875,42.673484802246094,0.012799033895134926,0.08196184039115906,0.11313281208276749,1259.166748046875,46.20989990234375,0.015474525280296803,0.0885762870311737,0.12439664453268051
156,1119.238525390625,42.8889045715332,0.012600233778357506,0.08110108971595764,0.11225076019763947,1253.3009033203125,46.205528259277344,0.015383129939436913,0.08828859031200409,0.1240287497639656
157,1125.7685546875,42.378631591796875,0.012612397782504559,0.0806335061788559,0.1123049333691597,1262.5548095703125,46.29393005371094,0.015559998340904713,0.08857671916484833,0.12473972141742706
158,1119.7301025390625,42.363311767578125,0.012537620961666107,0.08049053698778152,0.11197151988744736,1253.2291259765625,45.85221862792969,0.01533325295895338,0.08780188858509064,0.1238275095820427
159,1109.3951416015625,41.773048400878906,0.012328017503023148,0.08014713227748871,0.11103160679340363,1255.806640625,45.914695739746094,0.015388286672532558,0.0880609005689621,0.12404952943325043
160,1126.68798828125,43.0048942565918,0.012583938427269459,0.08095185458660126,0.11217815428972244,1253.54541015625,45.9090461730957,0.015335874632000923,0.08814484626054764,0.12383809685707092
161,1095.328857421875,41.57018280029297,0.012072098441421986,0.07880156487226486,0.10987310111522675,1264.163818359375,45.55358123779297,0.015443084761500359,0.0886310413479805,0.12427021563053131
162,1124.5130615234375,42.63500213623047,0.012561850249767303,0.0809701606631279,0.11207965761423111,1270.02587890625,46.04560089111328,0.015624526888132095,0.08929955959320068,0.12499810755252838
163,1131.3924560546875,42.441162109375,0.01270520593971014,0.08078581839799881,0.11271737515926361,1268.463623046875,46.01642990112305,0.015593571588397026,0.08926030248403549,0.12487421929836273
164,1124.105224609375,42.37092208862305,0.012428444810211658,0.0806000679731369,0.11148293316364288,1262.9620361328125,46.02404022216797,0.015505797229707241,0.0891735702753067,0.12452227622270584
165,1106.4149169921875,42.6449089050293,0.012343755923211575,0.08002772182226181,0.11110245436429977,1265.734619140625,45.837547302246094,0.015522757545113564,0.08875834941864014,0.12459036707878113
166,1132.3306884765625,42.3207893371582,0.012684838846325874,0.08130504190921783,0.11262699216604233,1272.82763671875,45.82379913330078,0.015630332753062248,0.08870541304349899,0.1250213235616684
167,1119.3114013671875,42.52584457397461,0.01253048051148653,0.0814870074391365,0.11193963140249252,1240.942626953125,46.432193756103516,0.015232186764478683,0.08706194907426834,0.12341874837875366
168,1125.55615234375,42.085655212402344,0.012549935840070248,0.08060704171657562,0.11202649772167206,1255.861328125,45.778045654296875,0.015347886830568314,0.08788856863975525,0.1238865852355957
169,1126.711181640625,42.953941345214844,0.012671229429543018,0.08069924265146255,0.11256655305624008,1255.290283203125,45.8896598815918,0.015346741303801537,0.08805669844150543,0.12388196587562561
170,1121.9381103515625,42.288116455078125,0.012559528462588787,0.08108232915401459,0.11206930130720139,1240.79345703125,46.013526916503906,0.01515046413987875,0.08671870827674866,0.12308721989393234
171,1116.9373779296875,41.90508270263672,0.012379899621009827,0.08000311255455017,0.11126499623060226,1249.686767578125,45.86870574951172,0.015262001194059849,0.0873580276966095,0.12353947758674622
172,1112.3377685546875,42.8197021484375,0.012473787181079388,0.08050836622714996,0.111686110496521,1237.025634765625,46.446197509765625,0.015169222839176655,0.08690712600946426,0.12316340208053589
173,1121.5106201171875,41.69120407104492,0.012368704192340374,0.08035965263843536,0.11121468991041183,1254.6383056640625,45.792701721191406,0.015330305323004723,0.08770802617073059,0.1238156110048294
174,1111.04248046875,42.30243682861328,0.012387769296765327,0.08033139258623123,0.11130035668611526,1257.02734375,45.92315673828125,0.015382984653115273,0.08800956606864929,0.12402816116809845
175,1113.889404296875,42.58464050292969,0.012425118125975132,0.08020008355379105,0.11146801710128784,1258.9913330078125,45.66712188720703,0.015365476720035076,0.08786575496196747,0.123957559466362
176,1112.1961669921875,42.09723663330078,0.012298173271119595,0.07991708070039749,0.11089713126420975,1257.304931640625,46.350948333740234,0.0154749546200037,0.08819679915904999,0.124398373067379
177,1112.933349609375,42.358436584472656,0.01236153393983841,0.0801418349146843,0.11118242889642715,1253.819580078125,46.061912536621094,0.015352293848991394,0.08787664026021957,0.12390437722206116
178,1125.974365234375,42.86227035522461,0.012605812400579453,0.08070480823516846,0.1122756078839302,1251.613525390625,46.063636779785156,0.015327575616538525,0.08752788603305817,0.12380459159612656
179,1107.7078857421875,42.86343002319336,0.012393442913889885,0.07967622578144073,0.11132583767175674,1250.287109375,45.87300491333008,0.015276619233191013,0.08740704506635666,0.1235986202955246
180,1103.3099365234375,41.083473205566406,0.011958757415413857,0.0786285251379013,0.1093561053276062,1255.8448486328125,46.05012130737305,0.01539192907512188,0.08811058849096298,0.12406420707702637
181,1116.466796875,41.105167388916016,0.012275204062461853,0.07960473746061325,0.11079352349042892,1242.84423828125,45.512046813964844,0.015078841708600521,0.08678095787763596,0.12279593199491501
182,1107.8856201171875,41.386024475097656,0.012164995074272156,0.07927047461271286,0.11029504239559174,1248.12841796875,45.53483963012695,0.015165151096880436,0.08737378567457199,0.12314686924219131
183,1108.3428955078125,42.24079132080078,0.012261666357517242,0.08019649237394333,0.11073240637779236,1245.048583984375,45.921897888183594,0.015186464414000511,0.08734815567731857,0.1232333704829216
184,1116.864501953125,42.20456314086914,0.01243946235626936,0.08030625432729721,0.11153233796358109,1275.4986572265625,45.29277038574219,0.015584759414196014,0.08873359113931656,0.1248389333486557
185,1090.5177001953125,42.03806686401367,0.012042674235999584,0.07922517508268356,0.10973912477493286,1258.1787109375,45.44484329223633,0.015334106050431728,0.08766324073076248,0.12383095175027847
186,1101.983642578125,42.05784225463867,0.012213850393891335,0.07942628860473633,0.11051628738641739,1251.6656494140625,45.38220977783203,0.015203936025500298,0.08702516555786133,0.12330424040555954
187,1094.8446044921875,41.18522262573242,0.01188713125884533,0.07889127731323242,0.10902812331914902,1247.037353515625,45.538475036621094,0.015169253572821617,0.08666010946035385,0.12316352128982544
188,1088.4732666015625,41.353450775146484,0.011873467825353146,0.07880478352308273,0.1089654415845871,1266.155029296875,45.66966247558594,0.015492524951696396,0.08801671862602234,0.12446897476911545
189,1096.9656982421875,42.170780181884766,0.012197825126349926,0.07935863733291626,0.11044377088546753,1258.6693115234375,45.49720001220703,0.015335050411522388,0.087628073990345,0.1238347664475441
190,1101.275634765625,41.537132263183594,0.012029200792312622,0.07964121550321579,0.10967771708965302,1245.7445068359375,45.82099533081055,0.01519444677978754,0.08661644160747528,0.12326575815677643
191,1110.921142578125,42.448020935058594,0.012414355762302876,0.08020789176225662,0.11141972988843918,1239.1571044921875,45.87321090698242,0.015101354569196701,0.08653014898300171,0.12288756668567657
192,1105.146484375,42.04071807861328,0.012314475141465664,0.08050200343132019,0.11097060143947601,1252.227783203125,45.89994430541992,0.015328398905694485,0.08723907917737961,0.12380791455507278
193,1118.0618896484375,42.19636154174805,0.012393413111567497,0.07973504811525345,0.1113257110118866,1268.923095703125,45.75325012207031,0.015555948950350285,0.08868196606636047,0.12472348660230637
194,1117.9151611328125,41.60216522216797,0.012396582402288914,0.07961977273225784,0.11133994162082672,1258.578857421875,45.82715606689453,0.015401704236865044,0.08783238381147385,0.1241036057472229
195,1113.265869140625,42.07740020751953,0.01229580957442522,0.07953110337257385,0.11088646948337555,1254.74658203125,45.71872329711914,0.015322092920541763,0.0876474678516388,0.1237824410200119
196,1116.8328857421875,42.43617630004883,0.01246584765613079,0.07937882095575333,0.11165056377649307,1266.893310546875,45.49071502685547,0.015468047000467777,0.08803822845220566,0.12437060475349426
197,1105.333251953125,41.96510314941406,0.012239706702530384,0.07975643873214722,0.11063320189714432,1247.0084228515625,45.910621643066406,0.015232698060572147,0.0872359424829483,0.1234208196401596
198,1107.9320068359375,41.68872833251953,0.012239172123372555,0.07969219982624054,0.11063079535961151,1247.143798828125,45.7900390625,0.015209817327558994,0.0870099663734436,0.12332808971405029
199,1084.8843994140625,41.486236572265625,0.011867052875459194,0.07850264012813568,0.10893600434064865,1258.3521728515625,45.49403762817383,0.015325727872550488,0.08765194565057755,0.12379712611436844
200,1105.935302734375,41.98072052001953,0.01231531985104084,0.08001232147216797,0.11097440868616104,1248.7303466796875,45.47378921508789,0.015184870921075344,0.08672711998224258,0.12322691082954407
201,1103.7039794921875,42.183536529541016,0.012226925231516361,0.0788906142115593,0.11057543009519577,1245.18408203125,46.02093505859375,0.015232420526444912,0.08715781569480896,0.12341968715190887
202,1081.6158447265625,41.90735626220703,0.011814676225185394,0.07819083333015442,0.10869533568620682,1273.056396484375,45.88994598388672,0.015664711594581604,0.08857640624046326,0.12515874207019806
203,1100.238525390625,41.857242584228516,0.012032130733132362,0.0790521427989006,0.1096910685300827,1261.5142822265625,45.42593002319336,0.01539311371743679,0.08744657784700394,0.124068982899189
204,1111.437255859375,41.45417785644531,0.012189707718789577,0.07961475849151611,0.11040700972080231,1268.14013671875,45.40358352661133,0.015487481839954853,0.08792074769735336,0.12444870173931122
205,1087.4437255859375,42.15632247924805,0.011931410059332848,0.07844417542219162,0.10923099517822266,1264.813232421875,45.4083251953125,0.015424652956426144,0.08783511072397232,0.12419602274894714
206,1095.5950927734375,41.32636260986328,0.012027016840875149,0.07945209741592407,0.10966775566339493,1260.7574462890625,45.321353912353516,0.015346596017479897,0.08723559230566025,0.12388137727975845
207,1103.2362060546875,41.31830978393555,0.012056454084813595,0.07922150939702988,0.10980188846588135,1253.7884521484375,45.552879333496094,0.015269779600203037,0.08692244440317154,0.12357094883918762
208,1091.7161865234375,41.420738220214844,0.011820405721664429,0.07867630571126938,0.10872168838977814,1261.209228515625,45.201351165771484,0.01534033752977848,0.0867803618311882,0.12385611981153488
209,1096.374755859375,41.75168991088867,0.012056447565555573,0.0791955441236496,0.10980185121297836,1256.277099609375,45.620460510253906,0.015317765064537525,0.08721276372671127,0.12376496195793152
210,1090.1119384765625,41.09074020385742,0.01181078888475895,0.07843339443206787,0.1086774542927742,1251.0792236328125,45.12378692626953,0.015155838802456856,0.08637551218271255,0.12310905009508133
211,1101.181640625,42.019325256347656,0.012082944624125957,0.07940158247947693,0.10992244631052017,1259.185791015625,45.73096466064453,0.01540351938456297,0.0871751457452774,0.12411091476678848
212,1098.987548828125,42.152774810791016,0.012114734388887882,0.07922498881816864,0.1100669577717781,1252.6143798828125,45.801124572753906,0.015310513786971569,0.08698547631502151,0.12373565882444382
213,1092.193115234375,41.164527893066406,0.01193036139011383,0.07887108623981476,0.10922620445489883,1253.5712890625,45.51128005981445,0.015288279391825199,0.0862632468342781,0.12364577502012253
214,1091.497314453125,41.522804260253906,0.011855226010084152,0.07836214452981949,0.10888171195983887,1264.572998046875,45.407264709472656,0.015436987392604351,0.08714070916175842,0.12424568086862564
215,1089.629638671875,41.11094665527344,0.011703914031386375,0.07766889780759811,0.10818462818861008,1282.341552734375,45.40009689331055,0.015709875151515007,0.08863163739442825,0.12533904612064362
216,1075.5006103515625,41.710670471191406,0.011695104651153088,0.07766406238079071,0.10814391076564789,1273.032958984375,45.162132263183594,0.015526716597378254,0.08723004162311554,0.12460624426603317
217,1079.679443359375,41.16197967529297,0.011818451806902885,0.07816176861524582,0.10871270298957825,1254.1927490234375,45.3905029296875,0.015246800146996975,0.08673200011253357,0.12347794324159622
218,1085.211669921875,41.05918884277344,0.011703633703291416,0.0772944837808609,0.10818332433700562,1262.7913818359375,45.41836929321289,0.015388350002467632,0.08709161728620529,0.12404979020357132
219,1089.417724609375,41.41779327392578,0.011843991465866566,0.07869993150234222,0.10883010178804398,1257.8026123046875,45.03886413574219,0.015241192653775215,0.08663120120763779,0.1234552264213562
220,1095.665771484375,41.31008529663086,0.011933979578316212,0.07842201739549637,0.1092427521944046,1247.5855712890625,45.24745559692383,0.015126298181712627,0.08548034727573395,0.12298901379108429
221,1087.4786376953125,41.65806198120117,0.011878683231770992,0.07859890908002853,0.10898936539888382,1248.188232421875,45.32611083984375,0.015142472460865974,0.08592414110898972,0.12305475026369095
222,1092.5902099609375,41.00377655029297,0.011827059090137482,0.07812092453241348,0.1087522804737091,1258.707763671875,45.14557647705078,0.015283224172890186,0.08638996630907059,0.12362533807754517
223,1091.244384765625,40.357337951660156,0.011662570759654045,0.07774557173252106,0.10799337178468704,1258.3260498046875,44.91773223876953,0.015237969346344471,0.08666538447141647,0.12344217300415039
224,1090.190185546875,41.569454193115234,0.011956310831010342,0.07915492355823517,0.10934491455554962,1250.0970458984375,45.24382400512695,0.015165397897362709,0.08633734285831451,0.1231478676199913
225,1090.09423828125,42.432674407958984,0.011941232718527317,0.07832038402557373,0.1092759445309639,1262.0224609375,45.37559509277344,0.015373475849628448,0.08767494559288025,0.12398982048034668
226,1087.2491455078125,41.13466262817383,0.011797310784459114,0.07811792939901352,0.10861542820930481,1265.222412109375,45.061466217041016,0.015384616330265999,0.08711694926023483,0.12403474003076553
227,1098.077880859375,40.9210319519043,0.011838003061711788,0.07843314856290817,0.10880258679389954,1265.3587646484375,45.06129455566406,0.015394935384392738,0.08719271421432495,0.12407632917165756
228,1096.3192138671875,41.423789978027344,0.01198822446167469,0.07828743755817413,0.10949075222015381,1260.97021484375,45.22504425048828,0.015350129455327988,0.08703523874282837,0.12389564514160156
229,1086.943115234375,40.765541076660156,0.011717068962752819,0.0779297798871994,0.10824541002511978,1248.7442626953125,45.2470817565918,0.015147536993026733,0.0863167941570282,0.12307532876729965
230,1100.226806640625,41.35265350341797,0.012085570022463799,0.07825737446546555,0.10993438214063644,1257.966552734375,45.05657196044922,0.015270530246198177,0.08695126324892044,0.12357398867607117
231,1087.368408203125,41.42229461669922,0.01184780802577734,0.07808492332696915,0.10884764045476913,1253.885986328125,45.540733337402344,0.015287932939827442,0.08678887039422989,0.1236443743109703
