epoch,RMSE_P,RMSE_T,loss,mean_absolute_error,root_mean_squared_error,val_RMSE_P,val_RMSE_T,val_loss,val_mean_absolute_error,val_root_mean_squared_error
0,2208.19580078125,132.06504821777344,0.07133297622203827,0.21028420329093933,0.2670823335647583,1841.21484375,98.0877685546875,0.04341210797429085,0.170638307929039,0.20835572481155396
1,1767.1602783203125,94.50481414794922,0.0403771698474884,0.15770815312862396,0.20094071328639984,1494.174072265625,71.02652740478516,0.026058506220579147,0.12454141676425934,0.16142646968364716
2,1610.2069091796875,81.00041961669922,0.03175670653581619,0.13618366420269012,0.17820411920547485,1379.7020263671875,70.12023162841797,0.023350676521658897,0.11714034527540207,0.152809277176857
3,1497.8463134765625,72.06005096435547,0.026297271251678467,0.12391587346792221,0.1621643304824829,1342.47119140625,64.56646728515625,0.021059731021523476,0.10897398740053177,0.14511971175670624
4,1455.47998046875,67.32662963867188,0.024235298857092857,0.11770190298557281,0.15567690134048462,1319.27978515625,61.02713394165039,0.019705718383193016,0.10444435477256775,0.14037705957889557
5,1417.9407958984375,64.53632354736328,0.022465990856289864,0.11225748062133789,0.1498865932226181,1264.44287109375,56.80587387084961,0.017679227516055107,0.09871191531419754,0.13296326994895935
6,1369.541259765625,59.131507873535156,0.020258722826838493,0.10584069788455963,0.14233313500881195,1244.2579345703125,54.177452087402344,0.016732415184378624,0.0954422727227211,0.1293538361787796
7,1351.8446044921875,57.31272888183594,0.019530482590198517,0.10414689034223557,0.13975149393081665,1238.0526123046875,51.61559295654297,0.01607203483581543,0.09265238791704178,0.12677553296089172
8,1349.073486328125,56.018558502197266,0.01908363401889801,0.10199329257011414,0.13814352452754974,1240.9847412109375,53.48195266723633,0.01648714579641819,0.09430290013551712,0.12840227782726288
9,1344.116943359375,56.7442741394043,0.019168121740221977,0.10246262699365616,0.13844898343086243,1242.5426025390625,52.481414794921875,0.016303490847349167,0.09306682646274567,0.12768512964248657
10,1339.6572265625,53.90896987915039,0.018368326127529144,0.09978862851858139,0.1355298012495041,1237.4832763671875,51.50456237792969,0.016013208776712418,0.09239067882299423,0.1265433132648468
11,1307.6573486328125,52.12230682373047,0.017799628898501396,0.09775372594594955,0.13341523706912994,1240.08349609375,52.11250305175781,0.01617349311709404,0.09276041388511658,0.12717504799365997
12,1308.5936279296875,52.52573013305664,0.017656316980719566,0.09697571396827698,0.13287708163261414,1231.39892578125,49.84275817871094,0.015562660992145538,0.09055589139461517,0.12475039809942245
13,1307.8509521484375,51.74867630004883,0.017360668629407883,0.09671192616224289,0.1317598968744278,1231.5340576171875,48.61732864379883,0.015304174274206161,0.0893162414431572,0.12371004372835159
14,1280.4774169921875,51.670654296875,0.016809668391942978,0.09519603103399277,0.12965209782123566,1230.413818359375,50.404754638671875,0.01563945785164833,0.09026980400085449,0.12505781650543213
15,1304.4737548828125,49.00285339355469,0.016840746626257896,0.09478925168514252,0.1297719031572342,1223.5648193359375,48.63229751586914,0.015156361274421215,0.0888100415468216,0.12311117351055145
16,1287.425048828125,50.63300704956055,0.017104821279644966,0.0948471650481224,0.13078540563583374,1208.0498046875,48.39896774291992,0.014870503917336464,0.0879448801279068,0.12194467335939407
17,1295.54833984375,50.19290542602539,0.01693124882876873,0.0943816602230072,0.13012012839317322,1210.2481689453125,48.880435943603516,0.015001734718680382,0.08803262561559677,0.1224815770983696
18,1269.19580078125,52.09395980834961,0.016965139657258987,0.09503304958343506,0.13025029003620148,1207.84326171875,50.0821533203125,0.01521534938365221,0.08894330263137817,0.12335051596164703
19,1286.85888671875,50.989158630371094,0.017027737572789192,0.094973623752594,0.13049037754535675,1209.4259033203125,50.71183776855469,0.015378264710307121,0.08934968709945679,0.1240091323852539
20,1275.0369873046875,50.013938903808594,0.016388611868023872,0.0928434357047081,0.12801800668239594,1210.166748046875,48.369056701660156,0.014910845085978508,0.08740872889757156,0.12210997939109802
21,1287.8994140625,48.567657470703125,0.01644698530435562,0.0932818278670311,0.12824580073356628,1207.0897216796875,48.06443405151367,0.014805268496274948,0.0875176340341568,0.12167689949274063
22,1274.7115478515625,47.602210998535156,0.015927862375974655,0.0906188115477562,0.12620562314987183,1205.6890869140625,47.55099105834961,0.014690584503114223,0.08700238913297653,0.12120471894741058
23,1250.8349609375,47.815093994140625,0.015663549304008484,0.09035710990428925,0.12515410780906677,1216.429931640625,48.18877410888672,0.014993898570537567,0.08804827183485031,0.12244956940412521
24,1282.646484375,48.3070182800293,0.01616903394460678,0.09075704216957092,0.12715750932693481,1206.1649169921875,48.62003707885742,0.014923248440027237,0.08738578855991364,0.12216074764728546
25,1261.85400390625,47.6865119934082,0.01574522815644741,0.09094779938459396,0.12547999620437622,1202.80712890625,46.64478302001953,0.014469360001385212,0.08559099584817886,0.1202886551618576
26,1252.1334228515625,47.3548698425293,0.015834372490644455,0.09040647000074387,0.12583470344543457,1203.569091796875,48.72959899902344,0.014881663024425507,0.0872838944196701,0.12199041992425919
27,1263.1993408203125,46.859771728515625,0.01574009470641613,0.09066561609506607,0.12545952200889587,1202.321533203125,46.15397262573242,0.014350026845932007,0.08497907966375351,0.11979159712791443
28,1260.1787109375,47.25135040283203,0.015748057514429092,0.0902785211801529,0.12549126148223877,1199.597412109375,46.44866180419922,0.01435566134750843,0.08542539179325104,0.11981511116027832
29,1276.0809326171875,47.1519660949707,0.015898283571004868,0.09062639623880386,0.12608839571475983,1196.15576171875,48.870094299316406,0.014768358319997787,0.0874960869550705,0.12152513116598129
30,1256.3134765625,46.55865478515625,0.015579490922391415,0.08998610079288483,0.12481783330440521,1198.78662109375,47.61097717285156,0.01457109022885561,0.08644066751003265,0.12071076780557632
31,1271.056640625,47.048912048339844,0.01583103835582733,0.09063185006380081,0.12582145631313324,1204.28955078125,46.3495979309082,0.014413396827876568,0.08548028022050858,0.12005580961704254
32,1255.1055908203125,46.497169494628906,0.015420069918036461,0.08937253803014755,0.12417756766080856,1196.1710205078125,46.011505126953125,0.014232328161597252,0.0846053957939148,0.11929932236671448
33,1253.367431640625,46.336761474609375,0.015379124321043491,0.08933492004871368,0.12401259690523148,1190.8756103515625,46.23440170288086,0.014187606982886791,0.08415619283914566,0.11911173909902573
34,1234.953125,45.386138916015625,0.01506531797349453,0.08864708989858627,0.12274085730314255,1188.48974609375,46.62980651855469,0.014212200418114662,0.08459407091140747,0.11921493709087372
35,1256.1163330078125,45.82658767700195,0.015366761945188046,0.08900469541549683,0.12396274507045746,1187.1221923828125,47.850337982177734,0.014413034543395042,0.08571271598339081,0.12005428969860077
36,1256.3187255859375,46.175804138183594,0.015396570786833763,0.08929313719272614,0.12408291548490524,1194.7999267578125,48.23707580566406,0.014629394747316837,0.08607842028141022,0.12095203250646591
37,1258.1524658203125,46.71820831298828,0.01567556895315647,0.0896785706281662,0.12520211935043335,1185.2430419921875,47.396854400634766,0.014301823452115059,0.08520234376192093,0.11959022283554077
38,1247.4825439453125,45.76674270629883,0.015096122398972511,0.0883522778749466,0.12286628037691116,1179.642578125,45.492759704589844,0.013847559690475464,0.08315082639455795,0.11767566204071045
39,1226.1798095703125,45.78427505493164,0.014750734902918339,0.08736712485551834,0.12145260721445084,1181.1934814453125,46.4217643737793,0.014044858515262604,0.08454672992229462,0.11851100623607635
40,1231.8363037109375,45.50028610229492,0.014989592134952545,0.08834953606128693,0.12243199348449707,1189.7137451171875,46.27638244628906,0.014155733399093151,0.0846201628446579,0.1189778670668602
41,1228.34912109375,45.81207275390625,0.014752103015780449,0.0874626412987709,0.12145822495222092,1193.567626953125,47.12384033203125,0.014410409145057201,0.08467298746109009,0.12004336714744568
42,1255.2841796875,45.4635124206543,0.015205752104520798,0.08797744661569595,0.1233116090297699,1175.500244140625,45.11896514892578,0.013722985982894897,0.0828033909201622,0.11714515835046768
43,1231.4498291015625,43.8870964050293,0.01464115921407938,0.08710706233978271,0.12100065499544144,1178.47021484375,45.48257827758789,0.013843884691596031,0.08318852633237839,0.1176600381731987
44,1235.6651611328125,45.36655807495117,0.015010729432106018,0.08783864229917526,0.12251827865839005,1172.0732421875,45.33076477050781,0.013708445243537426,0.08304592967033386,0.11708307266235352
45,1234.349365234375,44.68232345581055,0.014645257964730263,0.08696538209915161,0.12101759016513824,1186.8206787109375,45.72372817993164,0.014024500735104084,0.08354252576828003,0.11842508614063263
46,1243.1048583984375,45.45560836791992,0.015100033953785896,0.08766639977693558,0.12288219481706619,1180.2159423828125,46.05070495605469,0.013979248702526093,0.08370094001293182,0.11823387444019318
47,1258.5731201171875,45.455352783203125,0.01525459811091423,0.08839057385921478,0.12350950390100479,1182.169921875,46.05135726928711,0.014007165096700191,0.08375301957130432,0.11835186928510666
48,1218.8443603515625,45.825233459472656,0.01468215137720108,0.08700092881917953,0.12116992473602295,1173.8936767578125,45.21358871459961,0.013720075599849224,0.08287527412176132,0.11713272333145142
49,1224.1812744140625,44.519344329833984,0.014617722481489182,0.08680783957242966,0.12090377509593964,1168.70751953125,44.84965133666992,0.013570791110396385,0.08253604918718338,0.11649373918771744
50,1242.6832275390625,44.82957458496094,0.015027929097414017,0.0873691514134407,0.12258845567703247,1169.8812255859375,45.79573059082031,0.013760289177298546,0.08328494429588318,0.1173042580485344
51,1233.618896484375,45.282772064208984,0.01487220823764801,0.08701656758785248,0.12195166200399399,1176.2259521484375,46.60819625854492,0.01401738915592432,0.08404432982206345,0.11839506030082703
52,1250.3316650390625,45.02119064331055,0.015039676800370216,0.08741185814142227,0.1226363554596901,1171.47119140625,45.173667907714844,0.013683437369763851,0.08256935328245163,0.11697622388601303
53,1233.927734375,46.20851516723633,0.01509624719619751,0.087842658162117,0.12286677956581116,1166.50146484375,45.19566345214844,0.013599338941276073,0.08270891010761261,0.11661620438098907
54,1221.2220458984375,45.12347412109375,0.014533475041389465,0.08619584888219833,0.1205548644065857,1179.15234375,46.08639907836914,0.013966451399028301,0.08397683501243591,0.11817973852157593
55,1220.5006103515625,44.44028854370117,0.014531389810144901,0.08627771586179733,0.12054620683193207,1168.2501220703125,45.476375579833984,0.013677102513611317,0.08316326886415482,0.11694914847612381
56,1225.26025390625,44.08366775512695,0.014706762507557869,0.08700236678123474,0.12127143889665604,1173.89697265625,44.20945739746094,0.013542049564421177,0.08238743990659714,0.1163703128695488
57,1211.080078125,44.306236267089844,0.014356520026922226,0.0852452740073204,0.11981869488954544,1167.18212890625,46.50205612182617,0.013854149729013443,0.08380153030157089,0.11770366132259369
58,1193.0963134765625,44.87644958496094,0.014341468922793865,0.08592518419027328,0.11975587159395218,1163.77978515625,44.71500015258789,0.013486580923199654,0.0825607031583786,0.1161317378282547
59,1204.9383544921875,44.303016662597656,0.014204689301550388,0.08444128930568695,0.11918342858552933,1161.8763427734375,44.78244400024414,0.013467882759869099,0.08222181349992752,0.11605120450258255
60,1215.3511962890625,43.16982650756836,0.01427929662168026,0.08526758849620819,0.11949601024389267,1162.17333984375,44.524658203125,0.013434182852506638,0.08228282630443573,0.11590592563152313
61,1211.826416015625,44.73833084106445,0.014538932591676712,0.08572521060705185,0.12057749181985855,1168.87451171875,44.75002670288086,0.01357414573431015,0.08259104192256927,0.11650814116001129
62,1205.314208984375,44.29924392700195,0.014180419035255909,0.08497264981269836,0.11908157169818878,1167.6351318359375,45.08464050292969,0.013606665655970573,0.08260641992092133,0.1166476160287857
63,1212.8905029296875,44.48078155517578,0.014262889511883259,0.08539799600839615,0.11942733824253082,1175.99658203125,44.64535903930664,0.013669884763658047,0.08222778886556625,0.11691828072071075
64,1205.9107666015625,43.22609329223633,0.013957099057734013,0.08389577269554138,0.11814016848802567,1171.9654541015625,45.48207473754883,0.013751503080129623,0.08313886821269989,0.11726679652929306
65,1209.9317626953125,45.04087448120117,0.014534441754221916,0.08599432557821274,0.12055887281894684,1172.31494140625,44.768882751464844,0.013627775013446808,0.08241007477045059,0.11673805862665176
66,1192.889404296875,44.420894622802734,0.014198699966073036,0.08542759716510773,0.1191583052277565,1162.4136962890625,43.983070373535156,0.013339996337890625,0.0816684290766716,0.11549890041351318
67,1198.6568603515625,43.55531692504883,0.013947255909442902,0.0843852236866951,0.11809849739074707,1163.9207763671875,43.831443786621094,0.01333202887326479,0.08175154030323029,0.11546440422534943
68,1203.4288330078125,43.58925247192383,0.014180399477481842,0.08441510796546936,0.11908148229122162,1161.28369140625,43.87114334106445,0.013301308266818523,0.08149201422929764,0.11533129960298538
69,1185.3768310546875,43.75741195678711,0.0138989994302392,0.08430932462215424,0.1178940162062645,1162.25634765625,44.10514450073242,0.013362644240260124,0.08170202374458313,0.11559690535068512
70,1209.4637451171875,43.716121673583984,0.01436781045049429,0.08584201335906982,0.11986580491065979,1160.8807373046875,44.63670349121094,0.013433607295155525,0.08205831050872803,0.11590343713760376
71,1197.0751953125,44.383522033691406,0.014135865494608879,0.08429335802793503,0.11889435350894928,1163.01806640625,44.19971466064453,0.01337936520576477,0.08198528736829758,0.11566920578479767
72,1208.8558349609375,43.014610290527344,0.014007682912051678,0.08403483033180237,0.11835405975580215,1165.555908203125,45.235015869140625,0.013604697771370411,0.08251351863145828,0.11663917452096939
73,1182.7987060546875,44.09199523925781,0.01381277572363615,0.08361239731311798,0.11752776801586151,1162.588623046875,43.96614074707031,0.013333752751350403,0.08202750980854034,0.11547186970710754
74,1193.0382080078125,43.19837188720703,0.013936030678451061,0.08460959792137146,0.1180509701371193,1161.2823486328125,44.967529296875,0.013491898775100708,0.08249882608652115,0.11615463346242905
75,1199.9471435546875,44.0477180480957,0.013853339478373528,0.08400103449821472,0.11770021170377731,1166.4757080078125,45.34781265258789,0.013667898252606392,0.08250730484724045,0.11690978705883026
76,1189.8990478515625,43.14613342285156,0.013706255704164505,0.08346232026815414,0.11707372218370438,1168.42529296875,44.3382568359375,0.013507760129868984,0.0819290280342102,0.11622288823127747
77,1193.3714599609375,42.97052001953125,0.013726338744163513,0.08292011171579361,0.11715945601463318,1169.03173828125,44.49657440185547,0.013550368137657642,0.08259648829698563,0.11640604585409164
78,1206.1961669921875,42.519935607910156,0.013968052342534065,0.08356683701276779,0.11818651854991913,1176.15087890625,45.64213562011719,0.013868851587176323,0.08363822847604752,0.11776609718799591
79,1195.00927734375,44.00006103515625,0.013978034257888794,0.08434831351041794,0.1182287335395813,1179.2913818359375,44.96376419067383,0.013787584379315376,0.0831390991806984,0.11742054671049118
80,1193.5101318359375,43.84724044799805,0.01408073678612709,0.0838945060968399,0.1186622828245163,1168.3468017578125,44.74474334716797,0.013561908155679703,0.08279088139533997,0.11645560711622238
81,1211.2728271484375,43.93027877807617,0.01426029298454523,0.0850967988371849,0.11941646784543991,1166.7958984375,45.03066635131836,0.013599791564047337,0.08282765001058578,0.11661814153194427
82,1199.3165283203125,43.55112838745117,0.014012649655342102,0.08405250310897827,0.11837504059076309,1169.6011962890625,44.428470611572266,0.013547646813094616,0.08257275819778442,0.11639435589313507
83,1187.7490234375,43.380218505859375,0.013672382570803165,0.08398956060409546,0.11692896485328674,1174.2423095703125,45.49015808105469,0.013813108205795288,0.08323581516742706,0.11752919107675552
84,1185.70458984375,43.459049224853516,0.013749108649790287,0.0834537222981453,0.11725658178329468,1167.179443359375,44.24211120605469,0.013479169458150864,0.08180317282676697,0.11609982699155807
85,1190.4527587890625,43.9379768371582,0.013702345080673695,0.08324766904115677,0.11705701798200607,1165.3282470703125,44.71923828125,0.013523753732442856,0.08234833925962448,0.11629167199134827
86,1175.4654541015625,41.99342727661133,0.013537037186324596,0.08300762623548508,0.11634877324104309,1166.6160888671875,44.86956787109375,0.013581759296357632,0.08264613151550293,0.1165408045053482
87,1194.3629150390625,42.668331146240234,0.013844240456819534,0.08333401381969452,0.11766154319047928,1167.070068359375,44.545143127441406,0.013522670604288578,0.08263055980205536,0.11628701537847519
88,1194.8370361328125,43.13063049316406,0.01377930585294962,0.08364737778902054,0.11738529056310654,1170.60791015625,44.23576354980469,0.013527905568480492,0.08206387609243393,0.1163095235824585
89,1181.5499267578125,43.88497543334961,0.013838657177984715,0.08368057012557983,0.11763782054185867,1163.6614990234375,43.889747619628906,0.013350730761885643,0.08175105601549149,0.115545354783535
90,1202.177978515625,42.69110107421875,0.013693547807633877,0.08297952264547348,0.11701942980289459,1176.4599609375,44.23421859741211,0.013605698943138123,0.08240749686956406,0.11664346605539322
91,1200.130126953125,42.94660568237305,0.013892341405153275,0.08380816131830215,0.11786577850580215,1173.2230224609375,44.70303726196289,0.013636886142194271,0.08303777128458023,0.11677707731723785
92,1183.21826171875,42.4779167175293,0.013728385791182518,0.08309688419103622,0.11716819554567337,1174.6292724609375,43.76988983154297,0.013501479290425777,0.08234085887670517,0.11619585752487183
93,1192.943359375,43.18960189819336,0.013755897991359234,0.08392070233821869,0.11728554219007492,1168.4888916015625,43.96933364868164,0.013446123339235783,0.0814150795340538,0.11595742404460907
94,1168.9703369140625,42.46183776855469,0.01325851958245039,0.08189709484577179,0.11514564603567123,1165.754638671875,43.28239822387695,0.013283593580126762,0.08139819651842117,0.1152544766664505
95,1186.6207275390625,43.6168098449707,0.013792027719318867,0.08326447010040283,0.11743946373462677,1166.57763671875,43.963409423828125,0.013406265527009964,0.08167365938425064,0.11578542739152908
96,1168.29052734375,42.132137298583984,0.013403007760643959,0.08233997970819473,0.1157713532447815,1165.221923828125,43.92698669433594,0.01339646428823471,0.08183691650629044,0.11574309319257736
97,1196.232421875,42.19512939453125,0.013698270544409752,0.0828167125582695,0.11703960597515106,1166.09228515625,43.78153991699219,0.013374763540923595,0.08215426653623581,0.11564930528402328
98,1176.455322265625,42.28437042236328,0.013454127125442028,0.08234492689371109,0.11599192023277283,1162.22216796875,43.33375549316406,0.013240093365311623,0.08129295706748962,0.11506560444831848
99,1167.12939453125,43.3957405090332,0.01349281519651413,0.08326847851276398,0.11615857481956482,1161.8695068359375,43.75837707519531,0.013304484076797962,0.08153949677944183,0.1153450682759285
100,1169.245361328125,42.84257125854492,0.013208786956965923,0.08183243870735168,0.11492948979139328,1160.03564453125,43.417484283447266,0.013229350559413433,0.08108217269182205,0.11501891165971756
101,1185.1663818359375,42.56943893432617,0.013545144349336624,0.08237206190824509,0.1163836121559143,1166.60107421875,45.10525131225586,0.013626274652779102,0.08278612792491913,0.11673163622617722
102,1172.669677734375,44.063720703125,0.013671214692294598,0.08331745862960815,0.1169239729642868,1162.18994140625,45.37015914916992,0.013597189448773861,0.08285129815340042,0.11660698801279068
103,1176.2840576171875,43.40110397338867,0.013735232874751091,0.08308124542236328,0.1171974167227745,1161.0897216796875,45.36329650878906,0.013582251965999603,0.08272399008274078,0.11654292047023773
104,1162.3304443359375,42.957862854003906,0.013268657959997654,0.08213695883750916,0.11518966406583786,1168.86279296875,44.039146423339844,0.01346304826438427,0.08266067504882812,0.11603037267923355
105,1180.7110595703125,42.90279006958008,0.013387138023972511,0.08200449496507645,0.1157028004527092,1162.638427734375,43.26647186279297,0.013211830519139767,0.08136313408613205,0.11494272947311401
106,1181.2086181640625,42.858253479003906,0.013632197864353657,0.08366856724023819,0.11675700545310974,1166.8260498046875,43.812217712402344,0.013376153074204922,0.08177116513252258,0.115655317902565
107,1190.7679443359375,42.425689697265625,0.013589315116405487,0.08284731954336166,0.11657321453094482,1167.57373046875,44.010284423828125,0.013420415110886097,0.08153106272220612,0.11584651470184326
108,1165.7919921875,41.75387954711914,0.012977379374206066,0.08060261607170105,0.11391830444335938,1163.4146728515625,44.75562286376953,0.013489006087183952,0.08237192034721375,0.11614218354225159
109,1175.5277099609375,42.557044982910156,0.013400087133049965,0.0813874825835228,0.1157587468624115,1164.6348876953125,44.109107971191406,0.01338732149451971,0.08174756914377213,0.11570359021425247
110,1172.3699951171875,42.79368591308594,0.013240670785307884,0.08226988464593887,0.11506811529397964,1166.324462890625,44.05574035644531,0.013406085781753063,0.08178030699491501,0.115784652531147
111,1153.6029052734375,41.89707565307617,0.013092279434204102,0.0809987410902977,0.11442149430513382,1171.5155029296875,44.19596862792969,0.013507993891835213,0.08224930614233017,0.11622389405965805
112,1170.6416015625,42.56038284301758,0.013437670655548573,0.0820717066526413,0.11592096835374832,1167.4637451171875,43.585411071777344,0.013340984471142292,0.0813453197479248,0.11550317704677582
113,1174.303955078125,42.6239128112793,0.013505722396075726,0.0823785811662674,0.11621412634849548,1168.6060791015625,43.982940673828125,0.0134284608066082,0.08208300918340683,0.11588123440742493
114,1169.444091796875,42.54155731201172,0.013280488550662994,0.08166476339101791,0.11524099856615067,1165.1627197265625,43.60603332519531,0.013320349156856537,0.08152259886264801,0.11541381478309631
115,1163.5859375,42.813026428222656,0.013212490826845169,0.08126434683799744,0.11494559049606323,1163.4034423828125,43.765899658203125,0.013329111970961094,0.08170077204704285,0.11545177549123764
116,1170.533935546875,41.563987731933594,0.013199255801737309,0.08221480250358582,0.1148880124092102,1163.0201416015625,43.957176208496094,0.013360240496695042,0.08188286423683167,0.11558650434017181
117,1159.8011474609375,41.30667495727539,0.012952308170497417,0.08122748881578445,0.11380820721387863,1168.05126953125,43.062294006347656,0.013280159793794155,0.08128347992897034,0.11523957550525665
118,1172.7568359375,41.45455551147461,0.013318462297320366,0.08220235258340836,0.11540564149618149,1165.30810546875,43.90980529785156,0.013375421985983849,0.08194208890199661,0.1156521588563919
119,1174.58935546875,41.90809631347656,0.01331784576177597,0.0819832906126976,0.11540297418832779,1167.5894775390625,44.535850524902344,0.013528482988476753,0.08224885910749435,0.11631200462579727
120,1153.57421875,42.23171615600586,0.012927616015076637,0.08083158731460571,0.11369968205690384,1165.7330322265625,43.57150650024414,0.01332595944404602,0.08158127218484879,0.11543811857700348
121,1149.9593505859375,41.50001907348633,0.012851548381149769,0.08024893701076508,0.11336466670036316,1165.2286376953125,43.71180725097656,0.013345040380954742,0.08166627585887909,0.11552074551582336
122,1159.24755859375,41.703651428222656,0.01294996589422226,0.08094940334558487,0.11379791796207428,1164.39599609375,44.047607421875,0.013391268439590931,0.08164665102958679,0.11572064459323883
123,1146.3067626953125,42.0874137878418,0.012897797860205173,0.08058512210845947,0.11356846988201141,1158.22216796875,44.02635192871094,0.013301472179591656,0.08181175589561462,0.11533201485872269
124,1191.4654541015625,41.318180084228516,0.013298461213707924,0.08181937038898468,0.11531895399093628,1165.9315185546875,44.23381042480469,0.013448281213641167,0.08223486691713333,0.11596672981977463
125,1169.4915771484375,42.13568115234375,0.013313190080225468,0.08194047212600708,0.11538279801607132,1165.741455078125,43.901763916015625,0.013382882811129093,0.08173955976963043,0.11568441241979599
126,1159.479736328125,41.95479965209961,0.012990773655474186,0.0815175399184227,0.11397707462310791,1164.3599853515625,43.45777893066406,0.013286911882460117,0.08112186193466187,0.11526887118816376
127,1158.2783203125,41.964481353759766,0.013051283545792103,0.08096600323915482,0.11424221098423004,1163.1356201171875,44.16666030883789,0.013385175727307796,0.08215151727199554,0.1156943291425705
128,1160.0511474609375,42.025291442871094,0.013001003302633762,0.08085478097200394,0.11402193456888199,1158.3687744140625,43.63862991333008,0.013210614211857319,0.08137239515781403,0.114937424659729
129,1149.468994140625,41.39896011352539,0.012992842122912407,0.08086104691028595,0.11398614943027496,1159.1226806640625,43.79593276977539,0.013257757760584354,0.08142094314098358,0.1151423379778862
130,1150.0521240234375,42.009986877441406,0.013013727962970734,0.08037161082029343,0.11407772451639175,1156.1700439453125,43.61442184448242,0.013177943415939808,0.08091054856777191,0.11479522287845612
131,1153.5933837890625,42.30180358886719,0.013023004867136478,0.08087455481290817,0.11411838233470917,1153.392578125,44.61668395996094,0.013307511806488037,0.08172626793384552,0.11535818874835968
132,1153.592041015625,41.8745002746582,0.01299009658396244,0.081478051841259,0.11397410184144974,1155.10595703125,43.981346130371094,0.013238100335001945,0.08109213411808014,0.11505694687366486
133,1158.5682373046875,41.76329040527344,0.012990754097700119,0.08049675822257996,0.11397699266672134,1148.2803955078125,43.52355194091797,0.013047563843429089,0.08076819777488708,0.11422593146562576
134,1139.2662353515625,42.01210403442383,0.012866606004536152,0.08074824512004852,0.11343106627464294,1154.5592041015625,43.74562454223633,0.013175729662179947,0.08103720843791962,0.1147855818271637
135,1150.861328125,41.970882415771484,0.012894215993583202,0.08057811856269836,0.11355270445346832,1157.7315673828125,43.88526916503906,0.013250285759568214,0.0813729390501976,0.1151098906993866
136,1139.3668212890625,41.11415481567383,0.012438172474503517,0.0795925185084343,0.11152655631303787,1153.984130859375,43.73456954956055,0.01317256037145853,0.08137278258800507,0.1147717759013176
137,1149.6607666015625,40.99180221557617,0.012839093804359436,0.08058185875415802,0.11330972611904144,1155.73388671875,43.57946014404297,0.01316374447196722,0.081104576587677,0.11473336070775986
138,1149.1712646484375,41.647216796875,0.012779624201357365,0.08044371753931046,0.11304699629545212,1159.019775390625,43.77163314819336,0.013257634826004505,0.08177296817302704,0.11514180153608322
139,1142.9329833984375,40.6963005065918,0.01265295222401619,0.08038848638534546,0.11248534172773361,1158.9130859375,43.85912322998047,0.013280011713504791,0.08149892091751099,0.11523893475532532
140,1144.1302490234375,42.807621002197266,0.01285843551158905,0.080767422914505,0.11339503526687622,1152.554443359375,43.669376373291016,0.013142609037458897,0.08087868988513947,0.1146412268280983
141,1144.3800048828125,41.48838424682617,0.012782207690179348,0.08013032376766205,0.1130584254860878,1152.9766845703125,44.06555938720703,0.013206623494625092,0.08150938153266907,0.11492007225751877
142,1173.626953125,41.62876510620117,0.013204389251768589,0.08191224932670593,0.11491035670042038,1160.9583740234375,43.581851959228516,0.01323804259300232,0.08095724135637283,0.11505668610334396
143,1134.3349609375,42.341915130615234,0.012618440203368664,0.0804152861237526,0.1123318299651146,1162.49853515625,43.94309997558594,0.013320747762918472,0.08160987496376038,0.1154155507683754
144,1151.676025390625,41.53678894042969,0.012768177315592766,0.07985535264015198,0.11299636214971542,1158.4954833984375,43.6417121887207,0.013203160837292671,0.08111153542995453,0.11490501463413239
145,1148.3319091796875,42.2207145690918,0.012893921695649624,0.08064193278551102,0.11355140805244446,1157.642333984375,43.380306243896484,0.013162584975361824,0.08135678619146347,0.11472830176353455
146,1160.590087890625,42.22976303100586,0.01293847057968378,0.08116947114467621,0.11374739557504654,1153.793701171875,43.78661346435547,0.013174592517316341,0.08066319674253464,0.11478062719106674
147,1153.0704345703125,41.24238967895508,0.012669876217842102,0.07943377643823624,0.11256054788827896,1154.7589111328125,43.86807632446289,0.013208819553256035,0.08107355982065201,0.11492963135242462
148,1146.2474365234375,41.521156311035156,0.012736541219055653,0.07965965569019318,0.11285628378391266,1153.558349609375,43.5223274230957,0.013124785386025906,0.08081891387701035,0.1145634576678276
149,1145.5364990234375,42.137451171875,0.012817764654755592,0.08049359172582626,0.11321556568145752,1151.933837890625,43.96407699584961,0.01317187212407589,0.08114801347255707,0.11476877331733704
150,1131.233154296875,41.7321662902832,0.012702038511633873,0.0798366367816925,0.11270332336425781,1165.71826171875,44.97787857055664,0.013567001558840275,0.08211097121238708,0.11647747457027435
151,1136.132568359375,41.978946685791016,0.012867627665400505,0.08042678236961365,0.11343556642532349,1156.66162109375,44.04778289794922,0.013260415755212307,0.08131945133209229,0.11515387892723083
152,1122.212890625,41.63079833984375,0.012470515444874763,0.07934223115444183,0.11167144775390625,1149.278564453125,44.026790618896484,0.013126973994076252,0.08086002618074417,0.11457300931215286
153,1152.8648681640625,40.40495300292969,0.012737982906401157,0.07961532473564148,0.11286267638206482,1148.454345703125,43.68056869506836,0.01305726170539856,0.08091168105602264,0.11426837742328644
154,1150.752685546875,41.417850494384766,0.012833620421588421,0.08044178038835526,0.11328557133674622,1154.8919677734375,43.94416046142578,0.013215407729148865,0.08122289180755615,0.11495828628540039
155,1130.21630859375,40.28858184814453,0.012421764433383942,0.07907197624444962,0.11145297437906265,1152.7791748046875,43.792598724365234,0.013156193308532238,0.08104003220796585,0.11470045149326324
156,1135.8582763671875,40.688636779785156,0.012553910724818707,0.07925045490264893,0.11204423755407333,1161.94873046875,44.037841796875,0.013348249718546867,0.08125131577253342,0.11553462594747543
157,1126.6583251953125,41.28093719482422,0.012420744635164738,0.07878728955984116,0.11144839227199554,1152.1468505859375,43.92966842651367,0.013164280913770199,0.08144175261259079,0.1147356852889061
158,1130.7198486328125,40.97432327270508,0.01244808454066515,0.07910078763961792,0.11157098412513733,1146.88818359375,45.348594665527344,0.013334880582988262,0.0821179524064064,0.11547676473855972
159,1122.9498291015625,40.77760696411133,0.012388104572892189,0.07904842495918274,0.11130186170339584,1145.2225341796875,44.262813568115234,0.013121772557497025,0.08116188645362854,0.11455029994249344
160,1141.7716064453125,40.68146514892578,0.01250083465129137,0.07944303750991821,0.11180713772773743,1147.0660400390625,44.073238372802734,0.01311116199940443,0.08071108162403107,0.11450397968292236
161,1138.5816650390625,40.62302780151367,0.012414658442139626,0.07887327671051025,0.11142108589410782,1157.2835693359375,43.67085266113281,0.013196317479014397,0.08143668621778488,0.11487522721290588
162,1133.16552734375,41.120880126953125,0.012451175600290298,0.07952740788459778,0.11158484220504761,1161.0631103515625,43.94105529785156,0.013298542238771915,0.08153235912322998,0.11531930416822433
163,1136.4525146484375,40.94334030151367,0.012470264919102192,0.0792352557182312,0.11167033761739731,1151.661865234375,43.626522064208984,0.013088532723486423,0.08124785125255585,0.11440512537956238
164,1134.3846435546875,40.355628967285156,0.012470326386392117,0.07908878475427628,0.11167062073945999,1150.825927734375,43.60204315185547,0.013072684407234192,0.081095390021801,0.11433583498001099
165,1129.3125,40.78065490722656,0.012381200678646564,0.07953506708145142,0.11127084493637085,1152.414306640625,43.575862884521484,0.013093915767967701,0.08117245882749557,0.11442866176366806
166,1127.1341552734375,40.71788787841797,0.012489679269492626,0.07936608791351318,0.11175723373889923,1153.7601318359375,44.06554412841797,0.013197792693972588,0.08142109215259552,0.11488164961338043
167,1131.1707763671875,40.85890197753906,0.01247138436883688,0.07969201356172562,0.11167535185813904,1152.2410888671875,43.79311752319336,0.013138072565197945,0.08103306591510773,0.11462143063545227
168,1128.295166015625,40.934234619140625,0.01235828548669815,0.07861572504043579,0.11116782575845718,1147.88818359375,43.71006393432617,0.013057801872491837,0.08073114603757858,0.11427073925733566
169,1119.75537109375,41.104732513427734,0.012386653572320938,0.07881872355937958,0.11129534244537354,1149.23828125,43.75017166137695,0.013089552521705627,0.08100048452615738,0.11440958827733994
170,1133.1444091796875,40.42538833618164,0.012373114004731178,0.07831799238920212,0.11123450100421906,1150.10400390625,44.495018005371094,0.01322990097105503,0.08171292394399643,0.11502130329608917
171,1129.8253173828125,41.304603576660156,0.01240142434835434,0.078887939453125,0.11136167496442795,1152.2435302734375,44.305171966552734,0.013220690190792084,0.0815088227391243,0.1149812638759613
172,1142.183837890625,39.86082077026367,0.0124488715082407,0.07886979728937149,0.11157451570034027,1148.5418701171875,44.56797409057617,0.013210977427661419,0.0817047506570816,0.11493901908397675
173,1147.7132568359375,41.452972412109375,0.012664089910686016,0.07950881868600845,0.11253483593463898,1149.44677734375,44.41965103149414,0.013204744085669518,0.08151291310787201,0.11491189897060394
174,1146.306396484375,40.63713836669922,0.012524240650236607,0.07941695302724838,0.11191175132989883,1146.95556640625,44.958580017089844,0.013255983591079712,0.08167342841625214,0.11513464152812958
175,1120.82177734375,41.711387634277344,0.012334796600043774,0.07875418663024902,0.11106213182210922,1147.27490234375,43.729087829589844,0.013032414950430393,0.08058932423591614,0.11415960639715195
176,1138.3634033203125,40.02530288696289,0.012334777973592281,0.07844274491071701,0.11106204241514206,1143.4637451171875,44.29368209838867,0.013082998804748058,0.08130783587694168,0.11438094079494476
177,1137.1817626953125,41.77408981323242,0.012565565295517445,0.0791463553905487,0.11209623515605927,1140.8475341796875,44.471553802490234,0.013079958036541939,0.08105011284351349,0.11436764895915985
178,1120.802978515625,41.31019592285156,0.012362168170511723,0.07927028089761734,0.11118528991937637,1141.996337890625,43.77813720703125,0.012972459197044373,0.08083773404359818,0.11389670521020889
179,1125.0218505859375,40.71839141845703,0.012231914326548576,0.07834739983081818,0.11059798300266266,1147.0557861328125,43.77729797363281,0.013034926727414131,0.08120957016944885,0.11417059600353241
180,1128.1622314453125,40.442378997802734,0.012332833372056484,0.07842345535755157,0.11105328798294067,1143.7935791015625,43.34476852416992,0.012916391715407372,0.08050713688135147,0.11365029960870743
181,1137.2662353515625,40.94140625,0.012399385683238506,0.07930509746074677,0.11135253310203552,1142.13330078125,43.202232360839844,0.012859071604907513,0.08023674786090851,0.11339784413576126
182,1116.5435791015625,40.57101058959961,0.01218025479465723,0.07867137342691422,0.11036419123411179,1143.8470458984375,43.3823127746582,0.012924161739647388,0.0803358405828476,0.11368448287248611
183,1130.26416015625,41.46947479248047,0.012386086396872997,0.07877074182033539,0.11129279434680939,1142.2823486328125,44.09971618652344,0.013013235293328762,0.08056877553462982,0.11407557129859924
184,1130.8902587890625,40.95073699951172,0.012405430898070335,0.0789496973156929,0.11137966811656952,1144.589599609375,43.66429901123047,0.012976588681340218,0.08012858778238297,0.11391483247280121
185,1135.9715576171875,40.45750045776367,0.012360615655779839,0.0784488096833229,0.11117830872535706,1139.9254150390625,44.06106948852539,0.01297603640705347,0.08052042871713638,0.11391240358352661
186,1112.01416015625,41.125457763671875,0.012106603011488914,0.07803475111722946,0.11003001779317856,1144.515869140625,43.87559509277344,0.013013862073421478,0.08078955858945847,0.11407832056283951
187,1132.9447021484375,39.73172378540039,0.0123360026627779,0.078781858086586,0.11106755584478378,1149.5506591796875,43.579349517822266,0.013053696602582932,0.08079614490270615,0.11425277590751648
188,1145.09375,40.53752899169922,0.012523790821433067,0.07892875373363495,0.11190974712371826,1143.98779296875,43.880638122558594,0.013009723275899887,0.08047813922166824,0.1140601709485054
189,1123.5159912109375,41.72597122192383,0.012388701550662518,0.07849698513746262,0.11130454391241074,1146.9366455078125,43.56907653808594,0.01301588024944067,0.08044669777154922,0.11408716440200806
190,1113.75,41.2617073059082,0.012128249742090702,0.07823172956705093,0.11012833565473557,1146.6302490234375,43.61091613769531,0.013024009764194489,0.08037107437849045,0.11412278562784195
191,1137.80126953125,40.682044982910156,0.01257763896137476,0.07930470257997513,0.11215007305145264,1145.82177734375,44.02342224121094,0.013073140755295753,0.08076099306344986,0.11433783918619156
192,1107.3521728515625,40.63719940185547,0.01206456869840622,0.07783615589141846,0.10983883589506149,1141.82373046875,44.20362854003906,0.013049204833805561,0.08055583387613297,0.1142331212759018
193,1126.5916748046875,40.074275970458984,0.012168368324637413,0.07771486788988113,0.11031033098697662,1142.4388427734375,44.47976303100586,0.013117646798491478,0.08082178980112076,0.11453229933977127
194,1123.3260498046875,40.7845573425293,0.012218506075441837,0.07775071263313293,0.11053735017776489,1138.328125,43.90401077270508,0.012937950901687145,0.08024183660745621,0.11374511569738388
195,1135.0084228515625,40.55635452270508,0.012377645820379257,0.07803899049758911,0.11125487089157104,1148.7760009765625,43.40258026123047,0.013027486391365528,0.08043157309293747,0.11413800716400146
196,1120.060302734375,40.17161178588867,0.012258337810635567,0.07749935984611511,0.11071736365556717,1143.466552734375,43.45475769042969,0.012944786809384823,0.0801766887307167,0.11377515643835068
197,1117.6278076171875,40.46955871582031,0.012181611731648445,0.07804165035486221,0.11037033796310425,1147.8966064453125,43.340576171875,0.013000518083572388,0.08028575778007507,0.11401981115341187
198,1118.0535888671875,40.63515853881836,0.012223619967699051,0.07779619842767715,0.11056048423051834,1145.538330078125,43.74337387084961,0.013031447306275368,0.08050552010536194,0.1141553670167923
199,1110.76025390625,40.764644622802734,0.012006018310785294,0.07776837795972824,0.10957197844982147,1142.2901611328125,43.611392974853516,0.012964345514774323,0.08037526160478592,0.113861083984375
200,1118.2666015625,41.25095748901367,0.0122296754270792,0.07843710482120514,0.11058786511421204,1141.0655517578125,43.6214599609375,0.012946918606758118,0.08012136071920395,0.11378452926874161
201,1121.783203125,40.972469329833984,0.012272742576897144,0.07880344241857529,0.11078241467475891,1140.6973876953125,43.794681549072266,0.012966463342308998,0.0802881270647049,0.11387038230895996
202,1119.0587158203125,40.665184020996094,0.012245717458426952,0.07786080241203308,0.1106603816151619,1141.9862060546875,43.30818176269531,0.012905718758702278,0.07996394485235214,0.11360333859920502
203,1122.0738525390625,40.88488006591797,0.012250872328877449,0.07909633219242096,0.11068365722894669,1143.736328125,43.51476287841797,0.012961683794856071,0.07996614277362823,0.11384939402341843
204,1119.572265625,40.77930450439453,0.012082510627806187,0.07823378592729568,0.10992047190666199,1139.8504638671875,43.64317321777344,0.012923819944262505,0.08054622262716293,0.11368298530578613
205,1110.7135009765625,40.52594757080078,0.012176654301583767,0.07796245813369751,0.11034788191318512,1139.93359375,43.954166412353516,0.0129781449213624,0.08065284043550491,0.1139216497540474
206,1121.763916015625,40.08746337890625,0.012155875563621521,0.07856855541467667,0.1102536991238594,1142.269287109375,43.60860824584961,0.012956497259438038,0.0800914466381073,0.11382660269737244
207,1113.5458984375,40.18507766723633,0.012081904336810112,0.07786089181900024,0.10991771519184113,1145.3397216796875,43.66912078857422,0.013028894551098347,0.08043685555458069,0.11414418369531631
208,1129.8973388671875,39.65269088745117,0.012237681075930595,0.07792853564023972,0.1106240525841713,1142.5277099609375,43.880889892578125,0.01301494613289833,0.08068117499351501,0.11408307403326035
209,1111.3968505859375,40.41500473022461,0.012008053250610828,0.07761821150779724,0.10958126187324524,1142.1728515625,43.873966217041016,0.013006177730858326,0.08056022226810455,0.11404462903738022
210,1121.1142578125,39.96580505371094,0.012170939706265926,0.07839605957269669,0.11032198369503021,1143.37548828125,44.12628936767578,0.013082737103104591,0.08092477172613144,0.11437979340553284
211,1109.8360595703125,40.68722152709961,0.011895597912371159,0.07760434597730637,0.10906694084405899,1139.6719970703125,44.29154968261719,0.013052655383944511,0.08092745393514633,0.11424820870161057
212,1133.716796875,40.46407699584961,0.01236351951956749,0.07839692384004593,0.11119136959314346,1138.5870361328125,44.39401626586914,0.013057072646915913,0.08075319975614548,0.11426755040884018
213,1114.6690673828125,40.213226318359375,0.012085555121302605,0.07808736711740494,0.10993432253599167,1138.467041015625,44.44176483154297,0.013072490692138672,0.08099770545959473,0.11433498561382294
214,1100.309326171875,39.80462646484375,0.011791900731623173,0.07727809250354767,0.1085905134677887,1140.5343017578125,44.55940628051758,0.013119901530444622,0.08105055242776871,0.11454214155673981
215,1117.9613037109375,40.02665328979492,0.01205361820757389,0.07737892866134644,0.10978896915912628,1134.39599609375,44.14347457885742,0.012952233664691448,0.08034348487854004,0.11380787938833237
216,1113.0086669921875,40.470176696777344,0.012068908661603928,0.07779759913682938,0.10985858738422394,1133.4801025390625,43.52015686035156,0.012822111137211323,0.07999777793884277,0.1132347583770752
217,1113.1513671875,40.417640686035156,0.012075742706656456,0.07763510197401047,0.1098896786570549,1138.1026611328125,44.1047248840332,0.012999439612030983,0.08048146963119507,0.11401508748531342
218,1110.3231201171875,40.54096221923828,0.01201458740979433,0.0777038186788559,0.10961107164621353,1132.8682861328125,43.34288787841797,0.01279275119304657,0.08024406433105469,0.11310504376888275
219,1104.44873046875,40.36661911010742,0.01181531511247158,0.07695556432008743,0.1086982786655426,1133.3333740234375,44.40965270996094,0.012982994318008423,0.0810268297791481,0.1139429435133934
220,1108.6986083984375,39.99040985107422,0.012058539316058159,0.07769018411636353,0.10981138050556183,1129.886962890625,43.74192428588867,0.012816824950277805,0.08010542392730713,0.11321141570806503
221,1092.9539794921875,40.3825569152832,0.011841281317174435,0.0769914910197258,0.10881765186786652,1133.916259765625,43.32986831665039,0.01279698871076107,0.08020446449518204,0.11312378197908401
222,1089.0423583984375,39.335758209228516,0.011576486751437187,0.07615463435649872,0.1075940802693367,1138.4046630859375,43.71220016479492,0.012934376485645771,0.08074360340833664,0.11372940242290497
223,1102.8212890625,39.79754638671875,0.011851266026496887,0.07711637765169144,0.10886351764202118,1136.3006591796875,43.73369598388672,0.012909102253615856,0.08016017079353333,0.11361823230981827
224,1119.2974853515625,41.01173782348633,0.012157902121543884,0.07734205573797226,0.11026287823915482,1135.47705078125,43.6346549987793,0.012886124663054943,0.0804302915930748,0.11351706832647324
225,1104.8814697265625,40.22224426269531,0.011880441568791866,0.07726388424634933,0.10899744182825089,1140.8040771484375,43.616241455078125,0.01295135635882616,0.08088730275630951,0.11380402743816376
226,1109.376708984375,40.96867370605469,0.011988230049610138,0.07804332673549652,0.1094907745718956,1138.556396484375,43.88330841064453,0.012964144349098206,0.08071626722812653,0.11386019736528397
227,1116.0435791015625,40.1090202331543,0.011936689727008343,0.07696801424026489,0.10925515741109848,1135.3209228515625,44.274139404296875,0.01297913771122694,0.08072061091661453,0.11392601579427719
228,1104.4884033203125,40.30644226074219,0.011925796046853065,0.07773280888795853,0.10920529067516327,1140.4197998046875,44.13615417480469,0.01304054819047451,0.08087300509214401,0.11419522017240524
229,1106.8721923828125,39.91905212402344,0.011861314997076988,0.07760491967201233,0.10890966653823853,1144.1279296875,44.09709930419922,0.013090507127344608,0.08068466931581497,0.11441375315189362
230,1112.5435791015625,40.74951171875,0.01199936494231224,0.07733912020921707,0.10954160243272781,1141.6878662109375,43.970401763916016,0.013018423691391945,0.0807022899389267,0.11409831047058105
231,1090.1614990234375,39.94572067260742,0.011691492050886154,0.07675633579492569,0.10812720656394958,1145.629638671875,44.10587692260742,0.013094993308186531,0.08077742159366608,0.11443335562944412
232,1111.2381591796875,40.55674743652344,0.012005740776658058,0.0778622105717659,0.10957071185112,1142.126953125,43.55424499511719,0.012950497679412365,0.08035361766815186,0.11380024999380112
233,1104.068603515625,39.63440704345703,0.01175281684845686,0.07651815563440323,0.10841041058301926,1139.8350830078125,44.1407356262207,0.013027745299041271,0.08081164956092834,0.1141391471028328
234,1114.387939453125,39.95556640625,0.012039437890052795,0.07708311080932617,0.10972438007593155,1134.544921875,43.55349349975586,0.012838098220527172,0.08040280640125275,0.11330533772706985
235,1095.6849365234375,39.819393157958984,0.01176427025347948,0.07730047404766083,0.10846322029829025,1142.4910888671875,44.17893981933594,0.013066839426755905,0.08104471862316132,0.11431027948856354
236,1112.9808349609375,39.482669830322266,0.011811763979494572,0.07641611993312836,0.10868193954229355,1139.6131591796875,44.0395622253418,0.012994556687772274,0.08100926876068115,0.11399366706609726
237,1106.2928466796875,39.91090774536133,0.011726201511919498,0.07704203575849533,0.10828758031129837,1142.26611328125,43.827735900878906,0.013000212609767914,0.08081205189228058,0.11401847749948502
238,1095.4539794921875,39.14617919921875,0.011576419696211815,0.07650365680456161,0.10759377479553223,1149.6700439453125,44.31324005126953,0.01320146769285202,0.0810408741235733,0.11489764600992203
239,1080.23828125,40.23996353149414,0.011602879501879215,0.0764763280749321,0.10771666467189789,1145.009033203125,44.58454132080078,0.01318768598139286,0.08130869269371033,0.1148376539349556
240,1101.355712890625,39.36391067504883,0.011791551485657692,0.07690930366516113,0.10858891159296036,1141.75732421875,43.988582611083984,0.013023573905229568,0.08047763258218765,0.11412087082862854
241,1087.6405029296875,39.24025344848633,0.011531463824212551,0.07680854201316833,0.10738465189933777,1148.34130859375,43.970829010009766,0.013133562169969082,0.08037092536687851,0.1146017536520958
242,1081.0401611328125,39.73672866821289,0.011505680158734322,0.07624633610248566,0.10726453363895416,1139.126708984375,44.27317428588867,0.01304117776453495,0.08081328123807907,0.11419796943664551
243,1086.9188232421875,39.54046630859375,0.011514538899064064,0.07611338049173355,0.10730581730604172,1140.59375,44.06581115722656,0.01304592750966549,0.08060174435377121,0.11421877145767212
244,1107.2396240234375,39.209468841552734,0.011640824377536774,0.07669557631015778,0.10789265483617783,1140.2725830078125,44.05265808105469,0.013026087544858456,0.08068984001874924,0.11413189023733139
245,1093.043701171875,40.05059814453125,0.011686122044920921,0.07666561752557755,0.10810236632823944,1139.55029296875,43.475311279296875,0.012896849773824215,0.08044687658548355,0.11356429755687714
246,1088.9873046875,39.79423904418945,0.011616300791501999,0.0764581486582756,0.10777895152568817,1143.351318359375,43.95663833618164,0.01303658913820982,0.08071614056825638,0.1141778826713562
247,1089.33447265625,39.384639739990234,0.011456962674856186,0.07563667744398117,0.10703720897436142,1143.76220703125,43.484798431396484,0.012961864471435547,0.08059069514274597,0.1138501837849617
248,1098.174560546875,39.82268142700195,0.011820889078080654,0.0772072821855545,0.10872390866279602,1138.4716796875,43.450836181640625,0.01287250779569149,0.08007264137268066,0.1134570837020874
249,1105.37744140625,39.51224136352539,0.011657708324491978,0.07567044347524643,0.10797087103128433,1139.113037109375,43.53324890136719,0.012883293442428112,0.07991738617420197,0.11350459605455399
250,1084.297607421875,39.804359436035156,0.011669707484543324,0.0769214853644371,0.108026422560215,1137.2569580078125,43.49778747558594,0.012863856740295887,0.08027370274066925,0.11341894418001175
251,1093.706298828125,39.8922233581543,0.011647957377135754,0.07647719234228134,0.10792570561170578,1133.08154296875,43.92019271850586,0.012868398800492287,0.08023698627948761,0.11343896389007568
252,1068.4237060546875,40.3283576965332,0.01136984396725893,0.07584033161401749,0.10662946850061417,1141.824951171875,44.29266357421875,0.013066628016531467,0.08061598241329193,0.11430935561656952
253,1109.8289794921875,40.65589141845703,0.012140270322561264,0.07750407606363297,0.11018289625644684,1143.3121337890625,43.64278030395508,0.012980532832443714,0.08037959784269333,0.11393214017152786
254,1095.220703125,40.14031982421875,0.011641710065305233,0.07626425474882126,0.10789676010608673,1139.080078125,43.549171447753906,0.012899183668196201,0.08033611625432968,0.11357457935810089
255,1094.844482421875,39.40937423706055,0.011558554135262966,0.07588344067335129,0.10751070827245712,1136.492919921875,43.814552307128906,0.012894276529550552,0.08012064546346664,0.11355296522378922
256,1089.48095703125,38.86338806152344,0.011414225213229656,0.07621728628873825,0.10683739185333252,1139.55908203125,43.69383239746094,0.012928002513945103,0.08047573268413544,0.11370137333869934
257,1080.1724853515625,39.301025390625,0.011342301033437252,0.07637356966733932,0.10650023818016052,1138.4967041015625,44.09852600097656,0.012991108931601048,0.08064088970422745,0.1139785423874855
258,1083.639404296875,39.96718978881836,0.011624041013419628,0.07595356553792953,0.10781484842300415,1133.49169921875,43.75958251953125,0.012843404896557331,0.0801616832613945,0.11332874745130539
259,1092.494384765625,39.858768463134766,0.011847054585814476,0.07749425619840622,0.10884417593479156,1150.9654541015625,43.88444519042969,0.013144939206540585,0.08030685782432556,0.11465137451887131
260,1095.7359619140625,39.606040954589844,0.011826412752270699,0.0770450010895729,0.10874931514263153,1131.620849609375,44.03915786743164,0.012866550125181675,0.07995132356882095,0.11343082040548325
261,1075.4625244140625,39.512939453125,0.011354537680745125,0.07593684643507004,0.10655767470598221,1134.03955078125,44.345977783203125,0.012982252053916454,0.08025084435939789,0.11393968760967255
262,1088.008544921875,39.77197265625,0.011398391798138618,0.07564645260572433,0.10676325112581253,1135.22509765625,44.00601577758789,0.012933299876749516,0.07976044714450836,0.11372466385364532
263,1092.5848388671875,39.89403533935547,0.011576700955629349,0.0760987401008606,0.10759508609771729,1134.1822509765625,44.24215316772461,0.012960795313119888,0.08013886213302612,0.11384548991918564
264,1094.58203125,39.78726577758789,0.011594141833484173,0.07661116123199463,0.10767609626054764,1134.2142333984375,44.04833221435547,0.012922588735818863,0.08003494888544083,0.11367756128311157
265,1070.66650390625,39.889366149902344,0.011291636154055595,0.07592451572418213,0.10626211017370224,1130.368896484375,44.1125602722168,0.012880971655249596,0.08015526086091995,0.11349436640739441
266,1086.3388671875,40.456642150878906,0.011644895188510418,0.07631910592317581,0.10791151225566864,1128.010498046875,43.904109954833984,0.012802006676793098,0.07992740720510483,0.11314595490694046
267,1080.3514404296875,39.62501907348633,0.01150615606456995,0.07594744116067886,0.10726675391197205,1132.258056640625,43.9872932434082,0.012873968109488487,0.08023686707019806,0.11346351355314255
268,1057.6220703125,39.12898254394531,0.011146129108965397,0.0748261958360672,0.10557522624731064,1137.0780029296875,43.55788040161133,0.01289029698818922,0.07991112768650055,0.11353544145822525
