epoch,RMSE_P,RMSE_T,loss,mean_absolute_error,root_mean_squared_error,val_RMSE_P,val_RMSE_T,val_loss,val_mean_absolute_error,val_root_mean_squared_error
0,2923.736083984375,135.82296752929688,0.10668011754751205,0.2560679614543915,0.3266192376613617,1946.9417724609375,96.90870666503906,0.04572596028447151,0.17573601007461548,0.21383629739284515
1,1901.123046875,95.46947479248047,0.044043850153684616,0.16390763223171234,0.20986627042293549,1730.0927734375,81.72154235839844,0.03449492156505585,0.14819739758968353,0.18572808802127838
2,1721.884033203125,80.72810363769531,0.034251026809215546,0.14059031009674072,0.18507033586502075,1542.022216796875,68.87033081054688,0.02621503174304962,0.12514032423496246,0.16191056370735168
3,1538.604736328125,72.98989868164062,0.02738042175769806,0.125501349568367,0.16547030210494995,1469.2132568359375,61.226318359375,0.022681931033730507,0.11441588401794434,0.1506052166223526
4,1487.779052734375,65.443603515625,0.024100743234157562,0.11664582788944244,0.1552441418170929,1428.297607421875,55.615638732910156,0.020525075495243073,0.1068992167711258,0.1432657539844513
5,1393.296875,60.75907516479492,0.02106812410056591,0.10972503572702408,0.1451486349105835,1400.2608642578125,54.90909957885742,0.019810708239674568,0.10398410260677338,0.14075051248073578
6,1351.27978515625,57.96431350708008,0.01958739198744297,0.10473944246768951,0.13995496928691864,1397.3460693359375,51.905372619628906,0.019114388152956963,0.10094653815031052,0.1382547914981842
7,1352.6107177734375,55.803443908691406,0.019112300127744675,0.10305512696504593,0.13824723660945892,1395.5289306640625,51.79547119140625,0.019047485664486885,0.10113261640071869,0.13801263272762299
8,1343.7269287109375,55.03186798095703,0.018757810816168785,0.1008024588227272,0.13695915043354034,1399.471435546875,52.30754852294922,0.019232144579291344,0.10201411694288254,0.13868002593517303
9,1328.790771484375,54.267189025878906,0.018404772505164146,0.09993340820074081,0.1356641948223114,1391.9005126953125,50.855037689208984,0.018798688426613808,0.10069926828145981,0.13710829615592957
10,1275.0596923828125,53.03593063354492,0.01714710332453251,0.09704816341400146,0.13094694912433624,1382.1785888671875,51.81721115112305,0.01881011389195919,0.10075203329324722,0.13714997470378876
11,1291.1494140625,53.1052131652832,0.017461804673075676,0.09691206365823746,0.13214312493801117,1381.137939453125,50.290687561035156,0.018476372584700584,0.09947139769792557,0.13592782616615295
12,1287.77197265625,54.30754470825195,0.017612352967262268,0.09659390151500702,0.13271154463291168,1374.900634765625,47.89424133300781,0.01789684221148491,0.09705287218093872,0.13377907872200012
13,1275.1490478515625,51.62056350708008,0.01678311638534069,0.0946512445807457,0.12954966723918915,1374.9541015625,48.81831359863281,0.018067222088575363,0.09785694628953934,0.13441435992717743
14,1287.3731689453125,52.638267517089844,0.017271889373660088,0.09689081460237503,0.13142256438732147,1379.3968505859375,48.192413330078125,0.018040301278233528,0.09775780141353607,0.13431419432163239
15,1267.7288818359375,50.66545867919922,0.01660841703414917,0.09432196617126465,0.12887364625930786,1379.6470947265625,47.312225341796875,0.017879940569400787,0.09681215137243271,0.1337158977985382
16,1268.110107421875,50.806026458740234,0.016474636271595955,0.09327951818704605,0.128353551030159,1366.9210205078125,47.64531707763672,0.01770995557308197,0.09621881693601608,0.13307875394821167
17,1279.2227783203125,50.157936096191406,0.01656525395810604,0.09426777809858322,0.12870608270168304,1371.6077880859375,48.781272888183594,0.018014026805758476,0.09733615070581436,0.1342163383960724
18,1271.033935546875,48.93990707397461,0.01624848134815693,0.09269193559885025,0.12746953964233398,1368.015869140625,46.831912994384766,0.017575975507497787,0.09559231251478195,0.1325744092464447
19,1281.2244873046875,49.48089599609375,0.016448266804218292,0.09341443330049515,0.12825079262256622,1374.080810546875,46.84780502319336,0.017700834199786186,0.09605828672647476,0.13304448127746582
20,1279.084716796875,49.632808685302734,0.01640964113175869,0.09336218982934952,0.12810012698173523,1374.4693603515625,46.406246185302734,0.017630426213145256,0.09601794928312302,0.13277961313724518
21,1261.28173828125,49.59203338623047,0.016151415184140205,0.0925760567188263,0.12708821892738342,1367.776123046875,47.10962677001953,0.01762928068637848,0.09590692073106766,0.13277530670166016
22,1232.816162109375,49.55931091308594,0.015766926109790802,0.09189535677433014,0.12556642293930054,1368.124267578125,46.91094207763672,0.017597611993551254,0.09580842405557632,0.13265599310398102
23,1243.711669921875,48.681983947753906,0.015690533444285393,0.09119688719511032,0.12526187300682068,1367.6884765625,47.60295867919922,0.017716918140649796,0.09608515352010727,0.13310492038726807
24,1236.455078125,47.9680290222168,0.01551874354481697,0.08979294449090958,0.12457424402236938,1373.4200439453125,46.224246978759766,0.017569798976182938,0.0949569046497345,0.13255111873149872
25,1234.37548828125,47.678409576416016,0.01540342066437006,0.08987142890691757,0.12411051243543625,1369.724853515625,46.14333724975586,0.017484089359641075,0.09471303224563599,0.13222742080688477
26,1256.328857421875,48.246158599853516,0.01578696258366108,0.0915353000164032,0.1256461888551712,1371.525390625,46.59111785888672,0.017594940960407257,0.09495935589075089,0.13264591991901398
27,1246.4058837890625,47.50006103515625,0.015558389946818352,0.09098753333091736,0.12473327666521072,1360.341796875,47.598995208740234,0.017578156664967537,0.09493441134691238,0.1325826346874237
28,1223.9488525390625,48.19510269165039,0.015255254693329334,0.09015023708343506,0.1235121637582779,1367.8970947265625,46.04676055908203,0.017440201714634895,0.09445976465940475,0.13206134736537933
29,1237.487060546875,46.63496780395508,0.015243642963469028,0.08972891420125961,0.1234651431441307,1360.470947265625,46.2672233581543,0.017327221110463142,0.09411847591400146,0.13163290917873383
30,1211.2979736328125,47.442161560058594,0.014931272715330124,0.08858556300401688,0.1221935898065567,1360.4276123046875,46.074195861816406,0.017288193106651306,0.09409227222204208,0.13148456811904907
31,1229.02783203125,47.01882553100586,0.015045404434204102,0.08920259028673172,0.12265971302986145,1363.1163330078125,46.73284149169922,0.017462879419326782,0.09473542869091034,0.1321471929550171
32,1232.284912109375,47.734806060791016,0.015229901298880577,0.08941198885440826,0.12340948730707169,1372.9613037109375,46.08664321899414,0.017540911212563515,0.09530395269393921,0.13244211673736572
33,1229.9547119140625,46.36891555786133,0.015029766596853733,0.08897147327661514,0.12259595096111298,1357.6895751953125,45.90252685546875,0.017217127606272697,0.09400417655706406,0.13121405243873596
34,1235.639892578125,47.70372772216797,0.015336750075221062,0.08948028087615967,0.12384163588285446,1358.459228515625,47.41438674926758,0.017508655786514282,0.09499478340148926,0.13232026994228363
35,1224.73193359375,46.21907424926758,0.014904511161148548,0.08864413946866989,0.12208403646945953,1366.693603515625,46.29820251464844,0.017453555017709732,0.09494230896234512,0.13211190700531006
36,1217.949951171875,46.691619873046875,0.014918467029929161,0.08838647603988647,0.12214117497205734,1363.85302734375,46.00354766845703,0.01735476590692997,0.09504034370183945,0.13173748552799225
37,1211.7452392578125,47.37367248535156,0.014919942244887352,0.08860838413238525,0.12214721739292145,1362.585693359375,46.61142349243164,0.017438672482967377,0.0947527214884758,0.13205556571483612
38,1232.76904296875,46.27693176269531,0.015029826201498508,0.08893880993127823,0.12259618937969208,1373.80126953125,46.099037170410156,0.01756887324154377,0.09545005857944489,0.13254763185977936
39,1214.4593505859375,46.1768684387207,0.014636014588177204,0.08763988316059113,0.12097939848899841,1362.3074951171875,46.23533248901367,0.017371170222759247,0.09449517726898193,0.13179972767829895
40,1218.390869140625,46.87946319580078,0.014906720258295536,0.08857693523168564,0.1220930814743042,1362.496337890625,46.9398193359375,0.017512552440166473,0.0951230600476265,0.13233500719070435
41,1211.069091796875,45.513580322265625,0.01465445477515459,0.08707760274410248,0.12105558067560196,1369.273193359375,46.48346710205078,0.0175547543913126,0.09540664404630661,0.13249436020851135
42,1211.770751953125,47.608978271484375,0.01492922194302082,0.08823172748088837,0.12218520045280457,1358.333740234375,46.762535095214844,0.01739373803138733,0.0950741171836853,0.1318853199481964
43,1215.7027587890625,46.282108306884766,0.014800513163208961,0.08778442442417145,0.1216573566198349,1353.552490234375,46.774139404296875,0.01731036603450775,0.09474635869264603,0.13156886398792267
44,1206.25048828125,47.45808792114258,0.014872023835778236,0.08857540041208267,0.1219509094953537,1346.933349609375,47.15255355834961,0.017256109043955803,0.09447310119867325,0.13136251270771027
45,1199.3922119140625,45.83358383178711,0.014296780340373516,0.08635634183883667,0.11956914514303207,1354.09375,46.215782165527344,0.01721370406448841,0.09455795586109161,0.13120099902153015
46,1203.3480224609375,46.907630920410156,0.014567485079169273,0.08759038895368576,0.12069584429264069,1345.179443359375,46.995384216308594,0.01718827150762081,0.09440427273511887,0.13110405206680298
47,1199.1636962890625,46.608924865722656,0.014512540772557259,0.08715366572141647,0.12046800553798676,1354.1422119140625,46.295448303222656,0.0172354094684124,0.09405703097581863,0.131283700466156
48,1199.597900390625,45.18117141723633,0.014253407716751099,0.08571316301822662,0.11938763409852982,1351.7811279296875,46.00654983520508,0.017149757593870163,0.09354160726070404,0.13095709681510925
49,1213.268798828125,46.13903045654297,0.014632875099778175,0.08738507330417633,0.12096641957759857,1351.9757080078125,46.038368225097656,0.017154322937130928,0.09432745724916458,0.13097451627254486
50,1203.9481201171875,46.02614974975586,0.014453601092100143,0.0867437943816185,0.12022312730550766,1365.5321044921875,45.802120208740234,0.01735697127878666,0.09543543308973312,0.1317458599805832
51,1191.9434814453125,45.48671340942383,0.014241362921893597,0.08632344752550125,0.11933717876672745,1355.6524658203125,45.590423583984375,0.017138125374913216,0.09442861378192902,0.1309126764535904
52,1202.738525390625,45.69855499267578,0.014395579695701599,0.08675356954336166,0.11998157948255539,1354.826416015625,45.71371078491211,0.017146624624729156,0.09435145556926727,0.1309451162815094
53,1189.6317138671875,45.10906219482422,0.014136621728539467,0.08563072979450226,0.11889752745628357,1351.00634765625,46.732154846191406,0.01725969836115837,0.09453307837247849,0.13137617707252502
54,1180.28369140625,46.14496994018555,0.014221299439668655,0.08579536527395248,0.11925309151411057,1352.32861328125,45.691585540771484,0.017102640122175217,0.09383174777030945,0.13077706098556519
55,1197.199462890625,46.00337219238281,0.014310137368738651,0.08653749525547028,0.11962498724460602,1354.23388671875,45.589012145996094,0.017114292830228806,0.09444095194339752,0.1308216005563736
56,1194.854736328125,46.029212951660156,0.014454193413257599,0.0869884192943573,0.12022560089826584,1351.6624755859375,46.5803337097168,0.017248470336198807,0.09412435442209244,0.13133342564105988
57,1207.11865234375,45.726871490478516,0.014490687288343906,0.08688227087259293,0.12037726491689682,1354.2437744140625,46.822872161865234,0.017335858196020126,0.09446952491998672,0.13166570663452148
58,1204.1605224609375,45.368019104003906,0.01424565538764,0.08602660149335861,0.11935517191886902,1358.220703125,46.003929138183594,0.017261793836951256,0.094451405107975,0.13138416409492493
59,1191.0262451171875,45.71097946166992,0.014352885074913502,0.08616455644369125,0.1198035255074501,1349.4986572265625,47.40510177612305,0.017361486330628395,0.09437747299671173,0.13176299631595612
60,1187.1876220703125,45.19485092163086,0.01415883656591177,0.08604234457015991,0.11899090558290482,1351.3575439453125,47.6906623840332,0.01745416782796383,0.09505094587802887,0.1321142315864563
61,1188.5784912109375,45.0492057800293,0.014009048230946064,0.08546143770217896,0.11835982650518417,1350.514404296875,45.847068786621094,0.017093902453780174,0.0938243567943573,0.13074365258216858
62,1185.841064453125,44.51260757446289,0.013898222707211971,0.08497417718172073,0.11789073050022125,1353.753662109375,45.52573013305664,0.017089055851101875,0.09428983181715012,0.13072511553764343
63,1177.15283203125,46.26182174682617,0.01420937292277813,0.08651456236839294,0.11920307576656342,1346.7845458984375,47.4778938293457,0.017310364171862602,0.09451447427272797,0.13156884908676147
64,1189.8299560546875,45.05611038208008,0.01406464260071516,0.0847662016749382,0.1185944452881813,1350.208984375,46.475643157958984,0.017184505239129066,0.09409119188785553,0.1310896873474121
65,1175.625732421875,45.000221252441406,0.013929702341556549,0.08495648205280304,0.11802416294813156,1352.51171875,45.632667541503906,0.017078770324587822,0.09375973045825958,0.13068577647209167
66,1168.831787109375,44.95802307128906,0.013677802868187428,0.08454228937625885,0.11695213615894318,1342.4835205078125,45.978736877441406,0.016968008130788803,0.09300222247838974,0.13026131689548492
67,1185.8165283203125,45.91294479370117,0.014033895917236805,0.08560337126255035,0.11846476048231125,1344.4346923828125,45.719482421875,0.01694536954164505,0.09351139515638351,0.13017438352108002
68,1180.700927734375,44.89240264892578,0.013938956893980503,0.08490756154060364,0.11806336045265198,1343.1778564453125,45.43389129638672,0.01686275377869606,0.09307248890399933,0.1298566609621048
69,1171.3209228515625,45.43675231933594,0.013888622634112835,0.08522676676511765,0.11784999817609787,1340.45703125,46.1604118347168,0.016938000917434692,0.09385837614536285,0.1301460713148117
70,1188.976318359375,45.722938537597656,0.014129776507616043,0.08610177785158157,0.11886873841285706,1334.6593017578125,46.030662536621094,0.01681177131831646,0.09327742457389832,0.1296602189540863
71,1172.482421875,44.7000617980957,0.013764976523816586,0.08466632664203644,0.11732423305511475,1340.753173828125,46.259033203125,0.01697070337831974,0.09371539205312729,0.13027165830135345
72,1166.186767578125,44.8052864074707,0.013665623031556606,0.08421076834201813,0.11690004914999008,1340.2633056640625,45.87234115600586,0.016897380352020264,0.09350039064884186,0.12998992204666138
73,1177.1990966796875,43.90540313720703,0.013704576529562473,0.08408232778310776,0.11706654727458954,1336.90185546875,45.57970428466797,0.016774706542491913,0.09333954751491547,0.12951719760894775
74,1181.7900390625,44.96478271484375,0.013890583999454975,0.08438985049724579,0.11785832047462463,1345.7188720703125,45.49427795410156,0.016930505633354187,0.09394989162683487,0.130117267370224
75,1165.4415283203125,43.513423919677734,0.013526607304811478,0.08347173035144806,0.1163039430975914,1339.8966064453125,45.452239990234375,0.016819912940263748,0.09361978620290756,0.12969160079956055
76,1176.36083984375,45.36247253417969,0.013928230851888657,0.08477892726659775,0.11801791936159134,1333.8714599609375,46.56494140625,0.016914278268814087,0.09347667545080185,0.13005489110946655
77,1174.412353515625,43.326744079589844,0.013608070090413094,0.08384813368320465,0.11665363609790802,1330.146484375,45.22409439086914,0.01660728268325329,0.09289336949586868,0.12886925041675568
78,1160.672119140625,45.111183166503906,0.013675928115844727,0.08443564921617508,0.11694411933422089,1330.801513671875,45.179893493652344,0.016621805727481842,0.09224303066730499,0.12892557680606842
79,1172.7105712890625,44.38737106323242,0.013607804663479328,0.08343429863452911,0.11665249615907669,1326.8907470703125,45.38003921508789,0.016564657911658287,0.09268500655889511,0.1287037581205368
80,1169.7723388671875,45.48320007324219,0.013802745379507542,0.08490767329931259,0.11748508363962173,1335.36474609375,45.283897399902344,0.016698140650987625,0.093409463763237,0.12922129034996033
81,1168.60498046875,44.86439514160156,0.013644094578921795,0.08397132158279419,0.11680793762207031,1323.179443359375,46.081809997558594,0.01661851815879345,0.09280791878700256,0.1289128214120865
82,1155.2578125,44.25625228881836,0.01338871754705906,0.08268193900585175,0.11570963263511658,1326.93603515625,45.12260818481445,0.0165157038718462,0.0920516848564148,0.12851344048976898
83,1167.9599609375,44.361209869384766,0.013653392903506756,0.08424276113510132,0.11684773117303848,1341.729736328125,45.16720962524414,0.016794605180621147,0.09341707080602646,0.12959399819374084
84,1134.7197265625,43.63618850708008,0.013018160127103329,0.0823964774608612,0.11409715563058853,1331.967529296875,45.59635543823242,0.01669866032898426,0.09200555086135864,0.1292233020067215
85,1175.5670166015625,45.27577590942383,0.013870982453227043,0.08458523452281952,0.11777513474225998,1338.966552734375,45.79069900512695,0.016846824437379837,0.09323030710220337,0.12979531288146973
86,1166.888671875,43.939979553222656,0.013575342483818531,0.0839117020368576,0.11651327461004257,1329.977294921875,46.215457916259766,0.016763467341661453,0.09258288890123367,0.12947382032871246
87,1159.488037109375,43.485389709472656,0.013307860121130943,0.08314765989780426,0.11535970121622086,1335.62109375,45.43280792236328,0.016730936244130135,0.0928054228425026,0.12934811413288116
88,1170.4991455078125,44.1970100402832,0.013511087745428085,0.08319690823554993,0.11623720079660416,1331.7977294921875,45.62057876586914,0.016695920377969742,0.09299000352621078,0.12921269237995148
89,1163.76904296875,44.21136474609375,0.01339586079120636,0.0833645612001419,0.11574048548936844,1331.25439453125,45.731624603271484,0.016731254756450653,0.09229698032140732,0.12934936583042145
90,1173.730224609375,43.34635925292969,0.013458259403705597,0.08359866589307785,0.11600973457098007,1329.4893798828125,46.81328582763672,0.01689140684902668,0.09310778230428696,0.12996694445610046
91,1150.2060546875,43.65184783935547,0.013264816254377365,0.08221898227930069,0.11517298221588135,1326.221923828125,44.98702621459961,0.01648712530732155,0.09239060431718826,0.1284022033214569
92,1164.3607177734375,43.98796844482422,0.013440764509141445,0.08293747156858444,0.11593431234359741,1327.323486328125,45.23851776123047,0.01655774749815464,0.09218092262744904,0.1286769062280655
93,1151.1793212890625,43.80780029296875,0.013352850452065468,0.08303918689489365,0.11555453389883041,1320.956298828125,46.063507080078125,0.016598589718341827,0.09225694835186005,0.1288355141878128
94,1155.114501953125,44.20832061767578,0.013395003043115139,0.08315764367580414,0.11573678255081177,1320.654052734375,44.65509796142578,0.01633385382592678,0.09168460965156555,0.1278039664030075
95,1153.445556640625,44.622371673583984,0.013322372920811176,0.08291009068489075,0.1154225766658783,1327.604248046875,45.04180145263672,0.01654108799993992,0.0924004465341568,0.12861216068267822
96,1160.392333984375,44.10654830932617,0.013399453833699226,0.08341109752655029,0.11575600504875183,1338.6912841796875,44.736473083496094,0.01670093648135662,0.09249681979417801,0.12923210859298706
97,1154.3961181640625,43.222389221191406,0.013181142508983612,0.0824231281876564,0.11480915546417236,1340.399658203125,45.54947280883789,0.016864923760294914,0.0932500809431076,0.12986502051353455
98,1141.3477783203125,43.59877395629883,0.013023552484810352,0.08245707303285599,0.11412077397108078,1333.68359375,45.34749984741211,0.016696523874998093,0.09261542558670044,0.1292150318622589
99,1147.901123046875,43.39080047607422,0.013090621680021286,0.08159061521291733,0.11441425234079361,1333.7109375,45.045631408691406,0.016669737175107002,0.09244153648614883,0.12911133468151093
100,1136.8416748046875,43.885719299316406,0.013036852702498436,0.0824592337012291,0.11417903006076813,1324.7510986328125,46.66837692260742,0.016792699694633484,0.09257850050926208,0.12958665192127228
101,1152.62890625,43.972068786621094,0.013226170092821121,0.0824367105960846,0.11500509083271027,1325.38134765625,45.88813781738281,0.016647713258862495,0.09233788400888443,0.12902601063251495
102,1141.748779296875,43.637451171875,0.013063285499811172,0.08206489682197571,0.11429473012685776,1322.6884765625,46.004478454589844,0.016618631780147552,0.09215059131383896,0.1289132684469223
103,1139.1187744140625,43.58482360839844,0.012957955710589886,0.08189932256937027,0.11383301764726639,1329.0853271484375,45.65653991699219,0.016677122563123703,0.09261104464530945,0.12913993000984192
104,1159.09326171875,43.695465087890625,0.013377431780099869,0.08323419094085693,0.11566084623336792,1325.465087890625,45.478614807128906,0.016588490456342697,0.09248831123113632,0.1287963092327118
105,1131.843994140625,43.000953674316406,0.012781549245119095,0.08159315586090088,0.113055519759655,1326.01220703125,44.89798355102539,0.016504496335983276,0.09198682010173798,0.1284698247909546
106,1134.813720703125,43.14375686645508,0.012926214374601841,0.08135982602834702,0.11369351297616959,1321.279296875,46.19294357299805,0.01664511114358902,0.09226052463054657,0.1290159374475479
107,1151.490478515625,43.01375198364258,0.013061611913144588,0.08216501027345657,0.11428739875555038,1323.2591552734375,45.3956413269043,0.016522303223609924,0.0923113077878952,0.12853911519050598
108,1130.471923828125,43.838199615478516,0.012886209413409233,0.08198761940002441,0.11351744085550308,1320.7137451171875,45.22129821777344,0.016453692689538002,0.0917036235332489,0.1282719522714615
109,1133.53759765625,43.882266998291016,0.012944108806550503,0.08178439736366272,0.11377217620611191,1325.77783203125,45.06071472167969,0.016525883227586746,0.09174983203411102,0.12855303287506104
110,1138.212158203125,43.300743103027344,0.013021065853536129,0.08187264949083328,0.11410989612340927,1321.7689208984375,44.98839569091797,0.016438206657767296,0.09138799458742142,0.12821157276630402
111,1140.3463134765625,43.983863830566406,0.013004466891288757,0.08229654282331467,0.11403712630271912,1325.7271728515625,47.42262268066406,0.01692306622862816,0.0937744528055191,0.1300886869430542
112,1132.9810791015625,43.88181686401367,0.012841667048633099,0.08217617869377136,0.11332107335329056,1319.5087890625,45.170875549316406,0.0164073146879673,0.09176696836948395,0.12809103727340698
113,1125.384521484375,43.298622131347656,0.012777491472661495,0.08166851848363876,0.11303756386041641,1321.4208984375,45.36458206176758,0.01648044027388096,0.0915021076798439,0.12837617099285126
114,1116.521728515625,44.05687713623047,0.01277659647166729,0.08141587674617767,0.11303361505270004,1324.2398681640625,44.590274810791016,0.016405045986175537,0.09148349612951279,0.12808218598365784
115,1137.0819091796875,42.955745697021484,0.012877603061497211,0.08116414397954941,0.11347952485084534,1327.056884765625,45.45115280151367,0.016601702198386192,0.09240580350160599,0.12884759902954102
116,1140.431884765625,42.862308502197266,0.01288597285747528,0.08206108957529068,0.11351639777421951,1327.39111328125,45.31352996826172,0.016596894711256027,0.09149190038442612,0.12882894277572632
117,1134.609619140625,42.630088806152344,0.0127794798463583,0.08104635775089264,0.11304636299610138,1327.040771484375,45.25431823730469,0.016577066853642464,0.09184214472770691,0.1287519633769989
118,1152.929443359375,42.47319793701172,0.013051738031208515,0.08189201354980469,0.11424419283866882,1317.9583740234375,44.7901725769043,0.016334565356373787,0.09105753898620605,0.12780675292015076
119,1111.1990966796875,42.757720947265625,0.012439025565981865,0.08035304397344589,0.1115303710103035,1320.3594970703125,44.97159957885742,0.016412537544965744,0.09093410521745682,0.12811142206192017
120,1120.042236328125,42.79841995239258,0.01263588760048151,0.08041395992040634,0.11240946501493454,1324.0228271484375,44.88078689575195,0.01646842248737812,0.09140992164611816,0.1283293515443802
121,1124.5325927734375,43.16878890991211,0.01268522534519434,0.08130565285682678,0.11262871325016022,1318.1884765625,44.917823791503906,0.016348810866475105,0.0908680334687233,0.12786246836185455
122,1127.233154296875,42.91333770751953,0.012644415721297264,0.08134812116622925,0.11244738847017288,1324.8988037109375,44.16407012939453,0.016352960839867592,0.09108664840459824,0.12787869572639465
123,1125.4097900390625,43.619102478027344,0.012868188321590424,0.08223945647478104,0.11343804001808167,1328.7301025390625,44.19482421875,0.016448035836219788,0.09103889763355255,0.1282498836517334
124,1116.415771484375,43.57540512084961,0.012595204636454582,0.08086803555488586,0.11222836375236511,1332.819091796875,44.90094757080078,0.016645492985844612,0.09051399677991867,0.1290174126625061
125,1131.194580078125,43.652462005615234,0.012881300412118435,0.08187654614448547,0.11349581927061081,1327.8587646484375,44.67947006225586,0.01649898663163185,0.090810127556324,0.12844838201999664
126,1136.0335693359375,42.77281188964844,0.01286544743925333,0.08131051063537598,0.11342595517635345,1324.697509765625,44.75379943847656,0.016448676586151123,0.09160729497671127,0.12825238704681396
127,1129.3695068359375,42.359107971191406,0.012513167224824429,0.0806175172328949,0.11186227202415466,1326.6239013671875,44.351348876953125,0.01642601564526558,0.09102783352136612,0.12816402316093445
128,1123.8660888671875,42.69961929321289,0.012538930401206017,0.0812109038233757,0.11197736859321594,1325.043212890625,44.756385803222656,0.01646876148879528,0.09140162169933319,0.12833067774772644
129,1127.393798828125,42.727848052978516,0.012597611173987389,0.08087552338838577,0.11223907768726349,1327.337890625,45.168663024902344,0.01657979190349579,0.09099448472261429,0.12876254320144653
130,1122.7791748046875,42.1531982421875,0.01258491538465023,0.0804566740989685,0.11218250542879105,1330.47265625,44.802757263183594,0.016577869653701782,0.09138083457946777,0.12875506281852722
131,1111.0281982421875,43.13313293457031,0.012524021789431572,0.08042969554662704,0.11191077530384064,1317.9554443359375,45.24625778198242,0.016422636806964874,0.09098324924707413,0.1281508356332779
132,1106.38232421875,43.60554885864258,0.012505331076681614,0.0800357386469841,0.11182723194360733,1318.911376953125,44.540931701660156,0.016309550032019615,0.09119424223899841,0.12770885229110718
133,1122.501708984375,42.90879440307617,0.012573725543916225,0.08083721250295639,0.11213262379169464,1323.2080078125,44.195213317871094,0.016337890177965164,0.09060131013393402,0.12781976163387299
134,1121.335205078125,43.050254821777344,0.01261088252067566,0.08130315691232681,0.11229818314313889,1318.199462890625,44.16825866699219,0.01623978279531002,0.09028714150190353,0.12743540108203888
135,1124.715087890625,43.193336486816406,0.012631227262318134,0.08054953813552856,0.1123887300491333,1320.5184326171875,44.49944305419922,0.01633906550705433,0.09082365781068802,0.12782436609268188
136,1110.6827392578125,42.384559631347656,0.012345733121037483,0.08007863163948059,0.1111113578081131,1321.143798828125,44.21788787841797,0.01629711128771305,0.09062646329402924,0.1276601403951645
137,1116.427490234375,42.10945510864258,0.01232646219432354,0.07917462289333344,0.11102460324764252,1320.936767578125,45.19558334350586,0.016453156247735023,0.0909627377986908,0.12826985120773315
138,1111.984619140625,43.190128326416016,0.012502254918217659,0.08045879751443863,0.111813485622406,1325.19775390625,44.61595916748047,0.016434723511338234,0.09113103896379471,0.12819798290729523
139,1101.7320556640625,42.27406692504883,0.012194521725177765,0.07983436435461044,0.1104288101196289,1321.7091064453125,44.739662170410156,0.016408920288085938,0.09086121618747711,0.1280972957611084
140,1104.2705078125,42.76136779785156,0.012366143055260181,0.08000253885984421,0.1112031638622284,1316.68359375,45.280494689941406,0.01642305590212345,0.09092920273542404,0.12815247476100922
141,1112.6488037109375,42.05921173095703,0.012450505048036575,0.08025683462619781,0.11158183217048645,1314.915771484375,44.789188385009766,0.01631096377968788,0.09091290086507797,0.1277143806219101
142,1105.692626953125,42.88645553588867,0.012412410229444504,0.07994993776082993,0.11141099780797958,1323.7008056640625,44.48629379272461,0.01640099473297596,0.0913529247045517,0.12806637585163116
143,1108.1739501953125,42.63191604614258,0.01235764566808939,0.0798567533493042,0.11116494983434677,1325.6697998046875,44.72089385986328,0.01647975854575634,0.09097760170698166,0.12837351858615875
144,1113.693115234375,43.07761001586914,0.012509386986494064,0.08048266172409058,0.11184537410736084,1326.279052734375,44.87273406982422,0.01650591753423214,0.09113623946905136,0.1284753531217575
145,1101.723876953125,42.649295806884766,0.012249371036887169,0.07997802644968033,0.11067687720060349,1324.2113037109375,44.44636535644531,0.01639251597225666,0.09062173962593079,0.12803326547145844
146,1092.7808837890625,42.63066482543945,0.012155835516750813,0.08004529774188995,0.11025350540876389,1328.4818115234375,43.838069915771484,0.01637468859553337,0.09056878834962845,0.1279636174440384
147,1102.9276123046875,42.7171516418457,0.012187027372419834,0.0798046886920929,0.11039487272500992,1328.542724609375,45.50303268432617,0.016669543460011482,0.09160439670085907,0.12911058962345123
148,1106.167724609375,42.702362060546875,0.012323310598731041,0.07996169477701187,0.11101040989160538,1331.6009521484375,45.6593017578125,0.01674509420990944,0.09140431135892868,0.12940284609794617
149,1115.968017578125,42.25865936279297,0.012444830499589443,0.07976192235946655,0.11155640333890915,1326.7999267578125,44.48661804199219,0.01644316501915455,0.09044259041547775,0.12823089957237244
150,1104.5111083984375,42.35155487060547,0.012235255911946297,0.0798383578658104,0.11061309278011322,1328.794677734375,44.428253173828125,0.016472915187478065,0.09034854918718338,0.12834686040878296
151,1102.6474609375,43.00960922241211,0.01224043034017086,0.08005351573228836,0.11063647270202637,1330.5162353515625,44.59605407714844,0.016524430364370346,0.09034349024295807,0.12854738533496857
152,1113.3922119140625,42.4229621887207,0.012423472478985786,0.08013518154621124,0.1114606261253357,1327.937744140625,44.77074432373047,0.01649915613234043,0.09078887104988098,0.12844903767108917
153,1114.4227294921875,42.444236755371094,0.01230513583868742,0.0796327218413353,0.11092852801084518,1322.554931640625,44.79436111450195,0.01639033481478691,0.0905427485704422,0.12802475690841675
154,1115.310546875,42.24081039428711,0.012372777797281742,0.07988599687814713,0.11123299598693848,1327.1591796875,44.776519775390625,0.016479069367051125,0.09056901931762695,0.12837083637714386
155,1116.9322509765625,42.473670959472656,0.012350303120911121,0.08004511892795563,0.11113191395998001,1325.89306640625,44.49004364013672,0.016415148973464966,0.09080752730369568,0.12812161445617676
156,1114.55712890625,42.2247428894043,0.012279440648853779,0.07969716191291809,0.11081263422966003,1321.102294921875,44.342899322509766,0.016310689970850945,0.09041763097047806,0.12771330773830414
157,1092.7939453125,42.351524353027344,0.012108879163861275,0.07917547225952148,0.11004035174846649,1321.863037109375,44.500614166259766,0.01634061522781849,0.09041106700897217,0.1278304159641266
158,1118.4208984375,42.38236999511719,0.012474987655878067,0.07969877868890762,0.11169148236513138,1324.066650390625,44.55704116821289,0.016400232911109924,0.0906670093536377,0.1280633956193924
159,1115.53271484375,42.10109329223633,0.012306760996580124,0.0802227333188057,0.11093584448099136,1321.325927734375,44.19298553466797,0.016281919553875923,0.09039855003356934,0.12760062515735626
160,1100.390869140625,42.53330993652344,0.012161130085587502,0.07938727736473083,0.11027751863002777,1325.371337890625,44.057613372802734,0.01632978767156601,0.09028439968824387,0.12778805196285248
161,1109.779541015625,42.649723052978516,0.012405479326844215,0.08025892078876495,0.11137988418340683,1323.0850830078125,44.030887603759766,0.01628955826163292,0.09011951833963394,0.1276305466890335
162,1099.69482421875,42.399906158447266,0.012219162657856941,0.07967699319124222,0.11054032295942307,1328.1195068359375,44.2855224609375,0.016420917585492134,0.09070311486721039,0.12814413011074066
163,1104.558349609375,42.60713577270508,0.01220566127449274,0.07959847152233124,0.11047923564910889,1324.2474365234375,44.50978469848633,0.016394874081015587,0.09059569984674454,0.12804245948791504
164,1089.73046875,41.990875244140625,0.012048899196088314,0.07883603125810623,0.10976748168468475,1322.807373046875,44.30895233154297,0.016346685588359833,0.09028562158346176,0.1278541535139084
165,1094.586669921875,42.20640563964844,0.012106177397072315,0.07890702784061432,0.11002807319164276,1322.8160400390625,44.286155700683594,0.016335418447852135,0.0901276022195816,0.12781009078025818
166,1098.192138671875,42.08238983154297,0.012000445276498795,0.07881328463554382,0.10954654216766357,1327.775146484375,44.51204299926758,0.016473019495606422,0.0902794823050499,0.1283472627401352
167,1102.99267578125,42.056671142578125,0.012192855589091778,0.07925194501876831,0.11042127013206482,1328.8043212890625,43.91341018676758,0.016392124816775322,0.09011979401111603,0.12803173065185547
168,1099.287841796875,41.807594299316406,0.012007562443614006,0.07872771471738815,0.10957902669906616,1324.7689208984375,44.57508850097656,0.016413042321801186,0.09038866311311722,0.12811338901519775
169,1102.5086669921875,41.90007400512695,0.01205257698893547,0.07912425696849823,0.10978423058986664,1325.7315673828125,45.238609313964844,0.01654616743326187,0.09124568849802017,0.12863190472126007
170,1106.274658203125,42.222267150878906,0.012166246771812439,0.07856788486242294,0.110300712287426,1320.855712890625,44.12189483642578,0.01625479944050312,0.08981826156377792,0.12749430537223816
171,1093.9818115234375,42.0881233215332,0.011973176151514053,0.07877145707607269,0.10942200571298599,1321.32763671875,44.62092971801758,0.01635957881808281,0.09049738943576813,0.12790456414222717
172,1091.198974609375,41.54500961303711,0.011907813139259815,0.07794173061847687,0.10912293195724487,1321.1953125,44.51160430908203,0.016340218484401703,0.09036827832460403,0.12782886624336243
173,1081.928955078125,41.5209846496582,0.011824485845863819,0.07843686640262604,0.10874044895172119,1321.90234375,44.710426330566406,0.0163959339261055,0.09040114283561707,0.12804661691188812
174,1095.6165771484375,42.01891326904297,0.012023716233670712,0.07860001921653748,0.10965270549058914,1321.36572265625,45.247276306152344,0.01646416261792183,0.09083425253629684,0.12831275165081024
175,1095.914306640625,41.726417541503906,0.011943657882511616,0.07872874289751053,0.10928703844547272,1328.49365234375,44.966705322265625,0.016560876742005348,0.09082542359828949,0.12868906557559967
176,1097.58154296875,41.54191207885742,0.012064743787050247,0.07873336970806122,0.10983962565660477,1330.82666015625,44.45306396484375,0.016509901732206345,0.09096395969390869,0.1284908652305603
177,1091.6473388671875,41.77418899536133,0.011937212198972702,0.07875051349401474,0.10925754904747009,1320.8138427734375,44.47190475463867,0.016334831714630127,0.0899319052696228,0.12780779600143433
178,1086.2464599609375,40.84476089477539,0.011718890629708767,0.07777725905179977,0.10825382173061371,1317.96728515625,44.44513702392578,0.016272669658064842,0.09001507610082626,0.12756437063217163
179,1078.9830322265625,42.15703201293945,0.011754105798900127,0.07818616926670074,0.1084163561463356,1321.3846435546875,44.35076904296875,0.016317198053002357,0.09038127213716507,0.12773878872394562
180,1085.1434326171875,41.580875396728516,0.011802220717072487,0.07802336663007736,0.10863802582025528,1318.5943603515625,44.5655403137207,0.016304340213537216,0.09010301530361176,0.1276884526014328
181,1092.9581298828125,41.451942443847656,0.011882402002811432,0.07818537205457687,0.10900644212961197,1316.787841796875,44.639347076416016,0.01629115641117096,0.09042011946439743,0.12763682007789612
182,1090.749267578125,41.79076385498047,0.012014511972665787,0.07859507948160172,0.10961073637008667,1319.284423828125,44.57904052734375,0.016316086053848267,0.09049087762832642,0.12773443758487701
183,1076.898681640625,41.032203674316406,0.011685081757605076,0.07769343256950378,0.10809755325317383,1318.2752685546875,44.34612274169922,0.016258230432868004,0.08956450968980789,0.1275077611207962
184,1087.8602294921875,41.703468322753906,0.011905448511242867,0.07823238521814346,0.10911208391189575,1315.7398681640625,44.21344757080078,0.01619558036327362,0.08939819782972336,0.12726186215877533
185,1083.5504150390625,42.114501953125,0.01185278594493866,0.07802755385637283,0.1088704988360405,1315.345703125,44.91065216064453,0.016309045255184174,0.09004928916692734,0.1277068704366684
186,1077.6968994140625,41.7381591796875,0.01172543317079544,0.07780039310455322,0.10828403383493423,1313.7513427734375,44.44922637939453,0.016199365258216858,0.08947153389453888,0.1272767335176468
187,1077.59033203125,41.076148986816406,0.011648150160908699,0.07696425914764404,0.10792659968137741,1312.4644775390625,44.73028564453125,0.016228169202804565,0.08970359712839127,0.1273898333311081
188,1077.3521728515625,42.2892951965332,0.011925450526177883,0.07814528793096542,0.10920371115207672,1320.814208984375,44.834495544433594,0.016402680426836014,0.0901506245136261,0.12807294726371765
189,1077.783935546875,42.1409912109375,0.011691265739500523,0.07773066312074661,0.10812615603208542,1318.330322265625,44.442440032958984,0.016285108402371407,0.08947091549634933,0.1276131272315979
190,1098.679443359375,41.43145751953125,0.011914163827896118,0.07809964567422867,0.10915201902389526,1314.645263671875,44.77059555053711,0.016277555376291275,0.08993548899888992,0.12758351862430573
191,1110.780517578125,41.93955612182617,0.012177125550806522,0.07857077568769455,0.11035001277923584,1314.098876953125,44.24232482910156,0.016178779304027557,0.08988150954246521,0.1271958351135254
192,1083.5350341796875,41.97217559814453,0.011848162859678268,0.078278087079525,0.10884926468133926,1313.35009765625,44.05327224731445,0.01612105220556259,0.08937007933855057,0.12696871161460876
193,1088.879638671875,41.127586364746094,0.011766413226723671,0.07743161916732788,0.10847309976816177,1314.031005859375,43.94615936279297,0.01610577292740345,0.08967584371566772,0.12690852582454681
194,1066.9512939453125,41.230628967285156,0.011502355337142944,0.07700709253549576,0.10724903643131256,1309.5985107421875,44.1685791015625,0.016088690608739853,0.08943068981170654,0.126841202378273
195,1077.696044921875,41.45531463623047,0.011746433563530445,0.07739926874637604,0.10838096588850021,1314.3941650390625,44.62118148803711,0.016262497752904892,0.08953789621591568,0.1275244951248169
196,1067.3682861328125,41.6485595703125,0.011487101204693317,0.07668138295412064,0.10717789828777313,1316.827880859375,44.099918365478516,0.016200512647628784,0.08938852697610855,0.12728123366832733
197,1067.931884765625,41.79532241821289,0.011720564216375351,0.07791038602590561,0.10826154798269272,1310.1439208984375,44.56995391845703,0.016156038269400597,0.08962856233119965,0.12710639834403992
198,1083.573974609375,41.077796936035156,0.011842242442071438,0.078269362449646,0.10882207006216049,1310.786865234375,44.026458740234375,0.016078680753707886,0.08887434750795364,0.1268017292022705
199,1076.4459228515625,40.77826690673828,0.011579482816159725,0.07737954705953598,0.10760800540447235,1314.4158935546875,43.742366790771484,0.016096491366624832,0.08913151174783707,0.12687194347381592
200,1094.350341796875,41.62761688232422,0.011826778762042522,0.07753481715917587,0.10875099152326584,1308.6949462890625,44.00471496582031,0.016037601977586746,0.08898348361253738,0.12663964927196503
201,1072.5399169921875,41.115318298339844,0.011545883491635323,0.07710885256528854,0.10745176672935486,1302.288330078125,44.30803298950195,0.015970729291439056,0.0890212133526802,0.12637534737586975
202,1093.1885986328125,41.49092102050781,0.011832908727228642,0.07739093154668808,0.108779177069664,1315.17822265625,43.826805114746094,0.016113607212901115,0.08976636081933975,0.12693938612937927
203,1075.7374267578125,41.11983871459961,0.011617894284427166,0.07705138623714447,0.10778634250164032,1314.60205078125,44.073822021484375,0.016135888174176216,0.08918522298336029,0.12702710926532745
204,1075.9005126953125,40.574485778808594,0.011478468775749207,0.07694000750780106,0.10713762044906616,1313.681396484375,43.927520751953125,0.016102531924843788,0.08939594030380249,0.1268957555294037
205,1069.767333984375,40.957481384277344,0.011588865891098976,0.07735681533813477,0.10765159875154495,1312.7174072265625,44.2108154296875,0.016122428700327873,0.08958639949560165,0.12697412073612213
206,1068.8935546875,40.94369888305664,0.01145398709923029,0.07714983075857162,0.10702329874038696,1317.3812255859375,44.137699127197266,0.016199074685573578,0.08948420733213425,0.12727558612823486
207,1079.1112060546875,41.17457962036133,0.011627021245658398,0.07689976692199707,0.10782866925001144,1315.391357421875,44.10309600830078,0.016143828630447388,0.08952274173498154,0.12705837190151215
208,1075.7908935546875,41.234825134277344,0.011489083990454674,0.07695795595645905,0.10718714445829391,1309.6171875,44.3271598815918,0.01607774943113327,0.0889735221862793,0.12679806351661682
209,1082.235107421875,40.51844787597656,0.011565529741346836,0.07709497958421707,0.10754315555095673,1310.641357421875,44.02813720703125,0.01605498231947422,0.08929529786109924,0.1267082691192627
210,1080.52294921875,40.5435676574707,0.011629960499703884,0.07705429196357727,0.10784228891134262,1308.3109130859375,44.20507049560547,0.01605359837412834,0.0894256979227066,0.12670280039310455
211,1082.45703125,41.38873291015625,0.011780444532632828,0.07827962189912796,0.10853774100542068,1307.715576171875,45.30367660522461,0.016243888065218925,0.0901234820485115,0.12745150923728943
212,1076.5157470703125,41.50045394897461,0.011619817465543747,0.07723937183618546,0.10779526084661484,1305.8433837890625,44.26854705810547,0.016007564961910248,0.08983096480369568,0.1265210062265396
213,1082.278564453125,40.65369415283203,0.011654552072286606,0.07732711732387543,0.10795625299215317,1314.511474609375,44.28105926513672,0.016195179894566536,0.0889422819018364,0.12726028263568878
214,1091.0899658203125,41.23865509033203,0.011846739798784256,0.07807100564241409,0.10884273052215576,1304.02978515625,44.52082061767578,0.016033140942454338,0.08918095380067825,0.1266220360994339
215,1065.2825927734375,41.58234405517578,0.011543918401002884,0.07713624089956284,0.10744262486696243,1301.9427490234375,44.16536331176758,0.015923187136650085,0.08875846862792969,0.12618711590766907
216,1063.626220703125,41.07686996459961,0.011469964869320393,0.07732266187667847,0.10709792375564575,1309.2850341796875,43.858821868896484,0.01601318269968033,0.08872030675411224,0.12654320895671844
217,1077.174072265625,41.68855667114258,0.011660458520054817,0.07756797224283218,0.10798359662294388,1312.054443359375,44.326534271240234,0.016153136268258095,0.08944150060415268,0.12709498405456543
218,1055.885986328125,40.84050750732422,0.011224609799683094,0.0762280523777008,0.10594625771045685,1312.111572265625,44.47089385986328,0.016172165051102638,0.08887996524572372,0.12716983258724213
219,1078.815185546875,41.20515823364258,0.01160035002976656,0.07700066268444061,0.10770491510629654,1310.822265625,44.04972457885742,0.016055075451731682,0.0895102471113205,0.12670862674713135
220,1067.156494140625,40.93151092529297,0.011403469368815422,0.07664476335048676,0.10678702592849731,1314.304443359375,44.31169509887695,0.01617240346968174,0.08924884349107742,0.12717077136039734
221,1071.5982666015625,41.20448303222656,0.011509851552546024,0.07672258466482162,0.10728397965431213,1306.556396484375,44.23063659667969,0.01602150872349739,0.08861585706472397,0.12657609581947327
222,1052.3143310546875,40.98387908935547,0.011234153062105179,0.07562845200300217,0.10599128901958466,1314.3011474609375,44.114776611328125,0.01613183692097664,0.08916454762220383,0.12701116502285004
223,1061.6396484375,40.58537673950195,0.011231242679059505,0.07599193602800369,0.10597756505012512,1310.1248779296875,44.59687805175781,0.016151273623108864,0.08907575160264969,0.12708765268325806
224,1067.6397705078125,41.320125579833984,0.011481224559247494,0.07710851728916168,0.10715047270059586,1315.0980224609375,44.06789779663086,0.016147367656230927,0.08955694735050201,0.1270722895860672
225,1060.793212890625,41.167579650878906,0.011376645416021347,0.07655932009220123,0.106661356985569,1303.07568359375,44.23222732543945,0.01597849279642105,0.08882975578308105,0.12640605866909027
226,1064.1153564453125,39.516387939453125,0.011206544935703278,0.07582764327526093,0.10586097091436386,1304.831298828125,44.06675720214844,0.015963729470968246,0.08895371109247208,0.1263476461172104
227,1075.4869384765625,40.12926483154297,0.01147213764488697,0.07604897767305374,0.10710807144641876,1311.3466796875,43.99321746826172,0.016065217554569244,0.0893888846039772,0.12674865126609802
228,1062.383544921875,40.75188446044922,0.011256682686507702,0.0763205885887146,0.1060975193977356,1309.366455078125,44.351051330566406,0.016100618988275528,0.08857093006372452,0.1268882155418396
229,1049.9031982421875,40.39411163330078,0.011058714240789413,0.07567097246646881,0.1051604226231575,1310.042724609375,44.17071533203125,0.016081344336271286,0.08857781440019608,0.12681223452091217
230,1044.544677734375,40.61309051513672,0.011107795871794224,0.07532394677400589,0.10539352148771286,1314.595458984375,44.39531707763672,0.016216818243265152,0.08876924216747284,0.1273452788591385
231,1073.950927734375,40.76067352294922,0.01148737221956253,0.07743488252162933,0.10717915743589401,1311.2911376953125,44.20242691040039,0.01611768640577793,0.0890052393078804,0.12695544958114624
232,1053.174072265625,40.52289581298828,0.01120271161198616,0.0759279876947403,0.10584285855293274,1308.9329833984375,44.376651763916016,0.01610540971159935,0.08901624381542206,0.1269070953130722
233,1085.0172119140625,40.826416015625,0.011620484292507172,0.07730014622211456,0.10779835283756256,1306.211181640625,44.41209030151367,0.01606636680662632,0.08921875059604645,0.12675316631793976
234,1071.9774169921875,40.9205436706543,0.01146269217133522,0.07643306255340576,0.10706396400928497,1303.989501953125,43.91206359863281,0.015937451273202896,0.08910375088453293,0.12624362111091614
235,1061.867431640625,40.79689407348633,0.011359761469066143,0.07669995725154877,0.10658217966556549,1311.1397705078125,43.85654067993164,0.01606488972902298,0.08889774233102798,0.12674733996391296
236,1056.89208984375,40.91613006591797,0.011212720535695553,0.0758734792470932,0.10589013248682022,1306.64990234375,44.122215270996094,0.016026118770241737,0.08871962875127792,0.12659430503845215
237,1045.0555419921875,40.616024017333984,0.011162498965859413,0.07621942460536957,0.10565272718667984,1305.437255859375,43.82957077026367,0.0159746166318655,0.08799058943986893,0.1263907253742218
238,1065.012939453125,40.548789978027344,0.011313918977975845,0.07562032341957092,0.10636691004037857,1300.7825927734375,44.0330924987793,0.015905505046248436,0.0888097882270813,0.1261170357465744
239,1056.550048828125,40.773433685302734,0.01124405488371849,0.07598850131034851,0.10603798925876617,1309.049072265625,43.86466598510742,0.01603536866605282,0.08891834318637848,0.12663082778453827
240,1076.248046875,40.500572204589844,0.011475427076220512,0.07709827274084091,0.10712341219186783,1305.8619384765625,43.91863250732422,0.015980657190084457,0.08915135264396667,0.12641462683677673
241,1062.7144775390625,41.22998809814453,0.011424547992646694,0.07643431425094604,0.10688567906618118,1306.728759765625,43.85693359375,0.016001572832465172,0.08868156373500824,0.1264973133802414
242,1060.35498046875,41.24554443359375,0.011372064240276814,0.07603945583105087,0.10663988441228867,1304.4508056640625,43.976402282714844,0.01596301607787609,0.08915750682353973,0.12634482979774475
243,1083.29541015625,40.18455505371094,0.011601968668401241,0.07730263471603394,0.10771244019269943,1304.701416015625,43.96979522705078,0.01596432365477085,0.08905445784330368,0.12635000050067902
244,1072.406005859375,40.825740814208984,0.011509355157613754,0.07662452012300491,0.1072816550731659,1310.133544921875,43.9358024597168,0.01604490540921688,0.08969447016716003,0.12666848301887512
245,1056.1536865234375,40.44491958618164,0.011145328171551228,0.07592380046844482,0.1055714339017868,1306.18701171875,43.8853759765625,0.015996983274817467,0.08849877119064331,0.12647917866706848
246,1053.05029296875,40.328487396240234,0.011195375584065914,0.07598420977592468,0.10580821335315704,1305.0391845703125,43.872352600097656,0.015951229259371758,0.08857590705156326,0.12629817426204681
247,1062.460205078125,39.98573303222656,0.011186394840478897,0.07581862807273865,0.10576575249433517,1313.461669921875,44.182594299316406,0.0161591824144125,0.08923912048339844,0.1271187663078308
248,1065.553466796875,40.21214294433594,0.011298737488687038,0.07588601112365723,0.10629552602767944,1307.56005859375,44.37136459350586,0.01608620025217533,0.08939540386199951,0.12683139741420746
249,1068.474365234375,40.686222076416016,0.011370410211384296,0.07577405124902725,0.10663212090730667,1317.733642578125,44.10065841674805,0.016206614673137665,0.09019644558429718,0.12730520963668823
250,1056.6192626953125,40.33039093017578,0.011146781034767628,0.07602223753929138,0.10557831823825836,1320.62158203125,44.629310607910156,0.016382640227675438,0.08980091661214828,0.12799468636512756
251,1063.9049072265625,41.42082214355469,0.011425336822867393,0.07687675207853317,0.10688936710357666,1311.389892578125,44.05935287475586,0.016097070649266243,0.08933146297931671,0.12687423825263977
252,1064.4896240234375,40.59326934814453,0.011315098032355309,0.07647352665662766,0.10637244582176208,1313.2601318359375,43.92250061035156,0.016122043132781982,0.0888393297791481,0.12697260081768036
253,1055.4918212890625,41.18219757080078,0.011285980232059956,0.07549557834863663,0.10623549669981003,1308.705078125,44.04957962036133,0.016060298308730125,0.08879128843545914,0.12672923505306244
254,1050.65966796875,40.10466003417969,0.011087637394666672,0.0755029246211052,0.10529784858226776,1322.865234375,44.22576904296875,0.016349369660019875,0.09001300483942032,0.12786465883255005
255,1037.8841552734375,40.30473327636719,0.010956971906125546,0.07501596957445145,0.1046755462884903,1322.8355712890625,44.38235855102539,0.01638425886631012,0.08998281508684158,0.12800100445747375
256,1041.5079345703125,40.049903869628906,0.011000119149684906,0.07549044489860535,0.10488145053386688,1323.253662109375,44.13719940185547,0.01635991781949997,0.08915344625711441,0.12790589034557343
257,1056.099609375,40.301395416259766,0.011211024597287178,0.07575149834156036,0.10588212311267853,1320.751220703125,44.110836029052734,0.016304291784763336,0.08976830542087555,0.12768825888633728
258,1037.322265625,40.241607666015625,0.01092297863215208,0.07541128993034363,0.10451305657625198,1312.94580078125,44.17483901977539,0.016162099316716194,0.08855622261762619,0.12713024020195007
259,1056.8983154296875,40.438804626464844,0.01122757513076067,0.07546257227659225,0.10596024990081787,1316.205322265625,44.310150146484375,0.016239283606410027,0.08951537311077118,0.12743344902992249
260,1049.247314453125,40.099830627441406,0.011001039296388626,0.07509294897317886,0.10488585382699966,1315.7840576171875,44.539886474609375,0.016289887949824333,0.08935196697711945,0.12763184309005737
261,1047.1068115234375,40.23807907104492,0.011022406630218029,0.07556644082069397,0.10498764365911484,1318.265380859375,44.45160675048828,0.016322089359164238,0.08890504390001297,0.1277579367160797
262,1038.7781982421875,39.87038040161133,0.01081421971321106,0.07459598034620285,0.10399144142866135,1322.1202392578125,44.064537048339844,0.016316572204232216,0.08883196860551834,0.12773634493350983
263,1056.1651611328125,40.00026321411133,0.011096948757767677,0.07590774446725845,0.10534205287694931,1315.733642578125,44.401206970214844,0.016260670498013496,0.08914363384246826,0.12751732766628265
264,1047.926025390625,40.763427734375,0.011092403903603554,0.07532282918691635,0.10532049089670181,1319.4581298828125,44.607421875,0.01636192761361599,0.08953562378883362,0.12791374325752258
265,1045.819091796875,40.260498046875,0.010986818000674248,0.07534662634134293,0.10481802374124527,1322.1258544921875,44.367347717285156,0.016356756910681725,0.08952160179615021,0.12789353728294373
266,1043.592041015625,40.48607635498047,0.011000429280102253,0.07529506087303162,0.10488293319940567,1315.007568359375,44.443695068359375,0.01622714102268219,0.08877415955066681,0.12738579511642456
267,1046.9425048828125,40.822139739990234,0.01114766113460064,0.07609112560749054,0.10558248311281204,1309.83544921875,45.10273361206055,0.016246555373072624,0.0897219181060791,0.1274619698524475
268,1049.3963623046875,40.06862258911133,0.011076166294515133,0.07535960525274277,0.10524336248636246,1312.197021484375,44.78857421875,0.01624741218984127,0.08909787982702255,0.12746533751487732
269,1053.716064453125,39.27912139892578,0.010996502824127674,0.0748126283288002,0.104864202439785,1317.1842041015625,44.32026290893555,0.016252871602773666,0.08897334337234497,0.12748675048351288
270,1031.629150390625,40.17006301879883,0.010788079351186752,0.0749160498380661,0.10386568307876587,1313.1859130859375,44.16469955444336,0.016143085435032845,0.0889090895652771,0.12705543637275696
271,1041.548583984375,39.67972946166992,0.010861464776098728,0.07477448135614395,0.10421834886074066,1316.37646484375,44.19471740722656,0.016213543713092804,0.08863697946071625,0.1273324191570282
272,1044.390380859375,40.03431701660156,0.010950112715363503,0.07522928714752197,0.10464278608560562,1320.4970703125,44.72541046142578,0.016382567584514618,0.08916570246219635,0.12799441814422607
273,1038.0477294921875,40.163272857666016,0.010912894271314144,0.07474595308303833,0.10446479916572571,1331.4195556640625,44.374881744384766,0.01652267388999462,0.08993653953075409,0.12854056060314178
274,1034.67236328125,39.92021942138672,0.010754094459116459,0.07443665713071823,0.10370194911956787,1325.254150390625,44.094482421875,0.016350867226719856,0.08957130461931229,0.12787050008773804
275,1042.0096435546875,40.357513427734375,0.011017941869795322,0.07511553913354874,0.10496637225151062,1322.1673583984375,44.33145523071289,0.016343405470252037,0.08978457748889923,0.12784132361412048
276,1050.608154296875,40.13157272338867,0.011090016923844814,0.0754840299487114,0.1053091511130333,1326.83203125,44.1890754699707,0.01640486530959606,0.08920975029468536,0.12808148562908173
277,1039.0635986328125,39.805458068847656,0.010822298936545849,0.0749158188700676,0.10403028875589371,1321.9002685546875,44.18811798095703,0.01631605625152588,0.08887083828449249,0.12773431837558746
278,1034.251220703125,39.698856353759766,0.01081866305321455,0.07492602616548538,0.10401280224323273,1324.53271484375,44.51762008666992,0.01643836684525013,0.08938787877559662,0.12821219861507416
279,1045.91552734375,40.65980911254883,0.010946087539196014,0.07550086081027985,0.10462354868650436,1327.225830078125,44.43150329589844,0.016466138884425163,0.089222751557827,0.12832045555114746
280,1008.3297729492188,39.014183044433594,0.010346618480980396,0.07265249639749527,0.10171833634376526,1326.897216796875,44.246055603027344,0.01643168181180954,0.08884133398532867,0.12818612158298492
281,1030.456298828125,39.66541290283203,0.01067142840474844,0.07447332888841629,0.10330260545015335,1325.6778564453125,45.1030387878418,0.016550356522202492,0.08990246802568436,0.12864819169044495
282,1040.34619140625,39.991092681884766,0.01077356655150652,0.07476215809583664,0.10379578918218613,1328.861083984375,44.63986587524414,0.01653461530804634,0.08976630121469498,0.128587007522583
283,1033.5791015625,39.72077560424805,0.010737794451415539,0.0743388682603836,0.10362333059310913,1335.1820068359375,44.10283279418945,0.016553889960050583,0.08941736072301865,0.12866191565990448
284,1036.1478271484375,39.01876449584961,0.010727634653449059,0.07381177693605423,0.10357429832220078,1330.2012939453125,43.92021942138672,0.016412153840065002,0.08973664045333862,0.12810993194580078
285,1042.29638671875,40.54704666137695,0.010960275307297707,0.07501651346683502,0.10469133406877518,1328.958740234375,43.75550842285156,0.01636401005089283,0.08949638903141022,0.12792189419269562
286,1037.447021484375,39.62175750732422,0.01075807400047779,0.07489396631717682,0.10372113436460495,1328.37353515625,43.89623260498047,0.016364429146051407,0.08944118767976761,0.12792353332042694
287,1026.2012939453125,40.45362091064453,0.010737006552517414,0.07502976804971695,0.1036195307970047,1329.30322265625,44.20906448364258,0.016446439549326897,0.08962316811084747,0.12824366986751556
288,1037.3431396484375,39.724403381347656,0.010773736983537674,0.07475800067186356,0.10379661619663239,1335.9090576171875,44.398590087890625,0.016625238582491875,0.08962161093950272,0.12893889844417572
