epoch,RMSE_P,RMSE_T,loss,mean_absolute_error,root_mean_squared_error,val_RMSE_P,val_RMSE_T,val_loss,val_mean_absolute_error,val_root_mean_squared_error
0,3022.103271484375,171.27256774902344,0.13548283278942108,0.3028484582901001,0.36807993054389954,1876.6640625,102.43795013427734,0.04580606520175934,0.17269982397556305,0.21402351558208466
1,1964.351318359375,107.04134368896484,0.05088253319263458,0.1759943962097168,0.22557157278060913,1652.383056640625,88.47447967529297,0.03476356714963913,0.14983659982681274,0.18644990026950836
2,1740.716796875,85.91638946533203,0.03640599921345711,0.14562171697616577,0.19080355763435364,1546.1986083984375,76.4681396484375,0.028429867699742317,0.13413788378238678,0.1686115860939026
3,1664.645263671875,78.37789154052734,0.031825825572013855,0.13503731787204742,0.17839793860912323,1462.9134521484375,64.82159423828125,0.023420032113790512,0.11862707883119583,0.15303604304790497
4,1552.299072265625,71.98189544677734,0.02737712301313877,0.12620779871940613,0.16546034812927246,1413.3123779296875,61.961273193359375,0.02170739881694317,0.11314070224761963,0.14733430743217468
5,1451.7193603515625,66.58125305175781,0.02368403971195221,0.11642593145370483,0.15389618277549744,1362.2799072265625,58.44200897216797,0.01989406906068325,0.1057887002825737,0.14104633033275604
6,1437.1248779296875,65.8348617553711,0.02342543564736843,0.11460214853286743,0.15305370092391968,1344.713134765625,55.540870666503906,0.018884869292378426,0.10176391899585724,0.13742223381996155
7,1415.1845703125,62.182647705078125,0.02182283066213131,0.11022889614105225,0.14772553741931915,1326.4031982421875,54.91405487060547,0.018390895798802376,0.1000652015209198,0.13561303913593292
8,1382.61181640625,59.62194061279297,0.020658191293478012,0.10757264494895935,0.1437295824289322,1320.155029296875,52.22254180908203,0.017704250290989876,0.09679578989744186,0.13305732607841492
9,1364.964599609375,60.37822723388672,0.02033969759941101,0.10635408014059067,0.14261731505393982,1312.4468994140625,51.938316345214844,0.017499594017863274,0.09619550406932831,0.13228602707386017
10,1329.8697509765625,57.33116912841797,0.019229361787438393,0.10272931307554245,0.1386699676513672,1299.9708251953125,51.841064453125,0.01724463328719139,0.09584023058414459,0.1313188225030899
11,1329.634765625,56.729644775390625,0.01891404017806053,0.10229361057281494,0.13752833008766174,1293.9393310546875,49.4251708984375,0.016650451347231865,0.09281338006258011,0.12903662025928497
12,1335.1556396484375,55.82060623168945,0.018822966143488884,0.1011362299323082,0.13719680905342102,1286.4873046875,48.24520492553711,0.016285691410303116,0.09117928892374039,0.12761540710926056
13,1333.8873291015625,54.40922927856445,0.018496228381991386,0.10071767866611481,0.1360008269548416,1306.8743896484375,47.95094299316406,0.016598457470536232,0.09209229797124863,0.12883500754833221
14,1310.088134765625,54.32501220703125,0.017992684617638588,0.09871212393045425,0.13413681089878082,1296.745849609375,48.85602951049805,0.01659427210688591,0.09247089922428131,0.12881875038146973
15,1330.8724365234375,54.834190368652344,0.01859077252447605,0.1003866121172905,0.13634797930717468,1297.222412109375,48.53038787841797,0.016547998413443565,0.09201524406671524,0.12863902747631073
16,1304.3551025390625,53.325645446777344,0.017680026590824127,0.09827208518981934,0.13296626508235931,1300.5849609375,47.24761199951172,0.01636490598320961,0.09121181070804596,0.12792539596557617
17,1294.057861328125,52.255226135253906,0.017360225319862366,0.09715762734413147,0.13175822794437408,1299.348388671875,46.386383056640625,0.016176776960492134,0.09038335829973221,0.12718795239925385
18,1284.4615478515625,51.36085891723633,0.016899434849619865,0.09581774473190308,0.12999781966209412,1282.103271484375,46.21713638305664,0.015825219452381134,0.08935588598251343,0.1257983148097992
19,1262.5418701171875,52.3310546875,0.016830479726195335,0.09575607627630234,0.12973234057426453,1293.5184326171875,45.90642547607422,0.01598130352795124,0.08931863307952881,0.12641717493534088
20,1278.681396484375,51.337501525878906,0.016715263947844505,0.09466909617185593,0.1292875111103058,1283.6695556640625,46.10481262207031,0.015835050493478775,0.08915995806455612,0.12583740055561066
21,1276.8905029296875,50.61534881591797,0.01662757247686386,0.0950956866145134,0.12894794344902039,1283.461669921875,47.286598205566406,0.016053341329097748,0.09039606153964996,0.12670178711414337
22,1261.24072265625,51.008384704589844,0.016616329550743103,0.09414893388748169,0.1289043426513672,1298.1136474609375,46.27474594116211,0.01613086462020874,0.08985718339681625,0.12700733542442322
23,1287.70068359375,49.259178161621094,0.01652916520833969,0.09429802000522614,0.12856580317020416,1289.4896240234375,46.579017639160156,0.016038615256547928,0.08989723026752472,0.12664365768432617
24,1263.6058349609375,49.943294525146484,0.01627361588180065,0.09312774986028671,0.1275680810213089,1301.405517578125,45.4403076171875,0.016041982918977737,0.0896034687757492,0.12665694952011108
25,1278.239013671875,50.825279235839844,0.016669010743498802,0.09462924301624298,0.1291085183620453,1295.9776611328125,45.87181091308594,0.016024533659219742,0.08955109119415283,0.12658804655075073
26,1261.8323974609375,48.90336608886719,0.016048477962613106,0.09244197607040405,0.1266825944185257,1281.9722900390625,45.939388275146484,0.015783565118908882,0.08885716646909714,0.1256326586008072
27,1255.826416015625,50.21860122680664,0.01624074950814247,0.09357471764087677,0.1274392008781433,1285.1739501953125,44.284271240234375,0.01553979329764843,0.08821478486061096,0.12465871125459671
28,1261.426513671875,49.352867126464844,0.016086945310235023,0.09196902066469193,0.12683431804180145,1271.950927734375,44.65068817138672,0.015363750047981739,0.08761738240718842,0.12395059317350388
29,1249.178955078125,48.49689483642578,0.01565844565629959,0.09123988449573517,0.1251337230205536,1266.0888671875,46.06359100341797,0.01551726646721363,0.08821088820695877,0.12456832081079483
30,1230.7467041015625,48.47240447998047,0.015561453998088837,0.09126982092857361,0.12474555522203445,1285.5477294921875,44.36177444458008,0.015563148073852062,0.08812769502401352,0.12475235760211945
31,1252.7281494140625,47.48064422607422,0.01569032482802868,0.09124331176280975,0.12526102364063263,1279.614990234375,44.41582489013672,0.01546309981495142,0.08759671449661255,0.12435071170330048
32,1247.5955810546875,47.647621154785156,0.015590694732964039,0.09043345600366592,0.12486270070075989,1265.734130859375,44.45991516113281,0.015221887268126011,0.08690039813518524,0.1233770102262497
33,1246.5079345703125,48.47180938720703,0.01566891372203827,0.09151991456747055,0.12517553567886353,1276.49072265625,43.837181091308594,0.015307830646634102,0.08720787614583969,0.1237248107790947
34,1222.70703125,47.681785583496094,0.015227493830025196,0.0894516333937645,0.12339973449707031,1280.1763916015625,44.26891326904297,0.015446938574314117,0.08717557787895203,0.12428571283817291
35,1238.6395263671875,49.08780288696289,0.01570059359073639,0.09037596732378006,0.1253020167350769,1284.2001953125,44.483238220214844,0.015562816523015499,0.08773288130760193,0.124751016497612
36,1246.614501953125,47.008182525634766,0.015311427414417267,0.08975296467542648,0.12373935431241989,1275.2760009765625,44.26350021362305,0.01535333413630724,0.08688449114561081,0.12390857189893723
37,1252.161865234375,46.734214782714844,0.01539888046681881,0.08993988484144211,0.1240922287106514,1303.3385009765625,45.14677810668945,0.01603427343070507,0.08887822180986404,0.12662650644779205
38,1233.189208984375,47.20845413208008,0.015285798348486423,0.08893812447786331,0.12363574653863907,1285.6990966796875,44.6682014465332,0.015625160187482834,0.08786196261644363,0.12500064074993134
39,1229.956298828125,47.005348205566406,0.015228547155857086,0.08966745436191559,0.12340401113033295,1270.8951416015625,43.684547424316406,0.015175950713455677,0.0865439847111702,0.12319070100784302
40,1246.763427734375,46.84943389892578,0.015396151691675186,0.08946710079908371,0.12408123165369034,1308.480712890625,43.81928253173828,0.015895191580057144,0.0883808508515358,0.1260761320590973
41,1227.789306640625,46.18547821044922,0.015007134526968002,0.08880405128002167,0.1225036084651947,1274.928466796875,44.51335525512695,0.01540099922567606,0.08708236366510391,0.12410075962543488
42,1225.458251953125,46.91352844238281,0.015070924535393715,0.08869258314371109,0.12276369333267212,1283.5955810546875,43.80121994018555,0.015436604619026184,0.08698174357414246,0.12424413114786148
43,1220.1787109375,46.916587829589844,0.01496600080281496,0.0881958082318306,0.12233560532331467,1273.468017578125,44.425479888916016,0.015361237339675426,0.08687157928943634,0.12394046783447266
44,1218.8165283203125,47.35028839111328,0.015059662982821465,0.08942364156246185,0.12271782010793686,1267.3402099609375,43.42977523803711,0.015072478912770748,0.0861198753118515,0.1227700263261795
45,1241.387939453125,46.9493408203125,0.015295867808163166,0.08867788314819336,0.12367646396160126,1262.423583984375,44.47709655761719,0.015161809511482716,0.08634859323501587,0.12313330173492432
46,1219.14501953125,46.78850555419922,0.014863183721899986,0.08842819929122925,0.12191465497016907,1262.7523193359375,44.611900329589844,0.015189133584499359,0.08669174462556839,0.12324420362710953
47,1218.809326171875,46.652557373046875,0.01493071112781763,0.08864881843328476,0.12219128757715225,1270.38525390625,43.33006286621094,0.015103060752153397,0.08674230426549911,0.12289450317621231
48,1209.372802734375,46.160736083984375,0.01460564136505127,0.08710446953773499,0.12085380405187607,1275.9105224609375,43.84700012207031,0.015288465656340122,0.08692701160907745,0.12364653497934341
49,1229.9652099609375,46.416587829589844,0.0149290282279253,0.08871792256832123,0.1221844032406807,1276.453369140625,44.03801727294922,0.015339776873588562,0.08676037192344666,0.12385385483503342
50,1205.688232421875,46.73686218261719,0.014809995889663696,0.08791489154100418,0.12169632315635681,1273.3775634765625,44.120887756347656,0.015293781645596027,0.08664003014564514,0.12366802990436554
51,1222.9390869140625,47.507896423339844,0.014978819526731968,0.0887564942240715,0.12238799035549164,1278.7763671875,43.35062026977539,0.015255933627486229,0.0864347591996193,0.12351490557193756
52,1216.95703125,46.402252197265625,0.014814005233347416,0.08825616538524628,0.12171280384063721,1262.178955078125,43.23987579345703,0.014927015639841557,0.08535470813512802,0.1221761703491211
53,1205.095458984375,46.400665283203125,0.014667271636426449,0.08746732026338577,0.1211085096001625,1274.87353515625,43.76152038574219,0.015255126170814037,0.08642765134572983,0.1235116496682167
54,1199.463134765625,46.554405212402344,0.014550765976309776,0.08671213686466217,0.1206265538930893,1268.8076171875,43.56104278564453,0.015110409818589687,0.0857483372092247,0.12292440235614777
55,1192.657470703125,46.38477325439453,0.014530671760439873,0.08725790679454803,0.1205432340502739,1264.577880859375,44.401206970214844,0.015177295543253422,0.08598371595144272,0.12319616973400116
56,1219.0950927734375,46.11908721923828,0.014817035757005215,0.08833048492670059,0.12172524631023407,1272.692138671875,44.938270568847656,0.015426076017320156,0.08700990676879883,0.12420175969600677
57,1212.00048828125,46.084739685058594,0.014621691778302193,0.08745550364255905,0.12092018872499466,1268.1107177734375,44.76171112060547,0.015311608090996742,0.08622287958860397,0.12374008446931839
58,1215.4754638671875,45.34267044067383,0.014435340650379658,0.08670554310083389,0.12014716118574142,1265.593505859375,45.041236877441406,0.015309830196201801,0.08647865056991577,0.12373290210962296
59,1216.4609375,46.12611389160156,0.014961830340325832,0.08786328136920929,0.1223185583949089,1257.617431640625,43.74323654174805,0.014931865967810154,0.08573732525110245,0.1221960112452507
60,1209.820068359375,45.84923553466797,0.014685445465147495,0.08763010054826736,0.12118352204561234,1264.2904052734375,45.39482498168945,0.015345514751970768,0.08711262047290802,0.12387701123952866
61,1194.8284912109375,46.47040939331055,0.014471989125013351,0.08709808439016342,0.1202995777130127,1263.080810546875,44.357093811035156,0.015143755823373795,0.08582733571529388,0.1230599656701088
62,1215.3572998046875,45.989227294921875,0.01456641498953104,0.08684331178665161,0.12069140374660492,1268.6370849609375,44.139503479003906,0.015207643620669842,0.08589532226324081,0.12331927567720413
63,1200.6229248046875,46.125709533691406,0.014466354623436928,0.08691957592964172,0.12027616053819656,1265.1160888671875,43.691070556640625,0.015064403414726257,0.08593322336673737,0.12273713201284409
64,1228.9217529296875,44.7259635925293,0.01474878191947937,0.08734618127346039,0.12144455313682556,1265.8431396484375,43.716163635253906,0.015075859613716602,0.08599543571472168,0.12278379499912262
65,1214.3731689453125,45.40058135986328,0.01450985949486494,0.0872798040509224,0.12045688182115555,1261.5203857421875,43.49245834350586,0.014966282062232494,0.08553267270326614,0.12233676016330719
66,1201.9869384765625,45.02638626098633,0.01425806526094675,0.08621201664209366,0.11940714716911316,1257.7745361328125,43.866493225097656,0.01496305875480175,0.0857328325510025,0.12232358753681183
67,1212.815185546875,44.90802764892578,0.01445864513516426,0.08662627637386322,0.1202441081404686,1260.307373046875,43.96532440185547,0.015031302347779274,0.08566487580537796,0.12260221689939499
68,1191.480224609375,45.328346252441406,0.014110554940998554,0.08542965352535248,0.11878785490989685,1255.629150390625,43.253562927246094,0.014818977564573288,0.08524448424577713,0.12173322588205338
69,1199.6129150390625,45.329830169677734,0.014348901808261871,0.08585139364004135,0.11978690326213837,1260.2593994140625,43.324058532714844,0.014913728460669518,0.08549431711435318,0.12212178111076355
70,1198.172607421875,44.929222106933594,0.014146743342280388,0.08582336455583572,0.1189400851726532,1261.5260009765625,44.182151794433594,0.015081330202519894,0.08614297211170197,0.12280606478452682
71,1206.466552734375,45.57135772705078,0.014473535120487213,0.08698425441980362,0.12030600011348724,1260.1806640625,43.21289825439453,0.014887670986354351,0.08569073677062988,0.12201504409313202
72,1185.5948486328125,45.631343841552734,0.014139129780232906,0.0855264812707901,0.11890807747840881,1256.4202880859375,43.91794967651367,0.014942198991775513,0.08548516035079956,0.12223829329013824
73,1225.9671630859375,45.916358947753906,0.014783297665417194,0.08711275458335876,0.12158658355474472,1255.8192138671875,43.194557189941406,0.014804909937083721,0.08505851030349731,0.12167543172836304
74,1204.469970703125,45.90922164916992,0.01451321691274643,0.08654306083917618,0.1204708144068718,1258.767822265625,43.30097961425781,0.014872568659484386,0.08522593975067139,0.12195314466953278
75,1189.689453125,44.79747772216797,0.014128440991044044,0.08613375574350357,0.11886312067508698,1255.5545654296875,43.747711181640625,0.014894276857376099,0.08535535633563995,0.12204211205244064
76,1196.537353515625,45.608497619628906,0.014356845058500767,0.08656281232833862,0.11982005089521408,1252.991455078125,44.63153839111328,0.015004569664597511,0.08577068895101547,0.12249314039945602
77,1183.6953125,45.5603141784668,0.014110874384641647,0.08574153482913971,0.1187891960144043,1276.1519775390625,43.0874137878418,0.01515867281705141,0.08625505864620209,0.12312056124210358
78,1193.3175048828125,44.76720428466797,0.014166724868118763,0.08521426469087601,0.11902404576539993,1264.479248046875,43.33263397216797,0.014979281462728977,0.08590784668922424,0.12238987535238266
79,1178.507568359375,45.140235900878906,0.013951112516224384,0.0855972021818161,0.11811482906341553,1255.616943359375,43.58214569091797,0.01486126333475113,0.08492454886436462,0.12190677970647812
80,1200.208251953125,44.91912841796875,0.014150352217257023,0.08563678711652756,0.11895526200532913,1265.603271484375,43.00531768798828,0.014946277253329754,0.08560311049222946,0.12225496768951416
81,1200.18017578125,45.3018798828125,0.014321485534310341,0.08623777329921722,0.11967240273952484,1261.9033203125,42.47748565673828,0.014796487987041473,0.08515661209821701,0.12164081633090973
82,1186.4349365234375,44.79836654663086,0.013872611336410046,0.084902822971344,0.11778204143047333,1295.774169921875,43.05868911743164,0.015511875040829182,0.08710625767707825,0.12454667687416077
83,1197.171142578125,44.217796325683594,0.014138111844658852,0.08585429191589355,0.11890379339456558,1277.969970703125,42.767478942871094,0.01513503585010767,0.08595488220453262,0.12302453070878983
84,1184.68212890625,44.80006790161133,0.014016998931765556,0.08521197736263275,0.11839340627193451,1258.7200927734375,43.44786071777344,0.01490075420588255,0.08514251559972763,0.12206865102052689
85,1202.129638671875,44.43812561035156,0.014192948117852211,0.08531299978494644,0.11913415789604187,1246.5859375,43.55951690673828,0.014697683975100517,0.08465062081813812,0.1212339997291565
86,1188.1033935546875,44.92650604248047,0.014197131618857384,0.08566897362470627,0.11915171891450882,1256.392822265625,43.01801300048828,0.014779896475374699,0.0847826823592186,0.12157260626554489
87,1196.99853515625,45.324607849121094,0.014167042449116707,0.08555273711681366,0.11902538686990738,1264.139892578125,42.989990234375,0.014913165010511875,0.0852799043059349,0.1221194714307785
88,1194.39404296875,44.88665008544922,0.014106707647442818,0.08567247539758682,0.11877166479825974,1250.22216796875,43.257850646972656,0.01470850221812725,0.08463481813669205,0.12127861380577087
89,1194.4100341796875,44.897220611572266,0.01412463653832674,0.08603370934724808,0.11884712427854538,1257.7919921875,43.704612731933594,0.01490821409970522,0.08533019572496414,0.12209919840097427
90,1195.77734375,45.06120300292969,0.014213270507752895,0.08545053750276566,0.11921942234039307,1262.7764892578125,43.67936325073242,0.015001097694039345,0.08547859638929367,0.12247896939516068
91,1177.116943359375,45.152130126953125,0.013878192752599716,0.0846199169754982,0.11780574172735214,1265.5419921875,44.67267990112305,0.015226118266582489,0.086506187915802,0.12339416146278381
92,1179.467529296875,44.36286163330078,0.013788602314889431,0.08401010185480118,0.11742488294839859,1296.9527587890625,42.88806915283203,0.015495289117097855,0.08691082894802094,0.12448008358478546
93,1178.1942138671875,44.21868133544922,0.013792147859930992,0.08406897634267807,0.11743997782468796,1256.6190185546875,43.390159606933594,0.014829806052148342,0.08505892753601074,0.12177769094705582
94,1175.3189697265625,44.734046936035156,0.013816222548484802,0.08470627665519714,0.11754242330789566,1271.978515625,43.76490783691406,0.01517973467707634,0.08598826080560684,0.12320606410503387
95,1170.615478515625,44.14572525024414,0.013731682673096657,0.08393709361553192,0.11718226224184036,1257.401123046875,42.84598922729492,0.014758781529963017,0.08485447615385056,0.12148572504520416
96,1170.68359375,44.141475677490234,0.013606366701424122,0.08426002413034439,0.11664633452892303,1250.7611083984375,42.91455841064453,0.01465047150850296,0.08434612303972244,0.12103912979364395
97,1169.2523193359375,44.51190948486328,0.013726928271353245,0.08482875674962997,0.11716197431087494,1252.0191650390625,42.62419128417969,0.014616546221077442,0.08419147878885269,0.12089890986680984
98,1190.141845703125,44.70862579345703,0.013901392929255962,0.08481552451848984,0.1179041638970375,1250.260009765625,42.569114685058594,0.014575927518308163,0.08447698503732681,0.12073080241680145
99,1172.5504150390625,44.0186653137207,0.01354398112744093,0.08341405540704727,0.11637861281633377,1253.46337890625,43.444007873535156,0.014791108667850494,0.08491015434265137,0.12161869555711746
100,1174.9130859375,43.807701110839844,0.013566186651587486,0.08385122567415237,0.1164739727973938,1257.02294921875,43.07550811767578,0.014795294962823391,0.08542575687170029,0.12163590639829636
101,1163.706787109375,44.83110809326172,0.013637812808156013,0.08428468555212021,0.11678104102611542,1248.7420654296875,42.83272933959961,0.01460498571395874,0.08441868424415588,0.12085109204053879
102,1186.6229248046875,44.86194610595703,0.014065914787352085,0.0855913758277893,0.11859980970621109,1258.1654052734375,44.22020721435547,0.015008661895990372,0.08577943593263626,0.12250984460115433
103,1179.1099853515625,44.52429962158203,0.013899818994104862,0.08431852608919144,0.11789749562740326,1255.574951171875,43.6713981628418,0.014870409853756428,0.08501576632261276,0.12194429337978363
104,1190.216796875,43.590641021728516,0.013824493624269962,0.08415908366441727,0.11757760494947433,1263.0137939453125,42.74448776245117,0.01484470535069704,0.08534464985132217,0.12183885276317596
105,1168.2552490234375,44.67230987548828,0.013688304461538792,0.08421910554170609,0.11699702590703964,1257.4244384765625,42.842140197753906,0.014758432283997536,0.08496112376451492,0.12148428708314896
106,1155.2073974609375,44.64708709716797,0.013498857617378235,0.08352387696504593,0.11618459224700928,1260.4034423828125,42.91360855102539,0.014827825129032135,0.08511234074831009,0.12176955491304398
107,1174.8897705078125,44.39418411254883,0.013689081184566021,0.08367567509412766,0.11700034886598587,1261.446044921875,42.95635986328125,0.01484814751893282,0.08534500002861023,0.12185297161340714
108,1172.46435546875,44.01251983642578,0.013523675501346588,0.08355208486318588,0.11629132926464081,1260.4517822265625,42.80326461791992,0.014814849942922592,0.08504913747310638,0.12171626836061478
109,1166.474853515625,44.50334548950195,0.013531818985939026,0.08417119085788727,0.11632634699344635,1253.530517578125,42.8046989440918,0.014695914462208748,0.08498777449131012,0.1212267056107521
110,1166.05712890625,44.470680236816406,0.013654673472046852,0.0845637321472168,0.11685321480035782,1252.2900390625,43.551979064941406,0.014794991351664066,0.08511204272508621,0.12163466215133667
111,1174.7427978515625,43.67365646362305,0.013651635497808456,0.08394826203584671,0.11684021353721619,1235.190673828125,43.43000030517578,0.014475124888122082,0.08383765816688538,0.12031261622905731
112,1153.97265625,44.01223373413086,0.013398484326899052,0.08306451141834259,0.11575181782245636,1249.11083984375,43.066162109375,0.01465736236423254,0.08427052199840546,0.1210675910115242
113,1148.288330078125,43.90863800048828,0.013309599831700325,0.0828932374715805,0.11536723375320435,1241.284423828125,43.59947967529297,0.014602428302168846,0.0841648206114769,0.12084049731492996
114,1172.006103515625,43.96118927001953,0.013686105608940125,0.08354291319847107,0.11698762327432632,1241.9542236328125,43.034767150878906,0.014524703845381737,0.08402282744646072,0.12051847577095032
115,1162.753662109375,44.504920959472656,0.013576172292232513,0.08357299864292145,0.1165168359875679,1253.827392578125,43.24073791503906,0.014771679416298866,0.08477450162172318,0.12153879553079605
116,1149.113037109375,44.09784698486328,0.0132137481123209,0.08247415721416473,0.11495106667280197,1253.1024169921875,42.88934326171875,0.01470306795090437,0.0845593735575676,0.12125620990991592
117,1160.614501953125,43.669395446777344,0.013459020294249058,0.0836418867111206,0.11601302027702332,1242.5040283203125,42.80442428588867,0.014490338042378426,0.08365247398614883,0.12037581950426102
118,1152.536376953125,44.31742477416992,0.013455526903271675,0.0829901471734047,0.11599796265363693,1245.659912109375,42.60010528564453,0.014523601159453392,0.08387009054422379,0.1205139085650444
119,1169.4937744140625,44.58826446533203,0.013652266003191471,0.08403060585260391,0.11684291064739227,1250.5628662109375,42.8648681640625,0.014658504165709019,0.08419705182313919,0.12107230722904205
120,1141.009521484375,43.340980529785156,0.01314404048025608,0.0825880616903305,0.11464746296405792,1251.9931640625,42.43906021118164,0.014609206467866898,0.08389847725629807,0.12086855620145798
121,1158.3331298828125,42.6808967590332,0.013300049118697643,0.0819149762392044,0.11532584577798843,1254.532470703125,42.42324447631836,0.014643087051808834,0.0845174640417099,0.12100862711668015
122,1154.025390625,43.92002487182617,0.013334883376955986,0.08299046754837036,0.11547677218914032,1253.031005859375,43.29271697998047,0.014757318422198296,0.08466982841491699,0.12147970497608185
123,1140.123779296875,43.10757827758789,0.013047456741333008,0.08211784064769745,0.11422546207904816,1245.306640625,42.66627883911133,0.014512065798044205,0.08378557115793228,0.12046603858470917
124,1165.230712890625,44.756324768066406,0.013612031936645508,0.08367855846881866,0.11667061597108841,1244.280517578125,43.406532287597656,0.01461469754576683,0.08407288789749146,0.1208912581205368
125,1151.62841796875,43.43132781982422,0.01308671198785305,0.08205218613147736,0.11439716815948486,1244.1617431640625,42.576507568359375,0.014485394582152367,0.08346409350633621,0.1203552857041359
126,1151.775390625,44.09044647216797,0.013333356007933617,0.08267582207918167,0.11547014862298965,1243.878173828125,43.63380432128906,0.014659588225185871,0.08441271632909775,0.1210767850279808
127,1148.114990234375,43.86777114868164,0.01327793300151825,0.08228018879890442,0.11522991210222244,1260.525146484375,42.427879333496094,0.014764195308089256,0.0851512923836708,0.12150799483060837
128,1160.127197265625,44.50836181640625,0.013553430326282978,0.08324426412582397,0.11641920357942581,1252.915283203125,42.628929138183594,0.014643942937254906,0.08383480459451675,0.12101215869188309
129,1151.8372802734375,43.71196365356445,0.013246346265077591,0.08264270424842834,0.11509276926517487,1247.84375,42.579322814941406,0.014551851898431778,0.08419117331504822,0.12063105404376984
130,1162.4013671875,43.78572463989258,0.013440191745758057,0.0828288346529007,0.11593183875083923,1265.89892578125,42.56538009643555,0.014876249246299267,0.08522061258554459,0.12196822464466095
131,1152.201904296875,43.8962287902832,0.013248823583126068,0.0823407843708992,0.11510353535413742,1241.174560546875,42.458168029785156,0.014426667243242264,0.08356679230928421,0.12011106312274933
132,1145.033203125,42.89820098876953,0.013142842799425125,0.08168180286884308,0.11464224010705948,1243.1412353515625,42.94498062133789,0.014532518573105335,0.08367270231246948,0.12055089324712753
133,1144.40673828125,44.01719284057617,0.01307566836476326,0.08241397887468338,0.1143488883972168,1246.478515625,42.48531723022461,0.0145107451826334,0.0832836702466011,0.12046055495738983
134,1150.007568359375,44.35187530517578,0.013220759108662605,0.08253925293684006,0.11498156189918518,1245.4285888671875,42.345069885253906,0.01446528360247612,0.08370842039585114,0.1202717125415802
135,1141.4981689453125,43.64423370361328,0.01306663267314434,0.0821865051984787,0.11430937796831131,1251.187744140625,42.6286506652832,0.014608868397772312,0.08314232528209686,0.12086715549230576
136,1149.904541015625,43.168540954589844,0.013128676451742649,0.0817161500453949,0.114580437541008,1252.980224609375,42.386688232421875,0.014618677087128162,0.08396703004837036,0.12090770900249481
137,1136.4739990234375,43.37630844116211,0.012917131185531616,0.08181502670049667,0.11365355551242828,1257.947509765625,42.051551818847656,0.014654318802058697,0.08406662940979004,0.12105502188205719
138,1144.399658203125,43.6363639831543,0.013126224279403687,0.08241479843854904,0.11456973850727081,1259.038818359375,41.98966979980469,0.01466372236609459,0.08368055522441864,0.12109385430812836
139,1154.1246337890625,43.56693649291992,0.01313045434653759,0.08165206760168076,0.1145881935954094,1248.5604248046875,41.99833297729492,0.014486108906567097,0.08353918045759201,0.12035825103521347
140,1162.2249755859375,43.864540100097656,0.013329359702765942,0.0833495706319809,0.1154528483748436,1254.8353271484375,41.76124954223633,0.014554465189576149,0.0842929482460022,0.12064188718795776
141,1161.9144287109375,43.916748046875,0.013376305811107159,0.08303628861904144,0.11565597355365753,1262.58984375,42.5023193359375,0.014809015206992626,0.08508722484111786,0.12169229984283447
142,1143.011474609375,43.50830078125,0.013050016015768051,0.08137106150388718,0.11423666030168533,1244.373779296875,42.606998443603516,0.014513046480715275,0.08358017355203629,0.12047010660171509
143,1144.712158203125,43.00891876220703,0.013012868352234364,0.08169467002153397,0.11407396197319031,1257.4498291015625,42.39461898803711,0.014706328511238098,0.0837419331073761,0.12126965075731277
144,1133.4669189453125,43.84920120239258,0.01297939382493496,0.08182764798402786,0.11392714083194733,1257.8599853515625,41.9355583190918,0.014643366448581219,0.0837569534778595,0.12100978940725327
145,1125.7042236328125,43.444297790527344,0.012906529009342194,0.08178398013114929,0.11360690742731094,1254.284912109375,42.8031005859375,0.014719173312187195,0.08365260809659958,0.12132260948419571
146,1146.2291259765625,43.055519104003906,0.01300942525267601,0.08117518573999405,0.11405886709690094,1243.122314453125,42.38755416870117,0.0144472261890769,0.08313480019569397,0.1201966181397438
147,1143.61181640625,43.70996856689453,0.013157553970813751,0.0821237787604332,0.1147063821554184,1279.937255859375,42.115821838378906,0.015057730488479137,0.08563245087862015,0.12270993739366531
148,1130.9254150390625,43.351932525634766,0.012890102341771126,0.0818929523229599,0.1135345920920372,1240.717529296875,42.21648406982422,0.014381579123437405,0.08322587609291077,0.11992322653532028
149,1139.653564453125,43.17346954345703,0.012940994463860989,0.08162237703800201,0.11375848948955536,1237.98828125,42.593162536621094,0.014407491311430931,0.08293764293193817,0.1200312077999115
150,1143.1337890625,43.505985260009766,0.012955117039382458,0.08159706741571426,0.11382054537534714,1239.2288818359375,42.88391876220703,0.014473103918135166,0.08329696953296661,0.12030421197414398
151,1136.5684814453125,43.410831451416016,0.012931998819112778,0.08216464519500732,0.11371895670890808,1241.5709228515625,41.96162033081055,0.014370393939316273,0.08314862102270126,0.11987657099962234
152,1130.020751953125,43.728294372558594,0.012873699888586998,0.08142974972724915,0.11346232891082764,1237.069580078125,42.048431396484375,0.014303287491202354,0.08275116980075836,0.11959635466337204
153,1135.2852783203125,43.56100845336914,0.012938467785716057,0.08150724321603775,0.11374738067388535,1247.3504638671875,42.24751663208008,0.014516536146402359,0.08348328620195389,0.12048459053039551
154,1136.552978515625,43.505401611328125,0.013014963828027248,0.08192351460456848,0.11408314108848572,1248.509765625,43.78305435180664,0.014798404648900032,0.08436349779367447,0.12164869159460068
155,1121.104248046875,42.83866500854492,0.012753812596201897,0.0808774009346962,0.11293277889490128,1244.9775390625,42.828556060791016,0.014566278085112572,0.08332552760839462,0.12069083750247955
156,1133.682861328125,43.61019515991211,0.0129377581179142,0.08218856900930405,0.11374426633119583,1250.6549072265625,43.39814376831055,0.014756881631910801,0.08403302729129791,0.12147790938615799
157,1151.326904296875,43.717384338378906,0.013215755112469196,0.08244334906339645,0.11495979130268097,1249.9921875,44.00336456298828,0.014859327115118504,0.08503643423318863,0.1218988373875618
158,1128.8021240234375,42.51195526123047,0.012622907757759094,0.08079172670841217,0.11235171556472778,1254.7755126953125,42.079315185546875,0.014618290588259697,0.08361281454563141,0.12090612947940826
159,1133.450927734375,43.575416564941406,0.012870485894382,0.08095380663871765,0.11344816535711288,1254.0892333984375,41.80146408081055,0.014561639167368412,0.08367277681827545,0.12067161500453949
160,1129.24267578125,42.658912658691406,0.012855756096541882,0.08088121563196182,0.1133832260966301,1256.92041015625,42.04292297363281,0.014662583358585835,0.08383842557668686,0.1210891529917717
161,1137.728759765625,43.656341552734375,0.012988059781491756,0.08151262998580933,0.11396516859531403,1242.736572265625,41.99462127685547,0.014403391629457474,0.08326762169599533,0.12001412361860275
162,1124.3375244140625,42.77709197998047,0.012628520838916302,0.08103132247924805,0.11237668991088867,1235.0634765625,42.1270866394043,0.014293380081653595,0.08292560279369354,0.11955492198467255
163,1123.0556640625,42.69878387451172,0.012464030645787716,0.0799097865819931,0.11164241284132004,1241.6429443359375,41.90235137939453,0.014356500469148159,0.08268330991268158,0.11981861293315887
164,1126.573486328125,43.721107482910156,0.012886976823210716,0.08166760206222534,0.11352082341909409,1242.446044921875,42.14673614501953,0.014415598474442959,0.08286616951227188,0.12006497383117676
165,1125.903076171875,43.602848052978516,0.012896325439214706,0.08117450773715973,0.11356198787689209,1241.0068359375,42.34218978881836,0.014411662705242634,0.0831281766295433,0.12004859000444412
166,1134.566162109375,43.0776481628418,0.012778460048139095,0.08081887662410736,0.11304184794425964,1248.2447509765625,42.33576583862305,0.014541707001626492,0.08285574615001678,0.1205889955163002
167,1138.373291015625,43.39485168457031,0.012895618565380573,0.08156172931194305,0.11355887353420258,1249.735595703125,42.26319122314453,0.014554143883287907,0.0835193619132042,0.12064054608345032
168,1107.0482177734375,42.88341522216797,0.012409314513206482,0.07986611127853394,0.11139710992574692,1248.902099609375,42.08176803588867,0.014524396508932114,0.08305254578590393,0.12051720172166824
169,1120.425537109375,42.693626403808594,0.012545890174806118,0.08049288392066956,0.11200843751430511,1249.048095703125,41.72753143310547,0.014471237547695637,0.08259578049182892,0.12029645591974258
170,1134.4560546875,43.57229995727539,0.012884867377579212,0.08090183883905411,0.11351153254508972,1239.778564453125,41.79015350341797,0.01430037897080183,0.08220669627189636,0.11958419531583786
171,1133.269287109375,42.80012130737305,0.01277895737439394,0.08114731311798096,0.11304405331611633,1244.060302734375,41.7628173828125,0.014381547458469868,0.08293679356575012,0.11992309987545013
172,1131.5257568359375,43.407867431640625,0.012826710008084774,0.08121015131473541,0.11325506865978241,1247.880126953125,42.25230407714844,0.014526443555951118,0.08303352445363998,0.12052569538354874
173,1130.5882568359375,42.699825286865234,0.012771325185894966,0.08061201870441437,0.11301029473543167,1242.8994140625,41.767555236816406,0.014349796809256077,0.0823383554816246,0.11979063600301743
174,1116.09765625,43.43067169189453,0.012636546976864338,0.08054934442043304,0.11241240054368973,1247.7576904296875,41.584938049316406,0.014413999393582344,0.08241251111030579,0.12005831301212311
175,1129.3355712890625,42.72211456298828,0.01259999442845583,0.08001051843166351,0.1122496947646141,1243.908935546875,41.540653228759766,0.014343688264489174,0.08237183839082718,0.11976514011621475
176,1125.63330078125,42.80923843383789,0.012628987431526184,0.0808006152510643,0.11237876117229462,1257.6917724609375,41.531883239746094,0.014594123698771,0.08331719040870667,0.12080614268779755
177,1111.039794921875,43.041664123535156,0.012437147088348866,0.0796852633357048,0.11152195930480957,1236.6585693359375,41.6348876953125,0.014237511903047562,0.08225928246974945,0.11932104825973511
178,1119.43994140625,42.50362014770508,0.012545826844871044,0.07964902371168137,0.11200816184282303,1242.2003173828125,41.790679931640625,0.014376265928149223,0.0827748030424118,0.11990106850862503
179,1117.4185791015625,42.692665100097656,0.012529220432043076,0.08027900755405426,0.11193399876356125,1243.968017578125,41.72588348388672,0.014403202570974827,0.08279086649417877,0.12001334875822067
180,1123.1978759765625,42.468971252441406,0.01256853248924017,0.08010856807231903,0.1121094673871994,1240.1463623046875,41.53188705444336,0.014295347966253757,0.08242777734994888,0.11956316232681274
181,1112.7506103515625,42.22684860229492,0.012322609312832355,0.07896168529987335,0.11100725084543228,1243.3619384765625,42.11985397338867,0.01444679219275713,0.082332544028759,0.12019480764865875
182,1118.2384033203125,42.28469467163086,0.01238557044416666,0.07967904210090637,0.11129047721624374,1241.457275390625,42.370399475097656,0.014451316557824612,0.08242340385913849,0.12021362781524658
183,1123.2840576171875,43.54021453857422,0.012681648135185242,0.08128892630338669,0.11261281371116638,1238.4088134765625,42.20224380493164,0.014360249042510986,0.08259990066289902,0.11983425170183182
184,1120.3607177734375,43.51308059692383,0.012743815779685974,0.08091893792152405,0.11288851499557495,1238.035400390625,41.97351837158203,0.01432548463344574,0.08217000961303711,0.11968912184238434
185,1115.82666015625,42.28602600097656,0.012394009158015251,0.07954654097557068,0.11132838577032089,1247.670654296875,42.06421661376953,0.01451774314045906,0.08269420266151428,0.12048959732055664
186,1109.26708984375,42.95457077026367,0.012549840845167637,0.08027173578739166,0.11202607303857803,1240.449462890625,41.58331298828125,0.014303854666650295,0.08219838887453079,0.11959872394800186
187,1117.078125,42.59416198730469,0.012380030006170273,0.07941478490829468,0.11126559227705002,1238.6083984375,41.840606689453125,0.014318656176328659,0.08194459229707718,0.11966059356927872
188,1116.308349609375,42.487060546875,0.012491322122514248,0.08036473393440247,0.1117645800113678,1238.466552734375,41.466285705566406,0.014251016080379486,0.08159501850605011,0.11937762051820755
189,1107.0985107421875,42.181549072265625,0.012300213798880577,0.07953186333179474,0.11090632528066635,1248.703857421875,41.6746826171875,0.014453217387199402,0.08192110806703568,0.12022153288125992
190,1110.0648193359375,43.55317687988281,0.012572333216667175,0.08013825863599777,0.1121264174580574,1247.364013671875,42.599998474121094,0.014578227885067463,0.08299870043992996,0.12074033915996552
191,1122.4974365234375,42.25409698486328,0.012508613057434559,0.08027888834476471,0.11184191703796387,1237.897216796875,42.07482147216797,0.01432093046605587,0.08205777406692505,0.1196700930595398
192,1125.6171875,42.81221008300781,0.012682863511145115,0.0803646594285965,0.11261822283267975,1241.2611083984375,42.04288101196289,0.014393214136362076,0.08230407536029816,0.11997172981500626
193,1108.52587890625,42.46794509887695,0.012311220169067383,0.07946686446666718,0.11095593869686127,1249.64501953125,42.476810455322266,0.014595679938793182,0.08303741365671158,0.12081257998943329
194,1112.868408203125,43.141624450683594,0.01244742888957262,0.08002784103155136,0.11156804114580154,1239.6539306640625,42.09486389160156,0.014373798854649067,0.08217848092317581,0.11989077925682068
195,1102.5228271484375,42.822505950927734,0.012298253364861012,0.07917708158493042,0.1108974888920784,1249.9354248046875,42.60737609863281,0.01464404258877039,0.08331448584794998,0.12101256847381592
196,1114.732177734375,42.43593978881836,0.012454576790332794,0.08008205145597458,0.11160007864236832,1246.2078857421875,42.581790924072266,0.014581871218979359,0.08309286087751389,0.12075541913509369
197,1105.5216064453125,42.50263214111328,0.012324575334787369,0.07974487543106079,0.11101610958576202,1240.356689453125,42.14459991455078,0.014394971542060375,0.08230545371770859,0.11997904628515244
198,1110.8189697265625,43.523216247558594,0.01260330993682146,0.08096787333488464,0.11226446181535721,1240.7947998046875,42.05596160888672,0.014387249015271664,0.0823320746421814,0.11994686722755432
199,1130.307373046875,42.24810028076172,0.012610338628292084,0.08010350912809372,0.11229576170444489,1241.1617431640625,42.58928680419922,0.014478283002972603,0.08265186846256256,0.1203257367014885
200,1108.487548828125,42.39866638183594,0.012366393581032753,0.0799344927072525,0.11120428889989853,1244.0013427734375,41.74622344970703,0.014380207285284996,0.08198412507772446,0.11991750448942184
201,1087.898193359375,42.9616813659668,0.012079030275344849,0.07903749495744705,0.10990463942289352,1258.860595703125,41.62007141113281,0.014628148637712002,0.08245415985584259,0.12094687670469284
202,1102.7113037109375,42.630455017089844,0.012237590737640858,0.07881178706884384,0.11062364280223846,1252.73095703125,42.63917922973633,0.01468634232878685,0.08255595713853836,0.12118721753358841
203,1101.327880859375,42.2972297668457,0.012147811241447926,0.07934112846851349,0.11021710932254791,1246.959228515625,41.90359878540039,0.014482631348073483,0.08195128291845322,0.12034380435943604
204,1100.3778076171875,42.35682678222656,0.012181171216070652,0.07890354841947556,0.11036834865808487,1243.121337890625,41.88715744018555,0.01440599374473095,0.08186262845993042,0.12002497166395187
205,1113.404052734375,42.596839904785156,0.012361814267933369,0.07950951904058456,0.11118369549512863,1242.670166015625,42.05072784423828,0.014414291828870773,0.08198845386505127,0.120059534907341
206,1106.188232421875,42.01055145263672,0.012231143191456795,0.07935349643230438,0.1105944961309433,1246.94189453125,42.852447509765625,0.01462909672409296,0.08273766934871674,0.12095080316066742
207,1117.078857421875,42.423946380615234,0.012462976388633251,0.07939222455024719,0.11163769662380219,1247.75830078125,41.93458938598633,0.01448826864361763,0.08177995681762695,0.12036722153425217
208,1105.21240234375,42.612953186035156,0.012205732986330986,0.07962864637374878,0.11047956347465515,1239.31396484375,41.8052864074707,0.014313232153654099,0.08143910765647888,0.11963792145252228
209,1110.435791015625,42.672332763671875,0.012364404276013374,0.07950735092163086,0.11119534075260162,1239.94580078125,42.349327087402344,0.01441037468612194,0.08205247670412064,0.12004321813583374
210,1110.67431640625,42.363014221191406,0.012355283834040165,0.08000741899013519,0.11115432530641556,1251.140625,41.7598762512207,0.01451665349304676,0.08292194455862045,0.12048507481813431
211,1097.428466796875,42.461181640625,0.012136392295360565,0.07923538237810135,0.1101652979850769,1242.043701171875,42.058082580566406,0.014411325566470623,0.08177609741687775,0.1200471818447113
212,1096.7271728515625,42.36795425415039,0.012237533926963806,0.07945149391889572,0.11062338948249817,1244.7008056640625,42.37722396850586,0.014502495527267456,0.08227115869522095,0.12042630463838577
213,1095.8768310546875,43.27477264404297,0.012298496440052986,0.07978706061840057,0.11089859157800674,1243.1978759765625,42.375709533691406,0.014473329298198223,0.0822475329041481,0.1203051432967186
214,1109.166748046875,42.236427307128906,0.01223770435899496,0.07895239442586899,0.11062415689229965,1240.6705322265625,41.9305419921875,0.01435941457748413,0.08169181644916534,0.11983077228069305
215,1113.5440673828125,42.388771057128906,0.012349831871688366,0.07934452593326569,0.11112979799509048,1245.35888671875,42.34820556640625,0.014505681581795216,0.08226535469293594,0.12043953686952591
216,1100.8101806640625,42.06544494628906,0.012151740491390228,0.078804150223732,0.11023493111133575,1243.8250732421875,41.17470169067383,0.014295359142124653,0.08170047402381897,0.11956319957971573
217,1118.2974853515625,41.61899185180664,0.01227728184312582,0.07946579158306122,0.11080289632081985,1240.885986328125,41.29996109008789,0.014271868392825127,0.08156973123550415,0.1194649264216423
218,1102.675048828125,41.84709548950195,0.012117009609937668,0.07887469232082367,0.11007729172706604,1233.7955322265625,41.593833923339844,0.014173743315041065,0.08123888820409775,0.11905352771282196
219,1101.8271484375,42.54920196533203,0.012351377867162228,0.07906240969896317,0.11113674193620682,1231.5830078125,41.16661834716797,0.01407761499285698,0.081121526658535,0.11864912509918213
220,1098.944091796875,42.211181640625,0.012176409363746643,0.0793074294924736,0.11034677177667618,1236.231689453125,42.39710235595703,0.014349875971674919,0.08221068978309631,0.11979097127914429
221,1089.244873046875,42.1733283996582,0.01206454448401928,0.07865391671657562,0.10983871668577194,1249.7288818359375,41.77780532836914,0.014498956501483917,0.08246307075023651,0.12041161209344864
222,1123.3037109375,42.266658782958984,0.012452645227313042,0.079200379550457,0.11159142106771469,1241.67822265625,41.396148681640625,0.01428938563913107,0.08183438330888748,0.11953822523355484
223,1085.0419921875,42.460269927978516,0.011982141062617302,0.07860258221626282,0.10946296900510788,1247.1239013671875,41.94830322265625,0.014479657635092735,0.0822162851691246,0.12033145129680634
224,1101.464599609375,42.407981872558594,0.012200559489428997,0.07922820746898651,0.11045613884925842,1242.8905029296875,41.9964714050293,0.014402306638658047,0.08169946819543839,0.12000960856676102
225,1118.0050048828125,42.189292907714844,0.012435068376362324,0.07872878015041351,0.11151263862848282,1250.2425537109375,42.1566047668457,0.014558554627001286,0.08251441270112991,0.12065882980823517
226,1103.6263427734375,42.083473205566406,0.01221301406621933,0.07941381633281708,0.11051250994205475,1242.414306640625,41.83594512939453,0.014359922148287296,0.0823429599404335,0.11983288824558258
227,1091.439697265625,42.21278381347656,0.012032570317387581,0.07888488471508026,0.10969307273626328,1243.3193359375,41.93470001220703,0.014389914460480213,0.08209065347909927,0.11995796859264374
228,1082.607177734375,42.41088104248047,0.012047861702740192,0.07840341329574585,0.1097627505660057,1246.3375244140625,41.996334075927734,0.014457868412137032,0.08219288289546967,0.12024087458848953
229,1100.9112548828125,42.23860168457031,0.01215300988405943,0.07914489507675171,0.11024069786071777,1237.595458984375,42.214298248291016,0.014350293204188347,0.0821378156542778,0.11979270726442337
230,1083.492431640625,41.96082305908203,0.01190024334937334,0.07841575890779495,0.109088234603405,1244.1895751953125,41.9242057800293,0.014415772631764412,0.08247250318527222,0.12006570398807526
231,1103.564453125,42.5623893737793,0.012171201407909393,0.07931394875049591,0.11032316833734512,1255.45458984375,41.565589904785156,0.014563375152647495,0.08264399319887161,0.12067880481481552
232,1100.3349609375,42.466007232666016,0.012257532216608524,0.07920191437005997,0.11071374267339706,1243.6141357421875,41.30669021606445,0.014303476549685001,0.08188425749540329,0.11959714442491531
233,1109.8900146484375,42.30729675292969,0.012340765446424484,0.07948125153779984,0.11108899861574173,1259.718017578125,41.912330627441406,0.014684832654893398,0.08281287550926208,0.12118098884820938
234,1086.66162109375,42.02902603149414,0.011891771107912064,0.07795369625091553,0.10904939472675323,1248.1260986328125,41.994686126708984,0.014500696212053299,0.08211952447891235,0.12041883915662766
235,1082.935302734375,42.16171646118164,0.011836014688014984,0.07816733419895172,0.10879345238208771,1258.9931640625,42.24965286254883,0.014740267768502235,0.08287336677312851,0.12140950560569763
236,1087.9151611328125,42.116371154785156,0.011925921775400639,0.0781841054558754,0.10920587182044983,1251.078369140625,41.87828063964844,0.014535831287503242,0.08226421475410461,0.12056463211774826
237,1080.5126953125,42.14862823486328,0.011897832155227661,0.07813138514757156,0.10907718539237976,1250.0087890625,42.2943115234375,0.014598246663808823,0.08206494897603989,0.1208231970667839
238,1104.6663818359375,41.48811721801758,0.012065839022397995,0.07831431925296783,0.10984461009502411,1254.3084716796875,41.72064208984375,0.014582927338778973,0.08253634721040726,0.12075979262590408
239,1108.251953125,42.002906799316406,0.012322874739766121,0.07934368401765823,0.11100845038890839,1246.510009765625,41.56755065917969,0.014396113343536854,0.08216893672943115,0.11998380720615387
240,1074.10888671875,41.96209716796875,0.011687636375427246,0.07772248238325119,0.10810936987400055,1237.026123046875,41.732765197753906,0.014267400838434696,0.0815470740199089,0.11944622546434402
241,1072.352783203125,41.70092010498047,0.011656305752694607,0.077267125248909,0.10796437412500381,1240.142822265625,41.85550308227539,0.014345682226121426,0.08163778483867645,0.11977346986532211
242,1088.836181640625,42.649723052978516,0.012044417671859264,0.07888296246528625,0.10974705964326859,1244.4127197265625,42.127952575683594,0.014459016732871532,0.08235089480876923,0.12024565041065216
243,1087.013916015625,42.146080017089844,0.011978446505963802,0.07888012379407883,0.10944608598947525,1249.5738525390625,41.926876068115234,0.014529271051287651,0.08235706388950348,0.1205374225974083
244,1109.4691162109375,42.09538650512695,0.012326487340033054,0.0795779749751091,0.11102471500635147,1240.509521484375,41.80455780029297,0.014345383271574974,0.08208651840686798,0.11977221071720123
245,1092.7911376953125,41.864051818847656,0.011978063732385635,0.07855094969272614,0.10944433510303497,1256.3956298828125,41.08470153808594,0.01450387667864561,0.08259967714548111,0.1204320415854454
246,1101.687255859375,42.2549934387207,0.012155743315815926,0.0794394314289093,0.11025308817625046,1247.2352294921875,41.31842041015625,0.014380828477442265,0.08187117427587509,0.11992008984088898
247,1078.179443359375,41.712711334228516,0.011784705333411694,0.07826744765043259,0.10855738073587418,1251.50439453125,41.75126266479492,0.014523660764098167,0.08225558698177338,0.1205141544342041
248,1093.6494140625,42.218597412109375,0.012077681720256805,0.07859813421964645,0.10989850759506226,1251.506103515625,41.95289611816406,0.014547056518495083,0.08260166645050049,0.12061117589473724
249,1089.8426513671875,41.18822479248047,0.011828890070319176,0.07785836607217789,0.10876069962978363,1248.161865234375,41.6999626159668,0.014478774741292,0.08194650709629059,0.12032777816057205
250,1087.496337890625,41.23722839355469,0.011753703467547894,0.07717869430780411,0.10841450095176697,1249.5418701171875,41.213035583496094,0.014411871321499348,0.08158838748931885,0.12004945427179337
251,1088.336669921875,42.29692077636719,0.012103048153221607,0.07911122590303421,0.11001385748386383,1246.6827392578125,41.90702819824219,0.014464925043284893,0.0820152536034584,0.12027021497488022
252,1083.7320556640625,41.737579345703125,0.011834250763058662,0.07763780653476715,0.10878533869981766,1260.1954345703125,41.60196304321289,0.014646711759269238,0.08277250081300735,0.12102360278367996
253,1086.9051513671875,41.87578582763672,0.01189030148088932,0.07841892540454865,0.10904265195131302,1243.6478271484375,41.403297424316406,0.014338228851556778,0.08159077912569046,0.11974234133958817
254,1075.1224365234375,41.58873748779297,0.011613777838647366,0.07696188241243362,0.10776723921298981,1246.730224609375,41.402313232421875,0.014396554790437222,0.08148974925279617,0.11998564004898071
255,1075.4327392578125,41.64027786254883,0.011762438341975212,0.07721297442913055,0.10845477879047394,1259.3275146484375,42.62675094604492,0.014803125523030758,0.08340387046337128,0.12166809290647507
256,1072.7259521484375,41.720375061035156,0.01162866409868002,0.07749935984611511,0.1078362837433815,1247.2197265625,41.70745086669922,0.014449489302933216,0.08194054663181305,0.12020602822303772
257,1085.8974609375,41.22684097290039,0.011854568496346474,0.07771669328212738,0.10887868702411652,1251.9208984375,41.612186431884766,0.014534052461385727,0.08196297287940979,0.1205572560429573
258,1081.806884765625,41.85481643676758,0.011763462796807289,0.07801704853773117,0.10845949500799179,1250.0518798828125,41.61363983154297,0.014486015774309635,0.08215940743684769,0.12035786360502243
259,1088.778076171875,41.20895004272461,0.0118885338306427,0.07809419929981232,0.10903455317020416,1241.052734375,41.81145095825195,0.014348930679261684,0.08184707909822464,0.11978702247142792
260,1078.2364501953125,41.38249206542969,0.011753709055483341,0.07714112848043442,0.10841452330350876,1239.2833251953125,41.76203155517578,0.014315715059638023,0.08161015808582306,0.1196482926607132
261,1075.4244384765625,42.04167938232422,0.011729547753930092,0.07779496908187866,0.10830303281545639,1250.3551025390625,42.121726989746094,0.014581002295017242,0.08207061141729355,0.12075182050466537
262,1078.4114990234375,41.67831802368164,0.011571000330150127,0.07720261067152023,0.10756859183311462,1243.181396484375,41.38063049316406,0.014335892163217068,0.0815240815281868,0.11973258852958679
263,1069.060791015625,41.7115478515625,0.011630181223154068,0.07755396515130997,0.107843317091465,1235.730224609375,41.16295623779297,0.014171177521348,0.08126161992549896,0.1190427616238594
264,1080.420654296875,41.540992736816406,0.011740746907889843,0.07845763862133026,0.10835472494363785,1246.1156005859375,41.80937194824219,0.014441578648984432,0.08172212541103363,0.12017311900854111
265,1070.6015625,41.853187561035156,0.011772999539971352,0.07749157398939133,0.10850346088409424,1245.2181396484375,42.09473419189453,0.014476730488240719,0.08212366700172424,0.12031928449869156
266,1071.141845703125,42.29480743408203,0.011646343395113945,0.07723601907491684,0.10791823267936707,1249.2783203125,41.77595520019531,0.01449730433523655,0.08207337558269501,0.12040475755929947
267,1085.5416259765625,41.58725357055664,0.011849258095026016,0.07778812944889069,0.10885430127382278,1247.439697265625,41.58319854736328,0.014438463374972343,0.08151085674762726,0.12016015499830246
268,1094.851806640625,41.14435958862305,0.011868917383253574,0.07795733958482742,0.10894455760717392,1244.029052734375,41.57060623168945,0.014374378137290478,0.08170134574174881,0.11989319324493408
269,1055.04296875,40.82524490356445,0.011272505857050419,0.07585615664720535,0.10617205500602722,1254.7559814453125,41.278480529785156,0.01453406736254692,0.08172695338726044,0.12055732309818268
