epoch,RMSE_T,loss,mean_absolute_error,root_mean_squared_error,val_RMSE_T,val_loss,val_mean_absolute_error,val_root_mean_squared_error
0,415.4958190917969,0.7140038013458252,0.6639075875282288,0.8449875116348267,327.6649169921875,0.4327201545238495,0.5020434260368347,0.6578147411346436
1,280.5589904785156,0.3274567723274231,0.4267047941684723,0.5722383856773376,215.99664306640625,0.18818409740924835,0.3152506649494171,0.43380191922187805
2,185.1714324951172,0.14487838745117188,0.26997196674346924,0.38062894344329834,142.57659912109375,0.08174397051334381,0.20031072199344635,0.2859090268611908
3,125.7428970336914,0.06595509499311447,0.17616023123264313,0.2568172514438629,98.92517852783203,0.039287105202674866,0.13929802179336548,0.198209747672081
4,91.09127044677734,0.03381402790546417,0.13100773096084595,0.18388591706752777,76.91531372070312,0.023817773908376694,0.1129390150308609,0.1543300747871399
5,72.93986511230469,0.02158384770154953,0.10845820605754852,0.14691442251205444,65.58649444580078,0.01744353398680687,0.09809786826372147,0.13207396864891052
6,63.21672821044922,0.016291866078972816,0.09603562206029892,0.12763959169387817,60.00796127319336,0.014656762592494488,0.09011774510145187,0.12106511741876602
7,57.78695297241211,0.013697445392608643,0.08835133165121078,0.11703608930110931,56.261173248291016,0.012885810807347298,0.08443880826234818,0.11351568251848221
8,54.84014129638672,0.012148491106927395,0.08237702399492264,0.11022019386291504,53.7628173828125,0.011762820184230804,0.07984333485364914,0.10845653712749481
9,51.98236083984375,0.011105110868811607,0.07788082212209702,0.10538078844547272,52.107025146484375,0.011033529415726662,0.07669952511787415,0.10504060983657837
10,50.27024459838867,0.010417220182716846,0.07465975731611252,0.10206478089094162,50.84478759765625,0.010503480210900307,0.07433036714792252,0.1024864912033081
11,49.51057815551758,0.009931826032698154,0.07236285507678986,0.0996585488319397,50.1995735168457,0.010225679725408554,0.07306382060050964,0.10112210363149643
12,48.34002685546875,0.009610920213162899,0.07073865085840225,0.0980352982878685,49.70006561279297,0.010020600631833076,0.07185714691877365,0.10010295361280441
13,47.95835494995117,0.009385428391397,0.06969437003135681,0.09687842428684235,49.32880783081055,0.009868672117590904,0.0710284486413002,0.09934119135141373
14,47.706268310546875,0.009233059361577034,0.06895748525857925,0.09608881175518036,49.16344451904297,0.00979555118829012,0.07070843875408173,0.09897247701883316
15,47.16182327270508,0.009105438366532326,0.06815533339977264,0.0954224243760109,49.079017639160156,0.009756830520927906,0.0705079734325409,0.0987766683101654
16,47.21931838989258,0.009005398489534855,0.06772498786449432,0.09489677846431732,48.91072463989258,0.00969250500202179,0.07006166875362396,0.09845051914453506
17,47.3712158203125,0.008941968902945518,0.0672481432557106,0.09456198662519455,48.88481140136719,0.009680398739874363,0.06998051702976227,0.09838901460170746
18,46.383785247802734,0.008886061608791351,0.06698080152273178,0.0942659080028534,48.84981918334961,0.009657634422183037,0.06990741193294525,0.09827326238155365
19,46.66332244873047,0.008845417760312557,0.06661586463451385,0.0940500795841217,48.81963348388672,0.009650863707065582,0.06974393874406815,0.09823881089687347
20,46.46846389770508,0.008808176033198833,0.06648244708776474,0.09385188668966293,48.70993423461914,0.009602717123925686,0.06950847059488297,0.09799345582723618
21,46.53475570678711,0.008772432804107666,0.06603612005710602,0.09366126358509064,48.62431335449219,0.009573149494826794,0.06931746006011963,0.09784246981143951
22,45.9934196472168,0.008729817345738411,0.06577559560537338,0.09343349188566208,48.60448455810547,0.00955868512392044,0.06925256550312042,0.09776853024959564
23,46.0237922668457,0.008719688281416893,0.06597372889518738,0.09337927401065826,48.52634048461914,0.00952533446252346,0.06911514699459076,0.09759782254695892
24,46.046165466308594,0.008680585771799088,0.0656551644206047,0.09316965937614441,48.35136795043945,0.009469770826399326,0.06865530461072922,0.09731275588274002
25,45.94269943237305,0.008664221502840519,0.06519188731908798,0.09308180212974548,48.37401580810547,0.00946715846657753,0.06885520368814468,0.09729932248592377
26,46.08811569213867,0.008637767285108566,0.06528211385011673,0.092939592897892,48.32943344116211,0.009449975565075874,0.0686752200126648,0.09721098840236664
27,45.917274475097656,0.008614080026745796,0.06495533883571625,0.09281206876039505,48.24020004272461,0.009420417249202728,0.06854967027902603,0.09705883264541626
28,46.154876708984375,0.008611420169472694,0.06500576436519623,0.09279774129390717,48.27370834350586,0.009426280856132507,0.06865083426237106,0.09708903729915619
29,45.77899932861328,0.00858936458826065,0.06479398906230927,0.09267882257699966,48.20298767089844,0.009396196343004704,0.06853607296943665,0.09693397581577301
30,45.94541549682617,0.008563640527427197,0.06479670852422714,0.092539943754673,48.07831954956055,0.009355141781270504,0.06829621642827988,0.09672198444604874
31,45.75325393676758,0.008550734259188175,0.06460538506507874,0.092470183968544,48.01566696166992,0.009330452419817448,0.0682080090045929,0.09659426659345627
32,45.142051696777344,0.008541502989828587,0.06439270824193954,0.09242025017738342,48.020084381103516,0.009324464946985245,0.06824303418397903,0.09656327217817307
33,45.505001068115234,0.008509764447808266,0.06434331834316254,0.09224838763475418,47.930206298828125,0.00929292757064104,0.06808049976825714,0.09639982879161835
34,45.87429428100586,0.008502628654241562,0.0642048791050911,0.09220969676971436,47.86484146118164,0.009263281710445881,0.06799858808517456,0.09624594449996948
35,45.15563201904297,0.008485879749059677,0.06432455033063889,0.09211883693933487,47.77116394042969,0.00923017505556345,0.06786207854747772,0.09607379883527756
36,45.35874557495117,0.008473671972751617,0.06400042027235031,0.09205254912376404,47.72812271118164,0.009214073419570923,0.06779320538043976,0.09598996490240097
37,45.539031982421875,0.008454547263681889,0.06381538510322571,0.09194861352443695,47.62678527832031,0.009176654741168022,0.06767497211694717,0.09579485654830933
38,45.43642044067383,0.008439360186457634,0.06392158567905426,0.09186599403619766,47.617218017578125,0.009171382524073124,0.06765058636665344,0.09576733410358429
39,44.954917907714844,0.008424910716712475,0.06356997042894363,0.09178731590509415,47.535011291503906,0.009139876812696457,0.06755809485912323,0.09560270607471466
40,45.576595306396484,0.008413365110754967,0.06385184824466705,0.09172440320253372,47.492393493652344,0.009124710224568844,0.06746967136859894,0.09552334994077682
41,45.6892204284668,0.00839901715517044,0.06342573463916779,0.09164614975452423,47.43018341064453,0.00910600833594799,0.06740856915712357,0.09542540460824966
42,44.96434783935547,0.008384041488170624,0.06366827338933945,0.09156440943479538,47.35702896118164,0.009070973843336105,0.06730660796165466,0.09524165838956833
43,45.215335845947266,0.008370461873710155,0.06336390972137451,0.0914902314543724,47.33263397216797,0.009070598520338535,0.06724255532026291,0.09523969143629074
44,45.37966537475586,0.008368144743144512,0.06329343467950821,0.09147756546735764,47.24546813964844,0.00903457123786211,0.0670483186841011,0.09505036473274231
45,45.020240783691406,0.008357292041182518,0.06340266019105911,0.09141822904348373,47.23369216918945,0.009031233377754688,0.06708014756441116,0.09503280371427536
46,45.08842086791992,0.00834057480096817,0.06314659863710403,0.0913267508149147,47.22704315185547,0.009023635648190975,0.06711149960756302,0.09499281644821167
47,45.314971923828125,0.00833201315253973,0.06314779818058014,0.09127986431121826,47.19297790527344,0.009015453979372978,0.06702768057584763,0.09494974464178085
48,45.3222541809082,0.008331581018865108,0.06305551528930664,0.09127748757600784,47.12846374511719,0.008994503878057003,0.06695663928985596,0.09483935683965683
49,44.96063232421875,0.008329438045620918,0.0630657896399498,0.09126575291156769,47.22911071777344,0.00901454221457243,0.06721901893615723,0.09494494646787643
50,44.64716720581055,0.0083181606605649,0.06319376081228256,0.0912039503455162,47.01271057128906,0.0089497622102499,0.06676014512777328,0.09460318088531494
51,44.7955322265625,0.008302755653858185,0.06282754242420197,0.09111946076154709,47.06240463256836,0.00896527711302042,0.06686633080244064,0.0946851447224617
52,44.57216262817383,0.008299851790070534,0.06303733587265015,0.09110352396965027,46.994468688964844,0.008942016400396824,0.0667407438158989,0.09456223994493484
53,44.54484939575195,0.008302954956889153,0.06293359398841858,0.09112054854631424,46.92716979980469,0.008921022526919842,0.06662362813949585,0.0944511666893959
54,45.10089111328125,0.00829483475536108,0.06286771595478058,0.09107598662376404,46.877906799316406,0.008901420049369335,0.06660276651382446,0.09434733539819717
55,45.30541229248047,0.008294504135847092,0.06271159648895264,0.09107416868209839,46.95412063598633,0.00892021507024765,0.06673936545848846,0.09444688260555267
56,44.875762939453125,0.008303857408463955,0.06299598515033722,0.0911255031824112,46.913902282714844,0.008901400491595268,0.06672919541597366,0.09434723109006882
57,44.80897903442383,0.008286634460091591,0.06301458179950714,0.09103095531463623,46.77882385253906,0.008860744535923004,0.06643317639827728,0.09413152933120728
58,44.94361114501953,0.0083061084151268,0.06267991662025452,0.0911378562450409,46.840187072753906,0.008873184211552143,0.06663593649864197,0.094197578728199
59,44.895751953125,0.00827896036207676,0.06288912892341614,0.09098879247903824,46.7574577331543,0.008851692080497742,0.06641673296689987,0.09408342838287354
60,44.8166618347168,0.008267736993730068,0.06262265890836716,0.09092709422111511,46.74922180175781,0.008848547004163265,0.06644028425216675,0.09406671673059464
61,44.95085906982422,0.008294706232845783,0.06271287053823471,0.09107527881860733,46.92766189575195,0.00891213957220316,0.06684175133705139,0.09440413117408752
62,44.916717529296875,0.008274310268461704,0.06259199976921082,0.09096323698759079,46.73794937133789,0.00883927009999752,0.06647136807441711,0.094017393887043
63,44.834957122802734,0.008257453329861164,0.0626993328332901,0.09087052941322327,46.777347564697266,0.008855941705405712,0.06646599620580673,0.09410601109266281
64,44.81138229370117,0.008257641457021236,0.06253239512443542,0.09087156504392624,46.69508361816406,0.008824137970805168,0.06641686707735062,0.09393688291311264
65,44.95278549194336,0.008252070285379887,0.06261435151100159,0.0908409133553505,46.69806671142578,0.00882380548864603,0.06641168147325516,0.09393510967493057
66,44.81564712524414,0.008260940201580524,0.06267235428094864,0.09088971465826035,46.59825134277344,0.008795348927378654,0.06613050401210785,0.09378352761268616
67,44.88375473022461,0.008268016390502453,0.06265702098608017,0.09092863649129868,46.73731994628906,0.008836716413497925,0.06648572534322739,0.09400381147861481
68,44.73493194580078,0.008232093416154385,0.06250068545341492,0.09073088318109512,46.56125259399414,0.008781292475759983,0.06615076959133148,0.09370855242013931
69,44.658531188964844,0.0082527631893754,0.06253739446401596,0.09084472060203552,46.74634552001953,0.008837447501718998,0.06653815507888794,0.0940077006816864
70,44.091426849365234,0.008241891860961914,0.06275510787963867,0.09078486263751984,46.661197662353516,0.008813591673970222,0.0663348063826561,0.09388072788715363
71,44.72764205932617,0.00826309621334076,0.062417976558208466,0.09090157598257065,46.68313980102539,0.008818958885967731,0.06639997661113739,0.09390930831432343
72,44.828128814697266,0.008250105194747448,0.0626121461391449,0.09083008766174316,46.550533294677734,0.008775214664638042,0.06613168120384216,0.0936761125922203
73,44.903648376464844,0.00825289636850357,0.062552809715271,0.09084545075893402,46.91084289550781,0.008908656425774097,0.06683886796236038,0.09438567608594894
74,45.205020904541016,0.008266067132353783,0.0626705139875412,0.0909179151058197,46.56733703613281,0.00877869687974453,0.06616203486919403,0.09369470179080963
75,45.18743133544922,0.008214142173528671,0.06265295296907425,0.09063190221786499,46.657623291015625,0.008813603781163692,0.06641745567321777,0.093880794942379
76,45.110130310058594,0.008292650803923607,0.06250942498445511,0.09106399118900299,46.62261199951172,0.008794195018708706,0.06652682274580002,0.0937773659825325
77,44.48101043701172,0.008242223411798477,0.06302648782730103,0.09078669548034668,46.52602767944336,0.008767995052039623,0.06625109910964966,0.09363757073879242
78,44.75471115112305,0.008228966034948826,0.062254179269075394,0.09071364998817444,46.62056350708008,0.008794998750090599,0.06621859967708588,0.09378165006637573
79,44.323123931884766,0.008206067606806755,0.062323976308107376,0.09058734774589539,46.47197341918945,0.008752594701945782,0.06616157293319702,0.09355530142784119
80,45.08238220214844,0.008228969760239124,0.06263133883476257,0.09071367233991623,46.74176025390625,0.008843270130455494,0.06667870283126831,0.09403866529464722
81,44.959651947021484,0.008232500404119492,0.062414154410362244,0.0907331258058548,46.5667724609375,0.008777862414717674,0.0664011538028717,0.09369024634361267
82,44.80763626098633,0.008243249729275703,0.0625823587179184,0.09079234302043915,46.46188735961914,0.008744098246097565,0.06617632508277893,0.09350989013910294
83,44.51356506347656,0.008222288452088833,0.062422774732112885,0.09067683666944504,46.46527862548828,0.008749067783355713,0.06598655879497528,0.09353645145893097
84,44.531497955322266,0.008227566257119179,0.062452055513858795,0.09070593118667603,46.39912033081055,0.008725746534764767,0.06593087315559387,0.09341170638799667
85,44.52775192260742,0.008215404115617275,0.06229301914572716,0.09063886851072311,46.46614074707031,0.008742580190300941,0.06605510413646698,0.09350176900625229
86,44.949951171875,0.008222888223826885,0.06244731694459915,0.09068014472723007,46.743507385253906,0.008833661675453186,0.06670810282230377,0.09398756176233292
87,44.333946228027344,0.008229907602071762,0.06260330229997635,0.0907188355922699,46.38572311401367,0.008725568652153015,0.06583687663078308,0.09341075271368027
88,44.268035888671875,0.008237428963184357,0.06244772672653198,0.09076028317213058,46.399681091308594,0.008727211505174637,0.0659262016415596,0.09341954439878464
89,44.79807662963867,0.008240623399615288,0.06263266503810883,0.09077788144350052,46.61796569824219,0.008786688558757305,0.06648319959640503,0.09373734146356583
90,44.82036590576172,0.008226098492741585,0.06238408759236336,0.09069783985614777,46.43055725097656,0.008726821281015873,0.0660918578505516,0.0934174582362175
91,45.08805847167969,0.008277389220893383,0.0625300407409668,0.0909801572561264,46.371578216552734,0.00872301310300827,0.06590954214334488,0.09339707344770432
92,44.30582046508789,0.008205686695873737,0.062195371836423874,0.09058524668216705,46.53567886352539,0.008759492076933384,0.0662594884634018,0.09359215945005417
93,44.68476867675781,0.008228386752307415,0.062301650643348694,0.09071045368909836,46.46632385253906,0.008737824857234955,0.06602874398231506,0.09347634017467499
94,44.9753532409668,0.008201930671930313,0.06220142915844917,0.09056451171636581,46.48015594482422,0.008745051920413971,0.06617338955402374,0.09351497888565063
95,44.74778366088867,0.008213440887629986,0.06251122802495956,0.09062803536653519,46.54711151123047,0.00878044031560421,0.06619508564472198,0.09370400011539459
96,45.02259826660156,0.008308449760079384,0.06275752186775208,0.09115070104598999,46.33414840698242,0.0087039889767766,0.0655975490808487,0.09329517185688019
97,44.919219970703125,0.008229688741266727,0.06210951507091522,0.0907176285982132,46.33998107910156,0.008696996606886387,0.06569671630859375,0.09325768798589706
98,44.9498176574707,0.008203969337046146,0.06224915385246277,0.09057575464248657,46.48925018310547,0.008743512444198132,0.06611379235982895,0.09350675344467163
99,45.05960464477539,0.008217769674956799,0.062329117208719254,0.09065191447734833,46.465511322021484,0.008739297278225422,0.06610378623008728,0.09348420798778534
100,44.40790557861328,0.00824662484228611,0.06264526396989822,0.09081093221902847,46.51329040527344,0.008749592117965221,0.06623779237270355,0.09353925287723541
101,44.943458557128906,0.008217128925025463,0.06230434775352478,0.09064838290214539,46.49152755737305,0.008748645894229412,0.06615210324525833,0.0935341939330101
102,44.344364166259766,0.008180134929716587,0.06215556710958481,0.09044409543275833,46.4854850769043,0.008741450496017933,0.06614524871110916,0.09349572658538818
103,44.53749465942383,0.008194738999009132,0.06239065155386925,0.09052480012178421,46.424015045166016,0.008736331947147846,0.0658138170838356,0.09346834570169449
104,44.47601318359375,0.008222389034926891,0.06227891892194748,0.09067738801240921,46.42460632324219,0.008729852735996246,0.06588800251483917,0.093433678150177
105,44.69166564941406,0.008218107745051384,0.06226538494229317,0.09065377712249756,46.345130920410156,0.008698302321135998,0.06589934229850769,0.09326469153165817
106,44.92138671875,0.00822416041046381,0.06229989230632782,0.09068715572357178,46.38621139526367,0.008710193447768688,0.06577876210212708,0.09332840889692307
107,45.16802978515625,0.008257338777184486,0.06262589246034622,0.09086990356445312,46.41236114501953,0.008719436824321747,0.06577499955892563,0.09337792545557022
108,45.37195587158203,0.008192531764507294,0.06226375699043274,0.09051260352134705,46.50700378417969,0.008742502890527248,0.06623924523591995,0.09350135177373886
109,44.562957763671875,0.008270347490906715,0.06254982948303223,0.09094145148992538,46.432464599609375,0.008726302534341812,0.06606554239988327,0.09341467916965485
110,44.745628356933594,0.008219572715461254,0.06217685714364052,0.09066186100244522,46.440330505371094,0.008726967498660088,0.06603959202766418,0.09341824054718018
111,45.1988525390625,0.008223136886954308,0.06201992183923721,0.0906815156340599,46.51778030395508,0.008767202496528625,0.06623680889606476,0.09363333880901337
112,44.60258102416992,0.008217725902795792,0.062617726624012,0.09065167605876923,46.36528778076172,0.008710418827831745,0.06572897732257843,0.09332962334156036
113,44.20613098144531,0.008230658248066902,0.062344204634428024,0.09072297811508179,46.380619049072266,0.008711607195436954,0.06592603027820587,0.09333599358797073
114,45.333824157714844,0.00828362163156271,0.06246999651193619,0.09101440012454987,46.34489822387695,0.008697138167917728,0.06559868156909943,0.09325844794511795
115,44.39252853393555,0.008201397955417633,0.061918772757053375,0.09056156873703003,46.32880783081055,0.008683741092681885,0.06579997390508652,0.09318658709526062
116,44.818973541259766,0.008187712170183659,0.062304411083459854,0.09048597514629364,46.36396026611328,0.008714007213711739,0.06572198867797852,0.09334884583950043
117,44.83347702026367,0.008223176933825016,0.0623924545943737,0.09068173170089722,46.78042221069336,0.008846845477819443,0.06660116463899612,0.09405767172574997
118,44.778385162353516,0.008164588361978531,0.062112562358379364,0.09035810828208923,46.44001770019531,0.008716986514627934,0.06602220982313156,0.09336480498313904
119,44.66514205932617,0.008229998871684074,0.06208960711956024,0.09071934968233109,46.303565979003906,0.008694331161677837,0.06554223597049713,0.09324339777231216
120,44.55480194091797,0.008227451704442501,0.062210652977228165,0.09070529788732529,46.63210678100586,0.00878710113465786,0.06635008007287979,0.09373953938484192
121,44.93364334106445,0.008236928842961788,0.06219930946826935,0.09075752645730972,46.534942626953125,0.008748358115553856,0.06633714586496353,0.09353265911340714
122,44.85170364379883,0.008183742873370647,0.062032368034124374,0.0904640406370163,46.402095794677734,0.00870938878506422,0.06593795120716095,0.09332410246133804
123,44.115901947021484,0.008159815333783627,0.062028974294662476,0.09033169597387314,46.7020149230957,0.00882208812981844,0.0666145458817482,0.09392597526311874
124,45.02648162841797,0.008198722265660763,0.06212481111288071,0.09054679423570633,46.34959411621094,0.008698967285454273,0.06558813154697418,0.0932682529091835
125,44.59019088745117,0.008209171704947948,0.06245673820376396,0.09060447663068771,46.32954025268555,0.008699901401996613,0.06566859781742096,0.09327325969934464
126,44.808135986328125,0.008183801546692848,0.06216437742114067,0.09046436101198196,46.491294860839844,0.00875922106206417,0.06580917537212372,0.09359071403741837
127,44.56260681152344,0.008230907842516899,0.06226426735520363,0.09072434902191162,46.36350631713867,0.008713043294847012,0.06544817239046097,0.09334368258714676
128,44.6158561706543,0.008168576285243034,0.06188002601265907,0.09038017690181732,46.31521224975586,0.00867479108273983,0.06570852547883987,0.09313856065273285
129,44.19964599609375,0.008169679902493954,0.06220633536577225,0.0903862789273262,46.436702728271484,0.008710690774023533,0.06595505028963089,0.09333108365535736
130,44.102935791015625,0.008135702461004257,0.061667539179325104,0.09019812941551208,46.4882926940918,0.008724662475287914,0.0661022886633873,0.09340590238571167
131,44.19900131225586,0.008173901587724686,0.0623544380068779,0.09040962904691696,46.4312858581543,0.008720449171960354,0.06585793197154999,0.09338334202766418
132,44.21440124511719,0.008131704293191433,0.06157982349395752,0.09017596393823624,46.40011978149414,0.008701016195118427,0.06577090173959732,0.09327923506498337
133,44.10342025756836,0.00813277903944254,0.06179765984416008,0.09018192440271378,46.3603630065918,0.008694367483258247,0.06563369184732437,0.09324359148740768
134,44.75556564331055,0.008150624111294746,0.06189326196908951,0.09028080850839615,46.39131164550781,0.008707490749657154,0.06551167368888855,0.09331393986940384
135,44.397891998291016,0.008146903477609158,0.06206568703055382,0.09026019275188446,46.65620422363281,0.00878822896629572,0.06617069989442825,0.09374555200338364
136,44.7685546875,0.008145895786583424,0.06200288236141205,0.09025461971759796,46.289512634277344,0.00867202877998352,0.06535358726978302,0.09312373399734497
137,44.61392593383789,0.008126606233417988,0.0616677887737751,0.09014768898487091,46.46955871582031,0.008723240345716476,0.0656818225979805,0.09339828789234161
138,44.33766174316406,0.00812721997499466,0.061470989137887955,0.0901510939002037,46.785675048828125,0.0088439816609025,0.06639005243778229,0.09404244273900986
139,44.114803314208984,0.008171472698450089,0.06186772882938385,0.09039619565010071,46.63719940185547,0.008800923824310303,0.0660834088921547,0.09381324052810669
140,44.905967712402344,0.008178463205695152,0.06200588867068291,0.09043485671281815,46.430110931396484,0.008718675933778286,0.06577982753515244,0.0933738499879837
141,44.515037536621094,0.008136643096804619,0.062023576349020004,0.09020334482192993,46.38584899902344,0.00870060920715332,0.0655713751912117,0.09327705949544907
142,44.32014465332031,0.00811835192143917,0.061744242906570435,0.09010189771652222,46.55235290527344,0.008765093982219696,0.06563688069581985,0.09362208098173141
143,44.232521057128906,0.008086967281997204,0.0614192895591259,0.0899275690317154,46.41426086425781,0.008704355917870998,0.06553062796592712,0.09329713881015778
144,44.49776077270508,0.008175463415682316,0.061983902007341385,0.0904182717204094,46.24516296386719,0.008655603975057602,0.06518509984016418,0.0930354967713356
145,44.518306732177734,0.00811372883617878,0.061451494693756104,0.09007623791694641,46.32679748535156,0.008672515861690044,0.06528238952159882,0.0931263417005539
146,44.235626220703125,0.008094964548945427,0.06179812178015709,0.08997201919555664,46.1381950378418,0.008621606044471264,0.06475875526666641,0.09285260736942291
147,44.70187759399414,0.008086636662483215,0.06140648201107979,0.08992572128772736,46.55453872680664,0.008749088272452354,0.06567508727312088,0.09353656321763992
148,44.567848205566406,0.0080761993303895,0.061620645225048065,0.08986767381429672,46.22971725463867,0.008653488010168076,0.06503912806510925,0.0930241271853447
149,44.509239196777344,0.008100609295070171,0.06176441162824631,0.09000338613986969,46.262943267822266,0.008676577359437943,0.06487961858510971,0.09314814954996109
150,44.50094223022461,0.008090700954198837,0.06172991171479225,0.08994832634925842,46.930702209472656,0.008883942849934101,0.06669425964355469,0.09425467252731323
151,44.19820785522461,0.008100409060716629,0.06171761080622673,0.09000227600336075,46.31571960449219,0.008664583787322044,0.0652182549238205,0.09308374673128128
152,44.046348571777344,0.008055921643972397,0.06115080416202545,0.08975478261709213,46.201499938964844,0.00863545574247837,0.06483358889818192,0.09292715042829514
153,44.82635498046875,0.008036446757614613,0.06134922429919243,0.08964622765779495,46.3946647644043,0.008690678514540195,0.06549866497516632,0.09322381019592285
154,44.35825729370117,0.00807808805257082,0.061411794275045395,0.08987818658351898,46.08311462402344,0.008588744327425957,0.0647294744849205,0.09267548471689224
155,44.337215423583984,0.008072634227573872,0.06161092221736908,0.08984784036874771,46.02325439453125,0.008575648069381714,0.0644654855132103,0.09260479360818863
156,44.16493606567383,0.008031003177165985,0.06108344346284866,0.08961586654186249,46.2729377746582,0.008659097366034985,0.06513835489749908,0.09305427223443985
157,44.870479583740234,0.00803846400231123,0.061294689774513245,0.08965747803449631,46.01768493652344,0.008574947714805603,0.0643903836607933,0.09260101616382599
158,44.11852264404297,0.008014900609850883,0.06115557998418808,0.0895259752869606,46.046875,0.008579900488257408,0.06453770399093628,0.09262774884700775
159,44.025596618652344,0.008083104155957699,0.06119127199053764,0.08990608155727386,46.33742904663086,0.008673630654811859,0.06522015482187271,0.09313233196735382
160,44.202110290527344,0.008039184845983982,0.06114394962787628,0.08966150134801865,46.298458099365234,0.008659787476062775,0.06504274159669876,0.09305798262357712
161,44.21287536621094,0.00800856202840805,0.06138616427779198,0.08949057012796402,46.04952621459961,0.008575360290706158,0.06454231590032578,0.09260324388742447
162,43.9748649597168,0.008008583448827267,0.06108209118247032,0.08949068933725357,46.071800231933594,0.008589512668550014,0.06446035206317902,0.09267962723970413
163,43.97798156738281,0.008003019727766514,0.06073731184005737,0.08945959806442261,46.125648498535156,0.008591569028794765,0.06505163758993149,0.09269071370363235
164,44.50306701660156,0.00799892283976078,0.06132641062140465,0.08943669497966766,45.94792175292969,0.008540035225450993,0.06431113928556442,0.0924123078584671
165,43.99365234375,0.007921724580228329,0.060495227575302124,0.08900406956672668,46.06607437133789,0.008576512336730957,0.06441572308540344,0.0926094576716423
166,44.231353759765625,0.007947961799800396,0.06047268584370613,0.08915134519338608,46.084922790527344,0.00858389027416706,0.06459952890872955,0.09264928847551346
167,44.122371673583984,0.007949380204081535,0.06068376079201698,0.089159294962883,45.7701416015625,0.008483738638460636,0.06387661397457123,0.09210721403360367
168,44.06654739379883,0.007931869477033615,0.060574114322662354,0.08906104415655136,45.829803466796875,0.008504234254360199,0.06394709646701813,0.09221840649843216
169,43.48533630371094,0.007938781753182411,0.06067484989762306,0.08909983932971954,45.80955505371094,0.008492110297083855,0.06412003189325333,0.0921526551246643
170,44.23257064819336,0.007960447110235691,0.06048687919974327,0.08922133594751358,45.87131118774414,0.008510720916092396,0.06420917063951492,0.09225356578826904
171,43.92041778564453,0.007916548289358616,0.06030577793717384,0.08897498995065689,45.80224609375,0.008490940555930138,0.06403842568397522,0.09214629977941513
172,43.96858596801758,0.007912244647741318,0.06032194942235947,0.08895081281661987,45.74276351928711,0.008463045582175255,0.06400834769010544,0.09199481457471848
173,43.93475341796875,0.007902954705059528,0.060138292610645294,0.08889856189489365,46.00370788574219,0.008548019453883171,0.06461343914270401,0.09245549887418747
174,44.30359649658203,0.00792589969933033,0.06070003658533096,0.0890275239944458,46.56986618041992,0.008766118437051773,0.06562010198831558,0.09362754970788956
175,43.952083587646484,0.007958590053021908,0.06043265014886856,0.08921092748641968,46.056461334228516,0.008575350046157837,0.06439497321844101,0.0926031842827797
176,43.76837921142578,0.007874445989727974,0.06029659882187843,0.08873807638883591,45.777305603027344,0.008478248491883278,0.0638136938214302,0.09207741171121597
177,43.62437057495117,0.007902112789452076,0.06032044067978859,0.0888938307762146,45.92516326904297,0.008521956391632557,0.06440742313861847,0.09231444448232651
178,43.666751861572266,0.00787055492401123,0.06007393077015877,0.08871614933013916,45.64017105102539,0.00843131821602583,0.06357651948928833,0.09182220697402954
179,43.89753723144531,0.007860496640205383,0.05991225317120552,0.08865944296121597,46.16664123535156,0.00860210508108139,0.06495700776576996,0.0927475318312645
180,44.049678802490234,0.008010723628103733,0.061212506145238876,0.08950264751911163,45.74396514892578,0.008463750593364239,0.06390506029129028,0.0919986441731453
181,44.07956314086914,0.007903007790446281,0.060267843306064606,0.08889885991811752,46.04423522949219,0.008560930378735065,0.06467423588037491,0.09252529591321945
182,44.12961959838867,0.007922493852674961,0.06044861674308777,0.0890083909034729,45.8909797668457,0.008515816181898117,0.06449300795793533,0.09228117763996124
183,43.85001754760742,0.007856001146137714,0.06000964343547821,0.08863408863544464,45.844886779785156,0.00849730521440506,0.0638931393623352,0.09218082576990128
184,43.84389114379883,0.007849619723856449,0.0598565973341465,0.08859807997941971,45.52166748046875,0.008381631225347519,0.06337657570838928,0.09155125170946121
185,44.20596694946289,0.007894043810665607,0.05995525047183037,0.08884843438863754,45.57660675048828,0.008393227122724056,0.06373661756515503,0.09161455929279327
186,43.767677307128906,0.007856788113713264,0.060017816722393036,0.08863852173089981,45.74006271362305,0.008447782136499882,0.06407658010721207,0.09191181510686874
187,43.654762268066406,0.007856794632971287,0.059899941086769104,0.0886385589838028,46.07078552246094,0.008563805371522903,0.06493310630321503,0.09254083037376404
188,43.77821350097656,0.0079087158665061,0.06038413941860199,0.08893096446990967,45.62250518798828,0.008430607616901398,0.06353363394737244,0.09181834012269974
189,43.735042572021484,0.007850226014852524,0.06004146486520767,0.0886014997959137,46.011451721191406,0.008568023331463337,0.06430106610059738,0.09256361424922943
190,43.71067810058594,0.007888746447861195,0.06008511781692505,0.08881861716508865,45.577980041503906,0.008396399207413197,0.06363105028867722,0.09163186699151993
191,43.79560470581055,0.00780884362757206,0.06001431122422218,0.08836766332387924,45.5697021484375,0.008414220996201038,0.06332863867282867,0.0917290598154068
192,43.92463302612305,0.007871877402067184,0.06013767048716545,0.08872359991073608,45.732547760009766,0.008477214723825455,0.06360059231519699,0.09207179397344589
193,43.97568130493164,0.00784418173134327,0.05983146280050278,0.08856738358736038,45.97801971435547,0.008543911390006542,0.06462721526622772,0.09243328124284744
194,43.77320861816406,0.007809507194906473,0.059811078011989594,0.08837141841650009,45.62522888183594,0.008428783155977726,0.06358844041824341,0.09180840104818344
195,43.789493560791016,0.007822955027222633,0.05971071869134903,0.08844747394323349,45.81871032714844,0.008478200994431973,0.06430695205926895,0.09207714349031448
196,43.492706298828125,0.007867873646318913,0.06003456562757492,0.088701032102108,45.98122787475586,0.008546455763280392,0.06423109769821167,0.09244704246520996
197,44.031646728515625,0.00781448557972908,0.05962800979614258,0.08839958161115646,45.59703063964844,0.008403351530432701,0.06374233961105347,0.09166979789733887
198,44.12651062011719,0.007810065522789955,0.05989617854356766,0.08837457746267319,45.55094909667969,0.008396467193961143,0.063267283141613,0.09163223952054977
199,43.826969146728516,0.0078021506778895855,0.059840139001607895,0.08832978457212448,45.51681900024414,0.008371736854314804,0.06357629597187042,0.09149719774723053
200,43.25570297241211,0.007825285196304321,0.05970749631524086,0.08846063911914825,45.67613983154297,0.008430742658674717,0.0638873502612114,0.09181907773017883
201,44.14290237426758,0.007828906178474426,0.05977911129593849,0.088481105864048,45.99302291870117,0.008540261536836624,0.06439042091369629,0.0924135372042656
202,43.88432312011719,0.007838512770831585,0.06020301207900047,0.088535375893116,45.874267578125,0.008510046638548374,0.06404673308134079,0.09224991500377655
203,43.659393310546875,0.007843599654734135,0.060313984751701355,0.08856409788131714,45.73988342285156,0.008455222472548485,0.06395714730024338,0.09195228666067123
204,43.842247009277344,0.007818740792572498,0.06028430536389351,0.08842364698648453,45.73121643066406,0.008439501747488976,0.06421992182731628,0.09186676144599915
205,44.30734634399414,0.007898676209151745,0.06027558818459511,0.08887449651956558,45.55516052246094,0.008382690139114857,0.06363357603549957,0.09155703336000443
206,43.53335189819336,0.007799188606441021,0.05982007831335068,0.0883130133152008,45.61899185180664,0.008409789763391018,0.06372211873531342,0.09170490503311157
207,43.80695724487305,0.007774754427373409,0.05951780453324318,0.08817456662654877,45.99909973144531,0.008537395857274532,0.06464187800884247,0.0923980325460434
208,43.70661926269531,0.007859968580305576,0.05999208614230156,0.0886564627289772,45.570884704589844,0.008398091420531273,0.06371237337589264,0.09164109826087952
209,44.040279388427734,0.007803184911608696,0.0595470629632473,0.08833564072847366,45.77781677246094,0.008455084636807442,0.06433575600385666,0.09195153415203094
210,43.30824661254883,0.007839564234018326,0.059893179684877396,0.08854131400585175,45.76978302001953,0.00845962855964899,0.064079649746418,0.09197624027729034
211,44.12339401245117,0.007842149585485458,0.05966653674840927,0.08855590969324112,46.17766189575195,0.008598040789365768,0.06496972590684891,0.09272561967372894
212,43.72564697265625,0.00780039606615901,0.059892602264881134,0.08831985294818878,45.710906982421875,0.008447850123047829,0.06366951018571854,0.09191218763589859
213,44.04823303222656,0.007790562231093645,0.05971251055598259,0.08826415985822678,46.04933166503906,0.00855544675141573,0.06505993008613586,0.09249565750360489
214,43.48735046386719,0.007795815821737051,0.059835415333509445,0.08829391747713089,45.45036697387695,0.008360515348613262,0.06333457678556442,0.09143585711717606
215,43.738067626953125,0.007804892957210541,0.05975980684161186,0.08834530413150787,45.76416778564453,0.008458754047751427,0.0640144795179367,0.0919714868068695
216,43.79453659057617,0.007805729750543833,0.06002204120159149,0.08835004270076752,45.536251068115234,0.008389677852392197,0.06339481472969055,0.09159518778324127
217,43.560638427734375,0.007811353541910648,0.059620201587677,0.08838186413049698,45.806880950927734,0.00846533477306366,0.06455424427986145,0.09200725704431534
218,43.7430534362793,0.007846204563975334,0.060013558715581894,0.08857880532741547,46.019168853759766,0.008542213588953018,0.06506907939910889,0.09242409467697144
219,43.52190399169922,0.007869678549468517,0.06038344278931618,0.0887112095952034,45.57666015625,0.008392585441470146,0.06371885538101196,0.09161105751991272
220,43.71494674682617,0.007843307219445705,0.05986559018492699,0.08856245130300522,45.95326614379883,0.00851873867213726,0.0645873174071312,0.0922970101237297
221,43.48398971557617,0.007836296223104,0.06006414070725441,0.08852285891771317,45.734886169433594,0.008438960649073124,0.06447950005531311,0.09186381846666336
222,43.96869659423828,0.007813015952706337,0.059706952422857285,0.0883912667632103,45.54701232910156,0.008386928588151932,0.06358340382575989,0.09158016741275787
223,44.07648468017578,0.00784431491047144,0.06006382405757904,0.08856813609600067,45.73019027709961,0.00843815691769123,0.06427039206027985,0.09185943752527237
224,43.533626556396484,0.007766616065055132,0.059488724917173386,0.08812841027975082,45.4422721862793,0.008351181633770466,0.06337659806013107,0.09138479828834534
225,43.135032653808594,0.007793729193508625,0.059762243181467056,0.08828210085630417,45.65761947631836,0.008446278981864452,0.06346962600946426,0.09190364181995392
226,43.77643585205078,0.007820059545338154,0.059613168239593506,0.08843109756708145,45.63260269165039,0.008417794480919838,0.06395129859447479,0.09174854308366776
227,43.497467041015625,0.0077767944894731045,0.059483613818883896,0.08818613737821579,45.58389663696289,0.008405707776546478,0.06360332667827606,0.09168265014886856
228,43.431331634521484,0.007784141693264246,0.05990913137793541,0.0882277861237526,45.57218551635742,0.008420328609645367,0.06314858049154282,0.09176234900951385
229,43.54502487182617,0.007837437093257904,0.05960879847407341,0.0885293036699295,45.748382568359375,0.008470533415675163,0.06404594331979752,0.09203550219535828
230,43.437747955322266,0.007776474580168724,0.059537362307310104,0.08818431943655014,45.68067932128906,0.008437573909759521,0.06374527513980865,0.09185627102851868
231,43.39500427246094,0.007745370734483004,0.05915721505880356,0.08800778537988663,46.5884895324707,0.00875916425138712,0.06563321501016617,0.09359040856361389
232,43.64833450317383,0.00787367857992649,0.05993710458278656,0.0887337476015091,45.70060348510742,0.008440373465418816,0.06404199451208115,0.09187150746583939
233,43.923404693603516,0.007794762495905161,0.059693593531847,0.08828794956207275,45.67942810058594,0.008432401344180107,0.06395556777715683,0.0918281152844429
234,43.40422439575195,0.007778880652040243,0.05937079340219498,0.08819796144962311,45.927852630615234,0.008510983549058437,0.06467824429273605,0.09225498884916306
235,43.82304000854492,0.00791807472705841,0.060535091906785965,0.08898356556892395,45.65564727783203,0.008416838012635708,0.063860684633255,0.09174332767724991
236,43.337623596191406,0.007776823826134205,0.059423334896564484,0.08818630129098892,45.666015625,0.008430642075836658,0.06371555477380753,0.09181852638721466
237,43.53404998779297,0.0078031402081251144,0.059729140251874924,0.08833538740873337,45.86288833618164,0.00848801527172327,0.06453969329595566,0.09213042259216309
238,44.12197494506836,0.007832895033061504,0.05996708199381828,0.0885036438703537,46.095703125,0.00856599397957325,0.06499501317739487,0.09255265444517136
239,44.03677749633789,0.007881945930421352,0.05994627624750137,0.08878032118082047,46.03583526611328,0.008583513088524342,0.06427372246980667,0.0926472544670105
240,43.4779167175293,0.007783667650073767,0.059510424733161926,0.0882250964641571,45.643104553222656,0.008413847535848618,0.06386525928974152,0.09172702580690384
241,43.47072219848633,0.007834164425730705,0.059561047703027725,0.08851081877946854,45.63689422607422,0.008423134684562683,0.06360338628292084,0.09177763760089874
242,43.73968505859375,0.007795246317982674,0.05974951386451721,0.08829069137573242,45.51993179321289,0.008383484557271004,0.06362306326627731,0.09156136959791183
243,43.11567687988281,0.007770433556288481,0.05948160961270332,0.08815006166696548,45.64786148071289,0.008421315811574459,0.06393367052078247,0.09176772832870483
244,43.2131462097168,0.007755258586257696,0.05950012430548668,0.08806394785642624,45.48204040527344,0.008372831158339977,0.0633058249950409,0.09150317311286926
245,43.4193115234375,0.007815643213689327,0.05975868180394173,0.08840612322092056,45.574012756347656,0.00840666051954031,0.06364476680755615,0.09168784320354462
246,43.409141540527344,0.007856505922973156,0.05999744310975075,0.08863693475723267,45.95912551879883,0.008553491905331612,0.06448911875486374,0.09248509258031845
247,43.261192321777344,0.007801093626767397,0.05993087962269783,0.08832380175590515,45.728519439697266,0.008456258103251457,0.06407419592142105,0.09195791184902191
248,43.886417388916016,0.007794854696840048,0.05966556444764137,0.08828847110271454,45.827362060546875,0.008501775562763214,0.06419546157121658,0.09220507740974426
249,43.67424392700195,0.007825029082596302,0.059803757816553116,0.08845919370651245,45.60203552246094,0.008417855948209763,0.0636138841509819,0.09174887090921402
250,43.756954193115234,0.007798199541866779,0.05949316546320915,0.08830741047859192,45.59263610839844,0.008398301899433136,0.06377831101417542,0.09164225310087204
251,43.79399490356445,0.007808811962604523,0.059974316507577896,0.08836748450994492,46.00199890136719,0.00855686143040657,0.06430768221616745,0.09250330179929733
252,44.07468795776367,0.007881410419940948,0.05977955833077431,0.08877731114625931,45.93748474121094,0.008524937555193901,0.06456413120031357,0.09233058989048004
253,43.75442123413086,0.007797352038323879,0.05978430435061455,0.0883026123046875,45.87750244140625,0.008509406819939613,0.06422379612922668,0.09224644303321838
254,43.906402587890625,0.007822989486157894,0.05973690748214722,0.08844766765832901,45.544288635253906,0.008386511355638504,0.06355923414230347,0.09157789498567581
255,43.51760482788086,0.007796478923410177,0.05954913794994354,0.08829767256975174,45.770694732666016,0.008455861359834671,0.06425891071557999,0.0919557586312294
256,43.673973083496094,0.0077721914276480675,0.059431299567222595,0.08816003054380417,45.65695571899414,0.00842361617833376,0.06401649117469788,0.09178026020526886
257,43.9430046081543,0.007807832211256027,0.05961408466100693,0.0883619412779808,45.62605285644531,0.00842403993010521,0.0636662170290947,0.0917825773358345
258,43.38269805908203,0.007807647809386253,0.05980527028441429,0.08836089819669724,45.48881912231445,0.008365996181964874,0.06353877484798431,0.09146582335233688
259,43.54095458984375,0.007826916873455048,0.05979204177856445,0.08846986293792725,45.6349983215332,0.008425095118582249,0.06358470022678375,0.09178831428289413
260,43.5223274230957,0.00777085917070508,0.0594358816742897,0.08815247565507889,45.70063400268555,0.008442265912890434,0.0639001801609993,0.09188180416822433
261,43.433048248291016,0.007788527756929398,0.059580400586128235,0.08825263381004333,45.701805114746094,0.008442380465567112,0.06392643600702286,0.09188243001699448
262,43.76701736450195,0.007763636764138937,0.059473711997270584,0.0881115049123764,45.73948669433594,0.00845359917730093,0.06413870304822922,0.09194345772266388
263,43.803489685058594,0.007818281650543213,0.05960182100534439,0.0884210467338562,45.66999053955078,0.00844921637326479,0.06362878531217575,0.09191961586475372
264,43.18281555175781,0.007771895732730627,0.05974353104829788,0.08815835416316986,45.72771072387695,0.0084463469684124,0.06417238712310791,0.09190400689840317
265,43.79045867919922,0.007791082840412855,0.059439320117235184,0.08826711028814316,45.5650749206543,0.00839320383965969,0.06360408663749695,0.09161443263292313
266,43.65230178833008,0.007848890498280525,0.059992291033267975,0.0885939672589302,45.46263885498047,0.008355287835001945,0.06329881399869919,0.09140726178884506
267,43.92767333984375,0.007854226045310497,0.05971355736255646,0.08862406015396118,45.547786712646484,0.008394815027713776,0.06348729133605957,0.0916232243180275
268,43.676734924316406,0.007837887853384018,0.059914153069257736,0.08853184431791306,45.6848258972168,0.00843713991343975,0.06396011263132095,0.09185390174388885
269,43.80303192138672,0.007808272261172533,0.05973881483078003,0.08836442977190018,45.81941223144531,0.008463169448077679,0.06453334540128708,0.0919954851269722
270,43.24127960205078,0.0077787828631699085,0.05946655571460724,0.08819741010665894,45.46067428588867,0.008351828902959824,0.06362030655145645,0.09138834476470947
271,43.693695068359375,0.00779297249391675,0.05964120477437973,0.08827781677246094,45.443912506103516,0.00834870059043169,0.06338942050933838,0.09137122333049774
272,43.31802749633789,0.0077465916983783245,0.059320367872714996,0.08801472187042236,45.976749420166016,0.008522449992597103,0.064778171479702,0.0923171192407608
273,43.48542404174805,0.007799133658409119,0.059664759784936905,0.08831270039081573,45.68910217285156,0.00842792447656393,0.06401374936103821,0.09180372953414917
274,43.5985221862793,0.007813187316060066,0.059872034937143326,0.0883922353386879,45.65403366088867,0.008423817344009876,0.06383488327264786,0.09178135544061661
275,43.203407287597656,0.007769312709569931,0.05947044491767883,0.08814370632171631,45.951133728027344,0.008509762585163116,0.06489509344100952,0.09224837273359299
276,43.572818756103516,0.0077867950312793255,0.05967935174703598,0.08824282139539719,45.7193489074707,0.00843868963420391,0.06417308747768402,0.09186234325170517
277,43.97846221923828,0.007819456048309803,0.059754688292741776,0.08842768520116806,45.75326156616211,0.0084589384496212,0.06401176005601883,0.0919724851846695
278,43.62173843383789,0.007764454465359449,0.05929422378540039,0.08811613917350769,45.69847106933594,0.008427868597209454,0.06405937671661377,0.0918034240603447
279,43.26513671875,0.007744431495666504,0.05959586426615715,0.08800245076417923,45.622825622558594,0.00842523667961359,0.06355603039264679,0.09178908914327621
280,43.661373138427734,0.007802694104611874,0.05940672382712364,0.08833286166191101,45.64839172363281,0.008419052697718143,0.06382352858781815,0.09175539761781693
281,43.73284912109375,0.007765902206301689,0.059470128268003464,0.0881243571639061,46.03593826293945,0.008546392433345318,0.06505981087684631,0.0924466997385025
282,43.40303039550781,0.007818336598575115,0.059687234461307526,0.08842135965824127,45.75495147705078,0.008457288146018982,0.06396832317113876,0.0919635146856308
283,43.578304290771484,0.007791570387780666,0.05964497849345207,0.08826987445354462,46.074005126953125,0.008590125478804111,0.06459395587444305,0.09268292784690857
284,43.35980224609375,0.007776279933750629,0.059369515627622604,0.0881832167506218,45.599769592285156,0.008404082618653774,0.06365616619586945,0.09167378395795822
285,43.37784194946289,0.007778559811413288,0.059471990913152695,0.08819614350795746,45.58597946166992,0.008395252749323845,0.06372758001089096,0.09162560850381851
286,43.36290740966797,0.007785458117723465,0.05976268649101257,0.08823524415493011,45.555782318115234,0.008395354263484478,0.06346482038497925,0.09162616729736328
287,43.2576789855957,0.007786631118506193,0.05971987172961235,0.08824189007282257,45.80000305175781,0.008486403152346611,0.06393945217132568,0.0921216756105423
288,43.370235443115234,0.00788692943751812,0.05985186621546745,0.08880838751792908,45.73353576660156,0.008445588871836662,0.06417538970708847,0.09189988672733307
289,43.32657241821289,0.0077771334908902645,0.0594087690114975,0.0881880596280098,46.03584671020508,0.008561494760215282,0.06434013694524765,0.0925283432006836
290,43.569801330566406,0.007785588502883911,0.05942745506763458,0.08823598176240921,45.60413360595703,0.008394327946007252,0.06390692293643951,0.0916205644607544
291,43.620033264160156,0.007776702754199505,0.05942917242646217,0.088185615837574,46.032325744628906,0.008558650501072407,0.06444678455591202,0.09251297265291214
292,43.298519134521484,0.007767385803163052,0.059393081814050674,0.08813277631998062,45.664085388183594,0.008424750529229641,0.06386802345514297,0.09178643673658371
293,43.47832107543945,0.007798520848155022,0.059591591358184814,0.08830923587083817,45.61457824707031,0.008398246020078659,0.06391628086566925,0.09164194762706757
294,43.13874816894531,0.0077518741600215435,0.059397220611572266,0.08804472535848618,45.973915100097656,0.008514833636581898,0.06477983295917511,0.09227585792541504
295,44.19628143310547,0.007959035225212574,0.0608731210231781,0.08921342343091965,45.91645812988281,0.008519123308360577,0.06436815112829208,0.09229909628629684
296,43.622032165527344,0.007781386375427246,0.05936339125037193,0.08821216970682144,45.6435661315918,0.008412343449890614,0.06387109309434891,0.09171883016824722
297,43.657833099365234,0.007765587419271469,0.059301309287548065,0.08812256902456284,45.86699295043945,0.008490887470543385,0.06427537649869919,0.09214600920677185
298,44.27860641479492,0.0078107742592692375,0.05992751568555832,0.08837858587503433,45.46830749511719,0.008361258544027805,0.06334786862134933,0.09143991768360138
299,43.86063766479492,0.0077489824034273624,0.059366051107645035,0.08802830427885056,45.71202087402344,0.00843215174973011,0.06409335881471634,0.09182675182819366
300,43.394046783447266,0.007769726682454348,0.05931299179792404,0.08814605325460434,45.81681442260742,0.008473441936075687,0.06430913507938385,0.09205129742622375
301,43.59560775756836,0.0077842180617153645,0.05981048196554184,0.08822821825742722,45.745750427246094,0.008465761318802834,0.06384732574224472,0.09200957417488098
302,43.48146438598633,0.007856244221329689,0.05992063134908676,0.08863545954227448,45.81850814819336,0.008482647128403187,0.06407426297664642,0.09210129082202911
303,43.53994369506836,0.007851663045585155,0.06006794050335884,0.08860961347818375,45.70185852050781,0.008452213369309902,0.06363985687494278,0.09193591773509979
304,43.25733947753906,0.007742113899439573,0.05923815816640854,0.08798928558826447,45.85649871826172,0.008479390293359756,0.06459303945302963,0.09208360314369202
305,43.566917419433594,0.007795312441885471,0.05975577235221863,0.08829106390476227,45.61779022216797,0.008396238088607788,0.0639706701040268,0.09163098782300949
306,43.1956787109375,0.007761103566735983,0.05936074256896973,0.08809712529182434,45.72508239746094,0.00844461191445589,0.06389367580413818,0.09189456701278687
307,43.36488723754883,0.007746650837361813,0.05913463234901428,0.08801505714654922,45.75676727294922,0.008448275737464428,0.06417864561080933,0.09191450476646423
308,43.74300765991211,0.0078078946098685265,0.059451986104249954,0.08836229145526886,46.00958251953125,0.008531912229955196,0.0648987889289856,0.09236834943294525
309,43.72556686401367,0.007785797584801912,0.05968981981277466,0.08823716640472412,45.811134338378906,0.008479808457195759,0.06400755792856216,0.09208587557077408
310,43.41139602661133,0.007779812440276146,0.05960078164935112,0.08820324391126633,45.59834289550781,0.008401554077863693,0.06370359659194946,0.09165999293327332
311,43.59159851074219,0.007780511863529682,0.059296898543834686,0.08820720762014389,45.72627258300781,0.008438500575721264,0.06402815878391266,0.0918613150715828
312,43.71647644042969,0.007746847812086344,0.059400707483291626,0.08801618218421936,45.6546516418457,0.008423594757914543,0.0637979805469513,0.09178014099597931
313,43.44654846191406,0.007761199027299881,0.05934302881360054,0.08809766918420792,45.5728874206543,0.008391770534217358,0.06358186900615692,0.09160660952329636
314,43.326194763183594,0.007753527257591486,0.05917102470993996,0.0880541130900383,45.75209426879883,0.00844827014952898,0.06414726376533508,0.09191447496414185
315,43.36454391479492,0.007790651638060808,0.05948186293244362,0.08826466649770737,45.67085266113281,0.008427158929407597,0.06373412907123566,0.09179955720901489
316,43.36616897583008,0.0077648949809372425,0.05978015065193176,0.08811864256858826,45.874786376953125,0.008528241887688637,0.06400812417268753,0.09234847873449326
317,43.77442169189453,0.007761964574456215,0.059521157294511795,0.08810201287269592,45.69715881347656,0.00842961948364973,0.0640876293182373,0.09181296080350876
318,43.8103141784668,0.007794845849275589,0.05953982472419739,0.08828842639923096,45.73807907104492,0.008448095992207527,0.0639549195766449,0.09191352128982544
319,43.48308181762695,0.007742156274616718,0.05919289216399193,0.08798952400684357,46.017826080322266,0.008539015427231789,0.06479587405920029,0.09240679442882538
320,43.337738037109375,0.007793258875608444,0.05959673225879669,0.08827943354845047,45.69645690917969,0.008439509198069572,0.06385039538145065,0.09186679869890213
321,43.696311950683594,0.0077541284263134,0.059245236217975616,0.08805752545595169,45.80646514892578,0.008468850515782833,0.0642576813697815,0.09202636778354645
