epoch,RMSE_P,RMSE_T,loss,mean_absolute_error,root_mean_squared_error,val_RMSE_P,val_RMSE_T,val_loss,val_mean_absolute_error,val_root_mean_squared_error
0,5303.595703125,369.1310119628906,0.4817059636116028,0.5354924201965332,0.6940504312515259,4566.27587890625,334.6995544433594,0.3731517493724823,0.46328046917915344,0.6108614802360535
1,3956.732177734375,256.3941650390625,0.24648739397525787,0.3757840394973755,0.4964749813079834,3510.3046875,247.78749084472656,0.21086838841438293,0.33854278922080994,0.4592040777206421
2,3206.698974609375,196.78111267089844,0.15112589299678802,0.28972598910331726,0.3887491524219513,2944.473388671875,199.88192749023438,0.14185483753681183,0.27602651715278625,0.37663620710372925
3,2765.206298828125,162.34869384765625,0.10830702632665634,0.24487461149692535,0.3291003406047821,2591.298095703125,171.1551971435547,0.10649805516004562,0.24022357165813446,0.3263404071331024
4,2484.772216796875,139.4381561279297,0.08477545529603958,0.21679222583770752,0.29116225242614746,2365.44970703125,149.1917266845703,0.08424472063779831,0.21491825580596924,0.29024943709373474
5,2299.675537109375,124.71122741699219,0.06910749524831772,0.19672253727912903,0.2628830373287201,2219.416259765625,132.81944274902344,0.07017293572425842,0.1963798552751541,0.2649017572402954
6,2168.410400390625,111.11739349365234,0.05837201327085495,0.1812324970960617,0.24160300195217133,2100.880859375,119.73184967041016,0.05983390286564827,0.1812712550163269,0.24460969865322113
7,2036.8555908203125,99.82606506347656,0.050199974328279495,0.1678277552127838,0.2240535020828247,2006.18115234375,108.73990631103516,0.05204781889915466,0.16844046115875244,0.22813990712165833
8,1955.3836669921875,92.42082214355469,0.04384680092334747,0.15663304924964905,0.20939627289772034,1922.70849609375,100.1551513671875,0.046078283339738846,0.15793153643608093,0.21465852856636047
9,1855.6546630859375,85.61634826660156,0.039040714502334595,0.1473270058631897,0.19758723676204681,1846.2584228515625,92.6082534790039,0.041060205549001694,0.14897865056991577,0.20263318717479706
10,1781.459228515625,79.02225494384766,0.03512138873338699,0.1390795111656189,0.1874070167541504,1785.1981201171875,86.97634887695312,0.037428248673677444,0.14222076535224915,0.19346381723880768
11,1717.0731201171875,75.17387390136719,0.03201039880514145,0.13249874114990234,0.17891450226306915,1722.67919921875,82.05810546875,0.034192219376564026,0.1358739137649536,0.18491138517856598
12,1650.5887451171875,71.22470092773438,0.029646554961800575,0.1273958832025528,0.17218175530433655,1674.47900390625,77.97593688964844,0.0317072719335556,0.13111349940299988,0.17806535959243774
13,1616.231689453125,67.88195037841797,0.02766159176826477,0.12230978906154633,0.16631773114204407,1636.312255859375,74.90630340576172,0.029876532033085823,0.12724006175994873,0.17284829914569855
14,1572.3682861328125,66.37098693847656,0.026006469503045082,0.11856457591056824,0.16126522421836853,1590.6248779296875,72.1655044555664,0.028015179559588432,0.12349238991737366,0.16737735271453857
15,1533.8477783203125,63.569908142089844,0.024591796100139618,0.11507044732570648,0.1568177342414856,1563.2633056640625,69.7544937133789,0.026713546365499496,0.12086661905050278,0.16344279050827026
16,1495.0006103515625,62.4280891418457,0.023513702675700188,0.11211473494768143,0.15334178507328033,1535.7279052734375,67.94709777832031,0.025617362931370735,0.1181851476430893,0.16005423665046692
17,1469.8656005859375,60.59580612182617,0.022538043558597565,0.10956345498561859,0.15012675523757935,1506.698974609375,66.35269165039062,0.024575265124440193,0.11571764945983887,0.15676499903202057
18,1440.8321533203125,59.07435989379883,0.021747983992099762,0.10759355127811432,0.14747197926044464,1484.25927734375,65.11032104492188,0.023791497573256493,0.11369722336530685,0.15424492955207825
19,1411.1724853515625,58.1947135925293,0.02108612470328808,0.10565952211618423,0.1452106237411499,1468.5794677734375,63.68619918823242,0.023102229461073875,0.11193154752254486,0.15199416875839233
20,1407.0472412109375,57.3859748840332,0.020486511290073395,0.10414271056652069,0.1431310921907425,1446.1121826171875,62.60860824584961,0.022374805063009262,0.11007420718669891,0.14958210289478302
21,1373.5787353515625,55.98460006713867,0.019942108541727066,0.10251839458942413,0.14121653139591217,1434.9007568359375,61.64059829711914,0.021913722157478333,0.1086108610033989,0.14803284406661987
22,1377.021484375,55.805057525634766,0.01951214298605919,0.10132241249084473,0.13968586921691895,1418.71142578125,60.75275421142578,0.021382473409175873,0.10727725923061371,0.14622747898101807
23,1356.9364013671875,55.44919967651367,0.019121358171105385,0.10024841129779816,0.1382800042629242,1403.867431640625,59.73336410522461,0.02083476074039936,0.10588109493255615,0.14434251189231873
24,1355.022216796875,54.08420181274414,0.018774021416902542,0.09942573308944702,0.1370183229446411,1394.084228515625,59.04140090942383,0.020470306277275085,0.10509555041790009,0.14307448267936707
25,1337.0079345703125,53.78220748901367,0.018432360142469406,0.09849616140127182,0.13576583564281464,1386.07861328125,58.28601837158203,0.020147627219557762,0.10413830727338791,0.1419423371553421
26,1330.676025390625,52.8908576965332,0.01813466101884842,0.09753404557704926,0.13466499745845795,1378.119873046875,57.81001281738281,0.01988046057522297,0.10330098867416382,0.14099808037281036
27,1326.6231689453125,52.46647262573242,0.017923278734087944,0.09693262726068497,0.13387784361839294,1369.759033203125,56.93213653564453,0.019540637731552124,0.10229338705539703,0.13978783786296844
28,1315.7154541015625,52.09160614013672,0.017660783603787422,0.09619168937206268,0.1328938752412796,1364.1741943359375,56.54135513305664,0.01933007873594761,0.10162148624658585,0.13903264701366425
29,1304.363037109375,51.610233306884766,0.017475871369242668,0.09543449431657791,0.1321963369846344,1356.96044921875,55.9891357421875,0.019066181033849716,0.10119673609733582,0.13808034360408783
30,1307.54638671875,51.27396774291992,0.017286939546465874,0.09514901787042618,0.13147979974746704,1353.4266357421875,55.39159393310547,0.018869340419769287,0.10055691748857498,0.13736571371555328
31,1301.9566650390625,50.95460891723633,0.017139030620455742,0.09450416266918182,0.13091613352298737,1346.3148193359375,55.09018325805664,0.018684448674321175,0.09983327984809875,0.13669106364250183
32,1292.6087646484375,50.179927825927734,0.016959529370069504,0.09384345263242722,0.13022875785827637,1342.88037109375,54.544925689697266,0.018483497202396393,0.09944693744182587,0.13595402240753174
33,1288.114013671875,50.0991096496582,0.016781356185674667,0.0935109406709671,0.12954287230968475,1339.60302734375,54.21693420410156,0.018358945846557617,0.09914378076791763,0.13549520075321198
34,1278.4190673828125,49.46044158935547,0.01661284640431404,0.09298085421323776,0.12889082729816437,1334.386474609375,53.9711799621582,0.01820235699415207,0.09872134029865265,0.13491611182689667
35,1281.1588134765625,49.221702575683594,0.016504116356372833,0.09266886115074158,0.1284683495759964,1332.5885009765625,53.61277770996094,0.018109295517206192,0.09806158393621445,0.13457077741622925
36,1281.6463623046875,49.065574645996094,0.016383005306124687,0.09235479682683945,0.12799611687660217,1332.07080078125,53.27228546142578,0.018004924058914185,0.09811456501483917,0.1341824233531952
37,1277.0030517578125,48.87683868408203,0.016292067244648933,0.09190484136343002,0.12764038145542145,1328.197021484375,53.09904479980469,0.017903383821249008,0.09775599092245102,0.13380351662635803
38,1268.0565185546875,48.540592193603516,0.016170762479305267,0.09149738401174545,0.1271643191576004,1327.33203125,52.71669387817383,0.01780667155981064,0.09715252369642258,0.13344164192676544
39,1267.4697265625,48.28776550292969,0.016071386635303497,0.09100533276796341,0.12677296996116638,1323.0130615234375,52.49360275268555,0.01768147386610508,0.09698672592639923,0.13297170400619507
40,1267.9395751953125,47.80361557006836,0.015965456143021584,0.09093302488327026,0.12635450065135956,1319.3837890625,52.3460693359375,0.017597198486328125,0.09652229398488998,0.13265442848205566
41,1262.7689208984375,47.85332489013672,0.01587500609457493,0.09037859737873077,0.12599605321884155,1319.0452880859375,51.89571762084961,0.017496230080723763,0.09635119885206223,0.13227331638336182
42,1256.7138671875,47.70963668823242,0.015790631994605064,0.09032854437828064,0.12566077709197998,1316.95263671875,51.72597885131836,0.01742352358996868,0.0958486869931221,0.1319981813430786
43,1252.909912109375,47.346832275390625,0.01570141687989235,0.08993083238601685,0.12530528008937836,1316.4818115234375,51.46074676513672,0.017347054556012154,0.09594547003507614,0.13170821964740753
44,1260.0472412109375,47.56460952758789,0.01565655507147312,0.08970493078231812,0.12512615323066711,1314.92919921875,51.25349426269531,0.017297333106398582,0.09521926939487457,0.13151931762695312
45,1246.268798828125,46.940677642822266,0.015574317425489426,0.08955100923776627,0.12479709833860397,1312.7918701171875,51.140296936035156,0.017225738614797592,0.09526935964822769,0.13124686479568481
46,1242.7279052734375,47.19671630859375,0.015543985180556774,0.0890883281826973,0.12467551976442337,1312.55615234375,51.112159729003906,0.017200961709022522,0.09529224038124084,0.1311524361371994
47,1257.249755859375,46.76995849609375,0.015421564690768719,0.08892680704593658,0.12418359518051147,1308.3526611328125,50.94923400878906,0.017100363969802856,0.09521319717168808,0.13076835870742798
48,1242.1629638671875,46.415184020996094,0.01536480151116848,0.08868372440338135,0.12395484745502472,1309.40283203125,50.58234405517578,0.017043082043528557,0.09481173008680344,0.13054916262626648
49,1236.7606201171875,46.376346588134766,0.015294518321752548,0.08856566995382309,0.12367099523544312,1306.51513671875,50.54183578491211,0.017010176554322243,0.09421654790639877,0.13042305409908295
50,1245.50390625,46.16573715209961,0.015236633829772472,0.08814863860607147,0.12343676388263702,1307.2373046875,50.357826232910156,0.016962358728051186,0.09455691277980804,0.13023962080478668
51,1243.948974609375,46.54417037963867,0.015203088521957397,0.0882689505815506,0.12330080568790436,1303.349609375,50.25392532348633,0.016891691833734512,0.09403173625469208,0.1299680471420288
52,1238.0311279296875,46.260738372802734,0.015139308758080006,0.08766534179449081,0.12304190546274185,1302.699951171875,50.18814468383789,0.016844794154167175,0.09426255524158478,0.12978748977184296
53,1236.5233154296875,46.06930160522461,0.015096575953066349,0.08777846395969391,0.1228681206703186,1303.7076416015625,49.873104095458984,0.01680118590593338,0.09411049634218216,0.12961938977241516
54,1240.8641357421875,45.78444290161133,0.015036665834486485,0.08754277229309082,0.12262408435344696,1299.2098388671875,49.84284210205078,0.01672331802546978,0.09364273399114609,0.12931866943836212
55,1238.3729248046875,45.53416442871094,0.01498420163989067,0.08726292103528976,0.12240997701883316,1301.26513671875,49.72932434082031,0.016742641106247902,0.09335798025131226,0.12939335405826569
56,1234.4227294921875,45.726139068603516,0.014971060678362846,0.0873226746916771,0.12235628813505173,1296.9556884765625,49.56514358520508,0.01665455289185047,0.0930408388376236,0.1290525197982788
57,1231.0650634765625,44.98908233642578,0.014945851638913155,0.08716762065887451,0.12225322425365448,1296.09716796875,49.82143783569336,0.01666279323399067,0.09332066774368286,0.12908443808555603
58,1228.3897705078125,45.94057846069336,0.014868903905153275,0.08687767386436462,0.12193811684846878,1294.89599609375,49.33223342895508,0.016553658992052078,0.09273693710565567,0.12866102159023285
59,1235.3544921875,45.148921966552734,0.014821314252912998,0.0867457464337349,0.12174282968044281,1296.521240234375,49.2707405090332,0.016561469063162804,0.09269481152296066,0.12869137525558472
60,1234.95263671875,45.367218017578125,0.014812861569225788,0.08641988039016724,0.12170810252428055,1292.3011474609375,49.1951904296875,0.01647312566637993,0.09284965693950653,0.12834767997264862
61,1223.53369140625,45.11223220825195,0.01473760325461626,0.08655381202697754,0.12139852344989777,1293.2952880859375,49.051666259765625,0.016470998525619507,0.09249872714281082,0.12833939492702484
62,1226.855712890625,45.02989959716797,0.014724461361765862,0.08651582151651382,0.12134439498186111,1291.9241943359375,49.01789855957031,0.016447965055704117,0.09217526763677597,0.1282496154308319
63,1221.20361328125,45.2293815612793,0.014683542773127556,0.08627623319625854,0.12117567658424377,1293.328369140625,48.99301528930664,0.01644637994468212,0.09267327189445496,0.12824344635009766
64,1223.851806640625,44.858394622802734,0.01464533805847168,0.08637190610170364,0.1210179254412651,1291.3424072265625,48.68251037597656,0.01638638600707054,0.09167583286762238,0.12800931930541992
65,1224.7540283203125,45.17009735107422,0.014615392312407494,0.08590008318424225,0.12089413404464722,1290.27978515625,48.71208953857422,0.016346491873264313,0.09267942607402802,0.1278533935546875
66,1216.79248046875,44.92045211791992,0.01462260726839304,0.08634302765130997,0.1209239736199379,1288.7720947265625,48.95850372314453,0.01638062484562397,0.09183534979820251,0.12798680365085602
67,1223.723388671875,44.72108459472656,0.014552924782037735,0.08588945865631104,0.1206355020403862,1287.70263671875,48.77936935424805,0.01631300337612629,0.09199202060699463,0.12772236764431
68,1219.6832275390625,44.28318786621094,0.014544022269546986,0.08593384921550751,0.12059859186410904,1287.7410888671875,48.74864959716797,0.016323868185281754,0.0917738750576973,0.12776489555835724
69,1205.0838623046875,44.095191955566406,0.014501566998660564,0.08593430370092392,0.12042245268821716,1289.02392578125,48.64119338989258,0.01632128842175007,0.09149708598852158,0.1277547925710678
70,1211.6141357421875,44.40217208862305,0.014476855285465717,0.0855102688074112,0.12031980603933334,1283.8876953125,48.5825309753418,0.016209539026021957,0.0916520208120346,0.1273166835308075
71,1220.556640625,44.330039978027344,0.01443384774029255,0.0853646844625473,0.120140939950943,1282.391845703125,48.53966522216797,0.016192225739359856,0.0913698747754097,0.12724867463111877
72,1220.1600341796875,44.44900894165039,0.014444064348936081,0.08567281812429428,0.12018346041440964,1286.64111328125,48.21958541870117,0.016218392178416252,0.0911220982670784,0.12735144793987274
73,1213.607421875,43.985435485839844,0.014364784583449364,0.08534835278987885,0.119853176176548,1285.238037109375,48.26572799682617,0.01617223583161831,0.09177013486623764,0.12717010080814362
74,1222.091796875,44.1895866394043,0.014336645603179932,0.08525211364030838,0.1197357326745987,1285.1707763671875,48.30463790893555,0.016180086880922318,0.09183484315872192,0.12720097601413727
75,1222.5185546875,44.12494659423828,0.014348747208714485,0.08534498512744904,0.11978626251220703,1282.60107421875,48.28584289550781,0.016174202784895897,0.09082255512475967,0.12717783451080322
76,1208.5504150390625,44.469966888427734,0.014317614957690239,0.08532866090536118,0.11965623497962952,1285.275146484375,48.09785079956055,0.016141032800078392,0.09121251106262207,0.1270473599433899
77,1217.844482421875,44.255496978759766,0.01431234460324049,0.08521353453397751,0.11963421106338501,1281.34423828125,48.2838020324707,0.016120670363307,0.09134894609451294,0.12696720659732819
78,1214.8160400390625,44.19286346435547,0.014262610115110874,0.08505108952522278,0.1194261685013771,1279.718994140625,48.11219024658203,0.016087837517261505,0.09069480746984482,0.1268378496170044
79,1204.894287109375,43.920188903808594,0.014239364303648472,0.08512181788682938,0.1193288043141365,1276.91552734375,47.87654495239258,0.015978962182998657,0.09061497449874878,0.1264079213142395
80,1207.407958984375,43.3165397644043,0.01420542225241661,0.0847824215888977,0.11918651312589645,1278.6732177734375,48.04446029663086,0.01603107713162899,0.09086919575929642,0.12661388516426086
81,1214.418212890625,43.70477294921875,0.014198260381817818,0.0848480761051178,0.11915645748376846,1278.825927734375,48.10255432128906,0.016047021374106407,0.09098265320062637,0.12667684257030487
82,1210.337890625,43.50816345214844,0.014197313226759434,0.08491434156894684,0.11915246397256851,1282.39501953125,48.121795654296875,0.01609507016837597,0.09126535803079605,0.12686634063720703
83,1209.4232177734375,43.79795455932617,0.014246185310184956,0.08498504012823105,0.1193573847413063,1280.061767578125,48.11964416503906,0.016059519723057747,0.09114856272935867,0.1267261654138565
84,1211.8780517578125,43.846736907958984,0.014163537882268429,0.08461838960647583,0.11901065707206726,1275.9371337890625,48.25556182861328,0.01601300574839115,0.09111212939023972,0.12654250860214233
85,1199.0201416015625,43.40943145751953,0.014103587716817856,0.08435413241386414,0.11875852197408676,1285.058349609375,47.95598602294922,0.016115829348564148,0.09162184596061707,0.12694813311100006
86,1204.5003662109375,44.09481430053711,0.01415798719972372,0.08455169200897217,0.11898734420537949,1277.1566162109375,47.9766960144043,0.01599198952317238,0.09096501022577286,0.12645943462848663
87,1205.4686279296875,43.39897918701172,0.014100315980613232,0.08444669842720032,0.11874475330114365,1275.0911865234375,48.11567687988281,0.01599969156086445,0.0905798077583313,0.12648989260196686
88,1195.456298828125,43.80519485473633,0.014082279987633228,0.08456282317638397,0.11866877973079681,1278.647705078125,47.78897476196289,0.015993021428585052,0.0905638262629509,0.12646351754665375
89,1202.6595458984375,43.55592727661133,0.014053448103368282,0.08424580097198486,0.11854724586009979,1274.459716796875,47.975826263427734,0.01594020240008831,0.09070787578821182,0.12625451385974884
90,1207.1710205078125,43.75701904296875,0.014041821472346783,0.08429903537034988,0.11849819123744965,1276.29833984375,47.93717956542969,0.01596974954009056,0.09052745252847672,0.12637147307395935
91,1195.9951171875,43.109474182128906,0.014015359804034233,0.08402644842863083,0.11838648468255997,1275.5980224609375,47.84362030029297,0.01593427173793316,0.09063880145549774,0.12623102962970734
92,1207.737548828125,43.41411590576172,0.014001566916704178,0.08379044383764267,0.11832821369171143,1272.8699951171875,48.30092239379883,0.0159777645021677,0.09112139791250229,0.12640318274497986
93,1194.98486328125,43.46392822265625,0.014025232754647732,0.08415752649307251,0.11842818558216095,1275.025634765625,47.840293884277344,0.015947474166750908,0.09023940563201904,0.12628330290317535
94,1197.0643310546875,43.019527435302734,0.013968304730951786,0.08401254564523697,0.11818758398294449,1271.0135498046875,47.85435104370117,0.015892740339040756,0.09009906649589539,0.1260664165019989
95,1195.26123046875,43.32355499267578,0.013952662236988544,0.08370605111122131,0.11812140047550201,1275.5985107421875,47.84979248046875,0.015947170555591583,0.09042251855134964,0.12628211081027985
96,1204.072998046875,43.42393112182617,0.013939899392426014,0.08395982533693314,0.11806735396385193,1271.3876953125,48.1501350402832,0.015952175483107567,0.09029988199472427,0.12630192935466766
97,1198.703857421875,43.10758590698242,0.013967480510473251,0.08382668346166611,0.11818409711122513,1273.0848388671875,47.78722381591797,0.01590181514620781,0.0901777520775795,0.12610240280628204
98,1201.2181396484375,43.213809967041016,0.013958705589175224,0.0839962512254715,0.11814696341753006,1273.4381103515625,48.18891906738281,0.015996258705854416,0.09017860889434814,0.12647630274295807
99,1202.2388916015625,43.832847595214844,0.013914733193814754,0.08377856761217117,0.11796072870492935,1269.8616943359375,48.08223342895508,0.01590053178369999,0.0902920737862587,0.12609730660915375
100,1190.54931640625,43.209041595458984,0.013866688124835491,0.08349782228469849,0.1177569031715393,1271.322998046875,47.96661376953125,0.015918852761387825,0.08990393579006195,0.12616993486881256
101,1196.7938232421875,43.11870574951172,0.013849704526364803,0.08342856913805008,0.11768476665019989,1272.999755859375,47.75971221923828,0.015900898724794388,0.09021801501512527,0.12609876692295074
102,1190.32275390625,43.32159423828125,0.013852022588253021,0.08352241665124893,0.11769461631774902,1271.9637451171875,47.73285675048828,0.015873540192842484,0.09017641842365265,0.12599024176597595
103,1193.6607666015625,42.84309005737305,0.013888704590499401,0.0835798904299736,0.11785034835338593,1268.24072265625,47.956668853759766,0.015863552689552307,0.09013195335865021,0.12595058977603912
104,1194.24169921875,43.03632354736328,0.013857570476830006,0.0835399180650711,0.1177181825041771,1268.54443359375,47.87479782104492,0.01588858664035797,0.0895795002579689,0.1260499358177185
105,1198.598388671875,43.412513732910156,0.01386930700391531,0.08354606479406357,0.11776801943778992,1272.39404296875,47.57218933105469,0.01584642566740513,0.09008566290140152,0.1258825808763504
106,1197.8482666015625,43.13767623901367,0.01389273814857006,0.08372064679861069,0.11786746233701706,1274.4886474609375,48.10325241088867,0.015975164249539375,0.09098246693611145,0.1263929009437561
107,1196.6798095703125,43.087669372558594,0.013837679289281368,0.08340159803628922,0.11763366311788559,1267.9017333984375,48.44850158691406,0.01594916731119156,0.09049393236637115,0.12629000842571259
108,1190.0107421875,42.962982177734375,0.01380604412406683,0.0832478478550911,0.11749911308288574,1269.6082763671875,47.938655853271484,0.01588863506913185,0.09014005213975906,0.12605012953281403
109,1192.9459228515625,42.94915008544922,0.013779247179627419,0.08310778439044952,0.11738503724336624,1268.34716796875,47.6894416809082,0.015831438824534416,0.08940637856721878,0.12582306563854218
110,1196.95849609375,43.086631774902344,0.013797776773571968,0.08336042612791061,0.11746393889188766,1269.05615234375,47.728973388671875,0.015847833827137947,0.0894879624247551,0.1258881837129593
111,1197.2352294921875,43.24104690551758,0.013750827871263027,0.08292511850595474,0.11726392060518265,1274.8724365234375,47.93756103515625,0.015984879806637764,0.08992735296487808,0.12643131613731384
112,1183.1751708984375,42.53569412231445,0.01376333087682724,0.08315388858318329,0.11731722205877304,1269.954345703125,47.94678497314453,0.01588992029428482,0.08987930417060852,0.12605522572994232
113,1194.994140625,42.6391716003418,0.013776930049061775,0.0830165445804596,0.11737517267465591,1273.047119140625,47.56141662597656,0.015856169164180756,0.08990483731031418,0.12592127919197083
114,1184.973388671875,42.44505310058594,0.013726767152547836,0.08307383209466934,0.11716128140687943,1275.141357421875,48.39643859863281,0.01604245789349079,0.09070271253585815,0.1266588270664215
115,1195.2139892578125,42.97351837158203,0.013714857399463654,0.08305853605270386,0.11711044609546661,1272.26318359375,47.89845657348633,0.01591624692082405,0.08983425050973892,0.12615960836410522
116,1184.263671875,42.36920166015625,0.013734893873333931,0.08315499871969223,0.1171959638595581,1266.35595703125,47.800601959228516,0.015833599492907524,0.08937438577413559,0.12583161890506744
117,1188.414306640625,42.713043212890625,0.01372302882373333,0.08280898630619049,0.11714532971382141,1267.854248046875,48.0869026184082,0.01587250456213951,0.08984958380460739,0.12598612904548645
118,1192.876708984375,42.76260757446289,0.013667246326804161,0.08276985585689545,0.11690699309110641,1266.286865234375,47.89602279663086,0.015810735523700714,0.08990916609764099,0.12574075162410736
119,1179.81787109375,42.42746353149414,0.013652556575834751,0.08263877779245377,0.11684415489435196,1264.41748046875,48.22353744506836,0.015847185626626015,0.08954085409641266,0.12588559091091156
120,1185.4700927734375,42.62660598754883,0.013652751222252846,0.08243390172719955,0.11684499680995941,1264.306396484375,48.149818420410156,0.015834957361221313,0.08964114636182785,0.1258370280265808
121,1188.103515625,42.75542449951172,0.013637515716254711,0.08249718695878983,0.11677976697683334,1271.13916015625,48.53010177612305,0.016000667586922646,0.09096628427505493,0.12649375200271606
122,1196.6378173828125,42.50235366821289,0.01366382371634245,0.08286388218402863,0.11689236015081406,1268.13720703125,48.073089599609375,0.015896186232566833,0.08949324488639832,0.12608006596565247
123,1196.9193115234375,42.692466735839844,0.013670047745108604,0.08288654685020447,0.11691898107528687,1268.97412109375,47.69853973388672,0.01584847830235958,0.08924619853496552,0.12589074671268463
124,1178.9388427734375,42.67735290527344,0.013578572310507298,0.08263444900512695,0.11652713268995285,1261.90673828125,47.98957824707031,0.015789777040481567,0.08903446793556213,0.12565737962722778
125,1184.778564453125,42.628543853759766,0.013609125278890133,0.08259231597185135,0.11665816605091095,1264.5225830078125,47.89348602294922,0.01578517258167267,0.08948720991611481,0.12563905119895935
126,1182.2147216796875,42.600738525390625,0.013565097004175186,0.08228617161512375,0.11646929383277893,1261.4423828125,48.02143096923828,0.015741657465696335,0.08950216323137283,0.1254657655954361
127,1188.2181396484375,42.489017486572266,0.01360095851123333,0.08235211670398712,0.11662314832210541,1258.8199462890625,47.954524993896484,0.01573135145008564,0.08885087072849274,0.12542468309402466
128,1186.8924560546875,42.57493209838867,0.013569017872214317,0.08235155045986176,0.11648612469434738,1257.5601806640625,48.03948974609375,0.015698637813329697,0.0890108272433281,0.12529420852661133
129,1187.4427490234375,43.418914794921875,0.013601754792034626,0.08266384899616241,0.1166265606880188,1264.8621826171875,47.69844055175781,0.015743672847747803,0.08937440812587738,0.12547379732131958
130,1185.4888916015625,43.201759338378906,0.01355484127998352,0.08207312971353531,0.11642526090145111,1264.5689697265625,47.79242706298828,0.01574876345694065,0.09007122367620468,0.1254940778017044
131,1192.6378173828125,42.68375015258789,0.013582782819867134,0.08219964057207108,0.1165451928973198,1258.7109375,48.07542419433594,0.015728618949651718,0.08921922743320465,0.12541379034519196
132,1190.659912109375,42.70170974731445,0.01356289442628622,0.08255024254322052,0.11645983904600143,1256.9013671875,47.83843994140625,0.01565164513885975,0.08889694511890411,0.12510652840137482
133,1175.2457275390625,42.54547119140625,0.013522946275770664,0.08214078098535538,0.1162882000207901,1258.3634033203125,47.8411979675293,0.015674464404582977,0.08907969295978546,0.12519769370555878
134,1171.0592041015625,42.282840728759766,0.013507582247257233,0.08206657320261002,0.11622212827205658,1256.2357177734375,48.05815124511719,0.01566237024962902,0.08940296620130539,0.12514939904212952
135,1182.646484375,42.49983215332031,0.013494727201759815,0.08188382536172867,0.11616680771112442,1255.940185546875,47.946537017822266,0.015657830983400345,0.08897607773542404,0.1251312494277954
136,1179.813720703125,42.54641342163086,0.013490601442754269,0.08206745982170105,0.11614904552698135,1265.7095947265625,47.85884094238281,0.015798237174749374,0.08990168571472168,0.12569104135036469
137,1181.1812744140625,42.39182662963867,0.01348559558391571,0.08192470669746399,0.11612749844789505,1259.4744873046875,48.10726547241211,0.01572996936738491,0.0894634947180748,0.12541916966438293
138,1178.0682373046875,42.73649215698242,0.013486985117197037,0.08215959370136261,0.11613348126411438,1255.8118896484375,47.77017593383789,0.015632688999176025,0.08911924809217453,0.1250307559967041
139,1184.199462890625,42.48398208618164,0.013501652516424656,0.081818588078022,0.11619661003351212,1258.46875,48.22127151489258,0.015735739842057228,0.08972108364105225,0.12544217705726624
140,1178.7933349609375,42.3934440612793,0.013464689254760742,0.08182080835103989,0.11603745073080063,1254.14697265625,48.02574920654297,0.015664609149098396,0.0890481173992157,0.12515833973884583
141,1167.748046875,42.20543670654297,0.013515367172658443,0.08204048126935959,0.11625561863183975,1254.7352294921875,47.76284408569336,0.015607357025146484,0.0890246108174324,0.12492939829826355
142,1187.0306396484375,42.267578125,0.013459558598697186,0.08157532662153244,0.11601533740758896,1254.4600830078125,48.00494384765625,0.01564202830195427,0.08905787020921707,0.12506809830665588
143,1189.5286865234375,42.18378829956055,0.013432903215289116,0.08168043196201324,0.11590040475130081,1251.06396484375,47.88069534301758,0.015575066208839417,0.08883772045373917,0.12480010837316513
144,1180.7093505859375,42.57414245605469,0.01342395506799221,0.08184103667736053,0.11586179584264755,1264.0301513671875,47.66673278808594,0.015748582780361176,0.08909386396408081,0.1254933476448059
145,1170.6591796875,41.88209533691406,0.013463446870446205,0.08178170770406723,0.11603210121393204,1264.5880126953125,48.0899658203125,0.015821058303117752,0.0898214653134346,0.12578178942203522
146,1176.4525146484375,42.28807830810547,0.013439405709505081,0.08147916197776794,0.11592845618724823,1260.0111083984375,47.82757568359375,0.01569889485836029,0.08952618390321732,0.1252952367067337
147,1163.1805419921875,41.94023513793945,0.013368689455091953,0.08144185692071915,0.11562305688858032,1266.32861328125,47.992034912109375,0.015794524922966957,0.09105981886386871,0.12567627429962158
148,1182.0322265625,42.208839416503906,0.013412636704742908,0.08149036765098572,0.11581293493509293,1262.71142578125,47.91117477416992,0.015742946416139603,0.08991526812314987,0.12547089159488678
149,1186.08642578125,42.466609954833984,0.013395966030657291,0.08148188889026642,0.11574093997478485,1264.1761474609375,48.07235336303711,0.015814004465937614,0.08939988166093826,0.1257537454366684
150,1183.7982177734375,41.916236877441406,0.013341548852622509,0.08146291971206665,0.11550562083721161,1264.7586669921875,47.8222541809082,0.015817489475011826,0.08918474614620209,0.12576760351657867
151,1171.7879638671875,42.45145797729492,0.01333844754844904,0.08123502135276794,0.11549220234155655,1252.5048828125,48.14216232299805,0.015648670494556427,0.08915216475725174,0.12509465217590332
152,1174.01904296875,42.68941879272461,0.013378872536122799,0.08153197914361954,0.11566707491874695,1262.677490234375,48.410091400146484,0.01584658958017826,0.0898764580488205,0.12588323652744293
153,1174.2750244140625,42.46229553222656,0.013394343666732311,0.08168306201696396,0.11573393642902374,1254.1416015625,47.93914031982422,0.015614713542163372,0.08930114656686783,0.12495885044336319
154,1170.3585205078125,41.881473541259766,0.013304462656378746,0.08119193464517593,0.11534497141838074,1260.222900390625,47.91078567504883,0.015700219199061394,0.08987823873758316,0.12530051171779633
155,1180.4359130859375,42.28750228881836,0.013392597436904907,0.08165102452039719,0.11572639644145966,1262.9312744140625,48.12853240966797,0.015856444835662842,0.08897038549184799,0.12592238187789917
156,1176.65625,42.318138122558594,0.013319779187440872,0.08146412670612335,0.11541134119033813,1257.9346923828125,48.04856872558594,0.015738433226943016,0.08894617110490799,0.125452920794487
157,1164.9735107421875,42.149940490722656,0.013344718143343925,0.08142266422510147,0.11551933735609055,1261.0113525390625,48.226409912109375,0.015772782266139984,0.09005366265773773,0.1255897432565689
158,1162.6876220703125,42.10452651977539,0.013286509551107883,0.08117686957120895,0.11526712030172348,1253.9527587890625,48.29574203491211,0.015692640095949173,0.08955863863229752,0.12527026236057281
159,1165.7779541015625,42.0037841796875,0.013272331096231937,0.08110277354717255,0.11520560085773468,1259.1658935546875,48.03461456298828,0.01570838876068592,0.0899592936038971,0.12533311545848846
160,1177.595458984375,42.89345169067383,0.013310919515788555,0.08154953271150589,0.11537295579910278,1260.8836669921875,48.13351821899414,0.015769079327583313,0.08973434567451477,0.125574991106987
161,1166.1431884765625,42.061458587646484,0.013279030099511147,0.08134394139051437,0.11523467302322388,1258.7142333984375,48.042728424072266,0.01570005901157856,0.08990109711885452,0.125299870967865
162,1168.0047607421875,42.20762252807617,0.013264392502605915,0.08112720400094986,0.11517114192247391,1258.5206298828125,48.29549789428711,0.01576068066060543,0.08996344357728958,0.125541552901268
163,1173.697265625,42.74374008178711,0.013320038095116615,0.08129049837589264,0.11541246622800827,1254.746826171875,48.24479675292969,0.015706738457083702,0.08924564719200134,0.12532652914524078
164,1178.1260986328125,41.88279342651367,0.01332458108663559,0.08155728876590729,0.11543215066194534,1259.420166015625,48.10346221923828,0.015728842467069626,0.08962641656398773,0.1254146844148636
165,1170.75,42.47271728515625,0.013316847383975983,0.08161294460296631,0.11539864540100098,1262.4185791015625,48.19959259033203,0.015825072303414345,0.08941882848739624,0.12579774856567383
166,1177.6214599609375,42.310218811035156,0.013286727480590343,0.08136162906885147,0.11526807397603989,1256.4110107421875,47.89883041381836,0.015666382387280464,0.08903341740369797,0.1251654177904129
167,1164.135986328125,41.9084587097168,0.013247854076325893,0.08117999136447906,0.11509932577610016,1262.04736328125,48.15054702758789,0.015796205028891563,0.08979024738073349,0.12568295001983643
168,1164.7091064453125,42.37417221069336,0.013245511800050735,0.08106712996959686,0.11508914828300476,1261.2564697265625,47.9731559753418,0.015757620334625244,0.08968804031610489,0.12552936375141144
169,1159.677734375,42.12139892578125,0.013262382708489895,0.08113133907318115,0.11516240984201431,1260.45361328125,47.93519973754883,0.0157318152487278,0.08961859345436096,0.1254265308380127
170,1165.328857421875,42.170162200927734,0.013223417103290558,0.08110705763101578,0.11499311774969101,1266.2347412109375,48.242855072021484,0.015918273478746414,0.08969827741384506,0.1261676400899887
171,1166.241455078125,41.930877685546875,0.013256165198981762,0.08109289407730103,0.11513542383909225,1262.4820556640625,48.15237045288086,0.015815328806638718,0.08968384563922882,0.12575900554656982
172,1162.3948974609375,42.20808029174805,0.013261061161756516,0.08116047084331512,0.11515668034553528,1265.9312744140625,48.19624710083008,0.01590205356478691,0.0894232988357544,0.12610334157943726
173,1169.556640625,42.29517364501953,0.013254459947347641,0.08112380653619766,0.11512801796197891,1263.25830078125,48.14881896972656,0.01582520455121994,0.08998332172632217,0.1257982701063156
174,1165.0489501953125,41.7123908996582,0.013221746310591698,0.08089412748813629,0.11498585343360901,1265.058349609375,48.14817810058594,0.015855981037020683,0.0896914079785347,0.12592053413391113
175,1156.1099853515625,42.180023193359375,0.0131722092628479,0.08084604144096375,0.11477024853229523,1271.704345703125,48.52873992919922,0.01603539101779461,0.09026731550693512,0.12663091719150543
176,1165.7479248046875,42.35568618774414,0.013259900733828545,0.08112884312868118,0.11515163630247116,1265.048583984375,48.06768798828125,0.01584702730178833,0.08965116739273071,0.1258849799633026
177,1160.563720703125,41.78648376464844,0.01317465677857399,0.0806998461484909,0.11478091031312943,1266.8447265625,48.14333724975586,0.01593795418739319,0.08957049250602722,0.12624560296535492
178,1157.423095703125,41.91176986694336,0.013216103427112103,0.08107062429189682,0.11496131122112274,1266.1156005859375,48.151405334472656,0.01590191014111042,0.08945593982934952,0.1261027753353119
179,1163.4639892578125,41.93266677856445,0.013202077709138393,0.08096692711114883,0.11490029841661453,1263.1939697265625,47.91958999633789,0.01579859107732773,0.08931025862693787,0.1256924420595169
180,1169.1387939453125,42.29490280151367,0.013189241290092468,0.08115260303020477,0.1148444190621376,1270.8641357421875,48.04929733276367,0.015929432585835457,0.0902073010802269,0.12621185183525085
181,1166.2789306640625,41.97309875488281,0.013189524412155151,0.0807529166340828,0.1148456484079361,1278.7655029296875,48.59066390991211,0.01613917015492916,0.09166127443313599,0.12704002857208252
182,1156.359619140625,42.05317687988281,0.013237332925200462,0.08110073953866959,0.11505360901355743,1274.206787109375,48.34137725830078,0.016049029305577278,0.09051644057035446,0.12668476998806
183,1162.9334716796875,41.93849563598633,0.013138597831130028,0.08093415200710297,0.11462371796369553,1265.9013671875,48.52015686035156,0.0159461572766304,0.09027165174484253,0.1262781023979187
184,1173.478271484375,41.93353271484375,0.013169653713703156,0.08083626627922058,0.11475910991430283,1272.4990234375,48.17270278930664,0.015963681042194366,0.09099447727203369,0.12634746730327606
185,1166.603515625,41.66133117675781,0.013226381503045559,0.08122480660676956,0.11500600725412369,1272.543701171875,48.25962448120117,0.015998374670743942,0.09065821766853333,0.126484677195549
186,1153.0753173828125,42.143402099609375,0.013156643137335777,0.08105269819498062,0.11470240354537964,1267.3255615234375,48.3769416809082,0.015961285680532455,0.08978284150362015,0.12633797526359558
187,1173.083984375,41.72957992553711,0.013153878971934319,0.08086982369422913,0.11469036340713501,1270.76904296875,48.27400207519531,0.015965156257152557,0.09089455008506775,0.12635329365730286
188,1168.7933349609375,42.42716598510742,0.01313863042742014,0.08072533458471298,0.11462386697530746,1269.29052734375,48.36568069458008,0.015954921022057533,0.09072449803352356,0.12631279230117798
189,1162.33349609375,42.189002990722656,0.013138186186552048,0.08088315278291702,0.11462192982435226,1270.974365234375,48.31618118286133,0.015982862561941147,0.09073054045438766,0.12642334401607513
190,1162.1627197265625,42.33636474609375,0.013184774667024612,0.08116692304611206,0.11482497304677963,1266.86279296875,48.089195251464844,0.01590525172650814,0.0895550549030304,0.12611602246761322
191,1175.91748046875,41.913352966308594,0.013140072114765644,0.08084911108016968,0.11463014781475067,1266.1248779296875,48.0029296875,0.015864472836256027,0.08974015712738037,0.1259542554616928
192,1161.774658203125,42.01751708984375,0.01313471794128418,0.0809163823723793,0.11460679769515991,1267.4151611328125,48.143245697021484,0.015920020639896393,0.08972758054733276,0.12617456912994385
193,1169.4361572265625,41.84072494506836,0.01315667200833559,0.08109547942876816,0.11470253765583038,1268.422607421875,48.17304992675781,0.015942547470331192,0.0898938998579979,0.1262638121843338
