epoch,RMSE_P,RMSE_T,loss,mean_absolute_error,root_mean_squared_error,val_RMSE_P,val_RMSE_T,val_loss,val_mean_absolute_error,val_root_mean_squared_error
0,3598.1240234375,515.6405639648438,0.6373329162597656,0.5757346749305725,0.7983313202857971,2850.119140625,433.40716552734375,0.44075119495391846,0.472623348236084,0.6638909578323364
1,2561.63671875,373.626953125,0.32984691858291626,0.4037283957004547,0.5743229985237122,2171.974365234375,320.1705627441406,0.24276334047317505,0.3479992151260376,0.4927102029323578
2,2115.719970703125,280.72503662109375,0.19404564797878265,0.31162548065185547,0.44050613045692444,1959.2391357421875,252.61691284179688,0.15745630860328674,0.2841644883155823,0.39680764079093933
3,2026.0904541015625,223.46817016601562,0.1317560076713562,0.2605264186859131,0.3629820942878723,1844.95361328125,205.06329345703125,0.10967552661895752,0.24181200563907623,0.33117297291755676
4,1885.3636474609375,183.70205688476562,0.095120370388031,0.22525635361671448,0.3084159195423126,1764.2010498046875,173.60667419433594,0.08308714628219604,0.21266014873981476,0.2882484495639801
5,1793.6138916015625,158.06903076171875,0.07291131466627121,0.19875404238700867,0.2700209617614746,1700.2938232421875,149.64813232421875,0.06564800441265106,0.19042058289051056,0.25621867179870605
6,1696.287353515625,135.36849975585938,0.057841137051582336,0.17844387888908386,0.24050185084342957,1632.908203125,130.32131958007812,0.053046829998493195,0.1712614744901657,0.23031897842884064
7,1629.058349609375,119.67086791992188,0.047535039484500885,0.16170328855514526,0.2180253118276596,1573.4251708984375,115.09825134277344,0.04413415491580963,0.15640173852443695,0.2100813090801239
8,1565.5799560546875,105.95537567138672,0.040039047598838806,0.1480720043182373,0.20009759068489075,1525.062744140625,103.0269775390625,0.03774765878915787,0.14436201751232147,0.19428756833076477
9,1511.208984375,94.29824829101562,0.03448072820901871,0.13697563111782074,0.18568986654281616,1481.086181640625,93.21340942382812,0.03292116895318031,0.1347183734178543,0.18144191801548004
10,1466.630615234375,86.84193420410156,0.03044154867529869,0.12842261791229248,0.1744750589132309,1435.037353515625,85.52438354492188,0.02920358069241047,0.12675631046295166,0.17089053988456726
11,1432.4339599609375,80.01277160644531,0.027370767667889595,0.12146646529436111,0.1654411256313324,1404.52197265625,78.98543548583984,0.02643684856593609,0.12005114555358887,0.16259412467479706
12,1411.572509765625,74.01243591308594,0.025066424161195755,0.11618800461292267,0.15832379460334778,1373.271484375,73.71553039550781,0.024178434163331985,0.11457207798957825,0.15549416840076447
13,1394.5931396484375,69.43610382080078,0.023297153413295746,0.11177374422550201,0.15263405442237854,1353.593017578125,69.45962524414062,0.022590752691030502,0.11072823405265808,0.1503022015094757
14,1383.456298828125,65.6502456665039,0.022059060633182526,0.10842091590166092,0.14852292835712433,1333.7181396484375,66.07520294189453,0.02129288576543331,0.10777933150529861,0.14592081308364868
15,1361.578125,62.756248474121094,0.02095797285437584,0.10556627064943314,0.14476868510246277,1323.8646240234375,63.57231140136719,0.02046860381960869,0.10536612570285797,0.14306852221488953
16,1341.2445068359375,60.63788986206055,0.02016100101172924,0.10336649417877197,0.14198943972587585,1307.197998046875,61.29133987426758,0.01959076337516308,0.10320736467838287,0.13996700942516327
17,1336.08544921875,57.81825637817383,0.019458943977952003,0.10139739513397217,0.13949531316757202,1298.0147705078125,59.4521484375,0.018977366387844086,0.1015426367521286,0.13775837421417236
18,1328.3494873046875,56.224544525146484,0.018898507580161095,0.09977898001670837,0.13747183978557587,1295.2039794921875,57.98128128051758,0.01859237812459469,0.10007022321224213,0.13635386526584625
19,1317.83251953125,55.56427001953125,0.01847287453711033,0.09879973530769348,0.13591495156288147,1294.1583251953125,56.87809753417969,0.0183310117572546,0.09892529994249344,0.13539205491542816
20,1312.3692626953125,53.85969543457031,0.01812904141843319,0.09711083024740219,0.13464413583278656,1282.59326171875,55.8094367980957,0.017861519008874893,0.09753541648387909,0.13364699482917786
21,1298.3236083984375,52.768062591552734,0.017762605100870132,0.09611734002828598,0.13327641785144806,1280.1103515625,55.014076232910156,0.01765206828713417,0.09706418216228485,0.13286109268665314
22,1300.9322509765625,52.304954528808594,0.01748194545507431,0.09532562643289566,0.1322193145751953,1267.971923828125,54.24099349975586,0.01725393533706665,0.09617746621370316,0.13135424256324768
23,1299.154541015625,52.0576171875,0.017302237451076508,0.09529651701450348,0.13153797388076782,1274.6785888671875,53.883506774902344,0.017317665740847588,0.09564993530511856,0.13159659504890442
24,1280.494873046875,50.87082290649414,0.017096681520342827,0.09396973252296448,0.1307542771100998,1269.2843017578125,53.48383712768555,0.017115473747253418,0.09546690434217453,0.13082611560821533
25,1280.26416015625,50.161468505859375,0.016919434070587158,0.09390147030353546,0.13007472455501556,1264.259521484375,53.11157989501953,0.01694761961698532,0.09481523185968399,0.13018301129341125
26,1289.775390625,49.86534118652344,0.0168130062520504,0.09332025051116943,0.12966497242450714,1259.2880859375,52.75415802001953,0.016784021630883217,0.09434956312179565,0.1295531541109085
27,1277.9818115234375,49.6908073425293,0.016668586060404778,0.09246332198381424,0.12910687923431396,1258.04296875,52.63313293457031,0.016725152730941772,0.0944933369755745,0.1293257623910904
28,1285.3509521484375,49.27041244506836,0.016566211357712746,0.09291693568229675,0.1287097930908203,1261.518798828125,52.357330322265625,0.01674596592783928,0.09401729702949524,0.12940619885921478
29,1283.645263671875,49.22744369506836,0.016470827162265778,0.09209533780813217,0.12833872437477112,1252.1641845703125,52.10383605957031,0.01651567406952381,0.09363261610269547,0.12851332128047943
30,1274.6514892578125,48.835147857666016,0.016335224732756615,0.0916026383638382,0.1278093308210373,1255.32373046875,51.89990234375,0.016528377309441566,0.09331443905830383,0.12856273353099823
31,1272.9158935546875,48.5604133605957,0.016248274594545364,0.09137115627527237,0.12746872007846832,1252.9622802734375,51.7355842590332,0.01645233854651451,0.09309402853250504,0.12826667726039886
32,1273.8817138671875,48.32439041137695,0.016186455264687538,0.0910022109746933,0.12722599506378174,1248.0426025390625,51.528350830078125,0.01631775312125683,0.09277484565973282,0.12774096429347992
33,1260.9208984375,48.13317108154297,0.01613229140639305,0.09092452377080917,0.1270129680633545,1248.4664306640625,51.376930236816406,0.01628853939473629,0.09254153817892075,0.12762656807899475
34,1274.3057861328125,47.77775192260742,0.016072679311037064,0.09062837809324265,0.12677808105945587,1250.4832763671875,51.3861083984375,0.016338853165507317,0.09263376891613007,0.12782351672649384
35,1271.4759521484375,47.675537109375,0.01600823737680912,0.09059955924749374,0.12652365863323212,1257.12060546875,51.27765655517578,0.016446435824036598,0.0927152931690216,0.12824365496635437
36,1266.3359375,47.712764739990234,0.01592300832271576,0.09001149237155914,0.12618640065193176,1245.615478515625,51.07981491088867,0.016169138252735138,0.09220607578754425,0.12715792655944824
37,1257.8887939453125,47.31879425048828,0.015833860263228416,0.0898996889591217,0.125832661986351,1247.38818359375,50.92817687988281,0.01618426851928234,0.09201277792453766,0.12721741199493408
38,1256.4068603515625,47.41342544555664,0.015815213322639465,0.08952013403177261,0.125758558511734,1239.397705078125,50.54571533203125,0.015949944034218788,0.09157565236091614,0.12629307806491852
39,1256.721435546875,47.45659255981445,0.01578184962272644,0.08949868381023407,0.1256258338689804,1242.4102783203125,50.68747329711914,0.016033900901675224,0.09173633903265,0.12662504613399506
40,1262.4613037109375,47.10893249511719,0.01571875996887684,0.0894646942615509,0.12537448108196259,1237.5374755859375,50.48501968383789,0.015907492488622665,0.09110228717327118,0.12612490355968475
41,1256.2642822265625,47.34098815917969,0.015679609030485153,0.08938692510128021,0.1252182424068451,1237.3360595703125,50.29298782348633,0.015868525952100754,0.09097736328840256,0.12597033381462097
42,1258.9776611328125,46.87312316894531,0.015628859400749207,0.08905104547739029,0.12501543760299683,1235.603515625,50.20877456665039,0.015826215967535973,0.09084288030862808,0.12580229341983795
43,1257.2625732421875,47.13186264038086,0.01557108759880066,0.08875903487205505,0.12478415668010712,1236.9439697265625,50.16559982299805,0.015844272449612617,0.09083372354507446,0.12587402760982513
44,1243.4425048828125,46.98000717163086,0.015549279749393463,0.08886045217514038,0.124696746468544,1234.3360595703125,50.08074951171875,0.015776704996824265,0.09061019122600555,0.12560535967350006
45,1252.4052734375,46.96965789794922,0.015490435995161533,0.08867309242486954,0.12446057796478271,1238.8863525390625,50.20624542236328,0.015891224145889282,0.09094793349504471,0.1260603964328766
46,1247.4832763671875,46.48492431640625,0.015494759194552898,0.08867275714874268,0.12447795271873474,1233.2552490234375,49.835262298583984,0.015707124024629593,0.09027645736932755,0.12532806396484375
47,1252.26171875,46.88008117675781,0.015432069078087807,0.08823684602975845,0.12422587722539902,1229.0574951171875,49.753074645996094,0.01560885924845934,0.09007231891155243,0.12493541836738586
48,1239.7669677734375,45.944664001464844,0.015376056544482708,0.08822517096996307,0.12400022894144058,1232.0020751953125,49.79438781738281,0.01568153128027916,0.09017004072666168,0.12522591650485992
49,1234.713623046875,46.07291793823242,0.015306045301258564,0.08776292204856873,0.12371760606765747,1230.9698486328125,49.472354888916016,0.015598157420754433,0.08977362513542175,0.12489258497953415
50,1257.85546875,46.502445220947266,0.015306881628930569,0.08792462199926376,0.12372098118066788,1224.6138916015625,49.39429473876953,0.01546737551689148,0.08955727517604828,0.12436790019273758
51,1251.190673828125,46.34550857543945,0.015264415182173252,0.08768251538276672,0.12354924529790878,1224.62353515625,49.36425018310547,0.015450038015842438,0.08944814652204514,0.12429818511009216
52,1242.2659912109375,45.797271728515625,0.015216497704386711,0.08752889186143875,0.12335517257452011,1224.41064453125,49.07752990722656,0.015406184829771519,0.08906029164791107,0.12412165105342865
53,1248.0638427734375,46.01482009887695,0.01524412352591753,0.08748913556337357,0.1234670951962471,1225.064453125,49.09749221801758,0.015414745546877384,0.08911801129579544,0.12415613234043121
54,1240.4610595703125,46.01990509033203,0.015183762647211552,0.08752503246068954,0.12322242558002472,1226.386474609375,49.277557373046875,0.015464133583009243,0.08942847698926926,0.12435486912727356
55,1233.0584716796875,46.10237503051758,0.015155996195971966,0.08736132830381393,0.12310969084501266,1221.3814697265625,48.93373489379883,0.015306639485061169,0.0889129564166069,0.12372000515460968
56,1249.46484375,45.68780517578125,0.015124510042369366,0.08733589202165604,0.12298174947500229,1220.1807861328125,48.83599853515625,0.015271008014678955,0.08874770998954773,0.12357591837644577
57,1238.50537109375,45.83972930908203,0.015060965903103352,0.08707139641046524,0.12272311747074127,1223.36865234375,48.82081985473633,0.015317474491894245,0.08871553093194962,0.1237637847661972
58,1243.6536865234375,45.47047805786133,0.0150441350415349,0.08662541210651398,0.12265452742576599,1220.9300537109375,48.71937561035156,0.015255402773618698,0.0887853279709816,0.12351276725530624
59,1237.92333984375,45.60944747924805,0.015013531781733036,0.0866810604929924,0.12252971529960632,1221.8126220703125,48.50477981567383,0.015231169760227203,0.08865533024072647,0.12341462820768356
60,1244.3836669921875,45.40083312988281,0.014961888082325459,0.08663062751293182,0.12231878936290741,1224.687744140625,48.56724548339844,0.015296703204512596,0.0885443314909935,0.12367983907461166
61,1230.0323486328125,45.16270065307617,0.014939267188310623,0.08660931885242462,0.1222262978553772,1216.109375,48.41668701171875,0.015110737644135952,0.08829861134290695,0.12292574346065521
62,1231.8751220703125,45.52029800415039,0.01495292503386736,0.08622661232948303,0.12228215485811234,1219.2923583984375,48.452693939208984,0.015173475258052349,0.08841895312070847,0.12318065762519836
63,1235.1744384765625,45.35996627807617,0.014922169037163258,0.08660688251256943,0.12215632945299149,1219.83984375,48.51359558105469,0.015203668735921383,0.08843279629945755,0.12330316007137299
64,1235.24951171875,45.18788528442383,0.014901667833328247,0.08626770973205566,0.12207239866256714,1214.6944580078125,48.221649169921875,0.01504764799028635,0.08820327371358871,0.12266886234283447
65,1235.3145751953125,45.3468017578125,0.014904402196407318,0.08658266812562943,0.12208358943462372,1217.875732421875,48.449127197265625,0.015156625770032406,0.08826487511396408,0.12311224639415741
66,1237.773681640625,45.53146743774414,0.014904090203344822,0.08623698353767395,0.12208231538534164,1217.2884521484375,48.49258804321289,0.015147527679800987,0.08832557499408722,0.12307529896497726
67,1234.9796142578125,45.118186950683594,0.014840060845017433,0.08595693111419678,0.12181978672742844,1214.4156494140625,48.211917877197266,0.015040304511785507,0.08805809915065765,0.12263891100883484
68,1227.4615478515625,45.24680709838867,0.014830583706498146,0.08623894304037094,0.1217808872461319,1215.4044189453125,48.298431396484375,0.015070963650941849,0.08816385269165039,0.12276384979486465
69,1224.728759765625,45.52907943725586,0.01479749009013176,0.08614426106214523,0.12164494395256042,1215.107177734375,48.16813278198242,0.015051784925162792,0.08794790506362915,0.12268571555614471
70,1236.47802734375,45.01110076904297,0.014825509861111641,0.08603692054748535,0.1217600479722023,1212.299560546875,47.864601135253906,0.01493258960545063,0.08759906888008118,0.12219897657632828
71,1229.1082763671875,44.78544998168945,0.014819427393376827,0.08605387061834335,0.12173507362604141,1212.5762939453125,48.01521301269531,0.01496300008147955,0.08795430511236191,0.12232334166765213
72,1224.030029296875,45.17594528198242,0.014754608273506165,0.08613651245832443,0.12146855145692825,1214.5850830078125,48.29085159301758,0.01506155077368021,0.08801072835922241,0.12272550910711288
73,1220.027099609375,44.749664306640625,0.0147226108238101,0.0857432633638382,0.12133676558732986,1217.033447265625,48.123836517333984,0.015058611519634724,0.08805301785469055,0.12271353602409363
74,1232.4970703125,45.23466873168945,0.014761417172849178,0.08599285781383514,0.12149657309055328,1210.718505859375,47.79741668701172,0.014876452274620533,0.08779199421405792,0.121969074010849
75,1224.419677734375,45.50178146362305,0.01485386397689581,0.08642496168613434,0.12187642604112625,1212.6795654296875,47.79962921142578,0.014911558479070663,0.08750572055578232,0.12211289256811142
76,1222.43017578125,44.982810974121094,0.014673520810902119,0.08522006124258041,0.12113431096076965,1210.77880859375,48.038177490234375,0.014928480610251427,0.0876711830496788,0.12218216061592102
77,1229.799560546875,44.66431427001953,0.014705237932503223,0.08577506989240646,0.12126516550779343,1218.91064453125,48.18605041503906,0.015113463625311852,0.0880187377333641,0.12293682992458344
78,1226.8905029296875,44.38799285888672,0.01464143954217434,0.08553501963615417,0.12100181728601456,1215.704833984375,48.22113800048828,0.015048148110508919,0.08801480382680893,0.12267088890075684
79,1232.1597900390625,45.03274154663086,0.014703490771353245,0.08568810671567917,0.1212579533457756,1214.55712890625,47.948463439941406,0.01497585792094469,0.08777686953544617,0.12237589061260223
80,1211.7109375,44.61952209472656,0.014605389907956123,0.08533427119255066,0.1208527609705925,1214.122314453125,47.69731521606445,0.014936450868844986,0.08747873455286026,0.12221477925777435
81,1236.8323974609375,44.86921310424805,0.014627516269683838,0.08532653748989105,0.12094426900148392,1211.4354248046875,47.80664825439453,0.014895246364176273,0.08733922988176346,0.1220460832118988
82,1227.2529296875,44.329429626464844,0.014636873267591,0.0853046178817749,0.12098294496536255,1218.3470458984375,47.98590087890625,0.015054509043693542,0.08777060359716415,0.12269681692123413
83,1228.7138671875,44.319969177246094,0.014566848985850811,0.08507311344146729,0.12069320678710938,1210.552490234375,47.48280334472656,0.014831099659204483,0.08729726821184158,0.12178300321102142
84,1222.07763671875,44.53762435913086,0.014571390114724636,0.0852862223982811,0.12071201205253601,1209.68603515625,47.782867431640625,0.01486138068139553,0.0872618705034256,0.12190726399421692
85,1223.9188232421875,44.370330810546875,0.014523408375680447,0.0850234404206276,0.12051310390233994,1209.39599609375,47.83168411254883,0.014863497577607632,0.08732791990041733,0.12191595137119293
86,1220.4197998046875,44.48141860961914,0.014510340988636017,0.08468030393123627,0.12045887857675552,1213.59228515625,47.87253952026367,0.014954222366213799,0.08755385875701904,0.12228745967149734
87,1223.96630859375,44.924774169921875,0.01453887578099966,0.08515819907188416,0.12057726085186005,1211.7288818359375,47.613731384277344,0.014869562350213528,0.08714958280324936,0.12194081395864487
88,1227.1337890625,44.36506271362305,0.014582065865397453,0.08529018610715866,0.12075622379779816,1212.33935546875,47.54313278198242,0.014859793707728386,0.08750231564044952,0.12190075218677521
89,1219.43798828125,44.440208435058594,0.014522581361234188,0.08502064645290375,0.12050967663526535,1209.55224609375,47.416751861572266,0.014783642254769802,0.08705875277519226,0.12158800661563873
90,1226.80322265625,44.24631118774414,0.014509502798318863,0.08505759388208389,0.12045539915561676,1211.0057373046875,47.41880416870117,0.014808929525315762,0.08736808598041534,0.12169194221496582
91,1218.0887451171875,44.15761184692383,0.014493015594780445,0.08498573303222656,0.12038693577051163,1218.068359375,47.47585678100586,0.014950071461498737,0.08720458298921585,0.12227048724889755
92,1216.1748046875,44.41056823730469,0.014482276514172554,0.08479204028844833,0.12034232914447784,1213.128173828125,47.62615966796875,0.01487896591424942,0.08740592002868652,0.12197936326265335
93,1210.007080078125,44.01609802246094,0.014389199204742908,0.08464725315570831,0.11995498836040497,1218.272705078125,47.4262580871582,0.014944147318601608,0.08721794933080673,0.12224625051021576
94,1220.8450927734375,43.91285705566406,0.014400367625057697,0.08452796190977097,0.12000153213739395,1215.55078125,47.57587814331055,0.014914222061634064,0.08735278248786926,0.12212380021810532
95,1222.4832763671875,43.9062385559082,0.014395611360669136,0.08437100797891617,0.11998170614242554,1211.31787109375,47.26557922363281,0.014792164787650108,0.08698804676532745,0.12162304669618607
96,1221.725341796875,43.95044708251953,0.014440489001572132,0.0847071185708046,0.12016858905553818,1211.4283447265625,47.256324768066406,0.014791778288781643,0.08683052659034729,0.12162145227193832
97,1212.7156982421875,44.05057907104492,0.014423237182199955,0.08472252637147903,0.12009678035974503,1213.70361328125,47.10287094116211,0.014804110862314701,0.08682529628276825,0.1216721460223198
98,1217.7139892578125,44.182579040527344,0.014452541247010231,0.08508983254432678,0.12021872401237488,1215.3177490234375,47.275028228759766,0.014872272498905659,0.08691496402025223,0.12195193022489548
99,1211.849853515625,43.77679443359375,0.014334766194224358,0.08448787778615952,0.11972788721323013,1222.52099609375,48.0423583984375,0.01512378640472889,0.08811330050230026,0.1229788139462471
100,1213.863037109375,43.88397979736328,0.014357782900333405,0.08415818959474564,0.11982396990060806,1216.292236328125,47.49288558959961,0.014921934343874454,0.08745279163122177,0.12215536832809448
101,1219.2154541015625,43.91933059692383,0.014292210340499878,0.08412536233663559,0.11955004185438156,1217.2510986328125,47.312950134277344,0.01490514911711216,0.08703519403934479,0.12208664417266846
102,1206.8475341796875,43.97865676879883,0.014265373349189758,0.08421611040830612,0.11943773925304413,1214.457763671875,47.429046630859375,0.014871997758746147,0.08696233481168747,0.12195079773664474
103,1200.083984375,43.76023864746094,0.01430822629481554,0.08418832719326019,0.11961700767278671,1210.787353515625,46.76312255859375,0.014691605232656002,0.08638353645801544,0.12120892852544785
104,1210.7435302734375,43.748207092285156,0.014239919371902943,0.08391863852739334,0.11933113634586334,1216.5762939453125,47.07415008544922,0.01485157199203968,0.08697282522916794,0.12186702340841293
105,1205.5888671875,43.60186767578125,0.014207269065082073,0.08390086144208908,0.11919425427913666,1217.0693359375,46.93872833251953,0.014836580492556095,0.086764395236969,0.12180550396442413
106,1204.068115234375,43.657596588134766,0.014220128767192364,0.08399780094623566,0.11924818158149719,1214.99072265625,47.1163330078125,0.014820417389273643,0.08678951859474182,0.12173913419246674
107,1201.0634765625,43.64549255371094,0.014182568527758121,0.08362312614917755,0.11909058690071106,1215.4381103515625,47.039268493652344,0.0148180415853858,0.08696044236421585,0.12172938138246536
108,1200.7742919921875,43.36301803588867,0.014185716398060322,0.08381494134664536,0.11910380423069,1214.8931884765625,47.2722053527832,0.014853004366159439,0.08697262406349182,0.12187289446592331
109,1214.2662353515625,43.53057861328125,0.01415142323821783,0.08338408917188644,0.11895975470542908,1216.9256591796875,47.13493347167969,0.014865624718368053,0.08702539652585983,0.12192466855049133
110,1211.252197265625,43.5135383605957,0.0141781996935606,0.08405166119337082,0.11907224357128143,1218.7130126953125,46.74604797363281,0.014818493276834488,0.08657766133546829,0.1217312216758728
111,1211.1087646484375,43.6113395690918,0.014181574806571007,0.08376951515674591,0.11908641457557678,1213.576904296875,47.0500373840332,0.014783285558223724,0.08667930960655212,0.12158653885126114
112,1203.5650634765625,43.47960662841797,0.014145857654511929,0.08370011299848557,0.11893635988235474,1213.28662109375,46.91242599487305,0.014745688065886497,0.08654602617025375,0.12143182754516602
113,1201.7991943359375,43.83763885498047,0.014127845875918865,0.08333379775285721,0.11886061728000641,1215.7103271484375,46.866756439208984,0.01480422355234623,0.08687853813171387,0.1216726079583168
114,1212.0640869140625,43.50876235961914,0.014137506484985352,0.08375947922468185,0.11890124529600143,1214.3453369140625,46.69892883300781,0.014725372195243835,0.08637995272874832,0.12134815007448196
115,1209.5697021484375,43.77424240112305,0.01411717664450407,0.08349449187517166,0.11881572753190994,1214.298095703125,46.83596420288086,0.01475668977946043,0.0864625945687294,0.12147711962461472
116,1206.273193359375,43.408084869384766,0.014092843048274517,0.08341985195875168,0.11871328204870224,1217.9091796875,46.871551513671875,0.014825001358985901,0.08677635341882706,0.12175796180963516
117,1206.6806640625,43.36761474609375,0.014081490226089954,0.08346311748027802,0.11866544932126999,1217.647216796875,47.20561218261719,0.014881397597491741,0.08710938692092896,0.12198933213949203
118,1209.189453125,43.29487991333008,0.014078383333981037,0.08358395844697952,0.11865236610174179,1211.624755859375,46.598079681396484,0.014662021771073341,0.0863751769065857,0.12108683586120605
119,1206.5245361328125,43.50960922241211,0.014143887907266617,0.0835326611995697,0.11892808228731155,1213.6007080078125,46.39691925048828,0.01466433610767126,0.08648224174976349,0.12109639495611191
120,1202.6151123046875,43.10689163208008,0.014021012000739574,0.08332525938749313,0.11841035634279251,1220.50830078125,47.33073043823242,0.01495655532926321,0.08705908060073853,0.12229698896408081
121,1205.0457763671875,43.36383819580078,0.01414208672940731,0.08326355367898941,0.11892050504684448,1218.77587890625,46.70242691040039,0.01482356060296297,0.08659205585718155,0.1217520534992218
122,1209.2552490234375,43.17517852783203,0.01403361838310957,0.08315740525722504,0.11846357583999634,1218.0003662109375,47.08953094482422,0.014870469458401203,0.08736399561166763,0.12194453179836273
123,1195.202880859375,43.17203903198242,0.013998158276081085,0.08341731131076813,0.11831380426883698,1214.475830078125,46.46305465698242,0.01469144131988287,0.08615749329328537,0.12120825797319412
124,1201.633544921875,43.39704513549805,0.014015646651387215,0.08313240855932236,0.11838769912719727,1215.9056396484375,46.66019821166992,0.014760223217308521,0.08668790757656097,0.12149165570735931
125,1204.4373779296875,43.3367919921875,0.013990187086164951,0.0829891711473465,0.11828012764453888,1216.559814453125,46.448265075683594,0.014730112627148628,0.08626192808151245,0.1213676780462265
126,1197.7373046875,43.46095657348633,0.014015346765518188,0.08321522176265717,0.11838643252849579,1211.4140625,46.41903305053711,0.014641864225268364,0.08627871423959732,0.12100356072187424
127,1201.4752197265625,43.06056594848633,0.01402116846293211,0.08303476125001907,0.11841101199388504,1216.4989013671875,46.31749725341797,0.014718560501933098,0.08636713773012161,0.12132007628679276
128,1203.8365478515625,43.06659698486328,0.013969692401587963,0.08299335092306137,0.11819345504045486,1212.68310546875,46.445194244384766,0.014661356806755066,0.08610544353723526,0.12108408659696579
129,1205.31298828125,43.641014099121094,0.013980275020003319,0.08301761001348495,0.11823821067810059,1216.9334716796875,47.098594665527344,0.014848634600639343,0.08690603077411652,0.12185497581958771
130,1202.7884521484375,43.48868179321289,0.013991874642670155,0.08300798386335373,0.11828725039958954,1212.1395263671875,46.34538650512695,0.014628213830292225,0.0861499160528183,0.12094715237617493
131,1202.83740234375,42.77167510986328,0.013959920965135098,0.08286527544260025,0.11815211176872253,1219.3665771484375,46.6617546081543,0.014823396690189838,0.08690988272428513,0.12175137549638748
132,1190.6221923828125,42.787410736083984,0.013949600048363209,0.0830068290233612,0.11810841411352158,1212.4835205078125,46.00563430786133,0.01458577997982502,0.08591745793819427,0.12077160179615021
133,1195.306640625,43.04051208496094,0.01394787896424532,0.08292757719755173,0.11810113489627838,1215.3626708984375,46.63852310180664,0.014743943698704243,0.08672301471233368,0.12142465263605118
134,1195.5792236328125,42.89097595214844,0.013928529806435108,0.08292068541049957,0.11801918596029282,1211.5908203125,45.919010162353516,0.014545169658958912,0.08577146381139755,0.12060336023569107
135,1202.0496826171875,43.196659088134766,0.01395479030907154,0.08287891745567322,0.1181304007768631,1210.5228271484375,45.98268508911133,0.01453909557312727,0.08615101873874664,0.12057816982269287
136,1196.239013671875,42.84767150878906,0.013927552849054337,0.08299286663532257,0.11801505088806152,1214.779541015625,45.99110412597656,0.014618578366935253,0.08607501536607742,0.12090731412172318
137,1196.0074462890625,42.71294403076172,0.013935543596744537,0.08277865499258041,0.11804890632629395,1214.6771240234375,46.64112854003906,0.014736060053110123,0.08673613518476486,0.12139217555522919
138,1194.06494140625,43.02207946777344,0.013908199965953827,0.08283548057079315,0.11793303489685059,1213.650146484375,45.94867706298828,0.014596800319850445,0.08602416515350342,0.12081722170114517
139,1193.9830322265625,43.495296478271484,0.013858978636562824,0.08266856521368027,0.11772416532039642,1214.241943359375,46.125701904296875,0.014632225967943668,0.08610419183969498,0.12096374481916428
140,1203.96484375,42.90822982788086,0.01387585885822773,0.08272281289100647,0.11779583990573883,1219.45947265625,46.58723068237305,0.014800116419792175,0.08706002682447433,0.12165572494268417
141,1187.3238525390625,42.853145599365234,0.013882541097700596,0.08282731473445892,0.11782419681549072,1215.6597900390625,46.194034576416016,0.014666486531496048,0.08632185310125351,0.12110526859760284
142,1196.8958740234375,42.63175964355469,0.01385206077247858,0.08270329236984253,0.11769478023052216,1217.9866943359375,45.76348876953125,0.014638062566518784,0.08585888147354126,0.12098785489797592
143,1205.1102294921875,43.02881622314453,0.013853710144758224,0.08256141096353531,0.11770178377628326,1216.50244140625,46.21428680419922,0.01468511950224638,0.08621513843536377,0.12118217349052429
144,1188.6024169921875,43.384307861328125,0.013838191516697407,0.08308712393045425,0.11763584613800049,1211.3416748046875,46.071067810058594,0.014567394740879536,0.08593647927045822,0.12069546431303024
145,1195.4561767578125,43.30531692504883,0.013853884302079678,0.08250366151332855,0.11770252138376236,1213.1534423828125,45.69915008544922,0.014545743353664875,0.08580024540424347,0.12060573697090149
146,1182.3284912109375,42.78262710571289,0.013804812915623188,0.08240455389022827,0.1174938827753067,1210.6763916015625,45.92903137207031,0.014530215412378311,0.08584590256214142,0.12054134160280228
147,1185.1531982421875,42.85258483886719,0.013844255357980728,0.082724928855896,0.11766161024570465,1214.14501953125,45.686824798583984,0.014555630274116993,0.08597857505083084,0.12064671516418457
148,1207.939453125,42.88459396362305,0.013861143961548805,0.0827992707490921,0.11773336678743362,1213.283203125,45.750579833984375,0.014552943408489227,0.0857224315404892,0.12063558399677277
149,1189.0865478515625,42.712074279785156,0.013854014687240124,0.08259787410497665,0.11770308017730713,1214.236083984375,45.51476287841797,0.01453207153826952,0.08598317205905914,0.1205490455031395
150,1190.171142578125,43.03330612182617,0.013802616856992245,0.08244596421718597,0.11748453974723816,1211.7620849609375,45.61717224121094,0.01449928805232048,0.08567231893539429,0.12041299045085907
151,1196.6334228515625,42.88589859008789,0.013823648914694786,0.08263581246137619,0.11757401376962662,1220.5286865234375,45.876522064208984,0.014689314179122448,0.08596207201480865,0.12119948118925095
152,1196.344970703125,42.81959533691406,0.01386661734431982,0.08284029364585876,0.11775661259889603,1226.7366943359375,45.65141677856445,0.014773056842386723,0.08605241775512695,0.12154446542263031
153,1185.9605712890625,43.12986755371094,0.013853027485311031,0.08258810639381409,0.11769888550043106,1216.26318359375,45.953697204589844,0.014641166664659977,0.08612251281738281,0.12100069224834442
154,1192.9906005859375,42.78395080566406,0.013770334422588348,0.08232446014881134,0.11734706908464432,1218.675537109375,46.143959045410156,0.01471644639968872,0.08618643134832382,0.12131136655807495
155,1183.9967041015625,42.47724533081055,0.01385344099253416,0.08259119093418121,0.11770064383745193,1213.9710693359375,45.63507843017578,0.014540638774633408,0.08582809567451477,0.12058456987142563
156,1196.75830078125,42.81052780151367,0.01375191006809473,0.08229636400938034,0.11726853251457214,1219.1539306640625,46.30301284790039,0.014743498526513577,0.08656386286020279,0.12142280489206314
157,1186.9136962890625,42.91941833496094,0.013744777999818325,0.08204023540019989,0.1172381266951561,1212.5980224609375,45.47495651245117,0.014489177614450455,0.08612804859876633,0.1203710064291954
158,1196.6383056640625,43.50128173828125,0.013849432580173016,0.08268455415964127,0.11768361926078796,1221.7376708984375,45.83725357055664,0.014707871712744236,0.08624180406332016,0.12127602100372314
159,1192.5517578125,43.19704055786133,0.01392513420432806,0.0827232301235199,0.11800480633974075,1212.4312744140625,46.25889205932617,0.01461123675107956,0.08613219112157822,0.12087694555521011
160,1190.322998046875,42.55051040649414,0.013732588849961758,0.08239658921957016,0.11718612909317017,1220.8311767578125,45.57048034667969,0.014656695537269115,0.08601708710193634,0.12106484174728394
161,1178.4915771484375,42.658653259277344,0.013781759887933731,0.08242417126893997,0.11739574372768402,1216.99072265625,46.06105041503906,0.014671633020043373,0.08679090440273285,0.12112651765346527
162,1198.6114501953125,42.98794174194336,0.013806893490254879,0.08256988972425461,0.11750274151563644,1215.43115234375,45.65150451660156,0.014566870406270027,0.08606484532356262,0.12069328874349594
163,1190.9798583984375,43.13287353515625,0.013802015222609043,0.08244207501411438,0.11748197674751282,1216.838623046875,46.137393951416016,0.01468104962259531,0.0866943970322609,0.12116537988185883
164,1185.2060546875,42.595672607421875,0.013775676488876343,0.08247750252485275,0.11736983060836792,1213.94189453125,45.58888244628906,0.014529473148286343,0.08577775210142136,0.12053826451301575
165,1184.263671875,42.7435188293457,0.013766941614449024,0.08249353617429733,0.11733261495828629,1211.77685546875,45.503273010253906,0.014469210058450699,0.0856945812702179,0.12028802931308746
166,1184.883056640625,43.02986145019531,0.013761932961642742,0.08242878317832947,0.1173112615942955,1217.53759765625,45.98255157470703,0.014666843228042126,0.08643285930156708,0.12110674381256104
167,1197.2464599609375,43.598838806152344,0.013823715969920158,0.0826089009642601,0.1175742968916893,1212.186767578125,46.10091018676758,0.014582534320652485,0.08624740689992905,0.12075817584991455
168,1182.823486328125,42.76983642578125,0.013749300502240658,0.0825551375746727,0.11725740879774094,1216.795654296875,45.47212219238281,0.014559682458639145,0.08591034263372421,0.12066350877285004
169,1195.049560546875,43.14432907104492,0.013779282569885254,0.08239983022212982,0.11738518625497818,1223.7943115234375,45.68833541870117,0.014703559689223766,0.08626304566860199,0.12125823646783829
170,1186.78759765625,42.93764877319336,0.013689965009689331,0.08220960199832916,0.11700411140918732,1213.8251953125,45.72964859008789,0.014553500339388847,0.08601655066013336,0.12063788622617722
171,1192.153076171875,43.30546951293945,0.013687172904610634,0.08215651661157608,0.11699219048023224,1227.7154541015625,46.55889129638672,0.014930055476725101,0.08758833259344101,0.12218860536813736
172,1187.7677001953125,42.93132019042969,0.013720899820327759,0.08242388069629669,0.11713624745607376,1221.8033447265625,45.97465515136719,0.014730463735759258,0.0863703265786171,0.1213691234588623
173,1190.6021728515625,43.06652069091797,0.013721701689064503,0.08234861493110657,0.11713966727256775,1214.3741455078125,45.56206512451172,0.01452650036662817,0.08590977638959885,0.12052593380212784
174,1187.5067138671875,42.854793548583984,0.013744666241109371,0.0825720950961113,0.1172376498579979,1217.7825927734375,45.881935119628906,0.014641022309660912,0.08650077879428864,0.12100008875131607
175,1188.761474609375,43.05833435058594,0.013759070076048374,0.08262810111045837,0.11729906499385834,1218.4283447265625,45.64426040649414,0.014611455611884594,0.08661879599094391,0.12087786197662354
176,1181.47119140625,42.57742691040039,0.013693428598344326,0.08248037844896317,0.1170189157128334,1221.6268310546875,45.84849166870117,0.014704949222505093,0.08640661835670471,0.12126396596431732
177,1190.9573974609375,43.06976318359375,0.01373869925737381,0.08233201503753662,0.1172121986746788,1215.0123291015625,45.52710723876953,0.01452952716499567,0.08592856675386429,0.12053848803043365
178,1189.7711181640625,43.89295196533203,0.013720955699682236,0.08234106004238129,0.11713648587465286,1214.3594970703125,45.795555114746094,0.014560561627149582,0.08613003045320511,0.12066715955734253
179,1184.012451171875,43.4118766784668,0.013716096989810467,0.08256104588508606,0.11711574345827103,1220.18017578125,45.96422576904297,0.014691544696688652,0.08655919134616852,0.12120867520570755
180,1192.755126953125,43.052310943603516,0.013693811371922493,0.08223363757133484,0.11702056229114532,1215.1868896484375,45.575782775878906,0.014538612216711044,0.08601761609315872,0.1205761581659317
181,1190.5997314453125,43.43598175048828,0.013735547661781311,0.08250001817941666,0.11719875037670135,1217.9351806640625,46.15156173706055,0.014690845273435116,0.08665689080953598,0.12120579928159714
182,1193.2816162109375,43.19066619873047,0.013690362684428692,0.0822717472910881,0.11700582504272461,1221.936767578125,46.39369201660156,0.01479209866374731,0.0870518684387207,0.12162277847528458
183,1183.2208251953125,43.0307502746582,0.013665208593010902,0.0823211520910263,0.11689828336238861,1219.56689453125,46.18869400024414,0.01472651120275259,0.08646213263273239,0.12135283648967743
184,1183.3701171875,43.366554260253906,0.013661694712936878,0.08226962387561798,0.11688324809074402,1214.9630126953125,45.51810836791992,0.014507260173559189,0.08599352091550827,0.1204460933804512
185,1185.58935546875,42.76907730102539,0.01365048810839653,0.08212389796972275,0.11683530360460281,1214.9339599609375,45.50453186035156,0.014510962180793285,0.08580055832862854,0.12046145647764206
186,1184.6693115234375,42.866607666015625,0.013658796437084675,0.08215964585542679,0.11687085032463074,1216.621337890625,45.66659927368164,0.01456702221184969,0.08628199994564056,0.12069392204284668
187,1191.0499267578125,42.988704681396484,0.013702879659831524,0.08262526243925095,0.11705929785966873,1217.0067138671875,45.553550720214844,0.014561628922820091,0.08588167279958725,0.12067157030105591
188,1178.02978515625,43.41884994506836,0.013650021515786648,0.08226850628852844,0.11683330684900284,1219.6708984375,45.487701416015625,0.014589340426027775,0.08589065819978714,0.12078633904457092
189,1182.7772216796875,42.848594665527344,0.013620167970657349,0.08213411271572113,0.11670547723770142,1220.8533935546875,45.871768951416016,0.014678130857646465,0.08652635663747787,0.1211533397436142
190,1178.837158203125,42.81163024902344,0.013596377335488796,0.08199681341648102,0.11660350114107132,1214.0399169921875,45.45621109008789,0.014487111009657383,0.08582166582345963,0.12036241590976715
191,1181.4537353515625,42.533424377441406,0.013573565520346165,0.0820932537317276,0.11650564521551132,1218.7391357421875,45.7215690612793,0.01461248379200697,0.08604145795106888,0.12088210135698318
192,1178.5955810546875,43.0449333190918,0.013614779338240623,0.08195042610168457,0.11668238043785095,1219.59521484375,45.67921829223633,0.014622087590396404,0.0860738605260849,0.12092181295156479
193,1182.5555419921875,43.065277099609375,0.013618889264762402,0.08212431520223618,0.11669998615980148,1223.552001953125,46.23557662963867,0.014784298837184906,0.08681400865316391,0.12159069627523422
194,1174.93115234375,42.722557067871094,0.01360708475112915,0.08193600177764893,0.11664941161870956,1217.1708984375,46.05805587768555,0.014644208364188671,0.08652504533529282,0.12101326137781143
195,1182.513671875,42.77778625488281,0.01359860971570015,0.08216063678264618,0.11661307513713837,1215.795654296875,46.048702239990234,0.014610422775149345,0.08624105155467987,0.1208735853433609
196,1183.0972900390625,42.71637725830078,0.013605033047497272,0.08191458880901337,0.1166406124830246,1217.6617431640625,45.710243225097656,0.014591404236853123,0.08625146746635437,0.1207948848605156
197,1188.1644287109375,42.68822479248047,0.013656333088874817,0.08235415071249008,0.11686031520366669,1216.1112060546875,45.969058990478516,0.014615311287343502,0.08613429963588715,0.12089379876852036
198,1184.80419921875,42.8460578918457,0.0136263407766819,0.08219114691019058,0.1167319193482399,1220.753173828125,45.90443801879883,0.014672988094389439,0.08640684187412262,0.12113209813833237
199,1185.62744140625,42.70438003540039,0.013541470281779766,0.08195608109235764,0.11636782437562943,1219.25439453125,45.54658508300781,0.01459574792534113,0.08600006252527237,0.12081287056207657
200,1179.4803466796875,42.73373031616211,0.013576246798038483,0.08212372660636902,0.11651714891195297,1219.12451171875,46.29468536376953,0.014727422967553139,0.0864861011505127,0.12135659158229828
201,1181.2161865234375,43.19575119018555,0.013605967164039612,0.08190111815929413,0.11664462089538574,1222.27197265625,46.08478546142578,0.014734714291989803,0.08638467639684677,0.12138663232326508
202,1181.1314697265625,43.192256927490234,0.013631519861519337,0.08226872980594635,0.11675409972667694,1215.8048095703125,45.9614372253418,0.014605684205889702,0.08627193421125412,0.1208539754152298
203,1181.3214111328125,43.25409698486328,0.013601511716842651,0.08198083937168121,0.11662551760673523,1216.48291015625,45.93185043334961,0.014603438787162304,0.08629398047924042,0.12084469199180603
204,1174.255859375,42.98252487182617,0.01358752977102995,0.08203510195016861,0.11656556278467178,1218.509521484375,45.929656982421875,0.014648915268480778,0.08670273423194885,0.1210326999425888
205,1178.4971923828125,42.98240661621094,0.013591586612164974,0.08223793655633926,0.1165829598903656,1221.478271484375,45.850013732910156,0.01469008345156908,0.0862361341714859,0.12120265513658524
206,1180.6292724609375,43.03940200805664,0.013606342487037182,0.08207554370164871,0.11664623022079468,1214.13525390625,45.60731887817383,0.014509509317576885,0.08597755432128906,0.12045542895793915
207,1176.7047119140625,43.21342849731445,0.01358113531023264,0.08189531415700912,0.11653812974691391,1221.756103515625,45.84607696533203,0.014694607816636562,0.08661256730556488,0.12122131884098053
208,1172.71728515625,42.98264694213867,0.013528930023312569,0.08208545297384262,0.11631393432617188,1212.38525390625,45.65363311767578,0.014488115906715393,0.08587723970413208,0.12036658823490143
209,1169.604248046875,42.7317008972168,0.01353498362004757,0.0819091647863388,0.11633995175361633,1215.635986328125,45.48420715332031,0.014524897560477257,0.0860406905412674,0.12051928788423538
210,1187.8585205078125,43.12902069091797,0.013554652221500874,0.08190394937992096,0.11642445623874664,1212.1234130859375,45.54811477661133,0.01446480117738247,0.08589469641447067,0.12026969343423843
211,1176.133056640625,43.17826843261719,0.01361821312457323,0.08227230608463287,0.11669709533452988,1216.4959716796875,45.578067779541016,0.014554315246641636,0.0857994332909584,0.12064126878976822
212,1184.983642578125,43.22248840332031,0.013517159037292004,0.0818064883351326,0.11626331508159637,1215.950927734375,45.68521499633789,0.014554192312061787,0.08594260364770889,0.12064075469970703
213,1179.7174072265625,42.91244125366211,0.013537203893065453,0.08212298154830933,0.1163494884967804,1216.8363037109375,45.621063232421875,0.01456002052873373,0.08601979166269302,0.12066490948200226
214,1189.492431640625,43.10874557495117,0.013597077690064907,0.0820019394159317,0.11660651117563248,1216.9949951171875,46.25321578979492,0.014684217050671577,0.08661766350269318,0.12117844820022583
215,1172.202880859375,42.64558029174805,0.013541859574615955,0.08215595036745071,0.11636950075626373,1214.96875,46.06996536254883,0.01461183000355959,0.0866999551653862,0.1208794042468071
216,1175.0908203125,42.787540435791016,0.01352972723543644,0.08215506374835968,0.11631735414266586,1220.2952880859375,45.93669509887695,0.014674859121441841,0.0862237811088562,0.12113983184099197
217,1178.8037109375,43.029518127441406,0.013532573357224464,0.08191357553005219,0.11632958799600601,1217.5074462890625,45.89915466308594,0.014624648727476597,0.08619491755962372,0.12093241512775421
218,1177.5762939453125,43.03664016723633,0.013504358008503914,0.08192276209592819,0.11620825529098511,1218.62158203125,46.28883743286133,0.014705627225339413,0.08668971061706543,0.12126676738262177
219,1176.1978759765625,43.15220260620117,0.013514522463083267,0.08201935887336731,0.11625197529792786,1218.087158203125,45.40155029296875,0.014547007158398628,0.08572987467050552,0.12061097472906113
220,1171.896240234375,43.030181884765625,0.013528114184737206,0.08200624585151672,0.11631042510271072,1216.6925048828125,45.58317565917969,0.014545828104019165,0.08584190160036087,0.12060608714818954
221,1175.9342041015625,42.44871139526367,0.013530678115785122,0.08214561641216278,0.11632144451141357,1214.1456298828125,45.394657135009766,0.014472750015556812,0.08559611439704895,0.12030274420976639
222,1175.7857666015625,42.93190002441406,0.01352858915925026,0.08198375254869461,0.11631246656179428,1223.564208984375,46.03611755371094,0.014758320525288582,0.08653082698583603,0.12148382514715195
223,1178.195556640625,42.82513427734375,0.013482915237545967,0.08161844313144684,0.11611595749855042,1215.5914306640625,45.95659255981445,0.014593902975320816,0.0861561968922615,0.12080522626638412
224,1173.706787109375,43.101566314697266,0.013478751294314861,0.08173185586929321,0.11609802395105362,1216.6553955078125,45.56615447998047,0.014549518935382366,0.08598918467760086,0.12062138319015503
225,1174.99462890625,43.49138641357422,0.013509872369468212,0.08194340020418167,0.11623197793960571,1217.3961181640625,45.7129020690918,0.01459062471985817,0.08626863360404968,0.12079165875911713
226,1173.7313232421875,43.29228591918945,0.013527383096516132,0.0819687470793724,0.11630728095769882,1215.5233154296875,45.46289825439453,0.014511999674141407,0.0858023390173912,0.12046576291322708
227,1172.452880859375,43.159400939941406,0.01350073330104351,0.0819084569811821,0.11619265377521515,1215.375,45.66514205932617,0.014547908678650856,0.08587907254695892,0.12061471492052078
228,1169.6744384765625,42.72075271606445,0.013485440984368324,0.08148455619812012,0.11612682789564133,1221.4866943359375,46.17806625366211,0.014746783301234245,0.08672410249710083,0.12143633514642715
229,1173.0283203125,42.80915069580078,0.013514033518731594,0.08198701590299606,0.11624987423419952,1222.369384765625,45.534976959228516,0.014639762230217457,0.08634142577648163,0.12099488824605942
230,1173.1898193359375,43.1211051940918,0.013487919233739376,0.08195274323225021,0.11613750457763672,1214.47314453125,45.46540069580078,0.014489604160189629,0.08580654114484787,0.12037277221679688
231,1176.6318359375,42.70123291015625,0.013502084650099277,0.08192384988069534,0.11619847267866135,1216.0867919921875,45.442874908447266,0.014525990933179855,0.0858854129910469,0.12052381038665771
232,1179.5709228515625,42.9830322265625,0.013506544753909111,0.08188219368457794,0.11621765792369843,1222.8077392578125,46.36076736450195,0.014802496880292892,0.08696024864912033,0.12166551500558853
233,1168.6934814453125,42.9969596862793,0.01348116435110569,0.08186548948287964,0.11610841751098633,1219.209716796875,45.51332092285156,0.014583585783839226,0.08591562509536743,0.12076252698898315
234,1188.1650390625,43.18171691894531,0.013571667484939098,0.08207452297210693,0.11649750173091888,1225.4534912109375,46.2635498046875,0.014820348471403122,0.08688149601221085,0.12173885852098465
235,1181.7733154296875,42.1963005065918,0.013520141132175922,0.08209247887134552,0.11627614498138428,1222.347412109375,45.76380920410156,0.014679409563541412,0.0863758772611618,0.12115861475467682
236,1175.3248291015625,42.90374755859375,0.013535692356526852,0.08221471309661865,0.11634299159049988,1220.7578125,45.60530090332031,0.014625171199440956,0.08626876771450043,0.12093457579612732
237,1176.7584228515625,43.135311126708984,0.013495775870978832,0.08172913640737534,0.11617132276296616,1218.3717041015625,45.62095642089844,0.01459234394133091,0.08607307821512222,0.12079877406358719
238,1164.109130859375,42.97663497924805,0.013480053283274174,0.08199762552976608,0.1161036342382431,1218.9639892578125,45.6497688293457,0.014599240384995937,0.0860430970788002,0.120827317237854
239,1177.81884765625,42.670806884765625,0.013509251177310944,0.08179399371147156,0.11622929573059082,1226.2982177734375,45.691680908203125,0.014738809317350388,0.08654715120792389,0.12140350043773651
240,1176.8822021484375,43.28676223754883,0.013499750755727291,0.08197345584630966,0.1161884292960167,1217.6368408203125,46.06475830078125,0.014655590057373047,0.08652892708778381,0.12106027454137802
241,1180.3765869140625,42.617679595947266,0.013493534177541733,0.08170941472053528,0.11616168171167374,1221.7578125,45.7797737121582,0.014679204672574997,0.08652704209089279,0.12115776538848877
242,1166.6429443359375,43.16575241088867,0.013514555059373379,0.08190061151981354,0.1162521168589592,1216.068115234375,45.898162841796875,0.01460557896643877,0.08618593961000443,0.12085354328155518
243,1165.398193359375,42.814674377441406,0.013480735942721367,0.08203092962503433,0.11610657721757889,1216.153076171875,45.51701736450195,0.01453669834882021,0.08620444685220718,0.12056823074817657
244,1179.372802734375,42.67537307739258,0.013449041172862053,0.08198149502277374,0.11597000062465668,1221.33349609375,46.38386535644531,0.01477202121168375,0.08684252202510834,0.12154020369052887
245,1172.4130859375,43.33842468261719,0.013499056920409203,0.08181378990411758,0.11618544161319733,1223.9801025390625,46.354454040527344,0.01481599174439907,0.08701713383197784,0.12172096222639084
246,1177.4600830078125,42.73644256591797,0.013573800213634968,0.08219438046216965,0.1165066584944725,1224.9534912109375,46.0507926940918,0.01477956771850586,0.08682060241699219,0.12157124280929565
247,1171.901611328125,43.10772705078125,0.01355666946619749,0.08213700354099274,0.11643310636281967,1219.9298095703125,46.385379791259766,0.014767725951969624,0.0869804099202156,0.12152252346277237
248,1172.0816650390625,42.78538513183594,0.013466796837747097,0.08204244822263718,0.11604652553796768,1215.3323974609375,45.3153076171875,0.014485696330666542,0.085726797580719,0.12035653740167618
249,1175.19482421875,42.53215408325195,0.013466853648424149,0.08174891024827957,0.11604677140712738,1218.3140869140625,45.548648834228516,0.014576067216694355,0.08614326268434525,0.12073138356208801
250,1169.0440673828125,42.56818389892578,0.013489045202732086,0.08163031935691833,0.11614235490560532,1217.0250244140625,45.634613037109375,0.014573889784514904,0.08604326099157333,0.12072236835956573
251,1175.779296875,42.73139572143555,0.013460253365337849,0.08170882612466812,0.11601833254098892,1216.8328857421875,45.89793395996094,0.014618199318647385,0.08644983172416687,0.12090574204921722
252,1166.2017822265625,42.97853469848633,0.013514137826859951,0.08232422918081284,0.11625032126903534,1213.3345947265625,45.68866729736328,0.014515173621475697,0.08610326051712036,0.12047893553972244
253,1168.67724609375,43.353153228759766,0.013531048782169819,0.08203282952308655,0.11632303893566132,1216.1273193359375,45.45503234863281,0.014533471316099167,0.08612417429685593,0.1205548495054245
254,1161.8636474609375,42.70293045043945,0.013424796052277088,0.08172965049743652,0.11586542427539825,1221.4725341796875,45.65016174316406,0.01465331856161356,0.0863395631313324,0.1210508942604065
255,1178.310302734375,42.372535705566406,0.013438038527965546,0.08181355148553848,0.11592255532741547,1217.515625,45.80821990966797,0.014619722031056881,0.08669137954711914,0.12091203778982162
256,1178.7874755859375,43.00425338745117,0.013477967120707035,0.08203723281621933,0.11609464883804321,1226.49267578125,45.88299560546875,0.014773879200220108,0.0869801715016365,0.12154784798622131
257,1181.580322265625,42.8705940246582,0.013507162220776081,0.08206726610660553,0.11622031778097153,1227.6048583984375,46.07884979248047,0.014829340390861034,0.08719752728939056,0.12177577614784241
258,1179.181640625,42.60859298706055,0.01347406581044197,0.08208896219730377,0.11607784032821655,1222.3116455078125,45.78640365600586,0.014689269475638866,0.08630972355604172,0.12119929492473602
259,1175.354248046875,42.852291107177734,0.013499295338988304,0.08197741210460663,0.1161864697933197,1216.4483642578125,45.35814666748047,0.0145156504586339,0.08603426814079285,0.12048090994358063
260,1172.9927978515625,43.63230895996094,0.013451265171170235,0.08171439170837402,0.11597958207130432,1220.1796875,45.807823181152344,0.01467635203152895,0.0863787829875946,0.12114599347114563
