epoch,RMSE_P,RMSE_T,loss,mean_absolute_error,root_mean_squared_error,val_RMSE_P,val_RMSE_T,val_loss,val_mean_absolute_error,val_root_mean_squared_error
0,2666.94482421875,154.2983856201172,0.11165330559015274,0.2506442666053772,0.3341456353664398,1597.4578857421875,90.94088745117188,0.03449845686554909,0.14908987283706665,0.18573759496212006
1,1724.044921875,100.88013458251953,0.04215548187494278,0.1570127159357071,0.20531798899173737,1291.859619140625,64.3372573852539,0.020284129306674004,0.10750705003738403,0.1424223631620407
2,1503.798095703125,86.72315979003906,0.03154918923974037,0.13513712584972382,0.17762091755867004,1208.611328125,59.89801788330078,0.017676211893558502,0.09929265081882477,0.13295191526412964
3,1422.439453125,80.48678588867188,0.027492903172969818,0.12564055621623993,0.16580983996391296,1213.9705810546875,61.78587341308594,0.01824374496936798,0.1019047424197197,0.13506941497325897
4,1339.06298828125,71.92379760742188,0.02317962609231472,0.11580482870340347,0.1522485613822937,1169.27783203125,55.89447784423828,0.01607416197657585,0.0932483971118927,0.12678392231464386
5,1299.4595947265625,67.83468627929688,0.021110162138938904,0.11001609265804291,0.14529336988925934,1121.896484375,51.73957824707031,0.014399174600839615,0.08660286664962769,0.1199965626001358
6,1223.6295166015625,63.26559066772461,0.01878945529460907,0.10412730276584625,0.13707463443279266,1082.4820556640625,50.97120666503906,0.01359523180872202,0.0836726576089859,0.11659859120845795
7,1208.2222900390625,61.5289421081543,0.017965734004974365,0.10117315500974655,0.13403631746768951,1039.3402099609375,50.676700592041016,0.012885774485766888,0.08156491816043854,0.11351552605628967
8,1157.47265625,61.22726821899414,0.01701727882027626,0.09826766699552536,0.1304502934217453,1058.649658203125,50.50997543334961,0.013145656324923038,0.08200988918542862,0.11465451121330261
9,1148.007568359375,58.693031311035156,0.01645820587873459,0.095026895403862,0.12828953564167023,1028.8018798828125,45.89280319213867,0.011810751631855965,0.07564413547515869,0.10867728292942047
10,1122.10595703125,56.58659744262695,0.015619244426488876,0.09291630983352661,0.1249769851565361,1000.2603149414062,46.51835632324219,0.011473773047327995,0.07573656737804413,0.10711570084095001
11,1102.2982177734375,53.60536575317383,0.014683747664093971,0.08981674164533615,0.12117651104927063,1009.8543701171875,46.68852996826172,0.011687439866364002,0.07558653503656387,0.10810846835374832
12,1112.327392578125,53.784278869628906,0.014757758937776089,0.0901411846280098,0.1214815154671669,1018.8681640625,46.281211853027344,0.011778240092098713,0.07541605830192566,0.10852760076522827
13,1131.031005859375,53.665260314941406,0.014899778179824352,0.0903177261352539,0.12206465005874634,1023.1983642578125,47.158164978027344,0.01199335791170597,0.07632461190223694,0.10951418429613113
14,1064.8563232421875,51.65892028808594,0.013552598655223846,0.08701398223638535,0.11641563475131989,983.306884765625,44.57827377319336,0.010951546020805836,0.07288742810487747,0.1046496331691742
15,1066.23486328125,51.182891845703125,0.013320834375917912,0.08615861088037491,0.11541591584682465,989.011962890625,46.197288513183594,0.01134350337088108,0.0747017189860344,0.10650588572025299
16,1069.1429443359375,50.444175720214844,0.013191103003919125,0.08487552404403687,0.11485252529382706,955.2846069335938,43.39031982421875,0.01036519929766655,0.0706302672624588,0.10180962085723877
17,1042.70263671875,49.63274002075195,0.01253362838178873,0.0843188539147377,0.11195369064807892,957.8688354492188,44.4359130859375,0.010615339502692223,0.07128509134054184,0.10303076356649399
18,1014.3021240234375,49.12794876098633,0.012166041880846024,0.08164513856172562,0.11029977351427078,978.9779663085938,45.02116012573242,0.011027161031961441,0.07229108363389969,0.10501029342412949
19,1025.050048828125,49.19405746459961,0.012315846048295498,0.08213934302330017,0.11097677797079086,971.3846435546875,45.95577621459961,0.01108651515096426,0.07260049134492874,0.10529251396656036
20,1026.8951416015625,48.234127044677734,0.012198587879538536,0.08141890168190002,0.1104472205042839,945.934814453125,45.1348876953125,0.01058339886367321,0.07120829820632935,0.10287564992904663
21,1026.3978271484375,47.42073059082031,0.011969811283051968,0.08072203397750854,0.10940663516521454,941.3338623046875,43.671661376953125,0.01024959608912468,0.07005410641431808,0.10124029219150543
22,1028.1326904296875,48.13066482543945,0.012220138683915138,0.08196473121643066,0.11054473370313644,930.238037109375,43.50093460083008,0.010087656788527966,0.0697374939918518,0.10043732821941376
23,990.3981323242188,46.5868034362793,0.011250604875385761,0.07817675173282623,0.10606887191534042,933.0587158203125,42.935428619384766,0.010042029432952404,0.06898901611566544,0.10020992159843445
24,980.64599609375,47.47898483276367,0.011343596503138542,0.07838542014360428,0.10650631785392761,951.9409790039062,43.7154541015625,0.01046067290008068,0.06976881623268127,0.10227742791175842
25,981.8261108398438,46.63591384887695,0.011174394749104977,0.07782295346260071,0.105709008872509,934.9952392578125,42.41131591796875,0.009990070946514606,0.06845441460609436,0.09995034337043762
26,983.07275390625,45.4529914855957,0.011026149615645409,0.07763893157243729,0.10500545799732208,956.0794067382812,43.430694580078125,0.010449531488120556,0.0696612223982811,0.10222295671701431
27,962.26025390625,44.19633865356445,0.010562623851001263,0.07533442974090576,0.10277462750673294,921.2192993164062,42.10867691040039,0.009733781218528748,0.06799957901239395,0.0986599251627922
28,967.078369140625,44.618473052978516,0.01067695114761591,0.07590489834547043,0.10332933068275452,905.6995849609375,41.316654205322266,0.009381694719195366,0.067299984395504,0.0968591496348381
29,968.4989013671875,44.24295425415039,0.010644386522471905,0.07455498725175858,0.10317163914442062,919.3413696289062,43.16168212890625,0.009912383742630482,0.06825980544090271,0.09956094622612
30,973.4281005859375,44.01778793334961,0.010570308193564415,0.07514620572328568,0.1028120145201683,893.1907348632812,42.23839569091797,0.009409771300852299,0.0668962150812149,0.09700397402048111
31,960.2320556640625,43.68670654296875,0.010376527905464172,0.07420826703310013,0.1018652468919754,892.8062133789062,41.42056655883789,0.009269771166145802,0.06690153479576111,0.09627964347600937
32,954.8794555664062,44.30877685546875,0.010441506281495094,0.07440628111362457,0.10218369215726852,904.7288208007812,40.67469787597656,0.009329603984951973,0.06611785292625427,0.09658987820148468
33,962.3473510742188,43.88828659057617,0.010324164293706417,0.07466255873441696,0.10160789638757706,910.3157348632812,41.76943588256836,0.00959318969398737,0.06680766493082047,0.09794483333826065
34,933.7839965820312,43.32176208496094,0.009958989918231964,0.07316259294748306,0.09979473799467087,909.19873046875,41.23944854736328,0.009496120736002922,0.06677795946598053,0.09744804352521896
35,950.6780395507812,41.79572677612305,0.010079036466777325,0.07298696786165237,0.10039440542459488,893.368896484375,40.72406768798828,0.009200205095112324,0.06679295003414154,0.0959177017211914
36,924.6304321289062,43.52104187011719,0.009853780269622803,0.0724971666932106,0.09926620870828629,894.3759155273438,40.74492645263672,0.009227212518453598,0.06629296392202377,0.09605838358402252
37,923.6587524414062,42.83516311645508,0.009851356968283653,0.07245029509067535,0.09925400465726852,894.4708251953125,40.44042205810547,0.009157325141131878,0.06580974161624908,0.0956939160823822
38,920.6920776367188,41.44597244262695,0.009571565315127373,0.07146038115024567,0.09783437848091125,889.727783203125,40.91096878051758,0.009188199415802956,0.06621454656124115,0.09585509449243546
39,939.455810546875,42.69026565551758,0.010019977577030659,0.07230459153652191,0.1000998392701149,887.1143798828125,40.62375259399414,0.009078106842935085,0.06553041934967041,0.09527909755706787
40,930.0576171875,42.64988327026367,0.009822544641792774,0.07205423712730408,0.0991087481379509,897.2808227539062,40.67950439453125,0.00926930084824562,0.06524839997291565,0.09627720713615417
41,915.8204956054688,41.23875045776367,0.009323223493993282,0.06962957233190536,0.09655684232711792,886.2510375976562,41.36963653564453,0.009252031333744526,0.06546372920274734,0.09618747979402542
42,908.5448608398438,41.00898742675781,0.009429767727851868,0.07078010588884354,0.09710699319839478,886.5980834960938,39.68482971191406,0.008957719430327415,0.06414481997489929,0.09464523196220398
43,891.87548828125,41.15159225463867,0.009050983004271984,0.06932910531759262,0.09513665735721588,873.821533203125,39.14629364013672,0.008697187528014183,0.06334120035171509,0.09325871616601944
44,915.1309814453125,40.99825668334961,0.00930317584425211,0.07049687951803207,0.0964529737830162,910.9609375,40.33708953857422,0.009379842318594456,0.06546705216169357,0.09684958308935165
45,893.6953735351562,40.915462493896484,0.009057620540261269,0.06934260576963425,0.09517153352499008,897.6436767578125,41.20582580566406,0.00937572680413723,0.06528865545988083,0.09682833403348923
46,909.9801635742188,40.917171478271484,0.00924930814653635,0.06987548619508743,0.09617332369089127,893.2747192382812,39.663761138916016,0.009056243114173412,0.06429184973239899,0.09516429901123047
47,894.4855346679688,40.163673400878906,0.008987060748040676,0.06841538846492767,0.09480010718107224,874.6937866210938,40.13899230957031,0.008862841874361038,0.06473469734191895,0.09414266794919968
48,885.1932373046875,39.64483642578125,0.00871888268738985,0.06834472715854645,0.09337496012449265,879.6727905273438,39.17622756958008,0.008807225152850151,0.06371280550956726,0.09384682029485703
49,880.1831665039062,40.096046447753906,0.00879734568297863,0.0683634802699089,0.09379416704177856,887.2279663085938,40.13825607299805,0.009083759970963001,0.06429650634527206,0.09530875831842422
50,880.2664184570312,40.8665771484375,0.008828099817037582,0.06791117787361145,0.09395796060562134,889.3819580078125,41.29093551635742,0.00931665487587452,0.06531134247779846,0.09652282297611237
51,891.8554077148438,39.79698944091797,0.008835909888148308,0.06782576441764832,0.09399951994419098,889.9559936523438,39.77830505371094,0.009048095904290676,0.06443185359239578,0.09512148052453995
52,885.4450073242188,38.82279968261719,0.008592748083174229,0.06729832291603088,0.09269706904888153,892.5392456054688,40.419349670410156,0.009198659099638462,0.06481686979532242,0.09590964019298553
53,881.8504638671875,38.42599868774414,0.008408970199525356,0.06657563149929047,0.09170043468475342,869.644287109375,39.251766204833984,0.008702968247234821,0.06297624111175537,0.09328970313072205
54,904.0577392578125,38.989662170410156,0.008930105715990067,0.06798739731311798,0.09449923783540726,905.660400390625,40.57877731323242,0.009410109370946884,0.06478133052587509,0.09700572490692139
55,889.8330078125,39.51763153076172,0.00878642313182354,0.06780766695737839,0.09373592585325241,902.2398071289062,40.49251937866211,0.009348861873149872,0.06471199542284012,0.09668951481580734
56,886.9169311523438,39.76899719238281,0.008767754770815372,0.06798554956912994,0.09363629668951035,865.3531494140625,39.57356262207031,0.008685675449669361,0.06326150894165039,0.09319697320461273
57,861.9420166015625,39.13125991821289,0.008411196991801262,0.06704782694578171,0.0917125716805458,877.1063842773438,39.60960006713867,0.008857019245624542,0.06352925300598145,0.09411174058914185
58,875.7994384765625,38.24394226074219,0.008484940975904465,0.06629674881696701,0.09211374074220657,868.7363891601562,38.7443733215332,0.008605338633060455,0.06314832717180252,0.0927649661898613
59,878.3688354492188,37.91242599487305,0.00834687054157257,0.06579568982124329,0.09136120229959488,869.1442260742188,38.881290435791016,0.008633586578071117,0.0635194405913353,0.09291709214448929
60,881.791259765625,38.7837028503418,0.00854150764644146,0.06661266833543777,0.09242028743028641,875.7850952148438,39.626495361328125,0.008853673003613949,0.06397752463817596,0.09409395605325699
61,880.6403198242188,37.54890060424805,0.008323661051690578,0.0657840371131897,0.09123410284519196,877.9256591796875,40.2130126953125,0.008980927057564259,0.06435292959213257,0.09476775676012039
62,855.2099609375,37.736900329589844,0.007976994849741459,0.06488986313343048,0.08931402117013931,873.0009765625,38.70344543457031,0.008649692870676517,0.0635121762752533,0.09300372749567032
63,875.8126831054688,37.75258255004883,0.008444113656878471,0.06606738269329071,0.09189185500144958,871.5177001953125,38.51353454589844,0.008605812676250935,0.0632898360490799,0.09276752173900604
64,854.1942749023438,37.77239990234375,0.008046628907322884,0.06492222845554352,0.08970300108194351,885.600341796875,38.53346633911133,0.008824552409350872,0.06330902874469757,0.09393908083438873
65,830.8395385742188,37.351009368896484,0.007743206340819597,0.06392456591129303,0.0879954844713211,883.6997680664062,39.13484191894531,0.008906212635338306,0.06354265660047531,0.09437272697687149
66,858.5285034179688,37.44493865966797,0.008112272247672081,0.06534478813409805,0.09006815403699875,883.5471801757812,39.509063720703125,0.008920202031731606,0.06379520893096924,0.0944468230009079
67,846.3700561523438,37.71990203857422,0.007980519905686378,0.06499473750591278,0.08933375775814056,870.665771484375,39.269615173339844,0.008744006045162678,0.0633675828576088,0.09350939095020294
68,866.7855834960938,38.09703826904297,0.008206218481063843,0.06567686796188354,0.09058818221092224,879.0244750976562,38.77602005004883,0.008803141303360462,0.06252416968345642,0.09382504969835281
69,846.3867797851562,37.2932014465332,0.007923632860183716,0.06404542177915573,0.08901479095220566,874.5601196289062,39.26370620727539,0.00880380254238844,0.06318791955709457,0.09382858127355576
70,839.6148071289062,37.18915557861328,0.007820663042366505,0.06432683765888214,0.08843450993299484,878.6660766601562,39.24573516845703,0.008879750035703182,0.06291262060403824,0.09423242509365082
71,861.1339111328125,37.4078254699707,0.008048404939472675,0.06469607353210449,0.08971291035413742,873.3510131835938,38.74981689453125,0.00867871381342411,0.06304092705249786,0.09315961599349976
72,847.5823364257812,38.042503356933594,0.007997963577508926,0.06445405632257462,0.08943133801221848,866.7190551757812,38.51352310180664,0.008588159456849098,0.062248166650533676,0.09267231822013855
73,858.8012084960938,36.52735900878906,0.007833193987607956,0.06340832263231277,0.0885053351521492,873.8456420898438,38.18790817260742,0.008646879345178604,0.06202832609415054,0.09298861026763916
74,836.6472778320312,36.30537033081055,0.007660446688532829,0.0626828670501709,0.08752397447824478,860.9686279296875,38.35976028442383,0.008464544080197811,0.0617067925632,0.09200296550989151
75,826.5448608398438,38.12614822387695,0.0077607897110283375,0.06407801806926727,0.08809533715248108,859.690673828125,38.66569519042969,0.00851227156817913,0.06186792254447937,0.09226197004318237
76,836.37158203125,37.785301208496094,0.007884972728788853,0.0641046091914177,0.08879736810922623,866.609130859375,38.62434387207031,0.008582727052271366,0.06200764328241348,0.09264300763607025
77,813.0514526367188,35.97007751464844,0.007356931921094656,0.06168949604034424,0.0857725590467453,863.126220703125,38.46456527709961,0.008507015183568,0.06195365637540817,0.09223347902297974
78,830.11767578125,36.38248825073242,0.007658660411834717,0.06313308328390121,0.087513767182827,867.6970825195312,38.261505126953125,0.008569019846618176,0.06159558892250061,0.0925690084695816
79,816.11865234375,37.16307067871094,0.007622811011970043,0.06300316751003265,0.08730870485305786,867.8696899414062,39.191253662109375,0.00869628507643938,0.0630098357796669,0.09325387328863144
80,822.3648071289062,36.876220703125,0.0074300155974924564,0.06280452013015747,0.08619754016399384,874.709716796875,38.89452362060547,0.008765783160924911,0.062086090445518494,0.0936257615685463
81,830.72021484375,36.31256866455078,0.007464200258255005,0.061443980783224106,0.08639560639858246,866.1685180664062,38.08463668823242,0.008512557484209538,0.061399850994348526,0.09226351976394653
82,821.6760864257812,36.71054458618164,0.0074495286680758,0.0623384565114975,0.08631065487861633,876.037353515625,38.79309844970703,0.008761930279433727,0.062290582805871964,0.09360518306493759
83,832.150146484375,36.8264045715332,0.007580157835036516,0.06272120028734207,0.08706410229206085,866.8666381835938,38.24681854248047,0.008496969938278198,0.06233779713511467,0.09217900782823563
84,843.92578125,37.40325164794922,0.007860120385885239,0.06374625861644745,0.08865731954574585,872.520263671875,38.14896774291992,0.00860477052628994,0.061832498759031296,0.09276190400123596
85,805.8865356445312,36.77272415161133,0.007381392177194357,0.06171288713812828,0.08591502904891968,866.1298828125,38.150936126708984,0.008529935032129288,0.06176745519042015,0.09235765039920807
86,827.4769287109375,37.02936553955078,0.007514032535254955,0.06253959238529205,0.08668351918458939,881.335693359375,38.40969467163086,0.008791322819888592,0.06207626685500145,0.09376205503940582
87,815.8280029296875,36.09624481201172,0.007429255172610283,0.062099359929561615,0.08619312942028046,894.8832397460938,38.40809631347656,0.008954335004091263,0.062341246753931046,0.09462735056877136
88,823.5022583007812,35.8958740234375,0.007377225439995527,0.061855949461460114,0.0858907699584961,888.059326171875,38.79404830932617,0.008927015587687492,0.06250721961259842,0.09448288381099701
89,805.15234375,35.23405456542969,0.007266093511134386,0.06155608221888542,0.08524138480424881,881.315185546875,38.39261245727539,0.008762223646044731,0.06241896003484726,0.09360674768686295
90,814.9104614257812,35.59453201293945,0.007272728718817234,0.06135761737823486,0.08528029173612595,880.8735961914062,38.31908416748047,0.008752844296395779,0.06244252249598503,0.09355663508176804
91,814.3394165039062,35.85704803466797,0.00733919208869338,0.061663929373025894,0.08566908538341522,888.38916015625,38.84805679321289,0.008931131102144718,0.06275612860918045,0.09450466185808182
92,792.06005859375,36.079017639160156,0.007061851676553488,0.06074131652712822,0.08403482288122177,869.2887573242188,38.30522918701172,0.008549478836357594,0.06197312846779823,0.09246338903903961
93,810.8662109375,35.93327713012695,0.007273142691701651,0.06202423572540283,0.08528272062540054,887.2042846679688,38.16045379638672,0.008763216435909271,0.06272449344396591,0.09361205995082855
94,802.239501953125,35.3482666015625,0.007119627669453621,0.06143425032496452,0.08437788486480713,873.8916015625,37.98298645019531,0.008575533516705036,0.062391310930252075,0.09260418266057968
95,816.9842529296875,35.0579948425293,0.007143177557736635,0.061311088502407074,0.08451732248067856,887.0357055664062,37.75503921508789,0.008671944960951805,0.06266578286886215,0.09312327951192856
96,812.5780639648438,35.30985641479492,0.007183409761637449,0.06084724888205528,0.08475499600172043,876.4825439453125,38.04553985595703,0.008588621392846107,0.062315434217453,0.09267481416463852
97,807.129638671875,35.15542984008789,0.007200819905847311,0.06095539405941963,0.08485764265060425,875.3908081054688,38.18495559692383,0.008612599223852158,0.06250675022602081,0.09280408918857574
98,801.01171875,34.87226867675781,0.007001105230301619,0.06031292676925659,0.08367260545492172,883.637451171875,37.66167449951172,0.008677654899656773,0.061499424278736115,0.0931539312005043
99,815.0042724609375,35.12778091430664,0.00712205795571208,0.060607053339481354,0.08439228683710098,871.2340698242188,38.2119140625,0.008568122051656246,0.06226324662566185,0.09256415069103241
100,793.1629028320312,35.976356506347656,0.007038355804979801,0.0601145401597023,0.08389490842819214,880.837646484375,38.27164077758789,0.008703253231942654,0.06224512681365013,0.09329123049974442
101,794.4447631835938,35.35331726074219,0.007096287328749895,0.061364419758319855,0.08423946052789688,879.770751953125,38.058189392089844,0.008645952679216862,0.062135811895132065,0.09298361837863922
102,803.3855590820312,34.848106384277344,0.00698784040287137,0.06037040054798126,0.08359330147504807,886.8814086914062,37.85991668701172,0.008707216009497643,0.06174350902438164,0.09331246465444565
103,801.290283203125,34.982826232910156,0.0070190527476370335,0.060775820165872574,0.08377978205680847,877.7205200195312,38.26261901855469,0.008652875199913979,0.06174647435545921,0.09302083402872086
104,787.4949340820312,35.1663703918457,0.006940450984984636,0.059779077768325806,0.0833093672990799,878.322998046875,38.578311920166016,0.008732705377042294,0.061998311430215836,0.0934489369392395
105,804.265380859375,35.3740234375,0.007112597580999136,0.06133118271827698,0.08433621376752853,878.8206176757812,38.03828430175781,0.008673121221363544,0.061789028346538544,0.09312959015369415
106,808.258544921875,35.39128112792969,0.007097691763192415,0.06071332097053528,0.08424779772758484,867.1547241210938,38.00775146484375,0.008494162932038307,0.061892855912446976,0.09216378629207611
107,789.4521484375,34.907833099365234,0.006959664635360241,0.059307679533958435,0.08342460542917252,877.984130859375,38.51673126220703,0.0087186424061656,0.06229376420378685,0.09337367117404938
108,810.9197387695312,35.58623123168945,0.007198186591267586,0.06101804971694946,0.08484213054180145,866.9058837890625,38.05887222290039,0.008464253507554531,0.062188226729631424,0.09200137853622437
109,785.88671875,35.45160675048828,0.006914401426911354,0.05973685905337334,0.0831528827548027,881.5908813476562,38.04940414428711,0.008689053356647491,0.06198032572865486,0.09321509301662445
110,800.1726684570312,34.968711853027344,0.006949155125766993,0.06060781702399254,0.08336159586906433,869.4635620117188,38.21248245239258,0.008542733266949654,0.06222230941057205,0.09242689609527588
111,789.6344604492188,35.44618606567383,0.0069683329202234745,0.06043078750371933,0.08347654342651367,869.718994140625,38.0440788269043,0.008565950207412243,0.06155683472752571,0.09255241602659225
112,764.9004516601562,33.54951477050781,0.00644479738548398,0.05811551213264465,0.08027949929237366,865.3898315429688,38.0954704284668,0.008528018370270729,0.06151685491204262,0.09234727174043655
113,794.0533447265625,35.2764778137207,0.007014106027781963,0.060012463480234146,0.08375026285648346,862.4318237304688,37.57286071777344,0.008384782820940018,0.0614255890250206,0.09156844764947891
114,785.0217895507812,34.98994827270508,0.006799203343689442,0.060495153069496155,0.0824572816491127,875.212158203125,37.79530715942383,0.008590207435190678,0.06145064905285835,0.09268337488174438
115,780.1753540039062,34.79077911376953,0.006713896989822388,0.059055861085653305,0.08193837106227875,868.075439453125,38.02946090698242,0.008528213948011398,0.06182479113340378,0.09234833717346191
116,785.2232666015625,33.4183235168457,0.00666855089366436,0.05894611403346062,0.08166119456291199,872.6534423828125,38.119686126708984,0.008631458505988121,0.061537761241197586,0.09290564060211182
117,772.527587890625,35.00712585449219,0.0066785383969545364,0.05922308191657066,0.08172232657670975,885.6364135742188,37.87551498413086,0.008749145083129406,0.0613994300365448,0.0935368612408638
118,791.0917358398438,34.4772834777832,0.006911455187946558,0.06010817736387253,0.08313516527414322,882.3438110351562,37.62345504760742,0.008671983145177364,0.06106170266866684,0.09312348067760468
119,769.5973510742188,34.628204345703125,0.006719187367707491,0.05903900787234306,0.08197064697742462,876.379150390625,38.09104919433594,0.008653685450553894,0.06157619133591652,0.09302517771720886
120,787.0736694335938,34.246578216552734,0.006751269567757845,0.05886460840702057,0.08216611295938492,885.0325317382812,38.117679595947266,0.00873494055122137,0.061825934797525406,0.09346090257167816
121,780.7608032226562,34.729400634765625,0.006704774685204029,0.058875422924757004,0.08188268542289734,864.680908203125,37.55173873901367,0.008393537253141403,0.06072667986154556,0.09161625057458878
122,776.9851684570312,34.092803955078125,0.0067059434950351715,0.058795537799596786,0.08188982307910919,876.5504760742188,37.81083679199219,0.008601836860179901,0.061324283480644226,0.09274608641862869
123,767.1859741210938,34.057743072509766,0.006556909065693617,0.05829428508877754,0.08097474277019501,867.925537109375,37.489620208740234,0.008441025391221046,0.06075233221054077,0.09187505394220352
124,770.332763671875,33.72073745727539,0.006419641897082329,0.05800406262278557,0.08012266457080841,860.1849365234375,37.171302795410156,0.008248615078628063,0.061364755034446716,0.09082188457250595
125,767.77001953125,35.27423095703125,0.006680699996650219,0.059265729039907455,0.08173555135726929,859.8688354492188,37.6325569152832,0.00836315006017685,0.061020854860544205,0.09145025908946991
126,783.1784057617188,34.57890701293945,0.006740841548889875,0.058946989476680756,0.08210262656211853,867.5086669921875,37.36610412597656,0.008374614641070366,0.06141066551208496,0.09151291847229004
127,776.9475708007812,34.54864501953125,0.006643052212893963,0.058954477310180664,0.08150491863489151,867.3574829101562,36.787200927734375,0.008285838179290295,0.06049066036939621,0.09102658182382584
128,771.3929443359375,33.97981262207031,0.006501861847937107,0.05796394869685173,0.08063412457704544,875.5394897460938,37.37577819824219,0.008530455641448498,0.061146218329668045,0.0923604667186737
129,769.2171630859375,34.233280181884766,0.006606008857488632,0.058716654777526855,0.08127735555171967,862.5203857421875,37.22067642211914,0.008306941017508507,0.060756616294384,0.09114242345094681
130,751.9805297851562,33.19963836669922,0.006260636728256941,0.0570824109017849,0.07912418246269226,862.308837890625,37.17647933959961,0.00829257257282734,0.060996830463409424,0.09106356650590897
131,770.4537963867188,33.253170013427734,0.006443352438509464,0.05851464346051216,0.08027049154043198,871.8079833984375,37.78305435180664,0.00855016615241766,0.06147176772356033,0.09246709942817688
132,741.26953125,33.967308044433594,0.006286941934376955,0.05724614858627319,0.0792902410030365,869.797119140625,37.76606750488281,0.008543492294847965,0.06071325019001961,0.09243101626634598
133,770.029296875,33.850894927978516,0.006489526014775038,0.058102045208215714,0.08055759221315384,876.16357421875,38.38834762573242,0.008693492971360683,0.06166333332657814,0.09323890507221222
134,750.8771362304688,34.26115417480469,0.006414147559553385,0.058020662516355515,0.08008837699890137,863.310302734375,37.347164154052734,0.008343873545527458,0.06119026243686676,0.09134480357170105
135,757.4511108398438,34.37704849243164,0.006501876283437014,0.05761251598596573,0.0806342139840126,860.6301879882812,37.073974609375,0.00830168928951025,0.06026840955018997,0.0911136046051979
136,785.3632202148438,34.63373565673828,0.006784620229154825,0.05962943658232689,0.08236880600452423,868.8368530273438,37.482173919677734,0.008399884216487408,0.0612359456717968,0.09165088087320328
137,739.8468627929688,33.039005279541016,0.006139667704701424,0.05715023726224899,0.07835603505373001,888.1539916992188,38.046775817871094,0.008778011426329613,0.061667200177907944,0.09369104355573654
138,753.347412109375,34.006919860839844,0.006315890233963728,0.05741250887513161,0.07947257906198502,872.8167114257812,38.02246856689453,0.008573455736041069,0.06197291612625122,0.09259295463562012
139,754.1487426757812,33.056976318359375,0.006244997959583998,0.05715453624725342,0.07902529835700989,881.3292236328125,38.060482025146484,0.008677452802658081,0.06187057122588158,0.09315284341573715
140,768.90380859375,32.86941909790039,0.006384363863617182,0.05777090787887573,0.07990221679210663,876.0270385742188,37.77922058105469,0.00861591100692749,0.06117095798254013,0.09282193332910538
141,753.4132080078125,32.45539093017578,0.006140220910310745,0.05639660730957985,0.07835955917835236,876.141357421875,37.73286437988281,0.008566614240407944,0.06175096705555916,0.09255600720643997
142,756.6295776367188,33.591861724853516,0.006312248762696981,0.05736927688121796,0.07944966852664948,877.17138671875,37.646568298339844,0.008606793358922005,0.061221517622470856,0.09277280420064926
143,749.091552734375,32.97145462036133,0.006184829398989677,0.057106249034404755,0.07864368706941605,872.2442016601562,37.49979782104492,0.008491522632539272,0.06027732789516449,0.09214945882558823
144,768.5276489257812,33.33245849609375,0.006332135293632746,0.05757250264286995,0.07957471162080765,868.0214233398438,37.482242584228516,0.008419317193329334,0.06103610247373581,0.09175683557987213
145,736.4397583007812,33.98799514770508,0.006191936321556568,0.05733209848403931,0.0786888599395752,871.5018310546875,37.746150970458984,0.008541000075638294,0.0613228939473629,0.09241753071546555
146,736.3395385742188,33.46173095703125,0.0060608577914536,0.05614149942994118,0.07785151153802872,865.9652709960938,37.47388458251953,0.008405576460063457,0.06095876917243004,0.09168192744255066
147,758.5946655273438,33.21804428100586,0.006290499586611986,0.0573309063911438,0.07931266725063324,879.326904296875,37.95180892944336,0.008687030524015427,0.0615604892373085,0.09320423752069473
148,753.195068359375,33.52277755737305,0.0063364384695887566,0.0573139563202858,0.07960174977779388,869.0119018554688,37.221717834472656,0.008403321728110313,0.061445847153663635,0.09166962653398514
149,744.2612915039062,32.705963134765625,0.006082438863813877,0.056114524602890015,0.07798999547958374,878.7667236328125,37.76637268066406,0.008664222434163094,0.061423394829034805,0.09308180212974548
150,740.2220458984375,33.66847229003906,0.006166971754282713,0.05766551196575165,0.07853006571531296,867.4525756835938,37.50199890136719,0.008473824709653854,0.06087418645620346,0.0920533761382103
151,757.7749633789062,33.43125915527344,0.006304465234279633,0.05677085369825363,0.07940066605806351,862.82861328125,37.53010559082031,0.008374026976525784,0.0613134428858757,0.09150970727205276
152,742.6979370117188,33.92875671386719,0.006287723314017057,0.057922590523958206,0.07929516583681107,860.6328735351562,37.76660919189453,0.00838438794016838,0.061842381954193115,0.091566301882267
153,755.118408203125,33.64170837402344,0.006319353356957436,0.05769667774438858,0.07949435710906982,857.9450073242188,37.24686050415039,0.008276368491351604,0.06066368147730827,0.09097454696893692
154,742.9810791015625,32.96891784667969,0.006095785181969404,0.05611494556069374,0.07807550579309464,860.97021484375,37.1092529296875,0.008296412415802479,0.06009897217154503,0.09108464419841766
155,712.9876098632812,32.71982192993164,0.005784344393759966,0.055563464760780334,0.0760548785328865,860.7847290039062,37.202919006347656,0.008329072035849094,0.05994737148284912,0.09126374870538712
156,738.534912109375,32.50749969482422,0.005974696483463049,0.055666811764240265,0.07729616016149521,865.6095581054688,37.68427276611328,0.00842520035803318,0.06042362377047539,0.0917888954281807
157,737.2198486328125,32.81471633911133,0.0060974168591201305,0.056016720831394196,0.07808595895767212,868.1575317382812,37.547611236572266,0.008449452929198742,0.060748036950826645,0.0919208973646164
158,743.8310546875,32.47853469848633,0.00605896208435297,0.05616330727934837,0.07783933728933334,867.5906372070312,37.491825103759766,0.008445500396192074,0.060659896582365036,0.09189940243959427
159,736.653076171875,32.57927703857422,0.006023126188665628,0.05615343153476715,0.07760880142450333,866.4486083984375,37.4139518737793,0.008406891487538815,0.06073473393917084,0.0916891023516655
160,753.5594482421875,32.68522262573242,0.0062225572764873505,0.057041753083467484,0.07888318598270416,873.4822998046875,37.167762756347656,0.008457537740468979,0.06194305419921875,0.09196487069129944
161,723.2383422851562,33.1806755065918,0.0059354170225560665,0.05610274523496628,0.07704165577888489,868.3602905273438,37.969871520996094,0.008481739088892937,0.06194353848695755,0.09209635108709335
162,731.9024047851562,32.84465026855469,0.005983925424516201,0.05605408921837807,0.07735583931207657,881.7881469726562,37.378440856933594,0.00862802378833294,0.06100763753056526,0.09288716316223145
163,714.7214965820312,32.08372116088867,0.0057702516205608845,0.05528847128152847,0.07596217840909958,863.981689453125,37.294063568115234,0.008358078077435493,0.06030907854437828,0.09142252802848816
164,739.0148315429688,32.77760314941406,0.0061305733397603035,0.056787844747304916,0.07829798012971878,878.070068359375,37.6729736328125,0.008609306067228317,0.061730917543172836,0.09278634935617447
165,739.33740234375,33.19501876831055,0.006193585228174925,0.05679839104413986,0.07869933545589447,879.8062744140625,38.15789031982422,0.00870881974697113,0.061466630548238754,0.0933210551738739
166,730.771484375,32.425567626953125,0.0058043403550982475,0.0551808625459671,0.07618622481822968,859.3275756835938,37.32328796386719,0.00828026607632637,0.060671448707580566,0.09099596738815308
167,753.1871948242188,32.152400970458984,0.006095739547163248,0.056254591792821884,0.07807521522045135,879.216064453125,37.71316909790039,0.008633725345134735,0.06143953278660774,0.09291784465312958
168,726.7493896484375,32.59870910644531,0.0060137431137263775,0.0559920109808445,0.0775483250617981,867.4295654296875,36.791378021240234,0.008328612893819809,0.06070604547858238,0.09126123785972595
169,741.8193359375,32.15239715576172,0.00595184275880456,0.05633337423205376,0.0771481841802597,868.2794799804688,37.18463134765625,0.008418443612754345,0.060460127890110016,0.0917520821094513
170,717.0621337890625,32.282012939453125,0.005765754263848066,0.05540432408452034,0.0759325623512268,858.90576171875,37.00480270385742,0.008258506655693054,0.060041628777980804,0.09087632596492767
171,740.8232421875,33.10765838623047,0.006126892752945423,0.05652442201972008,0.07827446609735489,869.5552368164062,37.53990173339844,0.008487728424370289,0.061044372618198395,0.09212888032197952
172,721.1381225585938,32.72920608520508,0.005856377072632313,0.0555025115609169,0.07652696967124939,865.98583984375,37.497806549072266,0.008416840806603432,0.06087079271674156,0.0917433425784111
173,721.7637329101562,32.58058166503906,0.005801617167890072,0.055613961070775986,0.07616835087537766,858.0298461914062,37.13505935668945,0.008251018822193146,0.06063700467348099,0.09083511680364609
174,724.7711791992188,32.829681396484375,0.005896131042391062,0.05568579211831093,0.07678627222776413,849.7357177734375,37.37590026855469,0.008171426132321358,0.060269586741924286,0.09039594233036041
175,728.1398315429688,32.24922561645508,0.005893101450055838,0.05535898357629776,0.07676653563976288,852.2672119140625,37.00398254394531,0.008191169239580631,0.06012130528688431,0.09050507843494415
176,700.9690551757812,32.95481491088867,0.005694146268069744,0.0548451691865921,0.0754595696926117,860.9979858398438,37.37446594238281,0.00833906326442957,0.06076742708683014,0.09131847321987152
177,717.8772583007812,32.55299758911133,0.005801552440971136,0.05485134944319725,0.07616792619228363,867.4971923828125,38.440792083740234,0.008639252744615078,0.06127683445811272,0.0929475799202919
178,734.6594848632812,32.86592483520508,0.006015829276293516,0.056167785078287125,0.07756178081035614,864.2698974609375,37.80792236328125,0.008438996970653534,0.060594044625759125,0.09186401218175888
179,737.2067260742188,32.125484466552734,0.005956949200481176,0.0555855967104435,0.07718127220869064,846.784912109375,37.719703674316406,0.008197554387152195,0.06060275435447693,0.09054034948348999
180,701.2763671875,32.765296936035156,0.005687573924660683,0.055018939077854156,0.07541600614786148,859.3436889648438,38.26727294921875,0.00843028910458088,0.06126033142209053,0.09181660413742065
181,718.4539794921875,32.69398880004883,0.005832595285028219,0.05514915660023689,0.07637142390012741,864.7164306640625,38.17626953125,0.008490927517414093,0.061582427471876144,0.09214622527360916
182,722.2850341796875,32.262359619140625,0.0058342088013887405,0.05522570013999939,0.07638199627399445,850.5879516601562,37.05045700073242,0.008151049725711346,0.05952183157205582,0.09028317034244537
183,723.1002197265625,33.000640869140625,0.005774506367743015,0.0557272769510746,0.07599017024040222,864.7418823242188,37.43548583984375,0.008385852910578251,0.06072962284088135,0.0915743038058281
184,720.3292846679688,32.925628662109375,0.005848428700119257,0.05527719110250473,0.07647501677274704,861.7643432617188,37.38044357299805,0.008370153605937958,0.05996057391166687,0.0914885401725769
185,713.2811889648438,33.190818786621094,0.005858218297362328,0.055697787553071976,0.07653899490833282,863.519775390625,37.57341384887695,0.008408589288592339,0.06017341464757919,0.09169836342334747
186,715.1486206054688,33.24494934082031,0.005843538325279951,0.05541915073990822,0.07644303888082504,865.291015625,37.251590728759766,0.00837743654847145,0.06012510880827904,0.09152833372354507
187,699.1339721679688,32.71696472167969,0.005724119953811169,0.05447966605424881,0.0756579115986824,871.4320678710938,37.51205825805664,0.008505999110639095,0.060546912252902985,0.09222797304391861
188,724.1661376953125,32.113502502441406,0.0057946182787418365,0.05543937906622887,0.07612238824367523,864.46630859375,37.76075744628906,0.008444282226264477,0.06063850596547127,0.0918927788734436
189,710.1729125976562,31.102888107299805,0.005546972155570984,0.053982775658369064,0.07447800040245056,864.4917602539062,37.90641403198242,0.008455260656774044,0.06033037602901459,0.09195248782634735
190,706.4598999023438,31.75503921508789,0.005665821488946676,0.05479489639401436,0.07527165114879608,857.2379150390625,37.760101318359375,0.008298493921756744,0.0607147216796875,0.09109607338905334
191,703.6350708007812,32.69940185546875,0.00582179194316268,0.05545360967516899,0.07630066573619843,849.0940551757812,37.21337890625,0.00813479907810688,0.05969969183206558,0.09019310772418976
192,729.773193359375,33.36374282836914,0.005891764536499977,0.05600189045071602,0.07675783336162567,856.739501953125,37.87879943847656,0.008326638489961624,0.060671038925647736,0.09125041961669922
193,705.3250732421875,32.730079650878906,0.005748944357037544,0.055184826254844666,0.07582179456949234,864.5258178710938,38.16521072387695,0.008463854901492596,0.06208908557891846,0.09199921041727066
194,706.4590454101562,31.130952835083008,0.005514624062925577,0.05413680523633957,0.07426051795482635,850.158447265625,37.12007141113281,0.00813925452530384,0.05959727242588997,0.09021781384944916
195,702.2985229492188,32.0946044921875,0.005599196068942547,0.054045237600803375,0.07482777535915375,864.3468017578125,38.78717041015625,0.008573144674301147,0.06150217354297638,0.09259127825498581
196,690.2633056640625,31.412748336791992,0.005397651344537735,0.05326308682560921,0.07346870750188828,868.9085693359375,37.906402587890625,0.008590275421738625,0.06020577624440193,0.09268373996019363
197,718.411376953125,32.23865509033203,0.005790705792605877,0.05458882078528404,0.07609668374061584,864.7340698242188,37.28999710083008,0.00839164573699236,0.0597057081758976,0.09160592406988144
198,720.7957763671875,32.48634719848633,0.005765930283814669,0.054260700941085815,0.07593372464179993,876.6513671875,37.50172424316406,0.008562808856368065,0.06082554906606674,0.09253544360399246
199,712.4192504882812,32.58395004272461,0.005748118739575148,0.05503964051604271,0.07581634819507599,875.1784057617188,37.50898742675781,0.008539075031876564,0.060708168894052505,0.09240711480379105
200,732.49658203125,32.143775939941406,0.0059094661846756935,0.05534805729985237,0.0768730491399765,862.8160400390625,36.908607482910156,0.008267873898148537,0.059942927211523056,0.0909278467297554
201,706.5289306640625,31.95447540283203,0.0056535424664616585,0.05456022545695305,0.07519004493951797,855.218505859375,37.0986213684082,0.008222966454923153,0.05947054550051689,0.0906805768609047
202,708.0558471679688,31.574920654296875,0.005582076497375965,0.054285019636154175,0.07471329718828201,860.2421875,37.18475341796875,0.008282411843538284,0.060093823820352554,0.09100775420665741
203,691.916015625,31.793292999267578,0.0054036695510149,0.05341333895921707,0.07350965589284897,852.818359375,36.84113693237305,0.008158584125339985,0.05933717265725136,0.09032487869262695
204,700.0836791992188,30.87377166748047,0.00536653958261013,0.05359378457069397,0.07325667142868042,855.9090576171875,36.81072235107422,0.00817367434501648,0.059360288083553314,0.09040837734937668
205,693.5012817382812,31.756553649902344,0.005525309592485428,0.05400240048766136,0.07433242350816727,862.3097534179688,37.07929229736328,0.008304941467940807,0.06004832684993744,0.09113144874572754
206,701.398681640625,32.321319580078125,0.005588403437286615,0.05484214425086975,0.07475562393665314,854.067626953125,37.07188415527344,0.008189493790268898,0.05994001403450966,0.09049582481384277
207,693.9801635742188,31.922346115112305,0.005553503520786762,0.054423943161964417,0.07452183216810226,854.3816528320312,36.72453308105469,0.008133026771247387,0.05963757261633873,0.09018329530954361
208,703.1726684570312,32.43059539794922,0.005618666764348745,0.05449623987078667,0.07495776563882828,857.5785522460938,36.99986267089844,0.008250311948359013,0.06019297242164612,0.0908312276005745
209,714.1065673828125,32.57037353515625,0.0057208645157516,0.054892126470804214,0.07563639432191849,859.1354370117188,37.127017974853516,0.008250772953033447,0.06011195853352547,0.09083376824855804
210,701.4841918945312,31.513090133666992,0.005459530744701624,0.05362030118703842,0.0738886371254921,863.5798950195312,37.510292053222656,0.00839585904031992,0.06010041385889053,0.09162892401218414
211,686.5748291015625,32.15549850463867,0.005484904628247023,0.05426214262843132,0.07406014204025269,859.3032836914062,37.615562438964844,0.008326270617544651,0.06035520136356354,0.09124839305877686
212,678.5087890625,32.09416961669922,0.005398901645094156,0.05296013131737709,0.07347721606492996,856.4169921875,37.02435302734375,0.008197791874408722,0.05961477756500244,0.09054166078567505
213,708.7088623046875,31.93140411376953,0.005606223829090595,0.05428534001111984,0.07487472146749496,849.6941528320312,37.11512756347656,0.008114051073789597,0.05933766067028046,0.09007802605628967
214,704.9295043945312,31.315088272094727,0.005465998314321041,0.053332164883613586,0.07393239438533783,853.1417236328125,37.80082321166992,0.00828859955072403,0.060063403099775314,0.09104174375534058
215,703.4619140625,31.132034301757812,0.005484756547957659,0.05371423810720444,0.0740591436624527,864.0674438476562,38.27849578857422,0.00849913526326418,0.06084468588232994,0.09219075739383698
216,692.45751953125,32.33304214477539,0.00548316165804863,0.053758684545755386,0.07404837012290955,861.0631713867188,38.215572357177734,0.008480015210807323,0.06053156778216362,0.09208698570728302
217,699.395263671875,32.63795852661133,0.005584262311458588,0.05403834953904152,0.07472792267799377,865.4617919921875,37.56562042236328,0.008365442976355553,0.06003912538290024,0.09146279841661453
218,698.8475952148438,31.981470108032227,0.005503376014530659,0.05381876230239868,0.07418474555015564,852.8381958007812,37.61045837402344,0.008211235515773296,0.05972476676106453,0.09061586856842041
219,671.7230834960938,31.872554779052734,0.005288916639983654,0.05278545245528221,0.07272493839263916,854.0319213867188,37.20664596557617,0.008176741190254688,0.060121845453977585,0.09042533487081528
220,682.6902465820312,31.26148223876953,0.005352359265089035,0.05305696278810501,0.0731598287820816,859.4200439453125,37.604469299316406,0.008289583027362823,0.060532595962285995,0.09104714542627335
221,697.7901611328125,32.581199645996094,0.005643234122544527,0.05399039760231972,0.07512146234512329,857.028076171875,37.69287872314453,0.008315084502100945,0.06022972613573074,0.09118708968162537
222,691.3744506835938,31.569475173950195,0.00542430067434907,0.05312391370534897,0.07364985346794128,863.5647583007812,37.7679328918457,0.008413322269916534,0.06038491055369377,0.09172416478395462
223,709.9218139648438,31.110136032104492,0.005483340006321669,0.05305897817015648,0.07404957711696625,865.0857543945312,37.664276123046875,0.00839014071971178,0.06073914095759392,0.09159771353006363
224,704.1708984375,32.34236145019531,0.005651663523167372,0.05451542139053345,0.07517755031585693,873.436279296875,37.45870590209961,0.008485524915158749,0.06072193756699562,0.09211690723896027
225,688.18017578125,31.442428588867188,0.005357927642762661,0.05311613157391548,0.0731978639960289,872.1656494140625,37.518489837646484,0.008516709320247173,0.05998553708195686,0.09228602051734924
226,695.81005859375,31.575965881347656,0.005453657824546099,0.053040068596601486,0.07384888827800751,861.211669921875,37.42249298095703,0.008361611515283585,0.0602535679936409,0.09144183993339539
227,676.4425048828125,31.278139114379883,0.005262002348899841,0.052948106080293655,0.07253965735435486,862.953857421875,37.41044616699219,0.008366852067410946,0.059647541493177414,0.09147049486637115
228,694.9349365234375,31.741147994995117,0.0054893530905246735,0.05386890470981598,0.07409016788005829,858.3170776367188,37.27237319946289,0.008297504857182503,0.05949241667985916,0.09109064191579819
229,696.7022094726562,32.39471435546875,0.005543755367398262,0.05387960001826286,0.07445640116930008,860.2242431640625,38.520042419433594,0.008476858027279377,0.06137707829475403,0.09206985682249069
230,679.5029296875,30.674917221069336,0.005180873908102512,0.052533697336912155,0.07197828590869904,850.9446411132812,37.09735107421875,0.008186005987226963,0.059443872421979904,0.09047655016183853
231,680.0021362304688,30.660938262939453,0.005127620417624712,0.05239972472190857,0.07160740345716476,870.546630859375,37.41376876831055,0.008474125526845455,0.06010403856635094,0.09205501526594162
232,677.8994140625,31.019594192504883,0.005242491140961647,0.051988571882247925,0.07240504771471024,867.2877807617188,37.73593521118164,0.00844048522412777,0.06089400500059128,0.09187211841344833
233,682.2991333007812,31.265817642211914,0.005212360993027687,0.052608758211135864,0.07219668477773666,864.6987915039062,37.6974983215332,0.008461974561214447,0.060045961290597916,0.09198898822069168
234,690.4031372070312,31.571596145629883,0.005406463518738747,0.05338631197810173,0.07352865487337112,865.1201782226562,37.625850677490234,0.008428203873336315,0.06046737730503082,0.09180525690317154
235,675.8388671875,31.09560203552246,0.005307472310960293,0.05277681723237038,0.07285239547491074,870.7120361328125,37.28974533081055,0.008464954793453217,0.06026337668299675,0.09200519323348999
236,702.8496704101562,31.654603958129883,0.0055388519540429115,0.05387995392084122,0.07442346215248108,860.3201293945312,37.06657409667969,0.008226941339671612,0.060406435281038284,0.09070248901844025
237,669.282470703125,31.308910369873047,0.005119331646710634,0.05200223624706268,0.07154950499534607,854.805908203125,37.27701950073242,0.008243146352469921,0.059806548058986664,0.09079177677631378
238,680.0858764648438,30.998029708862305,0.005272556561976671,0.05247106775641441,0.07261237502098083,861.6092529296875,38.1002311706543,0.008432074449956417,0.06113824620842934,0.09182632714509964
239,670.47509765625,31.313085556030273,0.0052049714140594006,0.052638471126556396,0.0721454843878746,863.9280395507812,37.36023712158203,0.008384008891880512,0.06019655242562294,0.09156423062086105
240,700.8868408203125,31.560640335083008,0.005466042086482048,0.05384163558483124,0.07393268495798111,864.2383422851562,37.3111572265625,0.00836877804249525,0.05974099785089493,0.09148102253675461
241,684.6951293945312,31.924072265625,0.005417496431618929,0.052968017756938934,0.07360364496707916,875.6246337890625,37.54954528808594,0.008518007583916187,0.0605325885117054,0.09229305386543274
242,694.3521118164062,31.155147552490234,0.005410117097198963,0.05367962643504143,0.07355349510908127,874.13671875,37.843772888183594,0.008575786836445332,0.06108967959880829,0.09260554611682892
243,683.9573364257812,31.419517517089844,0.0053030382841825485,0.05278082564473152,0.0728219598531723,868.6536254882812,37.602333068847656,0.008419683203101158,0.060666732490062714,0.0917588397860527
244,685.8140869140625,31.30740737915039,0.0052892426028847694,0.05256273224949837,0.07272718101739883,857.0217895507812,37.59325408935547,0.008337355218827724,0.06030035391449928,0.09130912274122238
245,683.8773193359375,31.93604850769043,0.005372326821088791,0.05318937823176384,0.07329615950584412,864.4072875976562,37.22203063964844,0.008327789604663849,0.0603114515542984,0.09125673025846481
246,702.1875,31.60964012145996,0.005524433683604002,0.05345437675714493,0.0743265375494957,871.9198608398438,37.25047302246094,0.00850234180688858,0.060019586235284805,0.0922081470489502
247,681.5169677734375,31.19388198852539,0.005327132530510426,0.052756987512111664,0.07298720628023148,860.171875,37.62644958496094,0.008384077809751034,0.05994878709316254,0.0915646180510521
248,676.1846313476562,31.102294921875,0.005181855987757444,0.05233122408390045,0.07198511064052582,863.993896484375,37.777137756347656,0.008465760387480259,0.0596635639667511,0.09200955927371979
249,665.5993041992188,30.165231704711914,0.0050150733441114426,0.05155874788761139,0.07081717997789383,859.9708251953125,37.13926696777344,0.00828046165406704,0.05949920788407326,0.09099704027175903
250,674.8779296875,30.867145538330078,0.005150373559445143,0.05233314260840416,0.07176610082387924,863.9893798828125,37.009891510009766,0.008320736698806286,0.060098014771938324,0.09121806919574738
251,658.4110107421875,30.521425247192383,0.005007004830986261,0.05146058648824692,0.07076019048690796,866.1184692382812,37.30491638183594,0.008414397947490215,0.06007261574268341,0.0917300283908844
252,674.7705078125,31.108802795410156,0.00518483342602849,0.05204072222113609,0.07200578600168228,866.0607299804688,37.37175750732422,0.00842974055558443,0.05977384373545647,0.09181361645460129
253,669.8865966796875,30.344200134277344,0.005094070453196764,0.05163439363241196,0.07137276232242584,862.9591674804688,37.550418853759766,0.008403385989367962,0.05992059409618378,0.09166998416185379
254,692.3239135742188,30.606414794921875,0.005272187292575836,0.052943404763936996,0.07260982692241669,866.369140625,36.92544174194336,0.008380739949643612,0.059506677091121674,0.09154637902975082
255,700.0236206054688,30.811704635620117,0.005341573618352413,0.052844755351543427,0.07308606803417206,868.5493774414062,37.30357360839844,0.008438440039753914,0.06079922989010811,0.09186097979545593
256,681.2903442382812,30.105472564697266,0.005141304340213537,0.051893915981054306,0.07170289009809494,860.512451171875,37.50522232055664,0.008358977735042572,0.060231342911720276,0.09142743796110153
257,680.4280395507812,30.56216812133789,0.005182173568755388,0.052636925131082535,0.07198731601238251,855.220947265625,37.27961730957031,0.008321800269186497,0.05864018201828003,0.09122390300035477
258,695.8836669921875,30.437509536743164,0.005331595428287983,0.052352000027894974,0.07301777601242065,852.6997680664062,37.190731048583984,0.00824033748358488,0.0591619499027729,0.09077630192041397
259,666.828857421875,30.719087600708008,0.00511390483006835,0.05192633718252182,0.07151157408952713,864.375244140625,37.39809799194336,0.008459758013486862,0.05988297984004021,0.09197694063186646
260,674.5750732421875,31.245737075805664,0.005194433499127626,0.05214732885360718,0.07207242399454117,865.1112060546875,37.32395935058594,0.0084574855864048,0.05930865556001663,0.09196458756923676
261,650.6370849609375,31.504980087280273,0.004999503958970308,0.05177941545844078,0.07070716470479965,849.784423828125,37.371673583984375,0.00823341403156519,0.05970456451177597,0.09073816239833832
262,661.44384765625,31.296173095703125,0.005081572104245424,0.05174000933766365,0.07128514349460602,867.7244873046875,37.43120574951172,0.008449840359389782,0.06059947609901428,0.09192300587892532
263,675.7026977539062,31.520647048950195,0.005329248495399952,0.05287699028849602,0.07300170511007309,860.4979248046875,37.48209762573242,0.00839926116168499,0.060216955840587616,0.09164748340845108
