epoch,RMSE_P,RMSE_T,loss,mean_absolute_error,root_mean_squared_error,val_RMSE_P,val_RMSE_T,val_loss,val_mean_absolute_error,val_root_mean_squared_error
0,4999.0849609375,513.3877563476562,0.7207279801368713,0.6112651824951172,0.8489570021629333,3708.0859375,403.7498779296875,0.4313333332538605,0.48043063282966614,0.6567597389221191
1,3328.289794921875,349.0108642578125,0.3327382206916809,0.41118159890174866,0.5768346190452576,2644.06396484375,272.3590393066406,0.20143605768680573,0.3304273784160614,0.44881629943847656
2,2473.990478515625,242.27586364746094,0.16189327836036682,0.2922365367412567,0.40235963463783264,2154.215576171875,194.37229919433594,0.10982894897460938,0.24744313955307007,0.33140450716018677
3,2073.16357421875,176.42852783203125,0.09369231015443802,0.22501608729362488,0.3060919940471649,1921.7005615234375,151.92431640625,0.07273677736520767,0.20168934762477875,0.2696975767612457
4,1858.9503173828125,140.7620391845703,0.06481945514678955,0.19007624685764313,0.25459665060043335,1806.0816650390625,131.35877990722656,0.05791076272726059,0.17881567776203156,0.24064655601978302
5,1771.2598876953125,122.77239227294922,0.051905129104852676,0.1720721423625946,0.22782696783542633,1737.89501953125,119.10355377197266,0.050083983689546585,0.16538111865520477,0.22379450500011444
6,1693.3963623046875,110.62332153320312,0.04528914764523506,0.1610400676727295,0.21281246840953827,1694.654541015625,111.2064208984375,0.045464638620615005,0.15694014728069305,0.2132243812084198
7,1660.4393310546875,102.38797760009766,0.04074801504611969,0.15330733358860016,0.20186138153076172,1658.0106201171875,105.21353149414062,0.04205292835831642,0.15093444287776947,0.20506812632083893
8,1618.9302978515625,96.70805358886719,0.037669532001018524,0.14780506491661072,0.19408640265464783,1619.6790771484375,100.20579528808594,0.03905630484223366,0.1460278034210205,0.19762668013572693
9,1575.39208984375,93.37919616699219,0.03520197793841362,0.142779141664505,0.18762190639972687,1588.0003662109375,95.84781646728516,0.03661173954606056,0.14160026609897614,0.19134193658828735
10,1548.768798828125,88.94194793701172,0.033161479979753494,0.13880831003189087,0.18210294842720032,1570.4678955078125,91.81028747558594,0.03468328341841698,0.13810941576957703,0.1862344890832901
11,1527.361328125,85.86003875732422,0.031468745321035385,0.1349339634180069,0.1773943305015564,1549.2554931640625,88.94923400878906,0.03316018730401993,0.13471129536628723,0.18209940195083618
12,1521.379638671875,82.23296356201172,0.02994537353515625,0.13137026131153107,0.17304731905460358,1531.4501953125,85.8232650756836,0.031620822846889496,0.13151630759239197,0.17782245576381683
13,1494.09716796875,79.78996276855469,0.028652727603912354,0.12810808420181274,0.16927115619182587,1516.64892578125,83.05281066894531,0.030337341129779816,0.12862138450145721,0.1741761714220047
14,1473.7210693359375,77.36790466308594,0.027454407885670662,0.12520211935043335,0.1656937301158905,1500.71875,80.3526840209961,0.02907739393413067,0.12581142783164978,0.17052094638347626
15,1472.955322265625,74.61312103271484,0.0264027900993824,0.12241821736097336,0.16248935461044312,1487.334228515625,77.74951934814453,0.027951613068580627,0.12335304170846939,0.16718736290931702
16,1432.17724609375,72.83746337890625,0.02548149786889553,0.12004952877759933,0.15962925553321838,1475.2930908203125,75.68033599853516,0.027014954015612602,0.12098749727010727,0.16436226665973663
17,1440.6541748046875,70.62212371826172,0.024637404829263687,0.11787500977516174,0.15696308016777039,1468.16748046875,73.6252212524414,0.026245824992656708,0.11894657462835312,0.16200563311576843
18,1420.4632568359375,68.77896118164062,0.02387978509068489,0.11555500328540802,0.1545308530330658,1455.6234130859375,72.21717071533203,0.02553497813642025,0.11707073450088501,0.15979667007923126
19,1415.0576171875,67.53723907470703,0.023200204595923424,0.11369579285383224,0.1523161381483078,1458.514404296875,70.1557388305664,0.024964148178696632,0.11555097997188568,0.15800046920776367
20,1416.5322265625,65.12371063232422,0.02272307500243187,0.11217841506004333,0.15074175596237183,1444.4522705078125,68.74312591552734,0.024267083033919334,0.11404284089803696,0.15577895939350128
21,1402.6949462890625,64.03341674804688,0.022029832005500793,0.11049385368824005,0.14842450618743896,1431.868896484375,67.49715423583984,0.023626701906323433,0.11255958676338196,0.1537097990512848
22,1391.6529541015625,62.279666900634766,0.021588243544101715,0.10898575931787491,0.14692938327789307,1427.7255859375,66.41825866699219,0.023222757503390312,0.11116018146276474,0.15239015221595764
23,1385.3724365234375,61.31834411621094,0.021108442917466164,0.10748057067394257,0.14528745412826538,1424.1409912109375,64.99186706542969,0.022784462198615074,0.10993647575378418,0.15094523131847382
24,1378.848876953125,60.7601203918457,0.020719055086374283,0.10639224201440811,0.14394116401672363,1423.5047607421875,64.26005554199219,0.022547712549567223,0.10901796817779541,0.15015895664691925
25,1369.5006103515625,59.3338737487793,0.020380038768053055,0.10543577373027802,0.14275866746902466,1418.77001953125,63.33998107910156,0.02219458483159542,0.1079217791557312,0.14897847175598145
26,1367.9007568359375,58.78754806518555,0.020061468705534935,0.10445627570152283,0.14163851737976074,1413.2783203125,62.73418426513672,0.021924076601862907,0.10672309249639511,0.14806781709194183
27,1352.4376220703125,57.54071807861328,0.019717751070857048,0.10321896523237228,0.14041991531848907,1412.0775146484375,61.69416046142578,0.021627657115459442,0.10614410042762756,0.1470634490251541
28,1363.5435791015625,57.5930061340332,0.019498787820339203,0.10258973389863968,0.13963806629180908,1404.07373046875,61.18892288208008,0.02133474312722683,0.10493665933609009,0.1460641622543335
29,1364.912841796875,56.28871154785156,0.019279375672340393,0.10186512023210526,0.13885019719600677,1400.95166015625,60.58353805541992,0.0211174339056015,0.1042853593826294,0.1453183889389038
30,1345.832275390625,55.2386589050293,0.019041988998651505,0.10122592002153397,0.1379927098751068,1402.3743896484375,60.03913879394531,0.021007757633924484,0.10351764410734177,0.14494052529335022
31,1339.7415771484375,55.76033401489258,0.018809739500284195,0.10049441456794739,0.13714860379695892,1391.693603515625,59.4117431640625,0.020662421360611916,0.10252232104539871,0.14374428987503052
32,1333.7978515625,54.410194396972656,0.01862790808081627,0.09956171363592148,0.13648410141468048,1396.51318359375,59.34737014770508,0.02069031447172165,0.10267125815153122,0.14384128153324127
33,1335.7347412109375,54.12261962890625,0.0184243842959404,0.09931611269712448,0.13573645055294037,1396.4049072265625,58.80003356933594,0.020583083853125572,0.10175954550504684,0.14346806704998016
34,1330.4691162109375,53.352359771728516,0.01830243319272995,0.09872795641422272,0.13528648018836975,1389.1722412109375,58.29020309448242,0.020296316593885422,0.10183444619178772,0.14246514439582825
35,1324.3011474609375,52.785125732421875,0.018078848719596863,0.09788340330123901,0.13445760309696198,1385.119140625,57.94580841064453,0.020156534388661385,0.10076666623353958,0.14197371900081635
36,1318.2196044921875,52.459999084472656,0.01793736219406128,0.09740682691335678,0.13393044471740723,1380.5955810546875,57.84754943847656,0.020034288987517357,0.10030826926231384,0.14154253900051117
37,1320.4132080078125,52.54498291015625,0.017856134101748466,0.09736683964729309,0.13362683355808258,1391.826904296875,57.45199966430664,0.02017732709646225,0.10019632428884506,0.14204691350460052
38,1313.6419677734375,52.03619384765625,0.0176861435174942,0.09644696861505508,0.13298925757408142,1377.249755859375,57.16049575805664,0.01982325315475464,0.09955544024705887,0.14079508185386658
39,1313.690673828125,51.51679992675781,0.017569052055478096,0.09613767266273499,0.13254830241203308,1370.52294921875,56.97532653808594,0.019642097875475883,0.09947976469993591,0.1401502639055252
40,1315.2689208984375,51.15093994140625,0.017469560727477074,0.09598098695278168,0.13217246532440186,1367.876953125,56.60012435913086,0.01952778361737728,0.09892358630895615,0.13974185287952423
41,1311.52783203125,51.264808654785156,0.01732463948428631,0.09530799835920334,0.13162308931350708,1364.4154052734375,56.608795166015625,0.019456328824162483,0.09855309128761292,0.1394859403371811
42,1301.7606201171875,50.9753532409668,0.017259936779737473,0.09515677392482758,0.13137708604335785,1377.6649169921875,56.40126419067383,0.019661100581288338,0.09897459298372269,0.14021804928779602
43,1304.4697265625,50.583492279052734,0.017256440594792366,0.09518405795097351,0.13136377930641174,1358.181396484375,56.17481994628906,0.01925458014011383,0.09791946411132812,0.13876087963581085
44,1302.6260986328125,50.65669631958008,0.01714349538087845,0.0947352722287178,0.13093316555023193,1364.6490478515625,56.22353744506836,0.019363708794116974,0.09794960916042328,0.13915354013442993
45,1305.3955078125,49.879207611083984,0.0170107614248991,0.09428299963474274,0.13042530417442322,1354.0592041015625,55.93359375,0.019110113382339478,0.09770243614912033,0.13823933899402618
46,1297.8380126953125,50.27162170410156,0.01691628433763981,0.09382130205631256,0.13006260991096497,1357.4281005859375,55.74629211425781,0.019129054620862007,0.09752632677555084,0.1383078247308731
47,1293.9625244140625,49.866111755371094,0.016747094690799713,0.09362294524908066,0.12941056489944458,1359.3758544921875,55.75102233886719,0.019157649949193,0.09729612618684769,0.13841116428375244
48,1291.930419921875,49.6713981628418,0.01675179973244667,0.09352073818445206,0.12942872941493988,1353.83740234375,55.475486755371094,0.019026756286621094,0.09681247174739838,0.1379375159740448
49,1300.9512939453125,49.31468963623047,0.016677435487508774,0.09312018007040024,0.12914115190505981,1353.659423828125,55.418704986572266,0.018977297469973564,0.09727822989225388,0.13775810599327087
50,1284.616943359375,48.995323181152344,0.01656988635659218,0.09312990307807922,0.12872406840324402,1355.991455078125,55.20906066894531,0.018994342535734177,0.0966005027294159,0.13781996071338654
51,1284.0096435546875,48.91328811645508,0.016496270895004272,0.09259374439716339,0.128437802195549,1351.281005859375,55.49628829956055,0.01892950013279915,0.09679164737462997,0.13758452236652374
52,1279.0350341796875,48.7513542175293,0.01640905812382698,0.09227236360311508,0.12809784710407257,1347.3558349609375,55.09039306640625,0.018780792132019997,0.09638531506061554,0.1370430290699005
53,1281.78857421875,48.51612091064453,0.016370905563235283,0.09236694127321243,0.1279488354921341,1344.996337890625,54.85036849975586,0.018695013597607613,0.09618880599737167,0.13672971725463867
54,1280.7923583984375,48.51316833496094,0.016276119276881218,0.09204692393541336,0.12757788598537445,1340.429931640625,55.27631759643555,0.01868162676692009,0.09583393484354019,0.1366807520389557
55,1283.5419921875,48.468170166015625,0.01622619852423668,0.09165816009044647,0.1273820996284485,1339.1641845703125,54.71064758300781,0.018559234216809273,0.09565060585737228,0.13623228669166565
56,1283.16845703125,48.29178237915039,0.016255168244242668,0.09199763089418411,0.12749575078487396,1342.5362548828125,54.54505920410156,0.018603172153234482,0.09532351791858673,0.1363934427499771
57,1275.7255859375,48.10799789428711,0.01609707809984684,0.09144329279661179,0.12687426805496216,1345.16357421875,54.73891067504883,0.01866033859550953,0.09609054028987885,0.13660284876823425
58,1270.552734375,48.24150466918945,0.01598244532942772,0.09100382030010223,0.12642168998718262,1337.9129638671875,54.56368637084961,0.01850295253098011,0.09538131207227707,0.1360255628824234
59,1271.86083984375,48.01229476928711,0.01595962978899479,0.09095103293657303,0.12633143365383148,1337.4385986328125,54.70713424682617,0.018510892987251282,0.09513649344444275,0.13605473935604095
60,1277.133544921875,47.68939971923828,0.01591424271464348,0.09067734330892563,0.1261516660451889,1345.16748046875,54.31220245361328,0.01857289858162403,0.09552212804555893,0.13628242909908295
61,1266.909423828125,47.579837799072266,0.01588212139904499,0.09072313457727432,0.1260242760181427,1335.8643798828125,54.436302185058594,0.01841135509312153,0.09551392495632172,0.13568845391273499
62,1272.1444091796875,47.27357864379883,0.01585248112678528,0.09070997685194016,0.12590663135051727,1347.20947265625,54.20976257324219,0.018582923337817192,0.09581710398197174,0.13631919026374817
63,1260.8018798828125,47.443607330322266,0.015770332887768745,0.09029076993465424,0.12557998299598694,1331.0611572265625,54.185325622558594,0.01827242597937584,0.09492177516222,0.13517554104328156
64,1259.3505859375,47.256343841552734,0.0156500656157732,0.09012794494628906,0.12510022521018982,1343.4676513671875,54.13982009887695,0.018499184399843216,0.09516088664531708,0.13601170480251312
65,1261.079833984375,47.0846061706543,0.015696648508310318,0.09011634439229965,0.125286266207695,1328.0657958984375,53.920963287353516,0.018168335780501366,0.09453870356082916,0.13478997349739075
66,1249.6644287109375,47.285057067871094,0.015534192323684692,0.0896821841597557,0.12463624030351639,1328.6236572265625,53.99135971069336,0.0181939285248518,0.094381183385849,0.13488486409187317
67,1252.232421875,47.11932373046875,0.015540999360382557,0.08946116268634796,0.12466354668140411,1326.3455810546875,54.00348663330078,0.01812041364610195,0.09490667283535004,0.1346120834350586
68,1254.77197265625,46.81620788574219,0.015482115559279919,0.0895359218120575,0.12442714720964432,1323.978759765625,53.971336364746094,0.01810450665652752,0.0943228080868721,0.1345529854297638
69,1248.5587158203125,46.38209915161133,0.015429911203682423,0.08914428949356079,0.1242171972990036,1324.8634033203125,54.03715133666992,0.018115337938070297,0.09421540796756744,0.13459323346614838
70,1254.01318359375,46.63445281982422,0.01542764250189066,0.0891864076256752,0.12420806288719177,1328.2928466796875,53.78008270263672,0.018130367621779442,0.09427608549594879,0.13464905321598053
71,1242.426513671875,46.37808609008789,0.01529708132147789,0.08897174149751663,0.12368136644363403,1334.091064453125,53.6513671875,0.018215926364064217,0.09412766247987747,0.1349663883447647
72,1247.246826171875,46.149009704589844,0.015210328623652458,0.08842132240533829,0.12333016097545624,1321.4124755859375,53.46759796142578,0.017949415370821953,0.0936061292886734,0.13397543132305145
73,1245.9398193359375,46.283103942871094,0.015264246612787247,0.08910354971885681,0.12354855984449387,1320.1513671875,53.438175201416016,0.01794327422976494,0.09317553043365479,0.13395251333713531
74,1245.3450927734375,45.94466018676758,0.015222785994410515,0.08852488547563553,0.12338065356016159,1321.291748046875,53.47658157348633,0.017945071682333946,0.09363847225904465,0.13395921885967255
75,1238.692138671875,45.61826705932617,0.01509823277592659,0.08803554624319077,0.12287486344575882,1325.0078125,53.186038970947266,0.017948605120182037,0.09370416402816772,0.1339724063873291
76,1241.3917236328125,45.789981842041016,0.015064883045852184,0.08795742690563202,0.12273908406496048,1319.2926025390625,53.46752166748047,0.017879990860819817,0.09358992427587509,0.13371607661247253
77,1235.3779296875,45.56882858276367,0.014994898810982704,0.08767864853143692,0.12245365977287292,1319.177978515625,53.21687698364258,0.017869435250759125,0.09316398948431015,0.13367660343647003
78,1244.9150390625,45.72026062011719,0.014967785216867924,0.08775941282510757,0.12234289944171906,1326.339111328125,53.266597747802734,0.01797712966799736,0.09359302371740341,0.13407881557941437
79,1235.927978515625,45.37364959716797,0.014957042410969734,0.08746255934238434,0.12229898571968079,1316.892822265625,53.257781982421875,0.017812557518482208,0.09320086240768433,0.13346368074417114
80,1236.4168701171875,45.16127014160156,0.014899475499987602,0.08725529164075851,0.12206340581178665,1316.8934326171875,52.939476013183594,0.01773025654256344,0.09298846125602722,0.1331550031900406
81,1231.5594482421875,45.48731231689453,0.01485159806907177,0.08730127662420273,0.12186713516712189,1313.1549072265625,52.914459228515625,0.01770051009953022,0.09267918765544891,0.13304325938224792
82,1234.4180908203125,44.997802734375,0.014867092482745647,0.08708027750253677,0.12193068861961365,1317.916259765625,52.997623443603516,0.017755940556526184,0.09305795282125473,0.13325141370296478
83,1237.291748046875,44.9521484375,0.014762639068067074,0.08706420660018921,0.12150160223245621,1308.6995849609375,52.869049072265625,0.017578693106770515,0.09249494969844818,0.13258466124534607
84,1240.87646484375,44.87388229370117,0.014782201498746872,0.08698207139968872,0.12158207595348358,1324.62548828125,53.318424224853516,0.017933601513504982,0.09299951791763306,0.13391639292240143
85,1227.500732421875,44.57418441772461,0.014652637764811516,0.08668944984674454,0.12104808539152145,1305.447265625,52.73201370239258,0.017497528344392776,0.09207452833652496,0.1322782188653946
86,1236.4302978515625,45.106449127197266,0.014657708816230297,0.08630120754241943,0.12106902152299881,1310.8707275390625,52.802242279052734,0.017575696110725403,0.09273026883602142,0.13257336616516113
87,1223.1578369140625,44.228939056396484,0.014625143259763718,0.08645819127559662,0.12093445658683777,1301.3302001953125,52.99408721923828,0.01743183098733425,0.0919327512383461,0.13202965259552002
88,1225.7532958984375,44.267486572265625,0.014656136743724346,0.0865706354379654,0.12106253206729889,1315.9130859375,52.53636932373047,0.017663422971963882,0.09204091876745224,0.1329038143157959
89,1220.350341796875,44.68610763549805,0.014572177082300186,0.08623348921537399,0.12071527540683746,1306.68115234375,52.91923522949219,0.017545470967888832,0.09169232845306396,0.13245931267738342
90,1219.9327392578125,44.034271240234375,0.01450439915060997,0.08580200374126434,0.12043420970439911,1320.8311767578125,52.6671028137207,0.017757229506969452,0.09215737134218216,0.13325625658035278
91,1225.0303955078125,44.314823150634766,0.014493663795292377,0.08560679852962494,0.12038963288068771,1303.269775390625,52.77418518066406,0.01744186319410801,0.09156737476587296,0.13206765055656433
92,1223.187744140625,43.74882888793945,0.014441906474530697,0.08558777719736099,0.12017448246479034,1303.4703369140625,52.64363479614258,0.017424197867512703,0.09165597707033157,0.13200074434280396
93,1213.9837646484375,44.191162109375,0.014399145729839802,0.08563661575317383,0.11999644339084625,1305.265380859375,52.686790466308594,0.017449315637350082,0.09137936681509018,0.13209585845470428
94,1228.4761962890625,44.17584228515625,0.014390992000699043,0.08559992909431458,0.11996246129274368,1305.3641357421875,52.98802185058594,0.017521124333143234,0.09140119701623917,0.13236738741397858
95,1218.3892822265625,44.44557189941406,0.014420049265027046,0.08549711108207703,0.12008350342512131,1304.07958984375,52.62947463989258,0.017402147874236107,0.0912596732378006,0.13191719353199005
96,1220.2762451171875,43.927696228027344,0.014277982525527477,0.08497551828622818,0.11949050426483154,1302.49072265625,52.48478698730469,0.017385993152856827,0.09083356708288193,0.13185594975948334
97,1204.0655517578125,44.234153747558594,0.014284782111644745,0.08507044613361359,0.11951897293329239,1300.404296875,52.83757019042969,0.017382914200425148,0.09115425497293472,0.13184428215026855
98,1211.74365234375,44.00469970703125,0.014246780425310135,0.08522699028253555,0.11935988068580627,1306.5318603515625,52.82026672363281,0.017499996349215508,0.09099699556827545,0.13228756189346313
99,1213.4935302734375,43.807159423828125,0.014243830926716328,0.08465730398893356,0.11934752017259598,1300.09814453125,52.76847839355469,0.017373891547322273,0.0907304510474205,0.1318100541830063
100,1208.1973876953125,43.86380386352539,0.014179080724716187,0.08480694890022278,0.11907593905925751,1303.53076171875,52.41388702392578,0.01738269440829754,0.09080710262060165,0.1318434476852417
101,1194.041259765625,43.865867614746094,0.014186658896505833,0.08470144122838974,0.11910776048898697,1303.1510009765625,52.4344596862793,0.017401153221726418,0.0906454548239708,0.131913423538208
102,1210.4661865234375,43.825477600097656,0.014181924983859062,0.08461172878742218,0.11908788979053497,1300.531982421875,52.55894470214844,0.017326222732663155,0.09077886492013931,0.1316291093826294
103,1207.0264892578125,43.7628173828125,0.014145942404866219,0.08470778167247772,0.11893671751022339,1294.077880859375,52.66920471191406,0.017277443781495094,0.09062537550926208,0.13144369423389435
104,1209.124755859375,43.71759033203125,0.014121847227215767,0.0845104306936264,0.11883538216352463,1294.29541015625,52.357505798339844,0.017197541892528534,0.09006646275520325,0.13113941252231598
105,1196.3070068359375,43.53631591796875,0.01407595444470644,0.08427497744560242,0.11864212900400162,1293.06591796875,52.56416702270508,0.017198828980326653,0.09027887135744095,0.13114430010318756
106,1195.325439453125,43.644405364990234,0.014035691507160664,0.08427433669567108,0.11847232282161713,1304.15087890625,52.29396438598633,0.01740289479494095,0.0904880240559578,0.13192002475261688
107,1193.1375732421875,43.13935470581055,0.01401912048459053,0.08415080606937408,0.11840236932039261,1291.952880859375,52.88038635253906,0.017237074673175812,0.09006355702877045,0.1312900334596634
108,1192.6761474609375,43.341758728027344,0.01397512387484312,0.08405648916959763,0.11821642518043518,1298.2020263671875,52.40764617919922,0.017282547429203987,0.09010087698698044,0.13146309554576874
109,1207.398681640625,43.408180236816406,0.013958042487502098,0.08392316848039627,0.11814416199922562,1302.33349609375,52.13053894042969,0.017292574048042297,0.09015544503927231,0.1315012276172638
110,1198.1116943359375,43.72100067138672,0.013946528546512127,0.08384055644273758,0.11809542030096054,1294.8363037109375,52.80894470214844,0.017262084409594536,0.09048683941364288,0.13138525187969208
111,1208.36669921875,43.73822021484375,0.013960733078420162,0.08403363078832626,0.11815554648637772,1293.5008544921875,52.22978210449219,0.01716403104364872,0.0897894874215126,0.13101157546043396
112,1195.7711181640625,43.42698287963867,0.013955134898424149,0.08411864191293716,0.1181318610906601,1298.044921875,52.10343933105469,0.017237728461623192,0.08971647918224335,0.13129253685474396
113,1200.2537841796875,43.943546295166016,0.013903637416660786,0.08383646607398987,0.11791368573904037,1301.47509765625,52.32156753540039,0.01733586937189102,0.08977187424898148,0.13166575133800507
114,1190.200439453125,42.87721252441406,0.013871008530259132,0.08353002369403839,0.11777523905038834,1291.94873046875,52.66317367553711,0.017172252759337425,0.09044405072927475,0.131042942404747
115,1198.32568359375,43.29900360107422,0.0138849513605237,0.08365616202354431,0.1178344339132309,1289.8021240234375,52.30055618286133,0.017122019082307816,0.08957693725824356,0.1308511346578598
116,1202.5877685546875,43.18984603881836,0.013897704891860485,0.08380758762359619,0.11788853257894516,1297.042724609375,52.31687545776367,0.017263516783714294,0.08965683728456497,0.13139070570468903
117,1195.96435546875,43.500980377197266,0.013844269327819347,0.08349721133708954,0.11766167730093002,1292.11669921875,52.25882339477539,0.01712501235306263,0.08988375216722488,0.13086256384849548
118,1195.2144775390625,43.1272087097168,0.013854160904884338,0.0836418941617012,0.11770369857549667,1294.04638671875,52.24158477783203,0.017182471230626106,0.08960384875535965,0.1310819387435913
119,1192.8828125,42.786376953125,0.013788777403533459,0.08333182334899902,0.11742562800645828,1293.0308837890625,52.324039459228516,0.017175395041704178,0.08942878991365433,0.13105493783950806
120,1180.9332275390625,42.884037017822266,0.013816420920193195,0.08327630162239075,0.1175432801246643,1287.662841796875,52.03679275512695,0.017041116952896118,0.08928801119327545,0.1305416226387024
121,1191.5341796875,43.16822052001953,0.013831873424351215,0.08346328139305115,0.11760898679494858,1292.13720703125,52.13629150390625,0.017122888937592506,0.08942285925149918,0.13085444271564484
122,1187.237060546875,43.26628112792969,0.013823878951370716,0.08335506916046143,0.11757498979568481,1296.9781494140625,52.04922103881836,0.017204351723194122,0.08937914669513702,0.13116535544395447
123,1192.488525390625,43.38429641723633,0.013795871287584305,0.08351219445466995,0.11745583266019821,1287.5474853515625,52.54525375366211,0.017089955508708954,0.08941148966550827,0.1307285577058792
124,1187.06640625,43.00718688964844,0.013753058388829231,0.08337374031543732,0.11727343499660492,1289.7586669921875,52.30735778808594,0.017119860276579857,0.0890379473567009,0.1308428794145584
125,1187.2760009765625,43.085655212402344,0.013806082308292389,0.08318611979484558,0.11749929189682007,1287.2099609375,52.64651870727539,0.017120299860835075,0.08956252783536911,0.13084456324577332
126,1186.041259765625,43.02341842651367,0.013759762980043888,0.08346565067768097,0.11730201542377472,1293.0399169921875,52.46900939941406,0.017196787521243095,0.08964714407920837,0.13113652169704437
127,1190.08349609375,43.09878921508789,0.013741198927164078,0.08300032466650009,0.117222860455513,1286.8031005859375,52.50640106201172,0.017071684822440147,0.08934294432401657,0.13065865635871887
128,1188.1883544921875,42.90064239501953,0.013786248862743378,0.08340974897146225,0.11741485446691513,1294.201416015625,52.73265838623047,0.01725834235548973,0.08973009139299393,0.13137100636959076
129,1187.105224609375,42.770835876464844,0.013698582537472248,0.0830286368727684,0.11704094707965851,1286.3162841796875,52.33604431152344,0.017042173072695732,0.08911959081888199,0.13054567575454712
130,1189.427734375,43.007293701171875,0.01372466329485178,0.08320942521095276,0.11715231090784073,1289.73974609375,52.1620979309082,0.01708642765879631,0.08930026739835739,0.13071505725383759
131,1189.4517822265625,43.02559280395508,0.013701983727514744,0.08282198756933212,0.11705546826124191,1294.4442138671875,52.218318939208984,0.017148327082395554,0.08979588001966476,0.1309516280889511
132,1206.4564208984375,43.23069381713867,0.01377914473414421,0.08353932201862335,0.11738460510969162,1284.621337890625,52.09016418457031,0.01698226109147072,0.0890866294503212,0.13031600415706635
133,1180.5166015625,42.951377868652344,0.013672446832060814,0.08313847333192825,0.11692924052476883,1283.046630859375,52.22298049926758,0.01694777049124241,0.08917418122291565,0.130183607339859
134,1184.8878173828125,42.95109939575195,0.013680932112038136,0.0832470953464508,0.11696551740169525,1288.33056640625,52.23050308227539,0.01708032563328743,0.08918417245149612,0.13069172203540802
135,1182.5848388671875,42.416717529296875,0.013654720038175583,0.08287230134010315,0.11685341596603394,1291.7154541015625,52.24147415161133,0.017119556665420532,0.0895923376083374,0.1308417171239853
136,1184.9227294921875,43.134552001953125,0.013639183714985847,0.08301756531000137,0.11678691953420639,1284.808837890625,52.788944244384766,0.017111046239733696,0.08923831582069397,0.13080920279026031
137,1196.8726806640625,42.87665939331055,0.013645913451910019,0.08302892744541168,0.1168157234787941,1285.445556640625,51.93288803100586,0.016980759799480438,0.0893096998333931,0.13031023740768433
138,1184.631103515625,42.65370559692383,0.013684960082173347,0.08323811739683151,0.11698273569345474,1288.6060791015625,52.42472457885742,0.017100924625992775,0.08917702734470367,0.1307705044746399
139,1176.628662109375,42.60577392578125,0.013599921949207783,0.08273155242204666,0.11661870032548904,1278.6361083984375,52.65264892578125,0.01695289835333824,0.08886746317148209,0.13020329177379608
140,1182.5478515625,42.82389831542969,0.013629893772304058,0.08296086639165878,0.11674713343381882,1286.71142578125,51.93513488769531,0.01696515642106533,0.08918912708759308,0.13025036454200745
141,1179.8526611328125,42.901302337646484,0.013579590246081352,0.0826806128025055,0.11653149873018265,1290.8309326171875,52.204872131347656,0.017116419970989227,0.08923890441656113,0.13082973659038544
142,1184.4134521484375,42.66120147705078,0.013539595529437065,0.08246894180774689,0.11635977029800415,1287.0933837890625,52.09187316894531,0.017007457092404366,0.08895453810691833,0.13041263818740845
143,1194.842529296875,42.81490707397461,0.013598885387182236,0.0828949585556984,0.11661425977945328,1294.9168701171875,51.96272277832031,0.017140593379735947,0.08929954469203949,0.1309220939874649
144,1185.2132568359375,42.87600326538086,0.013555248267948627,0.08256442844867706,0.11642701178789139,1283.4481201171875,52.14552688598633,0.016964130103588104,0.08864505589008331,0.13024641573429108
145,1183.67529296875,43.11036682128906,0.013661135919392109,0.08288910984992981,0.116880863904953,1286.5751953125,52.18006134033203,0.01702706515789032,0.08905601501464844,0.13048779964447021
146,1179.20947265625,42.90456008911133,0.01353070605546236,0.08252178132534027,0.11632156372070312,1281.259765625,52.10939025878906,0.01689552329480648,0.0889759510755539,0.12998278439044952
147,1174.0235595703125,42.602176666259766,0.013551686890423298,0.08277128636837006,0.1164117157459259,1285.27001953125,51.91175842285156,0.016923923045396805,0.08913891017436981,0.13009198009967804
148,1174.9361572265625,42.73941421508789,0.013510803692042828,0.08237254619598389,0.11623597145080566,1285.68505859375,52.402347564697266,0.017035551369190216,0.08896604925394058,0.1305203139781952
149,1175.8001708984375,42.907806396484375,0.013546597212553024,0.08254285156726837,0.11638984829187393,1278.8599853515625,51.94326400756836,0.016808606684207916,0.08878889679908752,0.12964801490306854
150,1175.8682861328125,42.84498977661133,0.01351118367165327,0.08237774670124054,0.11623761057853699,1281.1634521484375,52.86981964111328,0.01703714020550251,0.08896322548389435,0.13052639365196228
151,1183.2601318359375,43.11424255371094,0.013611428439617157,0.08270519226789474,0.11666803807020187,1291.30908203125,52.05723571777344,0.017089521512389183,0.08855026960372925,0.1307269036769867
152,1182.1090087890625,42.8822021484375,0.013560688123106956,0.08262845873832703,0.11645036190748215,1280.74951171875,52.53178024291992,0.01695191115140915,0.08900045603513718,0.13019950687885284
153,1186.7491455078125,42.70071029663086,0.013536648824810982,0.08232796937227249,0.11634710431098938,1280.611328125,51.6905517578125,0.01681618019938469,0.08847060799598694,0.12967722117900848
154,1171.86474609375,42.915340423583984,0.013453618623316288,0.0823306068778038,0.11598973721265793,1299.0390625,51.97229766845703,0.01720881462097168,0.08896724879741669,0.13118237257003784
155,1176.1680908203125,42.413150787353516,0.01349012739956379,0.08209583163261414,0.1161470040678978,1286.04345703125,51.86885452270508,0.016969891265034676,0.08841827511787415,0.13026852905750275
156,1175.733154296875,42.74665832519531,0.013494241051375866,0.08223288506269455,0.11616471409797668,1283.5147705078125,51.635005950927734,0.01686488278210163,0.08843851834535599,0.1298648566007614
157,1182.349853515625,42.6137809753418,0.013452998362481594,0.08194229751825333,0.11598706245422363,1280.3262939453125,51.89665603637695,0.016829095780849457,0.08898601680994034,0.12972700595855713
158,1173.7529296875,42.47637939453125,0.013462253846228123,0.08220665156841278,0.11602695286273956,1277.5755615234375,52.474021911621094,0.01688043400645256,0.08903773874044418,0.1299247294664383
159,1183.1981201171875,42.5979118347168,0.013458897359669209,0.08221431076526642,0.11601249128580093,1282.6875,51.51675796508789,0.016835998743772507,0.08823709189891815,0.12975360453128815
160,1178.3153076171875,42.78612518310547,0.013443456031382084,0.08208970725536346,0.11594592034816742,1288.8182373046875,51.78465270996094,0.01697777584195137,0.08897925913333893,0.13029879331588745
161,1178.5330810546875,42.52077102661133,0.013457388617098331,0.08211690187454224,0.11600598692893982,1286.95361328125,51.54018020629883,0.01692190207540989,0.0881967693567276,0.13008421659469604
162,1181.60107421875,42.32325744628906,0.01344959158450365,0.08202625811100006,0.1159723773598671,1284.9443359375,51.55974197387695,0.016894672065973282,0.08854039758443832,0.12997950613498688
163,1180.7972412109375,42.73826599121094,0.013424555771052837,0.08219435065984726,0.11586438119411469,1280.9425048828125,52.06599044799805,0.016868216916918755,0.08908671885728836,0.1298777014017105
164,1181.384765625,43.00518798828125,0.013548486866056919,0.0827278420329094,0.11639796942472458,1283.691650390625,51.43281936645508,0.01684972271323204,0.08852577954530716,0.1298064887523651
165,1171.5618896484375,42.21612548828125,0.013421355746686459,0.08209823817014694,0.11585057526826859,1283.741943359375,52.516578674316406,0.01701127551496029,0.0895528644323349,0.1304272711277008
166,1181.131591796875,42.5551643371582,0.013406706973910332,0.08194512128829956,0.1157873347401619,1281.1512451171875,51.448482513427734,0.01680481620132923,0.0883217453956604,0.12963339686393738
167,1178.7252197265625,42.75664138793945,0.013461991213262081,0.08211280405521393,0.11602582037448883,1280.880859375,51.64167022705078,0.01681630313396454,0.08954107761383057,0.1296776831150055
168,1174.2618408203125,42.61478042602539,0.013411113061010838,0.08195876330137253,0.11580636352300644,1277.695068359375,51.63328552246094,0.01674696058034897,0.08921544998884201,0.1294100433588028
169,1171.344482421875,42.301551818847656,0.01339351013302803,0.08188870549201965,0.11573032289743423,1280.4056396484375,51.987247467041016,0.016870304942131042,0.08863108605146408,0.129885733127594
170,1174.6590576171875,42.285701751708984,0.013428399339318275,0.08224668353796005,0.11588096618652344,1280.8944091796875,51.61345672607422,0.016828075051307678,0.08817114681005478,0.12972308695316315
171,1176.0496826171875,42.624610900878906,0.013382883742451668,0.08184567838907242,0.1156844049692154,1279.1435546875,51.33312225341797,0.016744179651141167,0.08820667117834091,0.12939929962158203
172,1175.82958984375,42.69760513305664,0.013439475558698177,0.08221397548913956,0.1159287542104721,1281.3629150390625,52.20722198486328,0.016938433051109314,0.08853206783533096,0.13014774024486542
173,1168.8209228515625,42.49774169921875,0.013373714871704578,0.0817817747592926,0.11564479023218155,1284.04736328125,51.52008056640625,0.016871443018317223,0.08808272331953049,0.12989011406898499
174,1177.7508544921875,42.17234420776367,0.01345607079565525,0.08211260288953781,0.11600030213594437,1303.816162109375,51.54212951660156,0.017295081168413162,0.08907904475927353,0.13151076436042786
175,1177.3916015625,42.57041931152344,0.013454033993184566,0.08211834728717804,0.11599152535200119,1288.76416015625,51.57626724243164,0.016995582729578018,0.08815696835517883,0.13036710023880005
176,1170.08203125,42.15042495727539,0.01341286301612854,0.08175010234117508,0.11581391841173172,1277.623779296875,51.6678466796875,0.016757890582084656,0.08843406289815903,0.12945227324962616
177,1171.280029296875,42.796470642089844,0.01338576152920723,0.0818270891904831,0.11569685488939285,1280.9954833984375,51.84602355957031,0.01685524731874466,0.08852323144674301,0.12982776761054993
178,1177.59814453125,42.40266036987305,0.013398459181189537,0.08179871737957001,0.115751713514328,1279.8553466796875,51.60902404785156,0.0167965330183506,0.0881759375333786,0.12960143387317657
179,1181.79248046875,42.470733642578125,0.01336455438286066,0.08170885592699051,0.11560516804456711,1278.230712890625,51.93711853027344,0.016842210665345192,0.08800506591796875,0.12977753579616547
180,1165.3892822265625,42.5604248046875,0.013384038582444191,0.08154787868261337,0.11568940430879593,1278.61767578125,51.731998443603516,0.01679239608347416,0.08864221721887589,0.12958547472953796
181,1173.693359375,42.08085632324219,0.013355245813727379,0.08175987750291824,0.11556489765644073,1277.8946533203125,51.30706787109375,0.01673104427754879,0.08790020644664764,0.1293485313653946
182,1165.9703369140625,42.29312515258789,0.013355463743209839,0.08161678165197372,0.11556583642959595,1280.584228515625,51.32088851928711,0.01678389124572277,0.08807782828807831,0.1295526623725891
183,1178.9990234375,42.543792724609375,0.013361955061554909,0.08167840540409088,0.11559392511844635,1282.186279296875,51.576332092285156,0.016836078837513924,0.08855508267879486,0.12975391745567322
184,1169.4783935546875,42.38143539428711,0.013380305841565132,0.08175221085548401,0.11567327380180359,1284.4764404296875,52.56060791015625,0.017080822959542274,0.08873071521520615,0.13069361448287964
185,1171.107421875,42.35703659057617,0.01339714229106903,0.08179965615272522,0.11574602127075195,1278.9952392578125,51.62989044189453,0.01681535132229328,0.08780406415462494,0.1296740174293518
186,1174.04541015625,42.67836380004883,0.013340159319341183,0.08141148090362549,0.11549960821866989,1277.559814453125,51.677772521972656,0.016747847199440002,0.08860030770301819,0.12941347062587738
187,1172.8505859375,42.456634521484375,0.013333134353160858,0.08163043856620789,0.11546919494867325,1277.939208984375,51.40447998046875,0.016721781343221664,0.08839103579521179,0.12931273877620697
188,1171.922607421875,42.63071823120117,0.013406897895038128,0.08183982223272324,0.11578816175460815,1280.05029296875,51.37041091918945,0.016748063266277313,0.0885428786277771,0.12941430509090424
189,1169.4593505859375,42.43490219116211,0.013399139977991581,0.08213602006435394,0.11575465649366379,1283.8775634765625,52.143985748291016,0.01699814386665821,0.08842109888792038,0.130376935005188
190,1178.0599365234375,42.43709182739258,0.013364159502089024,0.08142093569040298,0.11560345441102982,1274.533447265625,51.32341003417969,0.016640812158584595,0.08827285468578339,0.128999263048172
191,1175.2745361328125,42.02674865722656,0.013356734998524189,0.08157660067081451,0.11557133495807648,1279.0433349609375,52.07408905029297,0.016861630603671074,0.0888945460319519,0.12985235452651978
192,1174.3892822265625,42.35984802246094,0.01335536316037178,0.08158852159976959,0.11556540429592133,1277.1719970703125,51.42229080200195,0.016730301082134247,0.08785350620746613,0.12934567034244537
193,1174.0008544921875,42.4569206237793,0.013342676684260368,0.08170223236083984,0.1155105009675026,1275.018798828125,51.30952453613281,0.016677165403962135,0.08790509402751923,0.12914009392261505
194,1174.5843505859375,41.95143508911133,0.013381305150687695,0.08154194056987762,0.11567758768796921,1272.6552734375,51.49090576171875,0.01662158966064453,0.0883064866065979,0.12892474234104156
195,1165.5377197265625,42.15793991088867,0.013308649882674217,0.08139418065547943,0.11536312103271484,1274.57275390625,51.4869384765625,0.01669280417263508,0.08788866549730301,0.12920063734054565
196,1173.69580078125,42.55066680908203,0.013317727483808994,0.08130118250846863,0.1154024600982666,1271.845703125,51.556114196777344,0.016608843579888344,0.08875023573637009,0.12887530028820038
197,1172.144287109375,42.617698669433594,0.01334027387201786,0.0815163254737854,0.11550009995698929,1274.99658203125,51.16901397705078,0.016622144728899002,0.08820594847202301,0.12892690300941467
198,1173.287109375,42.16388702392578,0.013320164754986763,0.08146730810403824,0.11541301757097244,1276.9307861328125,50.98088836669922,0.01667625457048416,0.08745528757572174,0.1291365772485733
199,1169.106689453125,41.759300231933594,0.01334878709167242,0.08154033124446869,0.11553695052862167,1272.026123046875,51.39533996582031,0.016640199348330498,0.08761931210756302,0.12899689376354218
200,1180.4263916015625,42.280025482177734,0.013304529711604118,0.08134789764881134,0.11534526199102402,1275.6346435546875,51.09899139404297,0.016639478504657745,0.0882606953382492,0.12899410724639893
201,1174.2325439453125,42.728214263916016,0.01339684147387743,0.08189011365175247,0.11574472486972809,1275.40673828125,51.3083610534668,0.016665983945131302,0.08837898075580597,0.12909680604934692
202,1171.4876708984375,42.82796096801758,0.01331122312694788,0.0813421905040741,0.11537427455186844,1270.0655517578125,50.9604377746582,0.016496585682034492,0.08823149651288986,0.1284390389919281
203,1171.7142333984375,42.21676254272461,0.013299982994794846,0.08149956911802292,0.11532555520534515,1268.261474609375,51.32379150390625,0.016522785648703575,0.08793595433235168,0.1285409778356552
204,1163.3089599609375,41.88779067993164,0.01332829799503088,0.08152955025434494,0.1154482513666153,1276.2098388671875,51.444496154785156,0.016725944355130196,0.08772232383489609,0.12932881712913513
205,1178.626220703125,42.143672943115234,0.013286502100527287,0.08122125267982483,0.1152670755982399,1273.990478515625,51.353702545166016,0.01668059639632702,0.0876719206571579,0.12915338575839996
206,1172.3404541015625,42.4996337890625,0.013291933573782444,0.08129620552062988,0.11529064178466797,1265.071044921875,51.342899322509766,0.01647835224866867,0.0881590023636818,0.12836803495883942
207,1168.8192138671875,41.86754608154297,0.013292664662003517,0.08114925771951675,0.11529381573200226,1276.2825927734375,51.21812057495117,0.016680121421813965,0.08804260939359665,0.12915153801441193
208,1167.748046875,42.08736038208008,0.01330513320863247,0.0814984068274498,0.11534787714481354,1270.00927734375,51.130393981933594,0.016568602994084358,0.087721087038517,0.12871909141540527
209,1179.254638671875,42.079856872558594,0.013317621313035488,0.08139988780021667,0.11540199816226959,1268.667236328125,51.30051040649414,0.016535570845007896,0.08797068148851395,0.12859071791172028
210,1175.7923583984375,42.58148193359375,0.013317898847162724,0.0813937857747078,0.1154031977057457,1270.750244140625,51.05984878540039,0.01655191369354725,0.08769143372774124,0.12865422666072845
211,1174.798828125,42.250465393066406,0.0132699403911829,0.08108646422624588,0.11519522964954376,1268.9666748046875,51.483787536621094,0.016579149290919304,0.08791571110486984,0.12876003980636597
212,1175.4482421875,42.328739166259766,0.013346162624657154,0.08166526257991791,0.11552559584379196,1281.86083984375,51.33843231201172,0.0168107021600008,0.08815161883831024,0.1296560913324356
213,1172.038818359375,41.87731170654297,0.013280034065246582,0.0812988355755806,0.11523903161287308,1273.509521484375,51.27488708496094,0.01663818024098873,0.08771351724863052,0.1289890706539154
214,1163.344482421875,42.08091354370117,0.013342667371034622,0.08134075999259949,0.11551046371459961,1271.85400390625,51.24968719482422,0.01660347357392311,0.08797923475503922,0.12885446846485138
215,1161.1104736328125,42.55698776245117,0.013304066844284534,0.0815911591053009,0.11534325778484344,1281.3343505859375,52.05009078979492,0.016909532248973846,0.08879707753658295,0.13003665208816528
216,1181.25634765625,42.122615814208984,0.013474607840180397,0.0816536545753479,0.11608017235994339,1278.6583251953125,51.71275329589844,0.016790712252259254,0.08884957432746887,0.12957897782325745
217,1154.0728759765625,42.13824462890625,0.013271362520754337,0.08117517828941345,0.11520139873027802,1269.00048828125,51.310211181640625,0.016550617292523384,0.08781085163354874,0.12864920496940613
218,1176.3433837890625,42.64212417602539,0.013311948627233505,0.0814768522977829,0.11537742614746094,1268.3626708984375,51.6265983581543,0.016609204933047295,0.0877971351146698,0.1288767009973526
219,1159.9837646484375,42.22055435180664,0.013292648829519749,0.08127731084823608,0.11529374867677689,1274.7833251953125,51.20458984375,0.016625072807073593,0.08825676143169403,0.12893825769424438
220,1171.6011962890625,42.0662727355957,0.013260876759886742,0.08126799762248993,0.11515588313341141,1271.3297119140625,52.35132598876953,0.016782356426119804,0.0883595421910286,0.12954673171043396
221,1165.3505859375,42.222293853759766,0.013324134983122349,0.08147963136434555,0.11543021351099014,1275.2667236328125,51.84931182861328,0.016746586188673973,0.08843273669481277,0.129408597946167
222,1174.914306640625,42.1254768371582,0.01326918974518776,0.0811605453491211,0.11519196629524231,1264.6375732421875,51.37442398071289,0.016488071531057358,0.08766220510005951,0.1284058839082718
223,1176.692626953125,42.062801361083984,0.013283898122608662,0.08123123645782471,0.11525579541921616,1270.94970703125,51.19812774658203,0.016583748161792755,0.08770725876092911,0.1287778913974762
224,1172.0584716796875,42.21486282348633,0.013253957964479923,0.0812893882393837,0.11512583494186401,1265.6114501953125,51.922000885009766,0.01658899337053299,0.08816881477832794,0.12879826128482819
225,1170.5723876953125,42.315608978271484,0.013261419720947742,0.08124204725027084,0.11515823751688004,1276.6727294921875,51.2816047668457,0.016697963699698448,0.08792053908109665,0.1292206048965454
226,1167.8597412109375,42.05638122558594,0.0132443280890584,0.08102685213088989,0.11508400738239288,1271.1273193359375,51.54365539550781,0.016619263216853142,0.08813196420669556,0.1289157122373581
227,1175.3616943359375,42.38577651977539,0.013240320608019829,0.08111982047557831,0.11506658047437668,1269.3829345703125,50.95573806762695,0.016514312475919724,0.08745827525854111,0.12850803136825562
228,1170.6014404296875,42.37577819824219,0.013243761844933033,0.081278957426548,0.1150815486907959,1274.206787109375,51.020633697509766,0.01661502942442894,0.0880107581615448,0.12889930605888367
229,1171.5543212890625,42.44401168823242,0.013277682475745678,0.08137837797403336,0.11522882431745529,1269.4027099609375,51.35700988769531,0.016602223739027977,0.08773045241832733,0.12884961068630219
230,1179.7177734375,42.41843795776367,0.01327171828597784,0.0813707783818245,0.11520294100046158,1275.8896484375,51.016632080078125,0.01664908230304718,0.08766177296638489,0.12903133034706116
231,1173.689697265625,42.30583572387695,0.013294236734509468,0.08136822283267975,0.11530064046382904,1275.0750732421875,50.98435974121094,0.016605351120233536,0.08835194259881973,0.12886175513267517
232,1168.5599365234375,41.928741455078125,0.013213654980063438,0.08076293021440506,0.11495066434144974,1270.7667236328125,50.92559051513672,0.016480643302202225,0.08824101090431213,0.12837694585323334
233,1169.737060546875,41.966060638427734,0.013273071497678757,0.08155781775712967,0.11520881950855255,1264.8958740234375,51.121124267578125,0.016465313732624054,0.08749473094940186,0.1283172369003296
234,1172.582763671875,42.14741516113281,0.013297142460942268,0.08136577904224396,0.11531323939561844,1265.1884765625,51.73262023925781,0.01657581515610218,0.08761877566576004,0.1287470906972885
235,1169.7802734375,42.10374069213867,0.013259448111057281,0.08119861781597137,0.11514967679977417,1274.4556884765625,51.340396881103516,0.016673320904374123,0.08767449855804443,0.1291252076625824
236,1160.996826171875,42.31060791015625,0.013311667367815971,0.08145058900117874,0.11537619680166245,1268.212890625,50.983970642089844,0.01648653671145439,0.0876091793179512,0.12839990854263306
237,1175.226806640625,41.906551361083984,0.013200943358242512,0.08081914484500885,0.11489535868167877,1271.0491943359375,51.44474792480469,0.016599617898464203,0.08803068101406097,0.12883950769901276
238,1167.2020263671875,42.05764389038086,0.013279363512992859,0.08148586004972458,0.11523611843585968,1280.0499267578125,51.20137023925781,0.016774622723460197,0.08795255422592163,0.12951688468456268
239,1175.106689453125,41.88869857788086,0.013269463554024696,0.08102473616600037,0.11519315838813782,1276.43212890625,51.08454132080078,0.016642244532704353,0.08803416043519974,0.1290048211812973
240,1169.3133544921875,42.09528350830078,0.013235729187726974,0.0812188908457756,0.11504664272069931,1280.8682861328125,50.76176452636719,0.01672464981675148,0.08783918619155884,0.129323810338974
241,1180.0257568359375,41.89729309082031,0.013338714838027954,0.08132031559944153,0.11549334973096848,1270.3997802734375,50.98924255371094,0.01654217578470707,0.08736703544855118,0.12861639261245728
242,1173.2650146484375,42.28054428100586,0.013309369795024395,0.08126839995384216,0.11536623537540436,1271.970458984375,51.58003234863281,0.016682995483279228,0.08748021721839905,0.12916266918182373
243,1169.6917724609375,42.21348190307617,0.013231249526143074,0.08093699812889099,0.11502716690301895,1264.5213623046875,51.67000961303711,0.016506601125001907,0.08837924152612686,0.1284780204296112
244,1169.799072265625,42.42118835449219,0.013285062275826931,0.08123072981834412,0.11526083946228027,1269.1763916015625,51.27830123901367,0.016544459387660027,0.08763634413480759,0.1286252737045288
245,1176.306884765625,41.90259552001953,0.013295254670083523,0.08110767602920532,0.11530505120754242,1270.65625,51.72938537597656,0.016659200191497803,0.08802224695682526,0.12907052040100098
246,1171.3480224609375,42.08915328979492,0.013234082609415054,0.0808032751083374,0.11503948271274567,1268.1630859375,51.27507400512695,0.01655838079750538,0.08730567991733551,0.12867936491966248
247,1165.9693603515625,41.79239273071289,0.0132420863956213,0.0808963030576706,0.1150742620229721,1266.05712890625,50.97772216796875,0.016415609046816826,0.08767151087522507,0.1281234174966812
248,1172.1566162109375,41.54093551635742,0.013203748501837254,0.08096923679113388,0.11490756273269653,1278.8707275390625,51.1945915222168,0.016711607575416565,0.08836621791124344,0.12927338480949402
249,1174.73388671875,41.892372131347656,0.013265461660921574,0.08110442757606506,0.11517578363418579,1266.8321533203125,51.362735748291016,0.016528846696019173,0.08757656812667847,0.12856455147266388
250,1164.2021484375,41.63311767578125,0.01320012379437685,0.08092702180147171,0.11489178985357285,1269.5155029296875,51.4318962097168,0.016590703278779984,0.0879722312092781,0.12880490720272064
251,1162.4566650390625,41.81322479248047,0.013189995661377907,0.08077525347471237,0.11484770476818085,1268.7874755859375,50.79856872558594,0.016477804630994797,0.08736838400363922,0.1283659040927887
252,1157.263427734375,42.1052360534668,0.013170920312404633,0.08068113774061203,0.11476463079452515,1266.4534912109375,51.00574493408203,0.016445958986878395,0.08761313557624817,0.12824179232120514
253,1173.6754150390625,42.037925720214844,0.013171223923563957,0.08082013577222824,0.1147659495472908,1266.10498046875,51.013126373291016,0.016467567533254623,0.08720164746046066,0.12832601368427277
254,1172.2593994140625,42.13365936279297,0.013227000832557678,0.0809377059340477,0.11500869691371918,1273.3956298828125,51.26464080810547,0.016641387715935707,0.08764086663722992,0.12900149822235107
255,1164.1854248046875,42.136993408203125,0.013261692598462105,0.08075379580259323,0.11515942215919495,1270.86083984375,51.00505447387695,0.016549695283174515,0.08741268515586853,0.1286456137895584
256,1172.5443115234375,42.19697189331055,0.013264174573123455,0.08116816729307175,0.1151702031493187,1269.202392578125,51.02561950683594,0.016499554738402367,0.08775802701711655,0.12845058739185333
257,1168.955078125,42.03912353515625,0.013201563619077206,0.08093728870153427,0.11489805579185486,1272.377685546875,51.152671813964844,0.016588276252150536,0.08819658309221268,0.12879548966884613
258,1171.1602783203125,41.895538330078125,0.013221576809883118,0.08105562627315521,0.11498511582612991,1272.6865234375,50.67579650878906,0.01653767004609108,0.087602399289608,0.1285988837480545
259,1169.60400390625,41.68891525268555,0.013195431791245937,0.08069177716970444,0.11487136781215668,1268.4058837890625,50.671993255615234,0.016436496749520302,0.08752021193504333,0.12820491194725037
260,1170.8157958984375,41.89190673828125,0.013211030513048172,0.08096814155578613,0.11493925005197525,1267.0128173828125,50.97224807739258,0.016459820792078972,0.0877460241317749,0.12829583883285522
261,1161.2388916015625,41.81986618041992,0.013203803449869156,0.08102643489837646,0.11490780115127563,1268.283935546875,51.16703796386719,0.016516027972102165,0.08781688660383224,0.12851469218730927
262,1158.005615234375,41.66942596435547,0.013186853379011154,0.08067730069160461,0.1148340255022049,1263.201171875,50.76225280761719,0.01635267771780491,0.08757685124874115,0.1278775930404663
263,1166.4407958984375,42.08689498901367,0.013191577978432178,0.08078227937221527,0.114854596555233,1268.047119140625,50.89576721191406,0.016458675265312195,0.08760590851306915,0.12829136848449707
264,1172.1527099609375,41.852752685546875,0.013200154528021812,0.08100751042366028,0.11489192396402359,1266.16650390625,50.914451599121094,0.01641632430255413,0.08812317252159119,0.12812620401382446
265,1179.9869384765625,41.968414306640625,0.013225238770246506,0.08107020705938339,0.11500103771686554,1269.333251953125,50.89430618286133,0.016492895781993866,0.0880841538310051,0.12842465937137604
266,1167.5123291015625,42.14418411254883,0.013223701156675816,0.08097159117460251,0.1149943545460701,1266.2449951171875,50.73750305175781,0.01638873666524887,0.08809265494346619,0.12801849842071533
267,1172.94384765625,42.151405334472656,0.013199853710830212,0.08097981661558151,0.11489061266183853,1267.0675048828125,50.640037536621094,0.016413317993283272,0.0875319093465805,0.1281144767999649
268,1166.839111328125,41.92012023925781,0.013230065815150738,0.08120597153902054,0.11502202600240707,1267.8958740234375,50.928993225097656,0.01648765802383423,0.08722013980150223,0.12840427458286285
269,1170.1058349609375,41.8507194519043,0.013213404454290867,0.08085472136735916,0.11494956910610199,1263.263671875,50.78573226928711,0.01635456457734108,0.08743046969175339,0.12788496911525726
270,1166.76611328125,42.00053405761719,0.013158849440515041,0.08077724277973175,0.11471202224493027,1264.2137451171875,51.29943084716797,0.01647055521607399,0.08766631036996841,0.12833766639232635
271,1173.34375,41.52114486694336,0.013160248287022114,0.08075931668281555,0.11471812427043915,1269.7490234375,50.736480712890625,0.016487300395965576,0.08737698197364807,0.12840288877487183
272,1171.24658203125,41.82402420043945,0.013197682797908783,0.08075504750013351,0.11488116532564163,1261.2615966796875,50.8536376953125,0.016325661912560463,0.08784699440002441,0.12777191400527954
273,1175.0828857421875,42.172447204589844,0.013210220262408257,0.08058181405067444,0.1149357259273529,1261.6947021484375,50.977264404296875,0.016331195831298828,0.08803169429302216,0.1277935653924942
274,1171.2718505859375,41.57726287841797,0.013200049288570881,0.08074508607387543,0.11489146947860718,1263.814453125,51.96784591674805,0.016578491777181625,0.08778608590364456,0.12875749170780182
275,1175.0537109375,41.92384338378906,0.013202096335589886,0.0809728354215622,0.1149003729224205,1267.571533203125,50.61686706542969,0.01642019860446453,0.08729758113622665,0.12814132869243622
276,1169.5572509765625,41.917171478271484,0.01317638624459505,0.08060634881258011,0.11478844285011292,1262.903564453125,50.75660705566406,0.01633479818701744,0.08787979930639267,0.12780766189098358
277,1166.78857421875,41.840824127197266,0.013233616948127747,0.08108498156070709,0.1150374561548233,1268.041015625,50.55348587036133,0.016427861526608467,0.08709739148616791,0.12817122042179108
278,1165.5885009765625,41.64004898071289,0.013142639771103859,0.08083570003509521,0.11464136093854904,1262.9346923828125,50.825077056884766,0.016343215480446815,0.08754629641771317,0.12784059345722198
279,1171.01513671875,41.85513687133789,0.013197103515267372,0.08071184158325195,0.11487864702939987,1266.294677734375,51.3160400390625,0.016513343900442123,0.08772460371255875,0.12850426137447357
280,1168.2821044921875,42.016353607177734,0.0131350914016366,0.0804789736866951,0.11460842937231064,1271.4110107421875,50.864871978759766,0.016527583822607994,0.0875881165266037,0.1285596489906311
281,1163.9041748046875,41.39042282104492,0.013138367794454098,0.08065851032733917,0.11462271958589554,1270.72802734375,51.25493621826172,0.01656489074230194,0.08798803389072418,0.12870466709136963
282,1171.9849853515625,41.751495361328125,0.013195754960179329,0.08090601116418839,0.1148727759718895,1271.3026123046875,51.35470199584961,0.01660396158695221,0.08802145719528198,0.128856360912323
283,1171.868896484375,42.04548645019531,0.0132191376760602,0.08076515793800354,0.1149744987487793,1266.5216064453125,52.033226013183594,0.016627948731184006,0.08842507004737854,0.12894940376281738
284,1165.5076904296875,41.55198669433594,0.01315983384847641,0.08091690391302109,0.11471632122993469,1266.4930419921875,50.70241928100586,0.01638319529592991,0.08785739541053772,0.12799686193466187
285,1166.97509765625,41.816463470458984,0.013167010620236397,0.0808330774307251,0.11474759876728058,1269.246337890625,51.51530456542969,0.016608839854598045,0.08763019740581512,0.12887528538703918
286,1159.89794921875,41.513301849365234,0.013140778057277203,0.08061064034700394,0.1146332323551178,1265.0299072265625,50.91584777832031,0.01640976406633854,0.08754776418209076,0.12810060381889343
287,1170.45556640625,41.89209747314453,0.013191623613238335,0.08065915107727051,0.11485479027032852,1265.2147216796875,51.000675201416016,0.016423258930444717,0.08783489465713501,0.1281532496213913
288,1161.1103515625,41.74591064453125,0.013102896511554718,0.08061099052429199,0.11446788161993027,1272.6463623046875,50.8008918762207,0.01656602881848812,0.08715201169252396,0.1287090927362442
289,1166.609130859375,41.99855041503906,0.01320854015648365,0.08101313561201096,0.11492840945720673,1273.8709716796875,50.74693298339844,0.016578765586018562,0.08729849755764008,0.12875854969024658
290,1166.1307373046875,41.78227615356445,0.01319774892181158,0.08064249902963638,0.11488145589828491,1264.104248046875,51.10512924194336,0.01642651855945587,0.08749093860387802,0.12816599011421204
291,1172.3621826171875,41.6075553894043,0.013137728907167912,0.08068311214447021,0.11461993306875229,1264.3873291015625,50.51092529296875,0.016330599784851074,0.08758974820375443,0.12779122591018677
292,1168.9486083984375,41.62717819213867,0.013125351630151272,0.08047088235616684,0.11456592381000519,1261.6678466796875,50.97815704345703,0.01636737585067749,0.08779120445251465,0.12793505191802979
293,1161.720703125,41.905792236328125,0.013145580887794495,0.08049237728118896,0.11465418338775635,1264.328125,50.85396957397461,0.016376102343201637,0.08791396766901016,0.1279691457748413
294,1167.6513671875,42.00449752807617,0.013112897053360939,0.08047303557395935,0.11451156437397003,1265.0626220703125,50.585872650146484,0.016362011432647705,0.08768808841705322,0.12791407108306885
295,1169.70361328125,41.784732818603516,0.01320433896034956,0.08088919520378113,0.11491013318300247,1269.94482421875,50.79163360595703,0.016485994681715965,0.0878186747431755,0.12839779257774353
296,1161.7064208984375,41.38665008544922,0.013200654648244381,0.0806870087981224,0.11489409953355789,1265.9991455078125,50.65645217895508,0.016388943418860435,0.08783414959907532,0.128019317984581
297,1177.078369140625,41.605552673339844,0.013155108317732811,0.08073674142360687,0.1146957203745842,1268.887451171875,50.33147430419922,0.01636469177901745,0.08810233324766159,0.12792456150054932
298,1180.1080322265625,41.91440963745117,0.01318641658872366,0.08066916465759277,0.11483212560415268,1269.60498046875,50.56868362426758,0.016426948830485344,0.08782298862934113,0.12816765904426575
299,1171.794921875,41.52052307128906,0.01314356829971075,0.08066834509372711,0.11464539915323257,1264.52392578125,51.135196685791016,0.016445359215140343,0.08733911067247391,0.1282394677400589
300,1162.968505859375,41.81401824951172,0.013129178434610367,0.08056922256946564,0.11458262801170349,1273.580078125,51.502105712890625,0.016637742519378662,0.08875155448913574,0.1289873719215393
301,1167.1435546875,41.61711502075195,0.01313733123242855,0.08075017482042313,0.1146181970834732,1266.4114990234375,50.41729736328125,0.01634863205254078,0.08745920658111572,0.12786176800727844
302,1164.858154296875,41.62855529785156,0.013095681555569172,0.08035990595817566,0.11443636566400528,1263.0948486328125,50.38322830200195,0.016275545582175255,0.08758632093667984,0.12757565081119537
303,1178.60888671875,41.76502990722656,0.013137134723365307,0.080523781478405,0.11461734026670456,1263.1669921875,50.46371841430664,0.01628699153661728,0.08778051286935806,0.12762048840522766
304,1162.974853515625,42.008140563964844,0.013128181919455528,0.08066121488809586,0.11457828432321548,1272.54150390625,51.06427764892578,0.016535557806491852,0.08875879645347595,0.1285906583070755
305,1175.6754150390625,41.76261901855469,0.013186522759497166,0.08078993111848831,0.11483258754014969,1270.815673828125,51.557891845703125,0.01663215458393097,0.08803604543209076,0.12896570563316345
306,1168.1470947265625,41.63677978515625,0.01314566656947136,0.08069410920143127,0.1146545559167862,1276.3883056640625,51.39659881591797,0.016685016453266144,0.08863808214664459,0.1291704922914505
307,1172.06884765625,42.0504035949707,0.013200391083955765,0.08069553971290588,0.11489295214414597,1268.09423828125,50.68817901611328,0.016406910493969917,0.08788581937551498,0.12808945775032043
308,1177.2584228515625,42.08888244628906,0.013108172453939915,0.08043903112411499,0.11449092626571655,1263.5400390625,50.55479431152344,0.016297750174999237,0.08786314725875854,0.12766264379024506
309,1172.3463134765625,41.48312759399414,0.01313900575041771,0.08080431818962097,0.1146254912018776,1264.663330078125,50.88988494873047,0.016382340341806412,0.08751443028450012,0.12799352407455444
310,1161.28076171875,41.162349700927734,0.013110879808664322,0.08040179312229156,0.11450275033712387,1260.8843994140625,50.7439079284668,0.016291921958327293,0.08782138675451279,0.12763981521129608
311,1165.9110107421875,41.62498474121094,0.013097058050334454,0.0805438831448555,0.114442378282547,1264.08251953125,50.45552062988281,0.016306234523653984,0.087281234562397,0.12769587337970734
312,1169.960205078125,41.75422286987305,0.013090289197862148,0.08033900707960129,0.11441279947757721,1265.4630126953125,50.54278564453125,0.016354408115148544,0.08751384913921356,0.12788435816764832
313,1168.55224609375,41.967430114746094,0.013078355230391026,0.08029820770025253,0.11436063796281815,1265.169189453125,50.48542404174805,0.016331158578395844,0.08739081770181656,0.12779341638088226
314,1169.07470703125,41.650543212890625,0.013102786615490913,0.08046750724315643,0.11446740478277206,1268.089111328125,50.353694915771484,0.016358984634280205,0.08765826374292374,0.12790223956108093
315,1171.7437744140625,41.92763900756836,0.013088562525808811,0.08055663108825684,0.11440525203943253,1265.6700439453125,50.77755355834961,0.016387425363063812,0.08795005083084106,0.12801337242126465
316,1169.740234375,41.91571044921875,0.013088343665003777,0.08044302463531494,0.11440429836511612,1267.4581298828125,50.56990051269531,0.016384555026888847,0.08745753020048141,0.12800216674804688
317,1168.658203125,41.59828567504883,0.013147265650331974,0.08097555488348007,0.11466152966022491,1266.2650146484375,50.53800582885742,0.016371309757232666,0.08738160133361816,0.12795041501522064
318,1164.7696533203125,41.617069244384766,0.013074141927063465,0.08045683801174164,0.11434221267700195,1267.6966552734375,50.32464599609375,0.01634971797466278,0.08793123066425323,0.1278660148382187
319,1178.85302734375,41.775962829589844,0.013137239031493664,0.08068569004535675,0.11461779475212097,1272.6375732421875,50.68791580200195,0.016477353870868683,0.08829670399427414,0.12836414575576782
320,1175.8076171875,41.95328903198242,0.013160948641598225,0.08082405477762222,0.11472117155790329,1261.735595703125,50.47395324707031,0.016268884763121605,0.08752266317605972,0.12754954397678375
321,1161.1309814453125,41.44635009765625,0.013117623515427113,0.08046985417604446,0.11453219503164291,1266.065673828125,50.94371795654297,0.016447680070996284,0.08736839890480042,0.12824851274490356
322,1173.180908203125,41.469688415527344,0.013172267004847527,0.08068569749593735,0.11477048695087433,1276.0716552734375,50.92707443237305,0.016633527353405952,0.0873301550745964,0.12897104024887085
323,1166.4261474609375,41.32341766357422,0.013068378902971745,0.0801214948296547,0.11431701481342316,1265.619873046875,50.42637252807617,0.01632506772875786,0.08735395967960358,0.1277695894241333
324,1168.62451171875,41.80073547363281,0.01310479175299406,0.08048002421855927,0.11447615921497345,1262.5147705078125,50.958518981933594,0.016358856111764908,0.0878208801150322,0.12790173292160034
325,1173.9932861328125,42.0398063659668,0.013110902160406113,0.08043212443590164,0.11450284719467163,1263.21826171875,50.829097747802734,0.016345590353012085,0.08761602640151978,0.12784987688064575
326,1167.1507568359375,41.70029830932617,0.013084386475384235,0.08053869754076004,0.11438700556755066,1266.98486328125,50.35965347290039,0.016347825527191162,0.08735717087984085,0.12785860896110535
327,1157.198974609375,41.86777114868164,0.013086763210594654,0.0805397629737854,0.11439738422632217,1263.3408203125,50.39656066894531,0.016281258314847946,0.0875013992190361,0.12759803235530853
328,1166.4263916015625,41.45988845825195,0.013095678761601448,0.08038141578435898,0.11443635076284409,1264.9808349609375,50.32925033569336,0.016314854845404625,0.08719617873430252,0.1277296096086502
329,1163.461181640625,41.877540588378906,0.013085314072668552,0.08041124045848846,0.11439105868339539,1268.7008056640625,50.39775466918945,0.01638677902519703,0.08754593878984451,0.1280108541250229
330,1163.4439697265625,41.44932174682617,0.013061216101050377,0.0803396925330162,0.1142856776714325,1262.0831298828125,50.89153289794922,0.016318656504154205,0.08784044533967972,0.12774449586868286
331,1164.4833984375,41.307621002197266,0.013111318461596966,0.08053658902645111,0.11450466513633728,1262.1146240234375,50.817779541015625,0.01630445010960102,0.08814555406570435,0.12768888473510742
332,1170.1126708984375,41.8054084777832,0.0131102055311203,0.08040967583656311,0.11449980735778809,1262.0242919921875,50.78764343261719,0.016313178464770317,0.08756860345602036,0.12772305309772491
333,1164.0032958984375,41.59259796142578,0.013087790459394455,0.08043748140335083,0.11440188437700272,1265.1746826171875,50.240943908691406,0.016278021037578583,0.08730052411556244,0.12758535146713257
334,1167.8109130859375,41.289642333984375,0.013070096261799335,0.08041711151599884,0.11432452499866486,1267.2037353515625,50.377925872802734,0.016331110149621964,0.08783841133117676,0.12779323756694794
335,1162.5460205078125,41.27702713012695,0.013080005533993244,0.0802827775478363,0.11436785757541656,1268.184814453125,50.73771667480469,0.016421321779489517,0.08799219131469727,0.1281457096338272
336,1157.2474365234375,41.50960922241211,0.01310865581035614,0.08075222373008728,0.11449303478002548,1262.4344482421875,50.24048614501953,0.016201313585042953,0.08772797137498856,0.12728437781333923
337,1167.3304443359375,42.06772994995117,0.013081365264952183,0.08044859021902084,0.11437380313873291,1265.0257568359375,50.83887481689453,0.016389230266213417,0.08768977969884872,0.12802042067050934
338,1167.0423583984375,42.251426696777344,0.013137226924300194,0.08061926811933517,0.1146177425980568,1269.761474609375,50.46776580810547,0.016408096998929977,0.08728671073913574,0.12809409201145172
339,1162.037353515625,41.599369049072266,0.013076147995889187,0.08055666089057922,0.11435098946094513,1265.697998046875,50.550079345703125,0.016345473006367683,0.08741002529859543,0.12784942984580994
340,1166.3212890625,41.47923278808594,0.013136368244886398,0.0806373655796051,0.11461399495601654,1267.0257568359375,51.0272102355957,0.01646539755165577,0.0876198336482048,0.12831756472587585
341,1168.264892578125,41.75944900512695,0.013104865327477455,0.0803413912653923,0.11447648704051971,1268.0721435546875,50.180694580078125,0.016318773850798607,0.08766055107116699,0.12774495780467987
342,1166.599365234375,41.60360336303711,0.013079152442514896,0.08045978099107742,0.1143641248345375,1263.3795166015625,50.71052551269531,0.016322480514645576,0.08777738362550735,0.12775945663452148
343,1161.6953125,41.454833984375,0.01311217900365591,0.08084514737129211,0.11450842022895813,1268.083984375,51.12044143676758,0.01650453917682171,0.08765954524278641,0.12846998870372772
344,1162.0201416015625,41.652400970458984,0.013152660802006721,0.08048956096172333,0.1146850511431694,1264.72509765625,50.470558166503906,0.01633893884718418,0.08724775910377502,0.1278238594532013
345,1162.3460693359375,41.49070358276367,0.013074880465865135,0.08055076003074646,0.11434544622898102,1264.20166015625,50.70876693725586,0.0163300521671772,0.08770597726106644,0.12778909504413605
346,1169.683837890625,42.02915573120117,0.013119149021804333,0.08039642125368118,0.11453885585069656,1263.39013671875,50.18087387084961,0.016212256625294685,0.08793714642524719,0.1273273527622223
347,1154.501220703125,41.478023529052734,0.013092047534883022,0.08075311779975891,0.11442048847675323,1276.556640625,50.55632019042969,0.016588017344474792,0.0873105525970459,0.12879447638988495
348,1154.9251708984375,41.31429672241211,0.01305652316659689,0.08029529452323914,0.11426514387130737,1260.0615234375,51.31395721435547,0.01634531281888485,0.08812397718429565,0.1278487890958786
349,1162.6217041015625,41.421356201171875,0.013037935830652714,0.0805414468050003,0.11418378353118896,1268.13720703125,50.58273696899414,0.016404420137405396,0.08744482696056366,0.12807974219322205
350,1168.22607421875,41.95083236694336,0.013106289319694042,0.08055491000413895,0.11448270082473755,1265.7174072265625,50.5685920715332,0.016347208991646767,0.0874689444899559,0.12785620987415314
351,1165.65869140625,42.07664108276367,0.013089190237224102,0.0805126428604126,0.11440800130367279,1267.1077880859375,50.5760498046875,0.016388392075896263,0.08726988732814789,0.12801715731620789
352,1163.6949462890625,41.0964241027832,0.013079862110316753,0.08008940517902374,0.11436722427606583,1260.0701904296875,50.26619338989258,0.01617109589278698,0.08781831711530685,0.12716563045978546
353,1159.176025390625,41.722747802734375,0.013043063692748547,0.0802430585026741,0.1142062321305275,1266.685791015625,50.681095123291016,0.016406917944550514,0.0872880071401596,0.12808948755264282
354,1164.0689697265625,41.908447265625,0.013111923821270466,0.08064652234315872,0.11450731009244919,1265.1531982421875,50.40509796142578,0.016318846493959427,0.08726217597723007,0.12774522602558136
355,1168.6708984375,41.9476203918457,0.013131272979080677,0.08084195852279663,0.11459176987409592,1261.74462890625,51.142032623291016,0.01634853333234787,0.08817767351865768,0.1278613805770874
356,1163.69482421875,41.259735107421875,0.013093804009258747,0.08014312386512756,0.11442817002534866,1258.9261474609375,50.52627182006836,0.016206495463848114,0.08747762441635132,0.12730473279953003
357,1167.3133544921875,41.54603958129883,0.013085300102829933,0.08048681169748306,0.11439099907875061,1264.5867919921875,50.69786071777344,0.01636524498462677,0.08721861988306046,0.12792672216892242
358,1162.5797119140625,41.80875778198242,0.013101310469210148,0.08011765033006668,0.11446095257997513,1266.9342041015625,50.574371337890625,0.01633901707828045,0.08800508081912994,0.12782415747642517
359,1162.585693359375,41.65700149536133,0.013067031279206276,0.08083829283714294,0.1143111139535904,1267.9609375,50.709388732910156,0.01643873006105423,0.08737465739250183,0.12821361422538757
360,1164.4915771484375,41.46059036254883,0.01310775987803936,0.0802839919924736,0.1144891232252121,1261.74609375,50.631717681884766,0.016281649470329285,0.08753503113985062,0.1275995671749115
361,1167.8360595703125,41.34242248535156,0.013069192878901958,0.08060260862112045,0.11432056874036789,1267.68994140625,50.78430938720703,0.01643534004688263,0.08758385479450226,0.12820039689540863
362,1172.83154296875,41.54572296142578,0.013078920543193817,0.0804564356803894,0.11436311155557632,1272.8485107421875,51.0009880065918,0.016529293730854988,0.0887785330414772,0.12856629490852356
363,1164.7142333984375,41.742794036865234,0.013219613581895828,0.08106061071157455,0.11497657746076584,1273.7742919921875,51.67866897583008,0.016686443239450455,0.08849689364433289,0.12917602062225342
364,1170.4224853515625,41.459590911865234,0.013134486973285675,0.08072135597467422,0.11460579186677933,1263.5867919921875,50.67827606201172,0.016317062079906464,0.08778957277536392,0.12773825228214264
365,1165.2337646484375,41.53288269042969,0.013059813529253006,0.08044371753931046,0.11427953839302063,1266.896240234375,50.305458068847656,0.016355318948626518,0.08727693557739258,0.12788791954517365
366,1174.4132080078125,41.404178619384766,0.013076595030725002,0.080197274684906,0.11435294151306152,1263.0262451171875,50.87561798095703,0.016338277608156204,0.08779419213533401,0.12782126665115356
367,1157.357177734375,41.193267822265625,0.013085047714412212,0.08041228353977203,0.11438989639282227,1263.6500244140625,50.326656341552734,0.016246559098362923,0.0876561626791954,0.1274619847536087
368,1175.08544921875,41.802223205566406,0.013115745037794113,0.08036571741104126,0.1145239919424057,1267.18603515625,50.39746856689453,0.016291392967104912,0.08837151527404785,0.12763774394989014
369,1164.6087646484375,41.40387725830078,0.0130816251039505,0.08070360869169235,0.11437493562698364,1266.53369140625,50.55348205566406,0.016375379636883736,0.08753863722085953,0.12796632945537567
370,1166.36572265625,41.471405029296875,0.013125643134117126,0.08036571741104126,0.11456719785928726,1267.4560546875,50.35823059082031,0.016349703073501587,0.08753121644258499,0.1278659552335739
371,1164.3861083984375,41.49315643310547,0.013061932288110256,0.08048437535762787,0.1142888143658638,1268.6322021484375,50.50272750854492,0.016403650864958763,0.0871819406747818,0.1280767321586609
372,1166.63037109375,41.53702926635742,0.013065274804830551,0.08032377809286118,0.11430343240499496,1268.4495849609375,51.33420181274414,0.01654496230185032,0.08769212663173676,0.1286272257566452
373,1160.17333984375,41.47571563720703,0.013082417659461498,0.08046428114175797,0.11437839269638062,1270.7701416015625,50.83554458618164,0.016511501744389534,0.08752002567052841,0.12849709391593933
374,1161.4871826171875,41.435489654541016,0.013086467050015926,0.08024800568819046,0.1143960952758789,1257.23388671875,50.40671920776367,0.016155261546373367,0.08775617182254791,0.12710334360599518
375,1164.2314453125,41.35155487060547,0.013086579740047455,0.08052802830934525,0.1143965870141983,1274.036865234375,50.21100616455078,0.016472263261675835,0.08732548356056213,0.12834432721138
376,1165.146240234375,41.54638671875,0.013060670346021652,0.08046426624059677,0.11428330093622208,1267.9542236328125,50.83668899536133,0.016462955623865128,0.08721023052930832,0.12830804288387299
377,1159.1090087890625,41.40901565551758,0.013098702766001225,0.08036317676305771,0.11444956064224243,1266.37939453125,50.24795150756836,0.016306493431329727,0.08750078082084656,0.12769688665866852
378,1171.0947265625,41.58100891113281,0.013039871118962765,0.08019305765628815,0.11419225484132767,1261.20068359375,50.503082275390625,0.01624835841357708,0.08754964172840118,0.1274690479040146
379,1170.60498046875,41.72621536254883,0.013101850636303425,0.08047197014093399,0.11446330696344376,1273.23876953125,50.79932403564453,0.016558906063437462,0.08764143288135529,0.12868140637874603
380,1165.8260498046875,41.345489501953125,0.013041224330663681,0.08042873442173004,0.11419818550348282,1265.14501953125,50.63848114013672,0.016369879245758057,0.08717888593673706,0.12794482707977295
381,1159.1851806640625,41.28403854370117,0.013067640364170074,0.08043479174375534,0.11431378126144409,1264.4530029296875,51.60655212402344,0.016513003036379814,0.08766410499811172,0.12850293517112732
382,1168.433837890625,41.23622512817383,0.013056756928563118,0.0802193209528923,0.11426616460084915,1261.77587890625,50.44898986816406,0.016263075172901154,0.08726555854082108,0.12752676010131836
383,1163.20751953125,41.68159103393555,0.013070333749055862,0.08050481230020523,0.11432556062936783,1266.60888671875,50.20558166503906,0.016311217099428177,0.08718676120042801,0.12771537899971008
384,1160.941650390625,41.605777740478516,0.013080318458378315,0.08046906441450119,0.1143692210316658,1260.4234619140625,50.43870544433594,0.01623477041721344,0.08747971802949905,0.127415731549263
385,1175.224609375,41.92667007446289,0.013067423366010189,0.08023407310247421,0.11431284248828888,1264.348388671875,50.26113510131836,0.01625678688287735,0.08762630075216293,0.12750209867954254
386,1171.4110107421875,42.143714904785156,0.013086827471852303,0.08045710623264313,0.11439767479896545,1261.0338134765625,50.49998474121094,0.016232673078775406,0.08755804598331451,0.127407506108284
387,1166.3538818359375,41.7297477722168,0.013095930218696594,0.08070909231901169,0.11443745344877243,1261.257568359375,51.09033203125,0.01637050323188305,0.08734187483787537,0.12794727087020874
388,1164.963623046875,41.49042892456055,0.013054052367806435,0.08038460463285446,0.11425433307886124,1259.2200927734375,50.27705383300781,0.016184017062187195,0.087198406457901,0.1272164136171341
389,1163.8453369140625,41.514869689941406,0.013105959631502628,0.08062323927879333,0.11448126286268234,1266.8177490234375,50.673423767089844,0.016394395381212234,0.08740833401679993,0.1280405968427658
390,1177.1593017578125,41.18423843383789,0.01304739061743021,0.08018087595701218,0.11422517150640488,1270.918212890625,50.34868240356445,0.016404280439019203,0.08761755377054214,0.12807919085025787
391,1163.8955078125,41.571720123291016,0.013125356286764145,0.08090028166770935,0.11456594616174698,1265.748779296875,50.55170822143555,0.01636340282857418,0.08732924610376358,0.1279195100069046
392,1166.7330322265625,41.80904006958008,0.013108069077134132,0.0803474560379982,0.11449047923088074,1263.3826904296875,50.49252700805664,0.016299745067954063,0.08741379529237747,0.12767045199871063
393,1156.6202392578125,41.103965759277344,0.013055635616183281,0.0802704393863678,0.11426126211881638,1269.484130859375,50.48060607910156,0.01642419956624508,0.08723759651184082,0.12815694510936737
394,1167.449462890625,41.64603805541992,0.013096241280436516,0.08049563318490982,0.11443879455327988,1259.41748046875,50.80122375488281,0.016258876770734787,0.08756424486637115,0.12751029431819916
395,1162.1265869140625,41.652809143066406,0.013032007031142712,0.08041974157094955,0.11415781080722809,1269.0738525390625,51.49046325683594,0.016566388309001923,0.08816561102867126,0.12871047854423523
396,1160.1998291015625,41.584285736083984,0.013104141689836979,0.08063200861215591,0.11447332054376602,1260.92041015625,50.28396224975586,0.016197899356484413,0.08765698969364166,0.12727096676826477
397,1162.3492431640625,41.58707046508789,0.013105702586472034,0.08055429905653,0.11448013782501221,1261.9339599609375,50.266387939453125,0.016236087307333946,0.08727686107158661,0.12742090225219727
398,1158.8209228515625,41.58760070800781,0.013067529536783695,0.08029142767190933,0.11431329697370529,1261.92236328125,50.851966857910156,0.016290748491883278,0.08819325268268585,0.12763521075248718
399,1168.3287353515625,41.63780975341797,0.013014261610805988,0.0803215354681015,0.11408007144927979,1262.7786865234375,50.4767951965332,0.016278360038995743,0.0873854011297226,0.12758667767047882
400,1168.62060546875,41.375396728515625,0.013071173802018166,0.08010633289813995,0.11432924121618271,1262.2020263671875,50.359806060791016,0.01622539386153221,0.08761637657880783,0.1273789256811142
401,1172.351806640625,41.22948455810547,0.013076186180114746,0.08025798946619034,0.11435114592313766,1268.6964111328125,50.474430084228516,0.01639569364488125,0.08744770288467407,0.12804566323757172
402,1167.06201171875,41.64360046386719,0.01308892760425806,0.08032379299402237,0.11440685391426086,1264.2935791015625,50.5557975769043,0.016337359324097633,0.08738727122545242,0.12781767547130585
403,1167.790771484375,41.771183013916016,0.013117631897330284,0.08067451417446136,0.1145322322845459,1265.388671875,50.36435317993164,0.016308041289448738,0.08740345388650894,0.12770293653011322
404,1162.65478515625,41.638607025146484,0.013015384785830975,0.08023221045732498,0.11408498883247375,1261.20166015625,51.02552795410156,0.01635061390697956,0.08729799091815948,0.12786950170993805
405,1154.3546142578125,41.47735595703125,0.013020825572311878,0.0800488069653511,0.11410883814096451,1266.332763671875,50.51609802246094,0.01634155958890915,0.0876961201429367,0.12783411145210266
406,1169.627685546875,41.49415588378906,0.01308248471468687,0.08051900565624237,0.11437869071960449,1260.611572265625,50.24540710449219,0.01619691215455532,0.0874786376953125,0.12726709246635437
407,1166.998291015625,41.435752868652344,0.013044455088675022,0.08004219084978104,0.11421232670545578,1265.5428466796875,50.28499221801758,0.016291625797748566,0.0874646008014679,0.12763865292072296
408,1163.685546875,41.504539489746094,0.013040287420153618,0.08012992888689041,0.11419407278299332,1257.78173828125,50.87588119506836,0.016225822269916534,0.08794836699962616,0.1273806244134903
409,1165.3978271484375,41.60878372192383,0.013052628375589848,0.0806121677160263,0.11424809694290161,1267.6619873046875,51.03773498535156,0.016480017453432083,0.08767817169427872,0.12837451696395874
410,1158.4886474609375,41.60602951049805,0.013067089952528477,0.08038140833377838,0.11431137472391129,1261.60009765625,50.6212272644043,0.01626794971525669,0.0876549482345581,0.12754587829113007
411,1166.52001953125,41.5792350769043,0.013149425387382507,0.08075417578220367,0.11467094719409943,1268.64990234375,50.592247009277344,0.0163749847561121,0.08847924321889877,0.1279647797346115
412,1167.1614990234375,41.42436981201172,0.013146089389920235,0.0805102214217186,0.11465639621019363,1265.8834228515625,50.82866287231445,0.01636640354990959,0.08825953304767609,0.12793125212192535
413,1163.4022216796875,41.550025939941406,0.013044402003288269,0.08018867671489716,0.11421209573745728,1260.91162109375,50.890953063964844,0.01630922593176365,0.08774557709693909,0.1277075707912445
414,1161.0692138671875,41.776309967041016,0.01303800381720066,0.0803881585597992,0.11418408155441284,1267.7947998046875,50.286163330078125,0.01635407842695713,0.08725206553936005,0.12788306176662445
415,1162.905517578125,41.47402572631836,0.013034301809966564,0.08014192432165146,0.11416786164045334,1266.010498046875,50.41942596435547,0.016335949301719666,0.08740705996751785,0.12781216204166412
416,1163.2586669921875,41.56419372558594,0.013036955147981644,0.08008115738630295,0.11417948454618454,1260.9627685546875,50.45420455932617,0.016227157786488533,0.08775421977043152,0.12738585472106934
417,1158.4139404296875,41.13176727294922,0.013080133125185966,0.08041351288557053,0.11436840891838074,1271.470947265625,50.42679214477539,0.016472382470965385,0.08736041933298111,0.12834477424621582
418,1157.685791015625,41.46754837036133,0.013030915521085262,0.08033641427755356,0.11415303498506546,1261.7802734375,51.72319412231445,0.016462963074445724,0.08824124187231064,0.12830807268619537
419,1161.2379150390625,41.33753967285156,0.013005701825022697,0.08024647831916809,0.11404254287481308,1264.5018310546875,50.75578689575195,0.016370704397559166,0.08740127831697464,0.12794806063175201
420,1162.9031982421875,40.877750396728516,0.013039125129580498,0.08026011288166046,0.11418899148702621,1263.232666015625,50.934104919433594,0.016336536034941673,0.08794839680194855,0.12781447172164917
421,1177.9683837890625,42.05031967163086,0.013055439107120037,0.0804360955953598,0.11426039785146713,1270.087890625,50.31580352783203,0.01637180522084236,0.08771099150180817,0.12795235216617584
422,1160.8687744140625,41.81892776489258,0.013104689307510853,0.08081276714801788,0.11447571218013763,1265.2071533203125,50.89671325683594,0.01639416813850403,0.08799759298563004,0.12803971767425537
423,1167.0059814453125,41.25257873535156,0.013039804063737392,0.08007095754146576,0.11419196426868439,1261.9698486328125,50.287296295166016,0.01621704176068306,0.08755660802125931,0.12734614312648773
424,1158.5191650390625,41.74180603027344,0.013020634651184082,0.08023329079151154,0.11410799622535706,1263.3968505859375,50.60145950317383,0.016328472644090652,0.08708509057760239,0.1277829110622406
