epoch,RMSE_P,RMSE_T,loss,mean_absolute_error,root_mean_squared_error,val_RMSE_P,val_RMSE_T,val_loss,val_mean_absolute_error,val_root_mean_squared_error
0,7674.873046875,169.2084197998047,0.4938356280326843,0.44427090883255005,0.7027344107627869,6570.93701171875,149.92457580566406,0.3623128831386566,0.38731470704078674,0.6019243001937866
1,5505.42236328125,147.08995056152344,0.26953163743019104,0.3520914614200592,0.5191643834114075,4896.4697265625,140.08627319335938,0.21073991060256958,0.31493324041366577,0.45906415581703186
2,4215.99072265625,134.23175048828125,0.16764278709888458,0.29200345277786255,0.4094420373439789,3903.822021484375,131.07302856445312,0.1419995278120041,0.26773616671562195,0.37682825326919556
3,3474.521728515625,122.9405288696289,0.11678458005189896,0.2510020136833191,0.3417375981807709,3218.77197265625,123.11040496826172,0.10303469002246857,0.2340923547744751,0.3209901750087738
4,2913.8955078125,114.44014739990234,0.08674774318933487,0.21813714504241943,0.2945297062397003,2733.343994140625,115.29466247558594,0.07911322265863419,0.20809143781661987,0.28127074241638184
5,2543.3193359375,105.58394622802734,0.06856255233287811,0.19539950788021088,0.2618445158004761,2411.35498046875,107.030517578125,0.06392806023359299,0.18851299583911896,0.25283998250961304
6,2305.636962890625,97.52426147460938,0.056572847068309784,0.1777159720659256,0.23785047233104706,2182.194580078125,99.59375762939453,0.05358031019568443,0.17262698709964752,0.23147420585155487
7,2110.604736328125,90.46150207519531,0.04833252355456352,0.16405189037322998,0.21984659135341644,2011.3780517578125,92.55587005615234,0.045857273042201996,0.16041982173919678,0.21414309740066528
8,1973.932861328125,84.21080017089844,0.04222675412893295,0.15327568352222443,0.20549149811267853,1883.5145263671875,86.80076599121094,0.04027438163757324,0.150095596909523,0.2006847858428955
9,1891.97705078125,79.81991577148438,0.037766505032777786,0.14469347894191742,0.19433605670928955,1788.720947265625,82.2784423828125,0.03632078692317009,0.14227288961410522,0.19058012962341309
10,1804.46630859375,74.70211029052734,0.03442021831870079,0.13751846551895142,0.18552686274051666,1716.6171875,78.41304779052734,0.03328695520758629,0.135740727186203,0.1824471354484558
11,1735.8873291015625,71.8836898803711,0.03166282922029495,0.13156580924987793,0.1779405176639557,1655.577880859375,75.36175537109375,0.03085840493440628,0.13027553260326385,0.17566560208797455
12,1677.44775390625,68.76526641845703,0.02955813705921173,0.1269315481185913,0.17192479968070984,1608.8463134765625,72.03101348876953,0.028783056885004044,0.12544700503349304,0.1696557104587555
13,1635.317626953125,66.59540557861328,0.027832966297864914,0.12244082242250443,0.16683214902877808,1566.854736328125,69.9626235961914,0.027255652472376823,0.12188692390918732,0.1650928556919098
14,1579.032470703125,63.87551498413086,0.026385536417365074,0.11906711757183075,0.16243624687194824,1533.8355712890625,67.97310638427734,0.02598753198981285,0.11866969615221024,0.16120648384094238
15,1566.8880615234375,62.48333740234375,0.025300564244389534,0.11636656522750854,0.1590615063905716,1505.82958984375,66.34817504882812,0.02496933378279209,0.11606789380311966,0.1580168753862381
16,1548.861328125,61.251800537109375,0.02435148134827614,0.11378876119852066,0.15604960918426514,1481.9173583984375,64.78530883789062,0.024038968607783318,0.1138407438993454,0.1550450474023819
17,1515.4195556640625,60.22317886352539,0.02356206253170967,0.11197090893983841,0.15349939465522766,1460.064453125,64.0291976928711,0.023411229252815247,0.1121203601360321,0.15300728380680084
18,1498.8524169921875,59.167823791503906,0.02284030243754387,0.10997448116540909,0.1511300802230835,1443.489501953125,62.88249206542969,0.022776944562792778,0.11025411635637283,0.1509203165769577
19,1469.7935791015625,58.670772552490234,0.02221750281751156,0.10844338685274124,0.1490553617477417,1431.16552734375,61.79967498779297,0.022275665774941444,0.10901114344596863,0.1492503434419632
20,1457.341796875,57.68349838256836,0.021712269634008408,0.10705239325761795,0.14735083281993866,1418.1939697265625,60.50069046020508,0.021702485159039497,0.1075759008526802,0.14731763303279877
21,1435.7042236328125,57.16674041748047,0.02115761488676071,0.10581525415182114,0.14545658230781555,1408.51904296875,60.51542282104492,0.02150871232151985,0.10692545771598816,0.1466584950685501
22,1418.4263916015625,56.276432037353516,0.02075650542974472,0.10455936938524246,0.14407117664813995,1397.862060546875,59.89401626586914,0.02113720029592514,0.10560909658670425,0.14538638293743134
23,1411.729248046875,56.06305694580078,0.02036246843636036,0.10365107655525208,0.14269712567329407,1391.3046875,58.96637725830078,0.02080823853611946,0.1049104556441307,0.14425061643123627
24,1407.8314208984375,55.35095977783203,0.020019307732582092,0.10253600031137466,0.14148961007595062,1381.9088134765625,58.29610061645508,0.02045290917158127,0.10388217121362686,0.14301367104053497
25,1391.0615234375,54.469085693359375,0.019702713936567307,0.10172806680202484,0.1403663605451584,1374.5465087890625,57.96063232421875,0.020245948806405067,0.10313399881124496,0.14228825271129608
26,1387.582275390625,54.37724685668945,0.019445335492491722,0.10087038576602936,0.13944652676582336,1370.3348388671875,57.48735809326172,0.020039986819028854,0.10260632634162903,0.14156265556812286
27,1368.8853759765625,53.63236618041992,0.01921394094824791,0.10035692155361176,0.13861435651779175,1363.3209228515625,57.39814758300781,0.019878480583429337,0.10196142643690109,0.14099106192588806
28,1366.0303955078125,53.60089874267578,0.01897001452744007,0.09972363710403442,0.13773168623447418,1359.02734375,56.56498718261719,0.01962372474372387,0.1013379618525505,0.14008469879627228
29,1357.1890869140625,53.2673225402832,0.01880163699388504,0.09913389384746552,0.13711905479431152,1356.0892333984375,55.88964080810547,0.019406963139772415,0.1008700579404831,0.1393088698387146
30,1363.09375,53.26207733154297,0.01865685172379017,0.09861747175455093,0.13659009337425232,1351.095458984375,55.74529266357422,0.01926814205944538,0.1003389060497284,0.13880974054336548
31,1338.9234619140625,52.904232025146484,0.018405577167868614,0.09799116849899292,0.13566716015338898,1347.6376953125,55.22259521484375,0.01908503845334053,0.0998874232172966,0.13814860582351685
32,1346.33447265625,52.25308609008789,0.01826479844748974,0.0975576788187027,0.1351473182439804,1343.666015625,55.18415832519531,0.01899714209139347,0.09954680502414703,0.13783012330532074
33,1334.5921630859375,51.96390151977539,0.018084632232785225,0.09696424752473831,0.1344791203737259,1341.90283203125,54.73172378540039,0.018872665241360664,0.09926977753639221,0.1373778134584427
34,1326.5838623046875,51.33428955078125,0.01802031323313713,0.0967770591378212,0.13423976302146912,1336.51513671875,54.8397102355957,0.01877635158598423,0.0990140438079834,0.1370268315076828
35,1318.1627197265625,51.91633987426758,0.01781686581671238,0.09628408402204514,0.13347983360290527,1332.20068359375,55.17634582519531,0.01874065212905407,0.09870744496583939,0.1368965059518814
36,1327.8570556640625,51.10044860839844,0.017738040536642075,0.09608273208141327,0.13318423926830292,1329.18896484375,53.961265563964844,0.018462328240275383,0.09820672869682312,0.1358761489391327
37,1321.9200439453125,50.87838363647461,0.017611442133784294,0.09542874246835709,0.1327081024646759,1324.63134765625,53.921363830566406,0.018340980634093285,0.09783019870519638,0.13542887568473816
38,1309.12060546875,51.05352783203125,0.01747729629278183,0.09523187577724457,0.13220173120498657,1319.2357177734375,53.61762619018555,0.01818844862282276,0.09752412885427475,0.13486455380916595
39,1311.62451171875,50.62968444824219,0.017381304875016212,0.0950947031378746,0.13183817267417908,1316.4306640625,53.83023452758789,0.0181664377450943,0.09729871898889542,0.13478292524814606
40,1310.8857421875,50.13225555419922,0.017294488847255707,0.09441687166690826,0.13150851428508759,1314.32666015625,53.39723205566406,0.01802223175764084,0.09698420763015747,0.13424690067768097
41,1310.6351318359375,50.55681228637695,0.017149221152067184,0.09429048746824265,0.1309550404548645,1313.5809326171875,53.207462310791016,0.01798006147146225,0.09697286784648895,0.13408975303173065
42,1309.8387451171875,50.13926315307617,0.017080286517739296,0.09375598281621933,0.1306915581226349,1309.624267578125,53.35325622558594,0.01790548302233219,0.09663969278335571,0.1338113695383072
43,1302.9652099609375,49.81292724609375,0.016975218430161476,0.09369561821222305,0.1302889734506607,1304.811767578125,52.80900573730469,0.01770705170929432,0.09602928161621094,0.13306784629821777
44,1295.177734375,49.79505920410156,0.01691880263388157,0.09351137280464172,0.13007229566574097,1304.55810546875,52.94717788696289,0.017723754048347473,0.09608406573534012,0.13313059508800507
45,1303.5830078125,49.806884765625,0.016863703727722168,0.09326571226119995,0.12986032664775848,1303.3037109375,52.70579147338867,0.017646467313170433,0.09592355787754059,0.13284000754356384
46,1303.7099609375,49.7987174987793,0.01674628257751465,0.0930817723274231,0.12940742075443268,1298.0670166015625,52.43952941894531,0.017520977184176445,0.09545493870973587,0.1323668211698532
47,1280.8321533203125,49.03889083862305,0.016654176637530327,0.09254354238510132,0.1290510594844818,1296.7283935546875,52.076107025146484,0.017414147034287453,0.09539657086133957,0.13196265697479248
48,1292.539306640625,49.36948776245117,0.016641221940517426,0.0924907773733139,0.12900085747241974,1294.8958740234375,52.10063934326172,0.017390014603734016,0.09504973143339157,0.13187120854854584
49,1283.5159912109375,49.59900665283203,0.016526583582162857,0.09208597242832184,0.1285557597875595,1290.83349609375,52.31842803955078,0.01733928918838501,0.09489227086305618,0.1316787302494049
50,1277.0164794921875,49.22454833984375,0.01647684909403324,0.09204727411270142,0.12836219370365143,1291.877685546875,51.654579162597656,0.017233921214938164,0.09478111565113068,0.13127802312374115
51,1290.2127685546875,48.72895431518555,0.016441354528069496,0.09195303171873093,0.12822385132312775,1289.5579833984375,52.42082595825195,0.017325321212410927,0.0948701873421669,0.1316256821155548
52,1278.963134765625,48.375370025634766,0.016385115683078766,0.09148133546113968,0.12800435721874237,1288.607421875,51.7160530090332,0.01716149039566517,0.09454698115587234,0.13100187480449677
53,1260.4654541015625,48.44532775878906,0.016321636736392975,0.09162656962871552,0.12775616347789764,1286.45654296875,51.29364776611328,0.017055077478289604,0.09446568787097931,0.13059508800506592
54,1283.6947021484375,48.75307846069336,0.016230374574661255,0.09116813540458679,0.12739849090576172,1285.2803955078125,51.257076263427734,0.01702265441417694,0.0945090726017952,0.1304709017276764
55,1270.2060546875,49.03418731689453,0.01625789701938629,0.09151828289031982,0.12750646471977234,1278.989013671875,51.121578216552734,0.016878940165042877,0.09373220056295395,0.12991897761821747
56,1264.7559814453125,47.993465423583984,0.016138549894094467,0.09107460826635361,0.12703759968280792,1277.61572265625,50.91835403442383,0.016819609329104424,0.09365227818489075,0.12969043850898743
57,1272.889404296875,48.397525787353516,0.016052870079874992,0.0906514823436737,0.12669992446899414,1278.33447265625,51.06068801879883,0.016837751492857933,0.09359674155712128,0.12976035475730896
58,1259.4925537109375,48.11066436767578,0.01600109227001667,0.09033667296171188,0.12649542093276978,1275.9075927734375,51.18296813964844,0.016816291958093643,0.09356143325567245,0.1296776533126831
59,1266.5252685546875,48.33370590209961,0.016007913276553154,0.09049468487501144,0.12652237713336945,1275.617431640625,51.01441955566406,0.016772622242569923,0.09341800957918167,0.12950916588306427
60,1262.2952880859375,48.233612060546875,0.01601618528366089,0.09041372686624527,0.12655507028102875,1274.393798828125,50.974456787109375,0.016743062064051628,0.09345632046461105,0.12939497828483582
61,1258.865478515625,48.10114669799805,0.015893712639808655,0.09031908959150314,0.1260702759027481,1272.54736328125,50.31121826171875,0.01658826693892479,0.0929277166724205,0.12879544496536255
62,1267.6278076171875,47.59772872924805,0.01580178365111351,0.08973485231399536,0.12570515275001526,1268.967041015625,50.22245788574219,0.016513677313923836,0.0926225557923317,0.12850555777549744
63,1245.032958984375,47.5324592590332,0.015790890902280807,0.08986939489841461,0.12566182017326355,1270.174560546875,50.35212707519531,0.01653810404241085,0.0927824079990387,0.1286005675792694
64,1252.696044921875,47.27972412109375,0.01574648544192314,0.08976545184850693,0.12548500299453735,1266.3748779296875,49.7220458984375,0.016373291611671448,0.0927189290523529,0.12795816361904144
65,1256.17138671875,47.4064826965332,0.015719745308160782,0.08948522806167603,0.12537841498851776,1270.7354736328125,50.57918167114258,0.016599133610725403,0.09279940277338028,0.12883763015270233
66,1258.0958251953125,47.65932846069336,0.015702208504080772,0.08962077647447586,0.12530845403671265,1263.902099609375,49.625999450683594,0.016306014731526375,0.09210532158613205,0.1276950091123581
67,1247.2066650390625,47.276973724365234,0.015621584840118885,0.08910590410232544,0.12498633563518524,1262.8577880859375,49.788429260253906,0.016304589807987213,0.09219281375408173,0.1276894211769104
68,1249.3111572265625,47.59511184692383,0.01557784155011177,0.08915618807077408,0.12481120973825455,1261.756103515625,49.66454315185547,0.01627412997186184,0.09194274991750717,0.12757009267807007
69,1256.4490966796875,47.70587158203125,0.015587758272886276,0.08898136764764786,0.12485094368457794,1258.86181640625,49.55824279785156,0.016180163249373436,0.09165079891681671,0.12720127403736115
70,1252.17578125,46.83599853515625,0.015521910041570663,0.08894568681716919,0.12458695471286774,1256.6883544921875,49.191280364990234,0.01608319953083992,0.09156537055969238,0.12681955099105835
71,1247.155029296875,47.17890548706055,0.015481297858059406,0.08878616243600845,0.12442386150360107,1256.29638671875,49.394100189208984,0.016100965440273285,0.09138989448547363,0.12688958644866943
72,1241.9031982421875,46.984031677246094,0.01539211068302393,0.08836836367845535,0.12406494468450546,1252.01171875,49.447818756103516,0.01604578271508217,0.09125373512506485,0.1266719549894333
73,1246.7332763671875,47.18754196166992,0.015367669053375721,0.08816952258348465,0.12396640330553055,1249.334716796875,49.133636474609375,0.015935342758893967,0.09088577330112457,0.1262352615594864
74,1250.35595703125,46.73653030395508,0.015382453799247742,0.08858725428581238,0.12402602285146713,1248.806640625,48.79094696044922,0.015879904851317406,0.0907500758767128,0.12601548433303833
75,1245.1624755859375,46.570037841796875,0.015339216217398643,0.08820266276597977,0.12385158985853195,1250.489501953125,49.34543991088867,0.01601766049861908,0.09095721691846848,0.12656089663505554
76,1246.6910400390625,46.8923225402832,0.01533873938024044,0.08821701258420944,0.12384966760873795,1248.726318359375,49.31987762451172,0.015947235748171806,0.09084408730268478,0.12628236413002014
77,1242.339111328125,46.43158721923828,0.015244884416460991,0.08777816593647003,0.12347017973661423,1246.0830078125,48.584815979003906,0.015772124752402306,0.09034890681505203,0.1255871206521988
78,1232.0709228515625,46.32514953613281,0.01516661699861288,0.08746182173490524,0.12315281480550766,1241.597900390625,48.52364730834961,0.01568310149013996,0.09005405753850937,0.12523218989372253
79,1239.2667236328125,46.48051071166992,0.015169506892561913,0.08782929927110672,0.12316454946994781,1243.05615234375,48.27456283569336,0.01567355915904045,0.09010812640190125,0.12519408762454987
80,1236.9532470703125,46.436702728271484,0.01516712550073862,0.08757959306240082,0.1231548860669136,1242.4127197265625,48.46268844604492,0.015672795474529266,0.09017973393201828,0.12519103288650513
81,1232.0452880859375,46.33429718017578,0.015109236352145672,0.08738584071397781,0.12291963398456573,1238.7791748046875,48.44091796875,0.015612642280757427,0.08994296193122864,0.12495055794715881
82,1233.0889892578125,46.432350158691406,0.015059411525726318,0.08711019903421402,0.12271679937839508,1238.53271484375,48.28566360473633,0.015570094808936119,0.08968125283718109,0.12478020042181015
83,1225.2587890625,46.43214416503906,0.015110489912331104,0.08751128613948822,0.12292473018169403,1238.5472412109375,47.91780090332031,0.015526020899415016,0.08969944715499878,0.12460345774888992
84,1221.9031982421875,45.93723678588867,0.015010816045105457,0.08696888387203217,0.1225186362862587,1244.62255859375,47.92451858520508,0.015578111633658409,0.08977964520454407,0.12481231242418289
85,1226.430908203125,45.79827880859375,0.01500796154141426,0.08685962855815887,0.1225069910287857,1233.0562744140625,47.85292053222656,0.015404555015265942,0.08939091861248016,0.12411509454250336
86,1222.5855712890625,46.1041259765625,0.0149256382137537,0.08676225692033768,0.12217053025960922,1232.3450927734375,47.714569091796875,0.015354307368397713,0.08917298167943954,0.1239125058054924
87,1225.796875,45.8140754699707,0.014918514527380466,0.08676619082689285,0.12214136868715286,1230.2235107421875,47.603328704833984,0.015302314423024654,0.08889909833669662,0.1237025260925293
88,1225.464599609375,45.54743576049805,0.014897416345775127,0.0864664688706398,0.12205497920513153,1231.8048095703125,47.66327667236328,0.015315461903810501,0.08891482651233673,0.12375565618276596
89,1222.6866455078125,45.15842056274414,0.01484646089375019,0.08656515181064606,0.12184605747461319,1235.61083984375,47.35154342651367,0.015328868292272091,0.08881141245365143,0.1238098070025444
90,1233.148193359375,45.589813232421875,0.014900865033268929,0.08634179830551147,0.1220690980553627,1240.6934814453125,47.00456237792969,0.015331977047026157,0.08895654231309891,0.12382236123085022
91,1219.563720703125,45.868560791015625,0.014808355830609798,0.08633624762296677,0.12168958783149719,1226.9105224609375,47.03651809692383,0.015140114352107048,0.08830299973487854,0.1230451688170433
92,1224.07275390625,45.67430877685547,0.014819235540926456,0.08618488907814026,0.12173428386449814,1225.3189697265625,47.18499755859375,0.015150141902267933,0.088394895195961,0.12308590859174728
93,1221.961181640625,45.07899856567383,0.014769963920116425,0.08602961152791977,0.12153173983097076,1222.687744140625,46.805564880371094,0.015016056597232819,0.08789172768592834,0.12254001945257187
94,1229.009033203125,45.01019287109375,0.01469434518367052,0.085942342877388,0.12122023105621338,1221.75341796875,46.860923767089844,0.014996358193457127,0.08785174041986465,0.12245962023735046
95,1222.8009033203125,44.84052658081055,0.014720777049660683,0.08595938980579376,0.12132920324802399,1222.3267822265625,46.531070709228516,0.014944552443921566,0.087677501142025,0.12224791198968887
96,1215.0347900390625,44.95252990722656,0.014610903337597847,0.0853564515709877,0.12087556719779968,1218.91455078125,46.487205505371094,0.014889039099216461,0.0874098688364029,0.1220206543803215
97,1220.6322021484375,44.95953369140625,0.014599649235606194,0.08541633933782578,0.1208290085196495,1223.0732421875,46.540462493896484,0.014949331060051918,0.08757048845291138,0.1222674623131752
98,1218.5101318359375,45.068302154541016,0.014581644907593727,0.08533784002065659,0.12075448036193848,1215.44873046875,46.202945709228516,0.014782064594328403,0.08709029853343964,0.12158151715993881
99,1227.4781494140625,45.031951904296875,0.014555051922798157,0.0853092148900032,0.12064432352781296,1214.06689453125,45.94163513183594,0.014718243852257729,0.08662671595811844,0.1213187724351883
100,1210.85009765625,45.217262268066406,0.014540906995534897,0.08504048734903336,0.12058568000793457,1218.37744140625,46.05864334106445,0.014777978882193565,0.08694420009851456,0.12156470865011215
101,1221.849609375,44.885467529296875,0.014534520916640759,0.08509610593318939,0.1205592006444931,1209.7994384765625,46.25864791870117,0.014694723300635815,0.0866311639547348,0.12122179567813873
102,1216.88525390625,44.44635009765625,0.014449339359998703,0.08478368818759918,0.12020540237426758,1209.1893310546875,45.78431701660156,0.014594503678381443,0.08616405725479126,0.1208077073097229
103,1219.851318359375,44.908538818359375,0.014464229345321655,0.0848660096526146,0.12026732414960861,1214.8343505859375,45.89957809448242,0.014688643626868725,0.08674844354391098,0.12119671702384949
104,1207.961181640625,44.522586822509766,0.014387057162821293,0.08442749083042145,0.11994607001543045,1206.5211181640625,45.44523239135742,0.014508010819554329,0.08582580834627151,0.12044920027256012
105,1211.7630615234375,44.416282653808594,0.014404905959963799,0.08463577926158905,0.12002044171094894,1206.878173828125,45.960750579833984,0.01457253284752369,0.08611716330051422,0.12071674317121506
106,1210.302978515625,44.482627868652344,0.014385731890797615,0.08463101089000702,0.11994053423404694,1210.660400390625,45.274593353271484,0.014553620480000973,0.08566104620695114,0.12063838541507721
107,1202.2879638671875,44.939414978027344,0.014361954294145107,0.08430542796850204,0.11984137445688248,1205.9683837890625,45.3192138671875,0.014450947754085064,0.08568894118070602,0.12021209299564362
108,1209.8052978515625,44.074893951416016,0.014332964085042477,0.08422743529081345,0.11972035467624664,1206.61474609375,45.02263641357422,0.01441218238323927,0.08553871512413025,0.12005074322223663
109,1209.94970703125,44.73260498046875,0.014274783432483673,0.08409417420625687,0.11947712302207947,1201.8905029296875,44.96903991699219,0.0143452612683177,0.08503659814596176,0.11977170407772064
110,1210.581298828125,44.72702407836914,0.01434065867215395,0.08411288261413574,0.11975248903036118,1207.0341796875,44.840641021728516,0.014378678984940052,0.08532002568244934,0.11991112679243088
111,1208.6090087890625,44.37163543701172,0.014289529994130135,0.08427681773900986,0.1195388212800026,1205.204345703125,44.706790924072266,0.01433203462511301,0.08491375297307968,0.11971647292375565
112,1204.5108642578125,44.07307434082031,0.014290738850831985,0.0839788094162941,0.11954387277364731,1205.82470703125,44.78139877319336,0.014331990852952003,0.08537863940000534,0.11971628665924072
113,1209.83837890625,43.96406555175781,0.014208531938493252,0.08368583023548126,0.11919955164194107,1202.0784912109375,44.64278030395508,0.014261618256568909,0.08497431874275208,0.11942201852798462
114,1209.15576171875,44.100135803222656,0.014213688671588898,0.0837811678647995,0.11922117322683334,1195.7054443359375,44.47140121459961,0.014165656641125679,0.08425099402666092,0.11901956796646118
115,1206.2347412109375,43.860023498535156,0.014230061322450638,0.08367808163166046,0.1192898154258728,1200.932373046875,44.79621887207031,0.014278518036007881,0.08464812487363815,0.11949275434017181
116,1207.2379150390625,44.07644271850586,0.014195532537996769,0.08353172987699509,0.1191449984908104,1193.2666015625,44.76716613769531,0.014146564528346062,0.08452285826206207,0.11893933266401291
117,1208.826416015625,44.02949905395508,0.01416938565671444,0.08364742249250412,0.11903522908687592,1191.4737548828125,44.39225769042969,0.014072032645344734,0.08397162705659866,0.11862560361623764
118,1198.087890625,44.007537841796875,0.014106526970863342,0.08356409519910812,0.11877089738845825,1199.757568359375,44.2861442565918,0.01417826022952795,0.08454883843660355,0.11907249689102173
119,1196.540283203125,44.31597900390625,0.014148023910820484,0.08358298987150192,0.11894547194242477,1192.8277587890625,44.255855560302734,0.01406937651336193,0.08381076157093048,0.11861440539360046
120,1206.1395263671875,44.108211517333984,0.014201651327311993,0.08354189991950989,0.11917068064212799,1197.96875,44.57322692871094,0.014165835455060005,0.08483036607503891,0.11902032047510147
121,1200.9498291015625,44.14154052734375,0.014077656902372837,0.08337995409965515,0.11864930391311646,1192.026611328125,44.35068893432617,0.014049232937395573,0.08404091000556946,0.11852946132421494
122,1202.0382080078125,43.66248321533203,0.01409827172756195,0.08308576047420502,0.1187361404299736,1191.8907470703125,44.22639846801758,0.01403898000717163,0.08392111212015152,0.1184862032532692
123,1209.843017578125,44.14421844482422,0.014053240418434143,0.08318093419075012,0.11854636669158936,1194.29443359375,43.83384704589844,0.014010384678840637,0.08374375104904175,0.11836546659469604
124,1193.7171630859375,43.151729583740234,0.014057690277695656,0.0831746906042099,0.1185651421546936,1196.8995361328125,44.3328857421875,0.01409815438091755,0.08449621498584747,0.1187356486916542
125,1198.3936767578125,43.81105422973633,0.01405960414558649,0.0828922688961029,0.11857320368289948,1192.947998046875,44.39307403564453,0.01407698355615139,0.08421754091978073,0.11864646524190903
126,1198.4134521484375,43.70521545410156,0.014024643227458,0.08299397677183151,0.11842568963766098,1195.94140625,44.21268844604492,0.014059086330235004,0.08438347280025482,0.11857101321220398
127,1197.0498046875,43.15999221801758,0.01397093664854765,0.08276678621768951,0.11819871515035629,1188.634033203125,43.59334945678711,0.013905869796872139,0.08312810212373734,0.11792314797639847
128,1201.2415771484375,43.73623275756836,0.014030314050614834,0.08275217562913895,0.1184496283531189,1202.7672119140625,43.99050521850586,0.014124538749456406,0.0845915824174881,0.11884670704603195
129,1203.684814453125,43.7590446472168,0.014038288034498692,0.08280086517333984,0.1184832826256752,1189.1466064453125,43.70759582519531,0.013888217508792877,0.08354531228542328,0.11784827709197998
130,1200.3946533203125,43.10472106933594,0.013983333483338356,0.08295656740665436,0.11825115233659744,1188.93408203125,43.70380783081055,0.013928831554949284,0.08305483311414719,0.11802046746015549
131,1193.428466796875,43.26084518432617,0.013925418257713318,0.08247943967580795,0.11800600588321686,1196.752685546875,43.623924255371094,0.013995344750583172,0.08378838002681732,0.11830192059278488
132,1196.246826171875,43.45083999633789,0.013997100293636322,0.08284839242696762,0.11830934137105942,1192.740478515625,43.679752349853516,0.013948113657534122,0.08351585268974304,0.11810213327407837
133,1200.3914794921875,43.04383087158203,0.013957497663795948,0.08258462697267532,0.11814185231924057,1189.82080078125,43.67192077636719,0.013922050595283508,0.08329363912343979,0.11799173802137375
134,1200.66015625,43.58135223388672,0.013935448601841927,0.08235467225313187,0.11804850399494171,1188.2413330078125,43.76158142089844,0.013898629695177078,0.0834299772977829,0.11789245158433914
135,1193.208740234375,43.47666549682617,0.013905965723097324,0.08241700381040573,0.1179235577583313,1191.298095703125,43.54598617553711,0.013899167068302631,0.0835142433643341,0.1178947314620018
136,1194.7269287109375,43.014183044433594,0.013896651566028595,0.08248742669820786,0.117884062230587,1186.88525390625,43.6159553527832,0.013882513158023357,0.08291708678007126,0.11782407760620117
137,1202.564453125,43.45664596557617,0.013936118222773075,0.08220042288303375,0.11805133521556854,1189.68994140625,43.694400787353516,0.013908333145081997,0.0835803747177124,0.11793359369039536
138,1199.941650390625,43.57000732421875,0.013863987289369106,0.08248040080070496,0.11774542927742004,1190.431396484375,43.76474380493164,0.013954958878457546,0.08317729085683823,0.1181311085820198
139,1197.9375,42.86064147949219,0.013901254162192345,0.08209853619337082,0.11790358275175095,1190.410888671875,43.62422561645508,0.013905053026974201,0.08348512649536133,0.11791969835758209
140,1195.99560546875,42.95685958862305,0.013967851176857948,0.0827893614768982,0.11818567663431168,1193.6085205078125,43.78364562988281,0.013962066732347012,0.08394566178321838,0.11816118657588959
141,1195.5390625,43.52519989013672,0.013938349671661854,0.08254919946193695,0.11806079000234604,1187.6578369140625,43.601497650146484,0.013862908817827702,0.08332835137844086,0.11774085462093353
142,1206.7935791015625,43.1731071472168,0.013887984678149223,0.08241041749715805,0.11784729361534119,1186.4599609375,43.41893005371094,0.013832957483828068,0.08285722136497498,0.11761359125375748
143,1202.4036865234375,43.1280517578125,0.013941213488578796,0.08233052492141724,0.11807291954755783,1189.802734375,43.52585220336914,0.013880372978746891,0.08319524675607681,0.11781499534845352
144,1197.431640625,43.0036506652832,0.013929085806012154,0.08243682235479355,0.11802154779434204,1188.9920654296875,43.59846115112305,0.013873578049242496,0.08323289453983307,0.11778615415096283
145,1199.00927734375,43.45912170410156,0.01380480732768774,0.0821346789598465,0.11749386042356491,1191.8670654296875,43.3753776550293,0.013911428861320019,0.08289388567209244,0.11794672161340714
146,1210.6788330078125,42.952674865722656,0.013970697298645973,0.08249346166849136,0.11819770187139511,1186.938232421875,43.67643356323242,0.013888579793274403,0.08270028233528137,0.11784981936216354
147,1199.3172607421875,42.67133331298828,0.01382207777351141,0.08213373273611069,0.11756733804941177,1187.2110595703125,43.474510192871094,0.013862939551472664,0.0829164907336235,0.11774097383022308
148,1189.2335205078125,42.53364181518555,0.01384671125560999,0.08231674134731293,0.11767204850912094,1188.01953125,43.762535095214844,0.013937287963926792,0.08285067975521088,0.1180562898516655
149,1185.7808837890625,42.23843002319336,0.013829505071043968,0.08206231892108917,0.11759892106056213,1186.39501953125,43.35054397583008,0.01382519118487835,0.08282669633626938,0.11758057028055191
150,1196.29833984375,42.673370361328125,0.0138399014249444,0.08220283687114716,0.11764311045408249,1187.119873046875,43.30693435668945,0.013851843774318695,0.08242002874612808,0.11769385635852814
151,1194.069091796875,42.621482849121094,0.01379351131618023,0.08191501349210739,0.11744578182697296,1200.2760009765625,43.45982360839844,0.014012311585247517,0.0838366374373436,0.11837361007928848
152,1213.0230712890625,43.064430236816406,0.013914257287979126,0.08221440017223358,0.11795870959758759,1191.063232421875,43.41523361206055,0.013862156309187412,0.0833030417561531,0.11773765832185745
153,1209.942138671875,43.40251541137695,0.013936683535575867,0.08266004174947739,0.11805373430252075,1183.49072265625,43.70855712890625,0.013810920529067516,0.08300916105508804,0.11751987040042877
154,1193.3837890625,42.439788818359375,0.01380971446633339,0.08196421712636948,0.11751474440097809,1186.8675537109375,43.74842071533203,0.013875414617359638,0.08312194049358368,0.11779394745826721
155,1203.470703125,43.31301498413086,0.01382164191454649,0.08223459124565125,0.11756548285484314,1183.62255859375,43.42510223388672,0.013777471147477627,0.08256371319293976,0.11737747490406036
156,1187.89697265625,43.17417526245117,0.013798259198665619,0.0820593535900116,0.11746599525213242,1183.708740234375,43.407623291015625,0.013776375912129879,0.08271940052509308,0.11737281084060669
157,1194.5537109375,42.33555603027344,0.013821247033774853,0.08223239332437515,0.11756380647420883,1183.62890625,43.24260330200195,0.013778419233858585,0.08230116963386536,0.1173815056681633
158,1189.3172607421875,42.978702545166016,0.013779194094240665,0.08165115118026733,0.11738481372594833,1194.9693603515625,43.67947769165039,0.013956308364868164,0.08378162980079651,0.11813681572675705
159,1199.8790283203125,42.614200592041016,0.01383305061608553,0.08231619000434875,0.11761399358510971,1190.0208740234375,43.24539566040039,0.013835534453392029,0.08264379948377609,0.11762455105781555
160,1201.314453125,42.788108825683594,0.013845858164131641,0.08204441517591476,0.11766842752695084,1184.3177490234375,43.24205017089844,0.013786420226097107,0.08224604278802872,0.11741558462381363
161,1204.9951171875,42.64790725708008,0.013766011223196983,0.08171894401311874,0.11732864379882812,1186.83544921875,43.2011833190918,0.013782373629510403,0.08233801275491714,0.11739835143089294
162,1188.2359619140625,42.56854248046875,0.013807873241603374,0.08210745453834534,0.11750690639019012,1182.72705078125,43.08867263793945,0.013707767240703106,0.08250296860933304,0.11708017438650131
163,1195.34033203125,42.484004974365234,0.013724511489272118,0.08180589228868484,0.1171516627073288,1184.8216552734375,43.03151321411133,0.013767044991254807,0.08204129338264465,0.1173330545425415
164,1196.4091796875,42.70170593261719,0.013763525523245335,0.08194059133529663,0.1173180490732193,1178.09619140625,43.22692108154297,0.013663982972502708,0.08201221376657486,0.11689303815364838
165,1180.534423828125,42.0825080871582,0.013711444102227688,0.0817127674818039,0.11709587275981903,1182.7833251953125,43.20814514160156,0.013713590800762177,0.08259792625904083,0.11710504442453384
166,1198.35400390625,42.71022415161133,0.013749973848462105,0.08203961700201035,0.11726028472185135,1189.0035400390625,43.3687744140625,0.013816713355481625,0.08304110914468765,0.1175445169210434
167,1191.6788330078125,42.67462921142578,0.013698793016374111,0.08195795118808746,0.11704184114933014,1185.655029296875,43.298439025878906,0.013807986862957478,0.08232273906469345,0.11750739067792892
168,1195.7777099609375,42.498558044433594,0.013743621297180653,0.08173564821481705,0.11723319441080093,1186.9356689453125,43.19846725463867,0.013822018168866634,0.08220446109771729,0.11756706982851028
169,1198.349853515625,42.31747817993164,0.013737916015088558,0.0817747563123703,0.11720885336399078,1180.68310546875,43.158756256103516,0.01371325459331274,0.0818748027086258,0.11710360646247864
170,1197.2025146484375,42.50283432006836,0.013797651045024395,0.08195684850215912,0.11746340245008469,1183.7984619140625,43.22782516479492,0.013772948645055294,0.08210328221321106,0.11735820770263672
171,1198.957763671875,42.201297760009766,0.01374769490212202,0.08176945149898529,0.11725056171417236,1193.8583984375,43.09012222290039,0.013864285312592983,0.08286993205547333,0.11774670332670212
172,1193.5045166015625,42.39450454711914,0.01376762893050909,0.08162762224674225,0.11733554303646088,1182.615966796875,43.14332580566406,0.013706193305552006,0.08210700005292892,0.11707345396280289
173,1202.368896484375,42.13909149169922,0.013716381043195724,0.08149539679288864,0.11711695045232773,1188.293701171875,43.043983459472656,0.01376483403146267,0.08244874328374863,0.1173236295580864
174,1181.3470458984375,42.21437072753906,0.013691844418644905,0.08174017071723938,0.117012158036232,1187.1334228515625,42.975521087646484,0.013739139772951603,0.08281359821557999,0.11721407622098923
175,1186.8900146484375,42.519737243652344,0.013688965700566769,0.08181843161582947,0.11699985712766647,1187.07373046875,43.1392822265625,0.013758884742856026,0.08264243602752686,0.11729826778173447
176,1186.6165771484375,42.45500183105469,0.013716413639485836,0.08188387751579285,0.11711709946393967,1185.5650634765625,42.93818664550781,0.013721953146159649,0.08213944733142853,0.1171407401561737
177,1194.2120361328125,42.548118591308594,0.013684063218533993,0.08164677768945694,0.11697889864444733,1183.031982421875,43.08054733276367,0.01372273825109005,0.08190955221652985,0.11714409291744232
178,1192.9442138671875,41.85943603515625,0.013679665513336658,0.08171803504228592,0.11696010082960129,1184.551025390625,42.87782287597656,0.013739324174821377,0.08199236541986465,0.1172148659825325
179,1188.6165771484375,42.220420837402344,0.013734024949371815,0.08192388713359833,0.11719225347042084,1182.599609375,42.92158889770508,0.013685557059943676,0.081852987408638,0.11698529124259949
180,1194.44091796875,42.29774856567383,0.013702277094125748,0.0817413255572319,0.1170567199587822,1180.358642578125,42.91724395751953,0.01364513672888279,0.0818328708410263,0.11681240051984787
181,1186.259765625,42.24404525756836,0.013676857575774193,0.08134696632623672,0.11694810539484024,1183.8154296875,43.06387710571289,0.013692915439605713,0.0822342038154602,0.1170167326927185
182,1212.12255859375,42.47434616088867,0.013769352808594704,0.08182920515537262,0.11734288185834885,1189.52392578125,42.89213180541992,0.013796213082969189,0.08190374076366425,0.11745728552341461
183,1188.0498046875,42.44260787963867,0.013678318820893764,0.08175066858530045,0.11695434153079987,1180.2659912109375,43.005733489990234,0.013657896779477596,0.08203087747097015,0.11686699837446213
184,1192.8533935546875,42.35313034057617,0.013700895942747593,0.08198215067386627,0.11705082654953003,1184.3138427734375,42.85871887207031,0.0137143824249506,0.08192333579063416,0.11710841953754425
185,1194.5665283203125,41.91793441772461,0.013700438663363457,0.08187463134527206,0.11704887449741364,1181.7576904296875,43.27583312988281,0.013711574487388134,0.08219759166240692,0.1170964315533638
186,1187.5771484375,42.5074348449707,0.013640313409268856,0.08159026503562927,0.1167917549610138,1188.7012939453125,42.94190216064453,0.013735411688685417,0.08246565610170364,0.1171981692314148
187,1187.7047119140625,41.91703414916992,0.01364420261234045,0.08168765157461166,0.11680839955806732,1188.47216796875,42.77262878417969,0.013780095614492893,0.08172912895679474,0.11738865077495575
188,1191.7069091796875,42.07067108154297,0.013659493066370487,0.0814344733953476,0.1168738305568695,1179.0018310546875,42.7716064453125,0.013571435585618019,0.08193914592266083,0.1164964959025383
189,1192.2708740234375,41.824214935302734,0.013667276129126549,0.08149977028369904,0.11690712720155716,1183.5228271484375,42.83792495727539,0.013723039999604225,0.08159977942705154,0.11714538186788559
190,1184.049560546875,42.09758377075195,0.01362698059529066,0.08165881037712097,0.11673466116189957,1191.151611328125,42.793426513671875,0.013764265924692154,0.082264244556427,0.1173212081193924
191,1192.3817138671875,42.34184265136719,0.013673101551830769,0.08155721426010132,0.11693203449249268,1187.131591796875,42.914215087890625,0.013731294311583042,0.08217044174671173,0.11718060821294785
192,1190.073486328125,42.41657638549805,0.013680189847946167,0.0814780592918396,0.11696234345436096,1176.1240234375,43.00663757324219,0.013557632453739643,0.0818050354719162,0.11643724888563156
193,1192.017578125,41.753543853759766,0.013645809143781662,0.08170003443956375,0.11681528389453888,1181.4776611328125,42.868675231933594,0.013638217933475971,0.08204315602779388,0.1167827770113945
194,1182.175537109375,42.03220748901367,0.01365293562412262,0.08150529861450195,0.11684577912092209,1180.6287841796875,43.111663818359375,0.01364169828593731,0.08211801946163177,0.11679768562316895
195,1193.5908203125,42.228912353515625,0.013636739924550056,0.08147715777158737,0.11677645146846771,1182.25048828125,42.62662887573242,0.013598385266959667,0.08194532990455627,0.11661211401224136
196,1194.344970703125,42.22548294067383,0.013638673350214958,0.08183204382658005,0.1167847290635109,1182.496826171875,42.70451354980469,0.013637023977935314,0.0817645862698555,0.11677766591310501
197,1196.093994140625,42.92795181274414,0.013705490157008171,0.08190450817346573,0.11707045137882233,1179.9820556640625,42.77433395385742,0.013612160459160805,0.08170907944440842,0.11667115986347198
198,1183.126953125,41.9701042175293,0.013667301274836063,0.08144022524356842,0.11690723150968552,1180.9420166015625,43.00566101074219,0.013620569370687008,0.0820218175649643,0.1167071983218193
199,1186.4312744140625,42.243980407714844,0.013679143972694874,0.0815403163433075,0.11695787310600281,1177.62060546875,42.77647018432617,0.013542989268898964,0.08167807012796402,0.11637434363365173
200,1191.775390625,42.55084991455078,0.013643661513924599,0.0815720409154892,0.11680608242750168,1183.3851318359375,42.62281799316406,0.013617562130093575,0.08176091313362122,0.11669430881738663
201,1193.573974609375,42.277183532714844,0.013663343153893948,0.08174873143434525,0.11689029633998871,1182.8660888671875,42.673683166503906,0.013621656224131584,0.08157293498516083,0.11671185493469238
202,1199.5469970703125,42.36326599121094,0.013652716763317585,0.08143670856952667,0.11684483289718628,1184.31103515625,42.764869689941406,0.01362163107842207,0.08226077258586884,0.11671174317598343
203,1192.0042724609375,42.39536666870117,0.013646893203258514,0.0817803293466568,0.11681991815567017,1182.3282470703125,42.86328125,0.013653939589858055,0.08174876868724823,0.11685007065534592
204,1184.0142822265625,41.85250473022461,0.013717961497604847,0.08166535198688507,0.11712370812892914,1179.7493896484375,42.70991134643555,0.013614491559565067,0.08129256218671799,0.11668115109205246
205,1194.005859375,42.26994323730469,0.013606387190520763,0.08150055259466171,0.1166464164853096,1176.9034423828125,42.71055221557617,0.013513516634702682,0.0817171260714531,0.11624765396118164
206,1190.8314208984375,42.36086654663086,0.013615545816719532,0.08158057183027267,0.1166856661438942,1183.74560546875,42.78515625,0.013644414022564888,0.0818968415260315,0.11680930852890015
207,1185.604736328125,41.86258316040039,0.013608841225504875,0.08157357573509216,0.11665693670511246,1186.668701171875,42.79378128051758,0.013666280545294285,0.08222214132547379,0.11690287292003632
208,1200.7144775390625,42.11338424682617,0.013679435476660728,0.08147910982370377,0.1169591173529625,1195.161865234375,42.983402252197266,0.013802655041217804,0.08307721465826035,0.11748470366001129
209,1195.735595703125,42.4168701171875,0.013721835799515247,0.08202452957630157,0.11714024096727371,1176.2769775390625,42.49325942993164,0.013504278846085072,0.08110018074512482,0.11620790511369705
210,1197.4510498046875,42.05368423461914,0.013572914525866508,0.08149641007184982,0.11650285124778748,1183.6746826171875,42.559837341308594,0.013618371449410915,0.0815492644906044,0.1166977807879448
211,1188.51904296875,42.11294937133789,0.013613373041152954,0.08139800280332565,0.11667636036872864,1179.53076171875,42.61610794067383,0.013550094328820705,0.08157230913639069,0.11640487611293793
212,1186.2088623046875,42.1661376953125,0.01357341930270195,0.08130373805761337,0.11650501936674118,1188.63818359375,42.72920227050781,0.013677161186933517,0.0822427049279213,0.11694939434528351
213,1181.94775390625,41.655826568603516,0.013548226095736027,0.08120846748352051,0.11639684438705444,1178.6817626953125,42.760902404785156,0.013564866967499256,0.0813632607460022,0.11646831035614014
214,1186.19970703125,41.63032913208008,0.013577519915997982,0.0812905803322792,0.11652261763811111,1183.4681396484375,42.62297439575195,0.013600043021142483,0.0816236063838005,0.11661922186613083
215,1180.989013671875,42.09019088745117,0.013509142212569714,0.08112227916717529,0.11622883379459381,1180.13232421875,42.82685089111328,0.013602972030639648,0.08146350830793381,0.11663177609443665
216,1183.9384765625,41.75447463989258,0.013591061346232891,0.08143163472414017,0.11658070981502533,1183.1297607421875,42.447288513183594,0.013618563301861286,0.08141592890024185,0.11669860035181046
217,1189.7381591796875,41.89113235473633,0.013554966077208519,0.08135772496461868,0.11642579734325409,1179.0992431640625,42.64815139770508,0.013542091473937035,0.08137208968400955,0.11637049168348312
218,1194.1021728515625,41.76014709472656,0.013596524484455585,0.08133448660373688,0.11660413444042206,1181.4241943359375,42.62782287597656,0.013578965328633785,0.08153126388788223,0.11652882397174835
219,1190.984375,42.12519454956055,0.013533013872802258,0.08128055185079575,0.11633148789405823,1179.2646484375,42.89693832397461,0.013588881120085716,0.08169393986463547,0.11657135933637619
220,1208.368408203125,42.053096771240234,0.013711689971387386,0.08172884583473206,0.1170969232916832,1182.142333984375,42.64335250854492,0.013620134443044662,0.08133430778980255,0.11670532822608948
221,1196.0604248046875,42.3582878112793,0.01359185203909874,0.08137036114931107,0.11658409982919693,1178.726318359375,42.662559509277344,0.013553631491959095,0.08133044838905334,0.11642006784677505
222,1197.5997314453125,42.919715881347656,0.013642515055835247,0.08163664489984512,0.1168011873960495,1189.408447265625,42.6362419128418,0.01368776150047779,0.08223515748977661,0.1169947013258934
223,1185.76904296875,42.0525016784668,0.013539474457502365,0.0813819169998169,0.11635924875736237,1184.250732421875,42.79460906982422,0.013684261590242386,0.08158436417579651,0.11697975546121597
224,1196.6785888671875,42.029048919677734,0.013587557710707188,0.0812147706747055,0.11656568199396133,1181.42333984375,42.91860580444336,0.013599297031760216,0.08222213387489319,0.11661602556705475
225,1180.92236328125,41.85529327392578,0.013544652611017227,0.08153366297483444,0.11638149619102478,1179.1798095703125,42.68244552612305,0.01355682872235775,0.08145592361688614,0.11643379181623459
226,1196.9744873046875,41.88994216918945,0.013665590435266495,0.08138084411621094,0.11689991503953934,1181.43896484375,42.44736099243164,0.013590695336461067,0.08115294575691223,0.11657913774251938
227,1190.9866943359375,41.79905700683594,0.013586226850748062,0.08139961212873459,0.1165599673986435,1180.6768798828125,42.94069290161133,0.013597867451608181,0.08172749727964401,0.11660989373922348
228,1196.7572021484375,42.16212463378906,0.013552687130868435,0.08141341060400009,0.11641600728034973,1182.10595703125,42.51475524902344,0.013597164303064346,0.08114804327487946,0.11660687625408173
229,1178.939453125,42.26473617553711,0.01356348767876625,0.08134134858846664,0.11646238714456558,1181.0408935546875,42.70472717285156,0.013606431894004345,0.08111590147018433,0.11664661020040512
230,1193.3564453125,42.08376693725586,0.013517343439161777,0.08136489242315292,0.11626411974430084,1185.0030517578125,42.58964157104492,0.013591504655778408,0.08217308670282364,0.11658260971307755
231,1185.5606689453125,41.44289016723633,0.013481196947395802,0.08095734566450119,0.11610855907201767,1185.85791015625,42.48702621459961,0.013595260679721832,0.08218007534742355,0.1165987178683281
232,1181.9964599609375,42.1269416809082,0.013574708253145218,0.08154365420341492,0.1165105476975441,1181.0489501953125,42.48066711425781,0.013533585704863071,0.08154268562793732,0.11633393913507462
233,1182.0228271484375,41.695858001708984,0.013537506572902203,0.08123768866062164,0.11635078489780426,1179.9898681640625,42.59626770019531,0.013536065816879272,0.08144619315862656,0.11634460836648941
234,1200.9644775390625,42.073184967041016,0.013572861440479755,0.08142334967851639,0.11650262773036957,1186.8341064453125,42.808048248291016,0.013649070635437965,0.08233680576086044,0.11682923138141632
235,1190.3634033203125,41.853416442871094,0.013555105775594711,0.08137103915214539,0.11642639338970184,1179.4415283203125,42.38351058959961,0.013495252467691898,0.08138267695903778,0.11616906523704529
236,1183.524658203125,41.45169448852539,0.013572555035352707,0.08138436824083328,0.11650130897760391,1177.094482421875,42.49372863769531,0.013506725430488586,0.08105407655239105,0.1162184402346611
237,1190.0306396484375,41.61958312988281,0.013502652756869793,0.08133851736783981,0.11620091646909714,1181.1038818359375,42.47263717651367,0.013539493083953857,0.08143477141857147,0.11635933071374893
238,1191.1922607421875,42.21202850341797,0.013478820212185383,0.08119572699069977,0.1160983219742775,1178.0596923828125,42.503875732421875,0.013504736125469208,0.08142607659101486,0.11620987206697464
239,1191.55517578125,41.8728141784668,0.013518287800252438,0.08115652203559875,0.11626817286014557,1177.483642578125,42.6763801574707,0.01350339874625206,0.08143243938684464,0.11620412766933441
240,1183.06005859375,42.08651351928711,0.013485176488757133,0.08113066852092743,0.1161256954073906,1182.6923828125,42.570858001708984,0.013567978516221046,0.08171791583299637,0.11648166924715042
241,1181.36181640625,41.4697265625,0.013512385077774525,0.08128482103347778,0.11624278873205185,1176.9356689453125,42.48969650268555,0.013488163240253925,0.08112087845802307,0.11613855510950089
242,1188.1802978515625,41.933937072753906,0.013547113165259361,0.08107788860797882,0.11639206856489182,1183.676025390625,42.61310958862305,0.01358049176633358,0.08169899135828018,0.11653536558151245
243,1194.1082763671875,41.818809509277344,0.013567470014095306,0.0815390795469284,0.11647949367761612,1190.04443359375,42.43145751953125,0.013639245182275772,0.08211924880743027,0.11678718030452728
244,1194.0911865234375,42.077857971191406,0.013482666574418545,0.08122568577528,0.11611488461494446,1180.30615234375,42.51640319824219,0.013536149635910988,0.08146033436059952,0.11634495854377747
245,1187.1009521484375,41.50786590576172,0.013487260788679123,0.08103888481855392,0.11613466590642929,1180.484130859375,42.58797073364258,0.013532115146517754,0.08170536905527115,0.11632762104272842
246,1186.050048828125,41.49171829223633,0.01351656299084425,0.08104779571294785,0.11626075208187103,1180.8050537109375,42.41066360473633,0.013530096970498562,0.08160735666751862,0.1163189485669136
247,1188.296875,41.89905548095703,0.013488487340509892,0.08127162605524063,0.11613994836807251,1181.1292724609375,42.59344482421875,0.013564332388341427,0.08150653541088104,0.11646601557731628
248,1189.26513671875,42.04043197631836,0.013528488576412201,0.08140742778778076,0.11631203442811966,1180.00146484375,42.675228118896484,0.013552422635257244,0.0814976692199707,0.1164148822426796
249,1192.076904296875,41.300575256347656,0.013475349172949791,0.08108902722597122,0.11608336865901947,1184.5611572265625,42.68647766113281,0.013639507815241814,0.08176402002573013,0.11678830534219742
250,1193.978759765625,41.49794387817383,0.013524680398404598,0.08146097511053085,0.11629565805196762,1179.9705810546875,42.55133819580078,0.013531733304262161,0.08144307881593704,0.1163259819149971
251,1180.9979248046875,41.82582473754883,0.013454485684633255,0.08121433854103088,0.11599346995353699,1182.2105712890625,42.67717742919922,0.013576507568359375,0.08182726055383682,0.11651827394962311
252,1194.02978515625,41.71589660644531,0.013550967909395695,0.08131685107946396,0.11640862375497818,1179.18994140625,42.683555603027344,0.01353305485099554,0.08173912763595581,0.11633165925741196
253,1189.2900390625,42.11210250854492,0.01359336543828249,0.08140730857849121,0.11659058928489685,1177.9796142578125,42.63727951049805,0.013524618931114674,0.08134888857603073,0.11629539728164673
254,1190.2474365234375,41.42950439453125,0.013470694422721863,0.08089324086904526,0.11606331914663315,1179.678955078125,42.48225402832031,0.013535517267882824,0.08132325112819672,0.11634224653244019
255,1186.664794921875,41.920806884765625,0.01347099244594574,0.08126234263181686,0.11606460809707642,1191.7919921875,42.45195770263672,0.013684953562915325,0.08213595300912857,0.11698270589113235
256,1191.2327880859375,41.82125473022461,0.0135025754570961,0.08111852407455444,0.11620058119297028,1177.8045654296875,42.44862747192383,0.01347268931567669,0.0814933255314827,0.116071917116642
257,1174.9373779296875,41.594207763671875,0.01346211414784193,0.08114095777273178,0.11602634936571121,1179.45751953125,42.56608581542969,0.013545629568397999,0.08145368844270706,0.11638569086790085
258,1181.373046875,42.013824462890625,0.013475545682013035,0.08146791160106659,0.11608421802520752,1182.7501220703125,42.3538932800293,0.013590377755463123,0.08117993175983429,0.11657777428627014
259,1192.8951416015625,42.11899948120117,0.013530591502785683,0.08117382973432541,0.11632107198238373,1182.08740234375,42.479522705078125,0.013553181663155556,0.0814623162150383,0.11641813814640045
260,1185.423583984375,42.16290283203125,0.013460117392241955,0.08117760717868805,0.11601774394512177,1180.0906982421875,42.9205436706543,0.013577564619481564,0.08217082917690277,0.11652280390262604
261,1187.784912109375,42.0876579284668,0.01344167161732912,0.0809471383690834,0.1159382238984108,1179.826904296875,42.84363555908203,0.013560634106397629,0.08193977922201157,0.11645013839006424
262,1187.3643798828125,41.296321868896484,0.013426053337752819,0.08107031136751175,0.11587084829807281,1182.6219482421875,42.4200553894043,0.013571619056165218,0.08148520439863205,0.11649729311466217
263,1190.2386474609375,41.73671340942383,0.01343484502285719,0.08109819144010544,0.11590877920389175,1179.31201171875,42.564422607421875,0.013523289933800697,0.08143977075815201,0.11628968268632889
264,1181.0589599609375,41.90105056762695,0.013436790555715561,0.08111901581287384,0.11591716855764389,1190.593994140625,42.2429313659668,0.013733088970184326,0.08137362450361252,0.11718825995922089
265,1197.4132080078125,41.635826110839844,0.013566183857619762,0.08131765574216843,0.1164739653468132,1183.1956787109375,42.42906188964844,0.013532032258808613,0.0818963572382927,0.11632726341485977
266,1189.602294921875,41.85466766357422,0.01346554420888424,0.08138284087181091,0.11604113131761551,1180.900146484375,42.5542106628418,0.013544943183660507,0.08172643929719925,0.11638273298740387
267,1189.9083251953125,41.925601959228516,0.013510768301784992,0.08110504597425461,0.11623582988977432,1182.5362548828125,42.53238296508789,0.013607448898255825,0.08110404014587402,0.11665096879005432
268,1182.2386474609375,41.956031799316406,0.013448158279061317,0.08108542859554291,0.11596620082855225,1182.4974365234375,42.4896125793457,0.01356183085590601,0.08163218200206757,0.11645527184009552
269,1184.9742431640625,41.399356842041016,0.013453765772283077,0.08085689693689346,0.11599037051200867,1183.77587890625,42.53251647949219,0.013566558249294758,0.08206856995820999,0.11647556722164154
270,1185.517822265625,41.70289993286133,0.013410324230790138,0.0813625305891037,0.11580295115709305,1179.40966796875,42.38609313964844,0.01349702849984169,0.08127002418041229,0.11617670953273773
271,1184.112060546875,41.17913818359375,0.013434086926281452,0.08107813447713852,0.1159055083990097,1183.4324951171875,42.45564270019531,0.01355908066034317,0.08165612071752548,0.1164434626698494
272,1179.909912109375,41.32915496826172,0.013420527800917625,0.0811709463596344,0.11584699898958206,1179.777587890625,42.32836151123047,0.013497032225131989,0.08118030428886414,0.11617673188447952
273,1187.498046875,41.69583511352539,0.013437316752970219,0.08112510293722153,0.11591944098472595,1186.4759521484375,42.64286422729492,0.013602902181446552,0.08245278149843216,0.11663147807121277
274,1190.615234375,42.0413932800293,0.013471627607941628,0.08126445859670639,0.11606734246015549,1178.70947265625,42.432594299316406,0.013474552892148495,0.08147912472486496,0.11607994139194489
275,1179.5277099609375,41.3800048828125,0.013438287191092968,0.08107651770114899,0.11592362821102142,1187.048095703125,42.57893371582031,0.013608209788799286,0.08231795579195023,0.11665423959493637
276,1182.019775390625,41.84424591064453,0.013383056037127972,0.08086822181940079,0.11568515747785568,1181.4903564453125,42.30809020996094,0.013549817726016045,0.0811324268579483,0.11640367656946182
277,1189.5655517578125,42.12075424194336,0.01350217405706644,0.08130408823490143,0.11619885265827179,1181.59912109375,42.327392578125,0.013534678146243095,0.08129356801509857,0.11633863300085068
278,1180.4439697265625,41.69135284423828,0.013442659750580788,0.08095893263816833,0.11594248563051224,1180.5352783203125,42.59561538696289,0.013546288944780827,0.08143284171819687,0.11638852208852768
279,1193.127685546875,42.000465393066406,0.01342209242284298,0.08090639859437943,0.11585375666618347,1185.5240478515625,42.62232208251953,0.013609333895146847,0.08189911395311356,0.11665905267000198
280,1178.38232421875,41.636905670166016,0.01341208815574646,0.08098440617322922,0.1158105731010437,1181.73388671875,42.408912658691406,0.013525357469916344,0.08165860176086426,0.11629857122898102
281,1172.0570068359375,41.27970504760742,0.013387716375291348,0.08100450038909912,0.11570529639720917,1183.16943359375,42.498809814453125,0.013558382168412209,0.08167002350091934,0.11644046753644943
282,1185.2596435546875,41.77898406982422,0.013424374163150787,0.08092168718576431,0.11586359888315201,1183.0045166015625,42.421539306640625,0.013587802648544312,0.08121159672737122,0.1165667250752449
283,1182.9871826171875,41.320579528808594,0.013506143353879452,0.08108489215373993,0.11621593683958054,1181.760498046875,42.45375442504883,0.013537571765482426,0.08148939162492752,0.11635106801986694
284,1189.3951416015625,41.58103942871094,0.013456149958074093,0.08110217750072479,0.11600064486265182,1182.7314453125,42.507843017578125,0.013562249951064587,0.08153283596038818,0.11645707488059998
285,1188.2696533203125,41.119407653808594,0.013472270220518112,0.0809083878993988,0.11607011407613754,1181.7802734375,42.37502670288086,0.013515367172658443,0.08155133575201035,0.11625560373067856
286,1180.814453125,41.6376838684082,0.013411532156169415,0.0810583308339119,0.1158081665635109,1182.4429931640625,42.673805236816406,0.01355708297342062,0.08198855817317963,0.11643488705158234
287,1177.20263671875,42.06624984741211,0.01341793593019247,0.0811658501625061,0.11583581566810608,1188.86279296875,42.91642379760742,0.013668515719473362,0.08301257342100143,0.11691242456436157
288,1185.8515625,41.776519775390625,0.013402188196778297,0.08104849606752396,0.11576782166957855,1184.275146484375,42.60356903076172,0.013600191101431847,0.08172561228275299,0.11661984771490097
289,1182.8123779296875,41.7301025390625,0.013457030989229679,0.0811021700501442,0.11600444465875626,1180.3345947265625,42.267189025878906,0.013487201184034348,0.08135400712490082,0.11613442003726959
290,1176.7581787109375,41.505531311035156,0.013402009382843971,0.08097989112138748,0.11576704680919647,1182.6514892578125,42.89380645751953,0.013598079793155193,0.08217194676399231,0.1166108027100563
291,1174.3052978515625,41.628196716308594,0.013401009142398834,0.08095087856054306,0.11576272547245026,1182.531982421875,42.33010482788086,0.013517335057258606,0.08149227499961853,0.11626406759023666
292,1180.201171875,41.20033645629883,0.01341575849801302,0.08085121959447861,0.11582641303539276,1184.611328125,42.446266174316406,0.013575734570622444,0.0816187784075737,0.11651495099067688
293,1183.560546875,41.82432556152344,0.013487736694514751,0.08118937909603119,0.11613672226667404,1184.3280029296875,42.53308868408203,0.013632621616125107,0.08135832846164703,0.1167588159441948
294,1179.1241455078125,41.36190414428711,0.013366911560297012,0.08080288767814636,0.1156153604388237,1182.6563720703125,42.48491287231445,0.013547762297093868,0.08157806098461151,0.11639486253261566
295,1182.7171630859375,41.8687744140625,0.013388904742896557,0.08084195107221603,0.11571043729782104,1186.7567138671875,42.54174041748047,0.013600318692624569,0.0819999948143959,0.11662039160728455
296,1190.107421875,41.373355865478516,0.013399511575698853,0.08114305138587952,0.11575625836849213,1182.6094970703125,42.38385772705078,0.013531717471778393,0.08176979422569275,0.11632590740919113
297,1182.172607421875,41.6948127746582,0.013381036929786205,0.08106253296136856,0.11567643284797668,1183.50830078125,42.58885955810547,0.013584203086793423,0.0817425325512886,0.11655128747224808
298,1180.367919921875,41.66514587402344,0.013367966748774052,0.08103180676698685,0.11561992019414902,1186.014892578125,42.479400634765625,0.013605572283267975,0.08177263289690018,0.11664292961359024
299,1174.241943359375,41.5516471862793,0.013406239449977875,0.08079446107149124,0.11578532308340073,1183.8704833984375,42.33937072753906,0.013541719876229763,0.0817517563700676,0.11636889725923538
300,1176.13330078125,41.708473205566406,0.013417398557066917,0.08116037398576736,0.11583348363637924,1183.3756103515625,42.55158615112305,0.013575646094977856,0.08167596161365509,0.11651457101106644
301,1178.9962158203125,41.48847198486328,0.013382051140069962,0.08084139972925186,0.11568080633878708,1193.519775390625,42.8144645690918,0.01372409425675869,0.08306748420000076,0.11714987456798553
302,1185.757568359375,41.895687103271484,0.01342090405523777,0.08106279373168945,0.11584862321615219,1189.1829833984375,42.694583892822266,0.013640347868204117,0.08265172690153122,0.11679189652204514
303,1186.052490234375,41.172637939453125,0.013406911864876747,0.0813426747918129,0.11578822135925293,1192.5421142578125,42.59004211425781,0.01370486244559288,0.08237996697425842,0.11706776916980743
304,1186.584228515625,41.553104400634766,0.013413705863058567,0.08105888962745667,0.11581756174564362,1190.8009033203125,42.60091018676758,0.013727286830544472,0.08203767240047455,0.11716350167989731
305,1173.2197265625,41.42279815673828,0.013343844562768936,0.08068143576383591,0.1155155599117279,1198.3056640625,42.486690521240234,0.013766882009804249,0.08273584395647049,0.1173323541879654
306,1177.7288818359375,41.49085235595703,0.013429807499051094,0.08112828433513641,0.11588705331087112,1185.3485107421875,42.69879913330078,0.013626969419419765,0.0818113461136818,0.11673460155725479
