epoch,RMSE_P,RMSE_T,loss,mean_absolute_error,root_mean_squared_error,val_RMSE_P,val_RMSE_T,val_loss,val_mean_absolute_error,val_root_mean_squared_error
0,4669.736328125,382.8706359863281,0.4575746953487396,0.5288117527961731,0.6764426827430725,3734.34326171875,295.26513671875,0.27620211243629456,0.40941759943962097,0.5255493521690369
1,3270.218505859375,262.016845703125,0.21981273591518402,0.34757542610168457,0.46884188055992126,2808.6259765625,211.6658172607422,0.14681048691272736,0.29337993264198303,0.3831585645675659
2,2547.19921875,200.20562744140625,0.12919211387634277,0.2609001100063324,0.35943305492401123,2352.505126953125,164.2332763671875,0.09396590292453766,0.23261192440986633,0.30653858184814453
3,2178.673095703125,161.4241943359375,0.08716080337762833,0.21283920109272003,0.29523009061813354,2078.700439453125,131.9600372314453,0.06604894250631332,0.1940837800502777,0.2569998800754547
4,1963.5833740234375,133.2795867919922,0.06392621248960495,0.18158787488937378,0.25283634662628174,1898.3929443359375,110.43843841552734,0.050453245639801025,0.16903860867023468,0.22461800277233124
5,1812.337158203125,113.1853256225586,0.04984082654118538,0.16091345250606537,0.2232505977153778,1770.1898193359375,96.34495544433594,0.04117202013731003,0.1525682657957077,0.20290888845920563
6,1706.744140625,99.75686645507812,0.04112718626856804,0.14676646888256073,0.20279838144779205,1679.4898681640625,86.3204345703125,0.035156771540641785,0.14043256640434265,0.18750138580799103
7,1638.667236328125,89.32129669189453,0.03549664840102196,0.13653220236301422,0.18840554356575012,1612.9901123046875,79.67255401611328,0.03130137175321579,0.13210248947143555,0.17692193388938904
8,1574.261474609375,82.7031021118164,0.03152647987008095,0.12881357967853546,0.17755697667598724,1563.738037109375,74.76485443115234,0.028613410890102386,0.12639674544334412,0.16915498673915863
9,1534.8349609375,77.07744598388672,0.028840092942118645,0.12378232181072235,0.16982370615005493,1531.7662353515625,70.8209228515625,0.02673732489347458,0.12159550189971924,0.16351550817489624
10,1494.802490234375,72.75453186035156,0.02673574909567833,0.119242362678051,0.16351069509983063,1507.8046875,67.74110412597656,0.025338949635624886,0.117793008685112,0.1591821312904358
11,1467.3638916015625,69.65828704833984,0.025211717933416367,0.11571235954761505,0.1587819755077362,1489.7774658203125,65.10661315917969,0.02423449419438839,0.11513737589120865,0.15567432343959808
12,1446.882568359375,66.83676147460938,0.0240319836884737,0.11316069960594177,0.155022531747818,1476.341552734375,62.97822189331055,0.023412303999066353,0.11239258944988251,0.1530108004808426
13,1430.723388671875,64.60218048095703,0.022950202226638794,0.11055195331573486,0.15149323642253876,1470.6014404296875,61.29710006713867,0.022861365228891373,0.11094583570957184,0.15119975805282593
14,1417.04296875,62.595619201660156,0.02218477614223957,0.1087753176689148,0.14894554018974304,1455.4876708984375,59.90513229370117,0.022204294800758362,0.10889836400747299,0.1490110605955124
15,1400.2506103515625,61.280357360839844,0.021482637152075768,0.1073169931769371,0.14656956493854523,1444.995849609375,58.766326904296875,0.02172905206680298,0.10719820857048035,0.14740777015686035
16,1381.6329345703125,59.928443908691406,0.020836886018514633,0.10557586699724197,0.1443498730659485,1434.841796875,57.64594268798828,0.021254338324069977,0.10563534498214722,0.14578866958618164
17,1375.468505859375,58.78978729248047,0.02038382738828659,0.10424000769853592,0.14277194440364838,1428.4378662109375,56.84077072143555,0.020946644246578217,0.10456552356481552,0.14472955465316772
18,1357.970947265625,57.870147705078125,0.019964950159192085,0.10307654738426208,0.14129738509655,1421.1954345703125,56.1073112487793,0.020634327083826065,0.1035258024930954,0.14364652335643768
19,1356.35986328125,56.53095626831055,0.019549081102013588,0.10224862396717072,0.13981802761554718,1411.378173828125,55.636634826660156,0.02033298835158348,0.1027660146355629,0.14259378612041473
20,1346.417724609375,56.24983596801758,0.01925693266093731,0.10127496719360352,0.13876935839653015,1407.1527099609375,55.094749450683594,0.020140517503023148,0.10211819410324097,0.14191728830337524
21,1336.66796875,55.56010818481445,0.018837008625268936,0.10006693005561829,0.1372479796409607,1406.4564208984375,54.697425842285156,0.02002985216677189,0.10207527130842209,0.14152686297893524
22,1335.16357421875,54.93071365356445,0.01862778514623642,0.09962019324302673,0.13648365437984467,1394.0855712890625,54.3751220703125,0.019711000844836235,0.1011987030506134,0.1403958648443222
23,1327.0152587890625,54.24700164794922,0.018361693248152733,0.09884759783744812,0.1355053335428238,1394.495849609375,54.01158905029297,0.01965147815644741,0.10102377086877823,0.1401837170124054
24,1318.7393798828125,53.32587814331055,0.018116500228643417,0.09812694042921066,0.1345975548028946,1385.094482421875,53.65971755981445,0.019365472719073296,0.10027067363262177,0.1391598880290985
25,1316.2669677734375,53.59470748901367,0.01790507510304451,0.09744001924991608,0.13380984961986542,1381.422607421875,53.462852478027344,0.01927119866013527,0.0997893437743187,0.13882073760032654
26,1311.5919189453125,53.02363967895508,0.017733735963702202,0.09697379171848297,0.1331680715084076,1379.5631103515625,53.176368713378906,0.019169874489307404,0.0993213802576065,0.1384553164243698
27,1303.593994140625,52.19720458984375,0.017558762803673744,0.09634121507406235,0.13250946998596191,1375.514892578125,52.99376678466797,0.01907079666852951,0.09848978370428085,0.13809704780578613
28,1303.6953125,52.1255989074707,0.017342673614621162,0.0957580953836441,0.1316915899515152,1365.9036865234375,52.70355987548828,0.01879172772169113,0.09815971553325653,0.13708291947841644
29,1289.195556640625,51.69684982299805,0.017181849107146263,0.09497812390327454,0.1310795545578003,1367.0018310546875,52.477867126464844,0.018778851255774498,0.09827971458435059,0.13703595101833344
30,1288.6494140625,51.229393005371094,0.01703149452805519,0.09443869441747665,0.13050477206707,1360.38427734375,52.125762939453125,0.018556363880634308,0.09765848517417908,0.1362217515707016
31,1283.123046875,50.719383239746094,0.016898805275559425,0.09430045634508133,0.1299954056739807,1356.507080078125,51.9328498840332,0.018448838964104652,0.09698022902011871,0.1358264982700348
32,1288.9288330078125,50.3686637878418,0.016727572306990623,0.0934319794178009,0.12933512032032013,1358.451171875,51.70646286010742,0.0184191782027483,0.09727516770362854,0.1357172727584839
33,1281.04736328125,49.89171600341797,0.016689056530594826,0.09341426193714142,0.12918613851070404,1357.661376953125,51.82532501220703,0.018453437834978104,0.09677405655384064,0.1358434408903122
34,1274.74609375,49.70812225341797,0.016532298177480698,0.0929008424282074,0.12857797741889954,1355.4921875,51.33734130859375,0.018274452537298203,0.09676493704319,0.13518303632736206
35,1275.021240234375,49.562217712402344,0.016459917649626732,0.0925198569893837,0.12829621136188507,1351.937744140625,51.3602294921875,0.01820528693497181,0.09683085978031158,0.13492697477340698
36,1271.039306640625,49.25227737426758,0.016305619850754738,0.09207133203744888,0.12769345939159393,1348.184814453125,50.95736312866211,0.018058521673083305,0.09624914824962616,0.1343819946050644
37,1262.952880859375,48.97214126586914,0.016243813559412956,0.09192295372486115,0.12745122611522675,1339.4827880859375,50.850013732910156,0.01787840761244297,0.09495076537132263,0.13371016085147858
38,1259.890380859375,48.954612731933594,0.016118798404932022,0.09137959778308868,0.12695983052253723,1337.3167724609375,50.565582275390625,0.017770396545529366,0.09488522261381149,0.1333056539297104
39,1264.4998779296875,48.71516799926758,0.016078928485512733,0.09126543998718262,0.1268027126789093,1335.1129150390625,50.424217224121094,0.017682401463389397,0.09455092996358871,0.13297519087791443
40,1267.7869873046875,48.37093734741211,0.01601860113441944,0.09081657975912094,0.1265646070241928,1333.2540283203125,50.36672592163086,0.017639337107539177,0.0946744978427887,0.13281315565109253
41,1262.912109375,47.927711486816406,0.015932654961943626,0.09097994863986969,0.12622462213039398,1333.6351318359375,50.48109436035156,0.017674507573246956,0.09418270736932755,0.13294550776481628
42,1264.75537109375,47.985111236572266,0.01588778756558895,0.09044384956359863,0.12604676187038422,1340.1444091796875,50.00613021850586,0.01768563687801361,0.09488416463136673,0.1329873502254486
43,1259.487060546875,47.53797149658203,0.015891458839178085,0.09052231907844543,0.1260613203048706,1326.848876953125,49.97991180419922,0.017435410991311073,0.09328075498342514,0.13204321265220642
44,1257.644287109375,47.83976364135742,0.015745237469673157,0.08987370878458023,0.1254800260066986,1326.286865234375,49.88876724243164,0.017406867817044258,0.09369849413633347,0.13193508982658386
45,1254.011962890625,47.62832260131836,0.015665560960769653,0.0896625891327858,0.12516212463378906,1322.88818359375,49.88965606689453,0.017353467643260956,0.0935421735048294,0.13173256814479828
46,1249.9010009765625,47.580509185791016,0.01564941741526127,0.0896112248301506,0.1250976324081421,1328.4447021484375,49.70527267456055,0.017402073368430138,0.09368579834699631,0.13191692531108856
47,1249.767333984375,47.451026916503906,0.0155875813215971,0.0892685204744339,0.12485022842884064,1322.628662109375,49.452392578125,0.017237301915884018,0.0932006686925888,0.13129091262817383
48,1250.4019775390625,46.93140411376953,0.01550217717885971,0.08905722945928574,0.12450774013996124,1321.8160400390625,49.392799377441406,0.017203478142619133,0.09320154786109924,0.13116203248500824
49,1250.039306640625,46.58390426635742,0.015538670122623444,0.08914457261562347,0.12465420365333557,1314.9178466796875,49.31694412231445,0.01706838794052601,0.09242475777864456,0.13064603507518768
50,1241.454345703125,46.516632080078125,0.015408378094434738,0.08877018839120865,0.1241304948925972,1317.326416015625,49.450599670410156,0.017147595062851906,0.09265699237585068,0.13094881176948547
51,1243.9368896484375,46.43602752685547,0.015351732261478901,0.088394396007061,0.1239021047949791,1327.1331787109375,49.25436019897461,0.017272427678108215,0.09338752180337906,0.13142460584640503
52,1239.9383544921875,46.87226486206055,0.015340997837483883,0.0886807069182396,0.12385878711938858,1309.625,49.102027893066406,0.016921207308769226,0.09175216406583786,0.13008153438568115
53,1244.664794921875,46.876060485839844,0.015313800424337387,0.08852691203355789,0.12374893575906754,1311.518798828125,49.086097717285156,0.016955778002738953,0.09216143190860748,0.13021434843540192
54,1243.669189453125,46.63092041015625,0.015307777561247349,0.08846363425254822,0.12372460961341858,1313.1456298828125,49.30973434448242,0.017038768157362938,0.09267084300518036,0.1305326372385025
55,1235.947265625,46.31764221191406,0.015254243277013302,0.0882672667503357,0.12350807338953018,1308.2821044921875,49.0151252746582,0.016878020018339157,0.09139798581600189,0.12991543114185333
56,1240.7109375,46.12314224243164,0.015233427286148071,0.08809953927993774,0.12342377007007599,1309.161376953125,48.98442459106445,0.01688251830637455,0.09176592528820038,0.12993274629116058
57,1240.29541015625,46.25504684448242,0.01518491841852665,0.08791383355855942,0.12322710454463959,1304.7530517578125,48.85673522949219,0.016784824430942535,0.09147404879331589,0.12955625355243683
58,1237.1451416015625,46.35696792602539,0.015149849466979504,0.08792198449373245,0.12308472394943237,1310.0977783203125,48.70745086669922,0.016844185069203377,0.09188248217105865,0.12978515028953552
59,1234.1290283203125,46.03557205200195,0.015135356225073338,0.08770669996738434,0.12302584201097488,1305.9058837890625,48.93987274169922,0.01682736538350582,0.09147903323173523,0.12972033023834229
60,1241.234130859375,46.238067626953125,0.015116413123905659,0.08786594867706299,0.12294883280992508,1310.135986328125,49.13957977294922,0.016935007646679878,0.09189218282699585,0.13013458251953125
61,1233.521484375,46.14339065551758,0.01506223063915968,0.08760900795459747,0.12272828072309494,1308.293212890625,48.90863037109375,0.01686897873878479,0.09149178117513657,0.1298806369304657
62,1238.4127197265625,46.05866241455078,0.015046536922454834,0.08734545856714249,0.12266433238983154,1305.7230224609375,48.86796569824219,0.016801409423351288,0.0914660319685936,0.1296202540397644
63,1235.8438720703125,45.830047607421875,0.015031706541776657,0.08757241815328598,0.12260386347770691,1304.6669921875,48.989723205566406,0.016808276996016502,0.09120642393827438,0.12964673340320587
64,1231.199462890625,45.935325622558594,0.014990337193012238,0.08744630962610245,0.12243503332138062,1307.617919921875,49.14708709716797,0.016894591972231865,0.09202887862920761,0.1299791932106018
65,1232.05029296875,45.47571563720703,0.014996570535004139,0.08741527050733566,0.12246048450469971,1309.038818359375,48.896175384521484,0.016871724277734756,0.09187357872724533,0.12989120185375214
66,1236.5914306640625,45.81547546386719,0.014987217262387276,0.08743438869714737,0.12242229282855988,1304.984619140625,48.905303955078125,0.016795897856354713,0.09084281325340271,0.1295989751815796
67,1237.65185546875,45.654605865478516,0.01494696456938982,0.08727724105119705,0.1222577765583992,1308.2926025390625,48.76044464111328,0.016829432919621468,0.09174998849630356,0.129728302359581
68,1231.644775390625,45.87781524658203,0.014898564666509628,0.08712735027074814,0.12205967307090759,1306.700439453125,49.20955276489258,0.016885599121451378,0.09173428267240524,0.1299446076154709
69,1234.7276611328125,45.803680419921875,0.014900470152497292,0.08731290698051453,0.12206748127937317,1300.351318359375,48.70182800292969,0.016669945791363716,0.09106402844190598,0.1291121393442154
70,1232.738037109375,45.57563400268555,0.014996238984167576,0.0875874012708664,0.12245912849903107,1301.537353515625,48.88408660888672,0.016723522916436195,0.0908852219581604,0.1293194591999054
71,1225.767822265625,45.78526306152344,0.01492492388933897,0.08705297857522964,0.12216760218143463,1298.572998046875,48.60898208618164,0.016616102308034897,0.09110120683908463,0.12890346348285675
72,1230.592041015625,45.47101974487305,0.014827047474682331,0.08688737452030182,0.1217663586139679,1310.60400390625,49.038997650146484,0.016914574429392815,0.09188241511583328,0.13005603849887848
73,1221.1981201171875,45.63477325439453,0.014815395697951317,0.08732007443904877,0.12171849608421326,1299.302734375,48.841270446777344,0.016678793355822563,0.09077505022287369,0.12914639711380005
74,1228.135986328125,45.13530349731445,0.014829432591795921,0.08679500967264175,0.12177616357803345,1302.12939453125,48.83866500854492,0.01672564074397087,0.09142740070819855,0.129327654838562
75,1223.632080078125,45.363834381103516,0.014799626544117928,0.0869581326842308,0.121653713285923,1300.739501953125,48.77494430541992,0.016693023964762688,0.09111196547746658,0.1292014867067337
76,1218.5391845703125,45.77466583251953,0.014802619814872742,0.08665282279253006,0.12166601419448853,1308.0390625,48.66096878051758,0.016802474856376648,0.09161100536584854,0.1296243667602539
77,1221.2744140625,45.24812698364258,0.01487880852073431,0.08717481046915054,0.12197872251272202,1307.370849609375,48.80122756958008,0.016809651628136635,0.09175051003694534,0.1296520233154297
78,1221.320556640625,45.824485778808594,0.014781191013753414,0.08673946559429169,0.1215779185295105,1302.1331787109375,48.64739990234375,0.016679489985108376,0.09102242439985275,0.12914909422397614
79,1215.464599609375,45.14459991455078,0.014764788560569286,0.08676870167255402,0.12151045352220535,1300.56982421875,48.55073928833008,0.016642218455672264,0.09074253588914871,0.12900471687316895
80,1221.656005859375,45.85350799560547,0.014764667488634586,0.08665820956230164,0.12150994688272476,1297.8211669921875,48.48920440673828,0.016569558531045914,0.0906607136130333,0.12872280180454254
81,1226.798095703125,45.45433807373047,0.014782237820327282,0.08676590025424957,0.12158222496509552,1305.633544921875,48.665130615234375,0.01675766333937645,0.09144461899995804,0.12945137917995453
82,1221.948486328125,45.26036071777344,0.014735318720340729,0.08666735887527466,0.12138912081718445,1302.93994140625,48.77106857299805,0.016722533851861954,0.09129329025745392,0.12931562960147858
83,1223.8138427734375,45.291419982910156,0.014686159789562225,0.08656191825866699,0.12118646502494812,1304.246826171875,48.57538604736328,0.016714420169591904,0.09141723066568375,0.12928426265716553
84,1225.17724609375,45.12995147705078,0.014774585142731667,0.08684904873371124,0.12155075371265411,1301.574462890625,48.26201248168945,0.016602644696831703,0.09102284908294678,0.1288512498140335
85,1225.686767578125,45.40989303588867,0.014665809459984303,0.08659157156944275,0.121102474629879,1302.462646484375,48.680694580078125,0.01669936440885067,0.09128163009881973,0.12922602891921997
86,1224.8427734375,45.482662200927734,0.014669487252831459,0.08665987104177475,0.12111766636371613,1299.8594970703125,48.46643829345703,0.016614088788628578,0.0908949077129364,0.12889565527439117
87,1222.3035888671875,45.513118743896484,0.014693730510771275,0.08639093488454819,0.12121769785881042,1302.763916015625,48.186988830566406,0.01661454327404499,0.09098754823207855,0.12889741361141205
88,1220.8599853515625,45.56824493408203,0.014699921011924744,0.08657607436180115,0.12124323099851608,1300.78662109375,48.139549255371094,0.01656016707420349,0.09079132229089737,0.1286863088607788
89,1221.9378662109375,45.15665817260742,0.014666126109659672,0.08646096289157867,0.12110378593206406,1304.1163330078125,48.23949432373047,0.01664404757320881,0.09142564982175827,0.12901180982589722
90,1220.3836669921875,45.32200622558594,0.014613261446356773,0.08643227070569992,0.12088532000780106,1306.233642578125,48.24630355834961,0.016699405387043953,0.09088591486215591,0.1292261779308319
91,1218.69775390625,45.121559143066406,0.014629088342189789,0.08636423945426941,0.12095077335834503,1310.5985107421875,48.45496368408203,0.016819965094327927,0.09157158434391022,0.12969179451465607
92,1219.56494140625,45.010250091552734,0.014622987248003483,0.08651229739189148,0.12092553824186325,1302.607177734375,48.262882232666016,0.016635756939649582,0.09106158465147018,0.12897968292236328
93,1217.9197998046875,45.4830436706543,0.01459367386996746,0.08607696741819382,0.12080427259206772,1316.501220703125,48.284507751464844,0.016895674169063568,0.09198728203773499,0.12998336553573608
94,1218.44384765625,45.12467575073242,0.014544595964252949,0.08613459020853043,0.12060097604990005,1305.714599609375,48.29350662231445,0.016690656542778015,0.0910516157746315,0.12919233739376068
95,1218.00244140625,45.137229919433594,0.014532078988850117,0.0862918421626091,0.12054908275604248,1304.0452880859375,47.793033599853516,0.016565263271331787,0.09125301241874695,0.12870609760284424
96,1214.400634765625,44.896156311035156,0.014634891413152218,0.08647704869508743,0.12097475677728653,1312.487548828125,48.10405349731445,0.016786126419901848,0.0919925719499588,0.12956127524375916
97,1218.334228515625,45.37197494506836,0.014607338234782219,0.08656430244445801,0.12086081504821777,1300.25146484375,48.35630416870117,0.016611238941550255,0.09132225066423416,0.12888459861278534
98,1213.20166015625,45.12677764892578,0.014548039063811302,0.08630873262882233,0.12061525136232376,1297.910888671875,47.911231994628906,0.016485657542943954,0.09038063138723373,0.12839648127555847
99,1215.0906982421875,44.813148498535156,0.014513390138745308,0.0859319195151329,0.1204715296626091,1304.124267578125,47.97852325439453,0.01660774275660515,0.09071727842092514,0.12887103855609894
100,1210.23486328125,45.10724639892578,0.014501702040433884,0.08593538403511047,0.12042301148176193,1306.6090087890625,47.752017974853516,0.016607338562607765,0.09085885435342789,0.1288694590330124
101,1217.712646484375,45.265174865722656,0.014525155536830425,0.08585192263126373,0.12052036076784134,1306.551025390625,47.593788146972656,0.016582246869802475,0.09133945405483246,0.1287720799446106
102,1218.943359375,45.032657623291016,0.01452404074370861,0.08653662353754044,0.12051572650671005,1302.263427734375,47.64741516113281,0.016511110588908195,0.09032139927148819,0.12849555909633636
103,1210.6162109375,45.07781219482422,0.014543621800839901,0.08620526641607285,0.12059693783521652,1301.910400390625,47.489933013916016,0.016465894877910614,0.09026279300451279,0.12831951677799225
104,1220.1336669921875,44.923179626464844,0.014472030103206635,0.08586085587739944,0.12029974907636642,1302.4676513671875,47.430641174316406,0.016470298171043396,0.09015936404466629,0.12833665311336517
105,1213.351318359375,45.20777130126953,0.014458190649747849,0.08584660291671753,0.12024221569299698,1309.301025390625,47.54621124267578,0.016634535044431686,0.09067196398973465,0.12897494435310364
106,1215.6649169921875,44.96623611450195,0.014440120197832584,0.0858532264828682,0.12016705423593521,1308.9124755859375,47.284461975097656,0.016573328524827957,0.0910966619849205,0.1287374347448349
107,1213.23876953125,44.97058868408203,0.014482338912785053,0.08599244803190231,0.12034258246421814,1311.8450927734375,47.3780517578125,0.016644004732370377,0.09095074981451035,0.12901164591312408
108,1211.7325439453125,44.83377456665039,0.014423302374780178,0.08579108864068985,0.12009704858064651,1307.195068359375,47.35057830810547,0.01654702052474022,0.09024877846240997,0.1286352276802063
109,1213.817626953125,45.02381134033203,0.0144658163189888,0.08597077429294586,0.12027392536401749,1306.53271484375,47.380531311035156,0.0165546927601099,0.09044860303401947,0.128665030002594
110,1211.1378173828125,44.76724624633789,0.014455578289926052,0.08567725121974945,0.12023135274648666,1309.531982421875,48.137901306152344,0.01676073484122753,0.09107731282711029,0.12946325540542603
111,1207.3489990234375,44.72358703613281,0.01439659669995308,0.08582979440689087,0.11998581886291504,1305.915283203125,47.26898193359375,0.016517741605639458,0.09043904393911362,0.1285213679075241
112,1205.973388671875,44.761268615722656,0.01442781277000904,0.0858524739742279,0.12011582404375076,1305.19091796875,47.12278366088867,0.01647900976240635,0.09039727598428726,0.12837059795856476
113,1211.9466552734375,44.814815521240234,0.014424148947000504,0.08577538281679153,0.12010058015584946,1310.9552001953125,47.304710388183594,0.016621923074126244,0.09136545658111572,0.12892602384090424
114,1205.6507568359375,44.874610900878906,0.014396380633115768,0.08587413281202316,0.11998491734266281,1316.3394775390625,47.55736541748047,0.016766993328928947,0.09110822528600693,0.12948743999004364
115,1215.9158935546875,45.09611511230469,0.014393522404134274,0.08564718067646027,0.11997300386428833,1311.092529296875,47.17693328857422,0.016596434637904167,0.09070853888988495,0.12882715463638306
116,1210.532958984375,44.75931930541992,0.014385337010025978,0.08577723056077957,0.11993889510631561,1309.594970703125,47.03423309326172,0.016533134505152702,0.0904575064778328,0.12858125567436218
117,1207.899658203125,44.641998291015625,0.014445931650698185,0.0858471691608429,0.12019123136997223,1308.6036376953125,47.2087516784668,0.016544904559850693,0.09047679603099823,0.1286270022392273
118,1211.216552734375,45.085899353027344,0.01441387552767992,0.08576894551515579,0.12005779892206192,1314.660400390625,46.9864501953125,0.016632284969091415,0.09119845926761627,0.12896621227264404
119,1208.196044921875,44.76483917236328,0.014343985356390476,0.08582954853773117,0.11976637691259384,1309.1915283203125,47.174598693847656,0.016572199761867523,0.09089095890522003,0.1287330538034439
120,1208.48095703125,44.74535369873047,0.014363500289618969,0.0856432169675827,0.11984782665967941,1306.43994140625,47.23151397705078,0.016528934240341187,0.0902666300535202,0.12856490910053253
121,1213.3118896484375,44.89704513549805,0.014336923137307167,0.08544250577688217,0.11973689496517181,1305.883544921875,47.227970123291016,0.016514454036951065,0.09009222686290741,0.1285085678100586
122,1203.099365234375,45.17964553833008,0.014340274035930634,0.08549827337265015,0.11975087970495224,1317.2657470703125,47.26796340942383,0.016735045239329338,0.09144383668899536,0.1293639987707138
123,1205.86767578125,44.845802307128906,0.014333548955619335,0.08566904067993164,0.11972279846668243,1302.392822265625,47.1118278503418,0.016433045268058777,0.08974350988864899,0.12819144129753113
124,1208.593505859375,44.55960464477539,0.014258653856813908,0.08532453328371048,0.11940960586071014,1304.6507568359375,47.26124954223633,0.016504203900694847,0.09003148972988129,0.12846867740154266
125,1210.673828125,44.677284240722656,0.014320340938866138,0.08533602952957153,0.11966761946678162,1303.6881103515625,47.04925537109375,0.01643511839210987,0.0898851603269577,0.1281995326280594
126,1210.3963623046875,44.864768981933594,0.014362397603690624,0.08583127707242966,0.11984321475028992,1300.996826171875,46.98944854736328,0.016380883753299713,0.09010186046361923,0.1279878318309784
127,1204.4752197265625,44.695091247558594,0.01429087296128273,0.08534010499715805,0.11954443901777267,1303.3668212890625,47.364967346191406,0.016495658084750175,0.08978169411420822,0.128435418009758
128,1199.8565673828125,44.95016098022461,0.014305944554507732,0.08548280596733093,0.11960746347904205,1301.365478515625,47.19455337524414,0.016433818265795708,0.08989973366260529,0.12819445133209229
129,1206.007568359375,44.540409088134766,0.014312568120658398,0.0854351595044136,0.11963514238595963,1306.7674560546875,47.3856201171875,0.01655338704586029,0.08995995670557022,0.12865996360778809
130,1208.996826171875,44.74021911621094,0.014301738701760769,0.08542583882808685,0.11958988010883331,1306.7099609375,46.86353302001953,0.016462013125419617,0.09035399556159973,0.1283043771982193
131,1210.774169921875,44.77265548706055,0.01434727106243372,0.08569484204053879,0.11978008598089218,1324.2413330078125,47.716392517089844,0.016960052773356438,0.09174559265375137,0.13023076951503754
132,1206.210205078125,44.87766647338867,0.014363768510520458,0.08573252707719803,0.11984893679618835,1302.186279296875,47.279747009277344,0.01646597869694233,0.08994635194540024,0.12831982970237732
133,1203.346435546875,44.54142761230469,0.0142477722838521,0.08516797423362732,0.11936403065919876,1301.198486328125,47.25524139404297,0.01644698902964592,0.09047194570302963,0.12824580073356628
134,1204.233154296875,44.949195861816406,0.014318237081170082,0.08528584986925125,0.11965883523225784,1303.5345458984375,46.798011779785156,0.016392771154642105,0.08998528867959976,0.12803426384925842
135,1205.5892333984375,44.83301544189453,0.014270763844251633,0.08552509546279907,0.11946030706167221,1303.792724609375,46.951690673828125,0.016435077413916588,0.08999434113502502,0.12819936871528625
136,1197.8079833984375,44.78079605102539,0.014197577722370625,0.08532243967056274,0.11915358155965805,1301.2730712890625,46.54131317138672,0.016298625618219376,0.09040145576000214,0.12766605615615845
137,1202.999267578125,44.51140594482422,0.014191417023539543,0.085060253739357,0.11912772804498672,1296.227294921875,46.628501892089844,0.01622890681028366,0.08938442915678024,0.1273927241563797
138,1199.5323486328125,44.738494873046875,0.01418762281537056,0.08526156097650528,0.1191118061542511,1310.4244384765625,47.02137756347656,0.016564346849918365,0.09074795246124268,0.1287025511264801
139,1200.0439453125,44.6567497253418,0.014218888245522976,0.08528754860162735,0.11924298107624054,1301.923095703125,46.601951599121094,0.016325095668435097,0.09020166844129562,0.12776969373226166
140,1196.8143310546875,44.32866287231445,0.014201910234987736,0.08483870327472687,0.11917176842689514,1301.2342529296875,46.69286346435547,0.016332363709807396,0.09019223600625992,0.1277981400489807
141,1197.8695068359375,44.590152740478516,0.01416656281799078,0.08495758473873138,0.11902336776256561,1296.570556640625,46.923011779785156,0.01628790982067585,0.08970935642719269,0.12762409448623657
142,1204.253662109375,44.5186653137207,0.014219379983842373,0.085175059735775,0.11924504488706589,1305.4793701171875,46.84941482543945,0.016440248116850853,0.09049259126186371,0.12821952998638153
143,1193.019775390625,44.61713790893555,0.014187642373144627,0.0848931074142456,0.11911189556121826,1298.904541015625,46.88399887084961,0.016324112191796303,0.08969689905643463,0.12776584923267365
144,1201.8333740234375,44.432533264160156,0.014172765426337719,0.08500600606203079,0.11904942244291306,1305.0174560546875,46.82039260864258,0.01642029918730259,0.0904325395822525,0.12814171612262726
145,1201.802001953125,44.492488861083984,0.01414095051586628,0.08479713648557663,0.11891572922468185,1300.744873046875,46.77935028076172,0.016331959515810013,0.08988676965236664,0.12779654562473297
146,1199.39892578125,44.52008056640625,0.01412244699895382,0.0848270058631897,0.11883790045976639,1296.9144287109375,46.75060272216797,0.016257017850875854,0.08969134837388992,0.12750300765037537
147,1195.046142578125,44.38754653930664,0.014104535803198814,0.08465612679719925,0.11876250803470612,1302.6055908203125,46.8746223449707,0.016392812132835388,0.09023578464984894,0.12803441286087036
148,1199.038330078125,44.392433166503906,0.014149677008390427,0.08488194644451141,0.11895241588354111,1299.4267578125,46.72761917114258,0.016295835375785828,0.0899459719657898,0.12765513360500336
149,1209.867431640625,44.752655029296875,0.014233601279556751,0.08527853339910507,0.11930465698242188,1293.143310546875,46.629878997802734,0.016156092286109924,0.0893726646900177,0.12710662186145782
150,1196.6710205078125,44.383697509765625,0.014119644649326801,0.08472525328397751,0.11882610619068146,1295.484375,46.92837142944336,0.0162612646818161,0.08955007046461105,0.1275196522474289
151,1200.8409423828125,44.526363372802734,0.01416463777422905,0.08477698266506195,0.11901528388261795,1300.67138671875,46.91970443725586,0.016364574432373047,0.09035106003284454,0.1279240995645523
152,1197.83203125,44.820106506347656,0.014171374030411243,0.08494781702756882,0.11904358118772507,1297.059326171875,46.92179489135742,0.016293615102767944,0.08993358165025711,0.12764643132686615
153,1196.4453125,44.62615203857422,0.014119415543973446,0.08483410626649857,0.11882514506578445,1293.884033203125,46.652976989746094,0.016184771433472633,0.08962038904428482,0.12721937894821167
154,1198.195556640625,44.58713912963867,0.014132674783468246,0.08457940816879272,0.11888092756271362,1295.279052734375,46.53954315185547,0.01618514209985733,0.08968083560466766,0.12722083926200867
155,1201.5203857421875,44.37371826171875,0.014081318862736225,0.08443993330001831,0.11866473406553268,1301.816162109375,46.79020690917969,0.01635916531085968,0.09027930349111557,0.12790295481681824
156,1196.233642578125,44.57082748413086,0.014128932729363441,0.08512052893638611,0.11886518448591232,1298.9599609375,47.04484558105469,0.016358064487576485,0.08992711454629898,0.12789864838123322
157,1198.50537109375,44.366424560546875,0.014090367592871189,0.08471117913722992,0.11870285868644714,1297.2464599609375,46.65237808227539,0.01624688133597374,0.09068284928798676,0.12746325135231018
158,1196.671630859375,44.79609680175781,0.014098355546593666,0.08474525809288025,0.11873649060726166,1298.4461669921875,46.49974822998047,0.016234638169407845,0.09027615189552307,0.1274152249097824
159,1190.4630126953125,44.32622528076172,0.014056257903575897,0.08471447974443436,0.1185590922832489,1303.440673828125,46.87483215332031,0.016406424343585968,0.09038970619440079,0.12808756530284882
160,1199.464111328125,44.74105453491211,0.014162526465952396,0.08497487008571625,0.11900641024112701,1290.9757080078125,46.69651412963867,0.016139065846800804,0.08945920318365097,0.1270396113395691
161,1197.4000244140625,44.763545989990234,0.014129205606877804,0.08477960526943207,0.11886633187532425,1297.9932861328125,46.92841339111328,0.01631256379187107,0.09038032591342926,0.1277206540107727
162,1197.983642578125,44.37398147583008,0.01407241728156805,0.08451376110315323,0.11862722039222717,1294.1959228515625,46.619728088378906,0.01617676392197609,0.0893898457288742,0.12718790769577026
163,1193.785400390625,44.560115814208984,0.014083504676818848,0.08478370308876038,0.11867393553256989,1294.4564208984375,47.04407501220703,0.016269950196146965,0.08944690972566605,0.12755371630191803
164,1191.2586669921875,44.24897003173828,0.014078062027692795,0.08458274602890015,0.11865101009607315,1291.6861572265625,46.933631896972656,0.016192547976970673,0.08938709646463394,0.12724994122982025
165,1192.4364013671875,44.54765701293945,0.014112243428826332,0.0844130665063858,0.11879495531320572,1297.9591064453125,46.81443786621094,0.01628870703279972,0.09039188176393509,0.12762722373008728
166,1191.563720703125,44.368568420410156,0.01410485990345478,0.08444760739803314,0.11876387894153595,1305.26611328125,46.811431884765625,0.01642000488936901,0.09046148508787155,0.12814056873321533
167,1196.5748291015625,45.04021453857422,0.01414631586521864,0.08499761670827866,0.11893828958272934,1296.490478515625,46.555450439453125,0.01621524803340435,0.08993382751941681,0.12733910977840424
168,1190.472412109375,44.50090408325195,0.014083213172852993,0.08458201587200165,0.11867271363735199,1294.0516357421875,47.16415786743164,0.016288623213768005,0.09028343856334686,0.12762689590454102
169,1184.253662109375,44.3056640625,0.014053395949304104,0.08450000733137131,0.11854702234268188,1291.322021484375,46.875274658203125,0.016177907586097717,0.08941204100847244,0.1271924078464508
170,1188.4864501953125,44.280094146728516,0.014063240960240364,0.08436617255210876,0.11858853697776794,1298.0859375,46.75812530517578,0.01627359166741371,0.09016628563404083,0.12756799161434174
171,1193.460205078125,44.32719802856445,0.014055142179131508,0.0846368819475174,0.11855438351631165,1296.126708984375,46.590484619140625,0.016218189150094986,0.09005184471607208,0.12735064327716827
172,1186.612060546875,44.32426452636719,0.014043709263205528,0.08434975147247314,0.11850615590810776,1291.773681640625,46.58285140991211,0.016127336770296097,0.08930829167366028,0.12699344754219055
173,1193.0958251953125,44.68039321899414,0.014006485231220722,0.08414268493652344,0.11834900081157684,1303.904541015625,47.041404724121094,0.01644529029726982,0.09053461998701096,0.12823918461799622
174,1186.806396484375,44.39462661743164,0.013981171883642673,0.08434556424617767,0.11824201047420502,1295.8509521484375,46.89118194580078,0.0162578746676445,0.08983393013477325,0.12750637531280518
175,1187.6839599609375,44.40360641479492,0.01403474435210228,0.08424597233533859,0.11846832931041718,1295.167724609375,46.456138610839844,0.016163721680641174,0.08958780020475388,0.12713661789894104
176,1187.521728515625,44.259178161621094,0.014001763425767422,0.084212526679039,0.11832904070615768,1300.984130859375,46.535179138183594,0.016290437430143356,0.09050177037715912,0.1276339888572693
177,1189.4287109375,44.401214599609375,0.01399653498083353,0.08449827879667282,0.1183069497346878,1294.416259765625,46.7724609375,0.016207365319132805,0.08979670703411102,0.12730814516544342
178,1191.996826171875,44.66205978393555,0.014005405828356743,0.08438332378864288,0.11834443360567093,1294.518310546875,46.61005401611328,0.016177738085389137,0.08961914479732513,0.12719173729419708
179,1187.884033203125,44.61881637573242,0.013963771052658558,0.08402886241674423,0.11816839873790741,1293.7076416015625,46.5294189453125,0.016152948141098022,0.08985139429569244,0.12709423899650574
180,1189.3076171875,44.24619674682617,0.014018360525369644,0.08448043465614319,0.11839915812015533,1294.989501953125,46.77991485595703,0.016227830201387405,0.09023880958557129,0.12738850712776184
181,1193.5765380859375,44.30316162109375,0.013989920727908611,0.08428845554590225,0.11827899515628815,1289.0328369140625,46.7520866394043,0.01610678806900978,0.08939240872859955,0.12691251933574677
182,1189.841552734375,44.432777404785156,0.014010060578584671,0.08451961725950241,0.11836410313844681,1292.78759765625,46.96653747558594,0.016221189871430397,0.08955656737089157,0.1273624300956726
183,1185.075927734375,44.491233825683594,0.013955574482679367,0.08390309661626816,0.11813370883464813,1299.3602294921875,47.116336822509766,0.016375400125980377,0.09089892357587814,0.12796640396118164
184,1191.593017578125,44.180789947509766,0.014000172726809978,0.08452901989221573,0.11832232773303986,1299.42578125,47.086544036865234,0.016367997974157333,0.0898965373635292,0.12793748080730438
185,1188.9478759765625,44.51832580566406,0.013984004966914654,0.08424831181764603,0.11825398355722427,1291.9405517578125,46.661651611328125,0.016142768785357475,0.08955736458301544,0.12705419957637787
186,1194.2227783203125,43.859779357910156,0.014017170295119286,0.08444497734308243,0.11839413642883301,1297.020751953125,46.810691833496094,0.016270847991108894,0.090072862803936,0.12755723297595978
187,1196.0472412109375,44.63848114013672,0.013951841741800308,0.08418618142604828,0.11811791360378265,1291.7530517578125,46.822933197021484,0.016165245324373245,0.08976759761571884,0.12714262306690216
188,1192.204345703125,44.38867950439453,0.014057960361242294,0.08451883494853973,0.11856626719236374,1290.540771484375,46.64018630981445,0.016116255894303322,0.08961986005306244,0.12694981694221497
189,1179.346435546875,44.19915771484375,0.013971462845802307,0.0843462124466896,0.11820093542337418,1291.0416259765625,46.602108001708984,0.0161104928702116,0.08927982300519943,0.12692712247371674
190,1191.293212890625,44.149024963378906,0.013926280662417412,0.08400380611419678,0.11800966411828995,1293.493896484375,47.0125846862793,0.01624242216348648,0.08968118578195572,0.1274457573890686
191,1189.54052734375,44.74433517456055,0.013978643342852592,0.08428499847650528,0.11823131144046783,1286.6099853515625,46.851715087890625,0.01609014719724655,0.08924492448568344,0.12684693932533264
192,1188.9339599609375,44.54762649536133,0.013923930004239082,0.08405645191669464,0.11799970269203186,1288.781494140625,46.7537956237793,0.016105808317661285,0.08941875398159027,0.12690867483615875
193,1188.89990234375,44.60858917236328,0.013919953256845474,0.0840616524219513,0.11798284947872162,1295.028076171875,46.65985107421875,0.016205739229917526,0.08978300541639328,0.12730176746845245
194,1183.715576171875,44.27467346191406,0.013904932886362076,0.08401832729578018,0.11791917681694031,1288.7008056640625,46.83045196533203,0.01611446589231491,0.08912549167871475,0.12694276869297028
195,1185.432861328125,44.48456573486328,0.013912477530539036,0.08388090878725052,0.1179511621594429,1291.642822265625,46.54174041748047,0.016118468716740608,0.08983487635850906,0.12695853412151337
196,1189.561767578125,44.23859786987305,0.013944657519459724,0.08405354619026184,0.11808750033378601,1301.13623046875,46.631561279296875,0.016303962096571922,0.0905989482998848,0.12768696248531342
197,1184.10595703125,44.59855651855469,0.013957587070763111,0.0842527225613594,0.11814223229885101,1289.3857421875,46.43453598022461,0.016050925478339195,0.08900772780179977,0.1266922503709793
198,1181.462890625,44.095787048339844,0.013910810463130474,0.08425023406744003,0.11794410645961761,1289.9776611328125,46.37726593017578,0.01606093719601631,0.08951693773269653,0.1267317533493042
199,1182.895751953125,44.219085693359375,0.013878712430596352,0.08387987315654755,0.11780794709920883,1297.7110595703125,46.99497985839844,0.016321413218975067,0.08988381922245026,0.1277552843093872
200,1185.433837890625,44.59781265258789,0.01398493442684412,0.08419673144817352,0.11825791746377945,1292.634033203125,46.750022888183594,0.016170896589756012,0.08948995172977448,0.1271648406982422
201,1187.419189453125,44.26069259643555,0.013929780572652817,0.08404086530208588,0.11802449077367783,1295.703857421875,46.34015655517578,0.016147589311003685,0.09009990096092224,0.12707316875457764
202,1185.713623046875,44.474525451660156,0.013890990987420082,0.08392583578824997,0.11786004900932312,1290.8485107421875,46.445308685302734,0.016090741381049156,0.08998177200555801,0.12684927880764008
203,1184.515380859375,43.95728302001953,0.013860468752682209,0.08393652737140656,0.11773049831390381,1290.006591796875,46.596038818359375,0.016089599579572678,0.08887265622615814,0.12684479355812073
204,1185.1058349609375,44.228057861328125,0.013922665268182755,0.08390604704618454,0.11799434572458267,1292.1156005859375,46.584144592285156,0.0161348357796669,0.08950356394052505,0.12702296674251556
205,1188.1827392578125,44.28640365600586,0.013898201286792755,0.08387583494186401,0.1178906261920929,1286.7874755859375,46.43232727050781,0.01600852608680725,0.08912941068410873,0.12652480602264404
206,1190.2962646484375,44.38859939575195,0.013965432532131672,0.08475592732429504,0.11817541718482971,1289.200439453125,46.47132873535156,0.016051746904850006,0.08885981887578964,0.12669548392295837
207,1190.9627685546875,44.19636917114258,0.014050532132387161,0.08461253345012665,0.11853493750095367,1289.2420654296875,46.73839569091797,0.01610524393618107,0.08909200131893158,0.12690643966197968
208,1182.588623046875,44.2255859375,0.013909190893173218,0.0839606523513794,0.11793722957372665,1288.0640869140625,46.343719482421875,0.01600724831223488,0.08969641476869583,0.12651975452899933
209,1187.870361328125,44.270328521728516,0.013956339098513126,0.08405964821577072,0.11813696473836899,1294.0302734375,46.796791076660156,0.016215993091464043,0.08976287394762039,0.12734204530715942
210,1187.36328125,44.39970779418945,0.013953229412436485,0.08405882120132446,0.11812378466129303,1297.077880859375,46.67873764038086,0.016244474798440933,0.08975613862276077,0.12745381891727448
211,1184.186767578125,44.264137268066406,0.01386688556522131,0.08383075147867203,0.11775773763656616,1292.4244384765625,46.51097869873047,0.016128653660416603,0.08949688822031021,0.126998633146286
212,1182.621337890625,44.62531661987305,0.013904241845011711,0.08406342566013336,0.11791624873876572,1288.1451416015625,46.87301254272461,0.016121145337820053,0.08930116891860962,0.12696906924247742
213,1184.9000244140625,44.41095733642578,0.01390734501183033,0.08395686745643616,0.11792940646409988,1292.1585693359375,46.76213455200195,0.01617078110575676,0.08963093906641006,0.12716437876224518
214,1180.2490234375,44.108978271484375,0.013903792016208172,0.08390982449054718,0.1179143413901329,1290.2911376953125,46.429508209228516,0.01606481708586216,0.08946555852890015,0.12674705684185028
215,1187.6812744140625,44.3083381652832,0.013906295411288738,0.08403682708740234,0.11792495846748352,1290.4647216796875,46.50432205200195,0.016086241230368614,0.08941590040922165,0.1268315464258194
216,1175.409912109375,44.39846420288086,0.013887178152799606,0.08382503688335419,0.1178438737988472,1293.7080078125,46.493919372558594,0.01613551564514637,0.08960169553756714,0.12702564895153046
217,1182.7598876953125,44.619285583496094,0.013896957039833069,0.08391124755144119,0.11788535863161087,1294.9615478515625,46.439430236816406,0.01615801826119423,0.08979248255491257,0.1271141916513443
218,1193.2119140625,44.49748992919922,0.013935906812548637,0.0840468630194664,0.11805044859647751,1289.6253662109375,46.421138763427734,0.016049958765506744,0.08941879868507385,0.12668843567371368
219,1186.488037109375,44.38945770263672,0.01389471534639597,0.08414413779973984,0.1178758442401886,1290.4454345703125,46.29343032836914,0.01603821851313114,0.08915835618972778,0.12664209306240082
220,1183.7545166015625,44.21833419799805,0.013891688548028469,0.0837509036064148,0.1178629994392395,1287.70751953125,46.51182174682617,0.01603800430893898,0.0895502045750618,0.12664124369621277
221,1182.723876953125,44.0384635925293,0.013930381275713444,0.08393193036317825,0.11802704632282257,1296.9156494140625,46.920204162597656,0.016286375001072884,0.09021613746881485,0.12761808931827545
222,1183.992919921875,44.430606842041016,0.013885763473808765,0.0836372822523117,0.11783786863088608,1295.384521484375,46.377197265625,0.0161493681371212,0.08999459445476532,0.12708017230033875
223,1187.333251953125,44.1584587097168,0.013883892446756363,0.0838809609413147,0.11782993376255035,1298.3935546875,46.62351608276367,0.01625639759004116,0.09020086377859116,0.12750057876110077
224,1180.912109375,44.42514419555664,0.013849224895238876,0.0837273895740509,0.11768273264169693,1291.1422119140625,46.75365447998047,0.016144750639796257,0.08932153135538101,0.12706199288368225
225,1181.8380126953125,44.61351776123047,0.013859721831977367,0.08377957344055176,0.11772732436656952,1293.257080078125,47.113380432128906,0.016258351504802704,0.09038027375936508,0.1275082379579544
226,1182.960693359375,44.49310302734375,0.013885222375392914,0.08406106382608414,0.11783557385206223,1290.2069091796875,46.56291961669922,0.016089152544736862,0.08936090022325516,0.12684302031993866
227,1187.8553466796875,44.350730895996094,0.013896339572966099,0.08368512243032455,0.11788273602724075,1294.48046875,46.49004364013672,0.016147535294294357,0.08972569555044174,0.12707294523715973
228,1186.492919921875,44.09717559814453,0.013926592655479908,0.08403022587299347,0.1180109828710556,1291.1380615234375,46.76188659667969,0.01614895649254322,0.0893658846616745,0.12707854807376862
229,1186.9373779296875,44.36374282836914,0.013854596763849258,0.08385824412107468,0.11770555377006531,1292.9278564453125,46.668235778808594,0.016160951927304268,0.08922172337770462,0.12712574005126953
230,1191.083251953125,44.405113220214844,0.013891669921576977,0.0837647095322609,0.11786292493343353,1290.6656494140625,46.458961486816406,0.01607639715075493,0.08915683627128601,0.12679272890090942
231,1185.818359375,44.228973388671875,0.013838523998856544,0.08362511545419693,0.1176372542977333,1292.136474609375,46.403141021728516,0.016092173755168915,0.08913172781467438,0.12685492634773254
232,1185.81494140625,44.643577575683594,0.013892555609345436,0.08394895493984222,0.11786668747663498,1291.0408935546875,46.66853332519531,0.01612270437180996,0.0891617015004158,0.12697520852088928
233,1184.7728271484375,44.55646514892578,0.01392901036888361,0.08395726978778839,0.11802122741937637,1306.8775634765625,46.631282806396484,0.01641165278851986,0.09059025347232819,0.1281079798936844
234,1178.975830078125,44.45856857299805,0.01386099774390459,0.08389518409967422,0.11773274093866348,1291.8109130859375,47.18834686279297,0.01625644601881504,0.09022153913974762,0.1275007575750351
235,1177.47021484375,44.299591064453125,0.013845996931195259,0.08376875519752502,0.117669016122818,1292.2894287109375,46.69873809814453,0.01615321822464466,0.08989150822162628,0.1270953118801117
236,1177.7000732421875,44.177364349365234,0.013842499814927578,0.08366189897060394,0.11765415966510773,1291.2242431640625,46.66952133178711,0.01612495817244053,0.08907461911439896,0.12698408961296082
237,1185.6292724609375,44.49055862426758,0.013859507627785206,0.08362498134374619,0.1177264153957367,1296.0694580078125,46.468441009521484,0.01617566868662834,0.08981238305568695,0.12718360126018524
238,1186.34912109375,44.293975830078125,0.013833926059305668,0.08359119296073914,0.11761771142482758,1292.540283203125,46.57427215576172,0.01614217832684517,0.08960704505443573,0.12705186009407043
239,1182.7991943359375,44.15618133544922,0.01387214008718729,0.0839192345738411,0.11778005212545395,1296.5377197265625,46.66619110107422,0.01623396947979927,0.08972352743148804,0.1274126023054123
240,1181.61474609375,44.444122314453125,0.01381903886795044,0.08379670977592468,0.11755441129207611,1292.352294921875,46.424659729003906,0.016109410673379898,0.08958053588867188,0.1269228458404541
241,1190.730712890625,44.216129302978516,0.013856030069291592,0.08355309814214706,0.117711640894413,1294.0899658203125,46.36579895019531,0.016122834756970406,0.08962494134902954,0.12697573006153107
242,1184.84814453125,44.14866638183594,0.013845516368746758,0.08376399427652359,0.11766697466373444,1288.3963623046875,46.46554183959961,0.016039732843637466,0.08959056437015533,0.12664806842803955
243,1186.24072265625,44.28696823120117,0.013826417736709118,0.0837264433503151,0.11758578568696976,1293.060302734375,46.5986442565918,0.016147227957844734,0.08986588567495346,0.12707173824310303
244,1183.9068603515625,44.616798400878906,0.013856703415513039,0.08375048637390137,0.11771450191736221,1290.21923828125,46.490821838378906,0.01607644557952881,0.08963323384523392,0.12679292261600494
245,1180.869384765625,44.428157806396484,0.01380930095911026,0.08364418148994446,0.11751299351453781,1291.1845703125,46.683189392089844,0.01613548770546913,0.0893576368689537,0.1270255446434021
246,1182.462158203125,44.260353088378906,0.013807213865220547,0.0836179181933403,0.11750410497188568,1291.322265625,46.5243034362793,0.016100522130727768,0.08934692293405533,0.12688782811164856
247,1180.6009521484375,44.43077850341797,0.01379154622554779,0.08370738476514816,0.11743741482496262,1289.518310546875,46.518280029296875,0.016068315133452415,0.08939692378044128,0.12676085531711578
248,1179.8431396484375,44.46943664550781,0.013808201998472214,0.08362411707639694,0.11750829964876175,1291.75,47.064125061035156,0.016221027821302414,0.08971380442380905,0.12736180424690247
249,1183.306396484375,43.98889923095703,0.013824816793203354,0.08353280276060104,0.11757898330688477,1296.130615234375,46.69254684448242,0.016233140602707863,0.09036806970834732,0.12740933895111084
250,1182.092529296875,43.92975997924805,0.013844436965882778,0.08367304503917694,0.11766238510608673,1295.7059326171875,46.687355041503906,0.016229795292019844,0.09009475260972977,0.12739621102809906
251,1177.6728515625,43.991554260253906,0.013788612559437752,0.0835615023970604,0.11742492765188217,1292.895263671875,46.593841552734375,0.016142232343554497,0.08961639553308487,0.12705209851264954
252,1185.4710693359375,44.22898864746094,0.013818684034049511,0.0835539698600769,0.11755289882421494,1287.4884033203125,46.57953643798828,0.016051866114139557,0.08937869220972061,0.12669596076011658
253,1180.794677734375,44.377410888671875,0.013799529522657394,0.08353766798973083,0.11747139692306519,1290.263916015625,46.566585540771484,0.016091017052531242,0.08964813500642776,0.12685036659240723
254,1179.1815185546875,44.552860260009766,0.013836408965289593,0.08384043723344803,0.11762827634811401,1287.478515625,46.571922302246094,0.016044506803154945,0.08939006179571152,0.12666691839694977
255,1181.4932861328125,44.371707916259766,0.013791712000966072,0.08365185558795929,0.11743812263011932,1292.4967041015625,46.883514404296875,0.016198614612221718,0.08945431560277939,0.1272737830877304
256,1175.9853515625,44.114871978759766,0.013819880783557892,0.08373022079467773,0.11755799502134323,1295.732177734375,46.77822494506836,0.01622471585869789,0.0892343670129776,0.1273762732744217
257,1178.631103515625,43.949607849121094,0.01380783412605524,0.08363623917102814,0.1175067350268364,1289.5543212890625,46.284912109375,0.016025055199861526,0.08971276134252548,0.12659010291099548
258,1178.5609130859375,44.01396179199219,0.013763112016022205,0.08333633840084076,0.11731629073619843,1290.2928466796875,46.80757141113281,0.016136085614562035,0.08945023268461227,0.12702789902687073
