epoch,RMSE_P,RMSE_T,loss,mean_absolute_error,root_mean_squared_error,val_RMSE_P,val_RMSE_T,val_loss,val_mean_absolute_error,val_root_mean_squared_error
0,4681.25830078125,200.18455505371094,0.23953582346439362,0.3633493483066559,0.4894239604473114,3733.87744140625,180.1984100341797,0.16335426270961761,0.3004920780658722,0.40417107939720154
1,3080.664794921875,165.58837890625,0.1226189136505127,0.26105061173439026,0.350169837474823,2663.264892578125,150.7344970703125,0.09583472460508347,0.2296878695487976,0.3095718324184418
2,2388.345703125,139.10348510742188,0.08009014278650284,0.21162402629852295,0.28300201892852783,2238.26123046875,127.48197174072266,0.06816349923610687,0.19526517391204834,0.26108139753341675
3,2106.076171875,120.08537292480469,0.0611526258289814,0.1858360320329666,0.24729056656360626,2003.286865234375,111.09456634521484,0.05329568311572075,0.17324431240558624,0.23085857927799225
4,1931.2330322265625,106.48793029785156,0.04921436682343483,0.16669771075248718,0.22184310853481293,1831.3941650390625,98.84882354736328,0.043470822274684906,0.15651705861091614,0.2084965705871582
5,1797.802001953125,94.87339782714844,0.04087698459625244,0.1514388471841812,0.20218057930469513,1702.2037353515625,89.03341674804688,0.036521587520837784,0.14274953305721283,0.19110621511936188
6,1685.301025390625,85.40924835205078,0.0347043015062809,0.13931353390216827,0.18629090487957,1598.2857666015625,81.13297271728516,0.031394265592098236,0.13170947134494781,0.17718426883220673
7,1594.18896484375,78.49481201171875,0.03014438971877098,0.12948116660118103,0.17362140119075775,1518.884033203125,75.05451965332031,0.0277336984872818,0.12332723289728165,0.16653436422348022
8,1532.6737060546875,71.27252960205078,0.026769189164042473,0.12165764719247818,0.16361293196678162,1460.939453125,69.7891616821289,0.02498178742825985,0.11654654145240784,0.15805627405643463
9,1470.4888916015625,66.23971557617188,0.024233708158135414,0.11506533622741699,0.15567180514335632,1421.463623046875,66.95516967773438,0.02338964119553566,0.11306597292423248,0.15293671190738678
10,1431.3001708984375,62.9697151184082,0.022470353171229362,0.11023260653018951,0.1499011516571045,1389.097412109375,63.8799934387207,0.021952293813228607,0.10882484167814255,0.1481630653142929
11,1403.63330078125,59.763824462890625,0.021071655675768852,0.10635257512331009,0.14516079425811768,1364.296875,61.736778259277344,0.020934322848916054,0.10598039627075195,0.1446869820356369
12,1373.7919921875,57.61560821533203,0.02009480632841587,0.10369693487882614,0.14175614714622498,1344.675537109375,60.50054168701172,0.020262591540813446,0.10451468080282211,0.14234672486782074
13,1355.41162109375,56.0888671875,0.019306136295199394,0.10115110129117966,0.1389465183019638,1329.6087646484375,59.379051208496094,0.019716564565896988,0.1027587354183197,0.14041568338871002
14,1340.17724609375,54.6455192565918,0.018746476620435715,0.09952757507562637,0.13691776990890503,1318.698486328125,58.72651290893555,0.019366789609193802,0.10171666741371155,0.13916461169719696
15,1327.886474609375,54.184043884277344,0.018274830654263496,0.09815462678670883,0.13518443703651428,1310.114013671875,57.751625061035156,0.018984099850058556,0.10067182034254074,0.13778279721736908
16,1318.6778564453125,53.473594665527344,0.017890267074108124,0.0970526933670044,0.13375450670719147,1301.111572265625,57.7459716796875,0.01881525292992592,0.10016517341136932,0.13716870546340942
17,1306.387451171875,52.350318908691406,0.01762431301176548,0.09618496149778366,0.13275659084320068,1295.162353515625,57.180389404296875,0.018575439229607582,0.09961514919996262,0.1362917423248291
18,1291.7977294921875,51.94218063354492,0.01732279174029827,0.09540192782878876,0.13161607086658478,1289.9566650390625,56.57716751098633,0.018354978412389755,0.09875059127807617,0.13548053801059723
19,1289.107177734375,51.82273483276367,0.017110612243413925,0.09483671933412552,0.1308075338602066,1282.5618896484375,56.8455810546875,0.018271157518029213,0.09871608763933182,0.1351708471775055
20,1286.726806640625,51.31096267700195,0.016945306211709976,0.09390132129192352,0.13017414510250092,1278.3282470703125,56.27762985229492,0.018069634214043617,0.09803064167499542,0.13442334532737732
21,1274.584228515625,51.030052185058594,0.016754481941461563,0.09384052455425262,0.1294391006231308,1276.068115234375,55.59279251098633,0.017863726243376732,0.09766848385334015,0.13365525007247925
22,1269.858154296875,50.766204833984375,0.016619883477687836,0.09326746314764023,0.1289181262254715,1271.876953125,55.26891326904297,0.017729373648762703,0.0971374362707138,0.13315169513225555
23,1270.1700439453125,50.87169647216797,0.016525650396943092,0.09306205064058304,0.1285521388053894,1269.802734375,55.72479248046875,0.017787020653486252,0.09725029766559601,0.13336800038814545
24,1260.987060546875,50.43703842163086,0.01640266180038452,0.09269899874925613,0.12807287275791168,1269.829833984375,55.425148010253906,0.017722925171256065,0.09709975123405457,0.13312748074531555
25,1260.91845703125,50.15494155883789,0.016310561448335648,0.09246236085891724,0.12771280109882355,1266.078125,55.00249099731445,0.017561493441462517,0.09653808176517487,0.13251978158950806
26,1265.0311279296875,49.66890335083008,0.016216963529586792,0.09200286865234375,0.12734584510326385,1265.1707763671875,54.72144317626953,0.01745784282684326,0.09673721343278885,0.13212813436985016
27,1261.8348388671875,49.21849822998047,0.016134178265929222,0.0919814333319664,0.12702038884162903,1264.3397216796875,54.532203674316406,0.017426813021302223,0.09637468308210373,0.13201065361499786
28,1253.770751953125,48.809120178222656,0.01605524681508541,0.0916609913110733,0.12670931220054626,1262.3017578125,53.9961051940918,0.017270023003220558,0.09609255194664001,0.131415456533432
29,1250.9603271484375,48.905357360839844,0.015976067632436752,0.09115125983953476,0.12639647722244263,1261.447509765625,54.11406326293945,0.01727968454360962,0.09581898897886276,0.13145221769809723
30,1251.3427734375,48.8985481262207,0.01589822582900524,0.09131688624620438,0.12608815729618073,1258.2694091796875,54.3908576965332,0.01726674847304821,0.0959528461098671,0.13140299916267395
31,1244.170654296875,48.5897216796875,0.01584501937031746,0.0909014418721199,0.1258770078420639,1257.7314453125,53.617347717285156,0.017073767259716988,0.09565043449401855,0.13066662847995758
32,1251.678466796875,48.457740783691406,0.015796063467860222,0.09063059091567993,0.12568239867687225,1257.335693359375,53.132179260253906,0.01696547120809555,0.09541565179824829,0.13025157153606415
33,1254.62646484375,48.51618957519531,0.015772107988595963,0.09090372920036316,0.12558704614639282,1255.7864990234375,53.175880432128906,0.016961518675088882,0.09511770308017731,0.13023638725280762
34,1246.757568359375,48.23743438720703,0.015673724934458733,0.09045927226543427,0.1251947432756424,1256.909423828125,53.47454071044922,0.01702715829014778,0.09516912698745728,0.13048815727233887
35,1242.213623046875,48.44419860839844,0.015659155324101448,0.0902334600687027,0.12513653934001923,1255.4085693359375,53.11772918701172,0.01693851128220558,0.09515883028507233,0.1301480382680893
36,1241.0767822265625,47.98495864868164,0.01557488739490509,0.08984282612800598,0.12479938566684723,1253.5277099609375,52.69419479370117,0.01679851859807968,0.09484723955392838,0.1296090930700302
37,1237.066162109375,48.16791534423828,0.015516195446252823,0.08995212614536285,0.1245640218257904,1255.218505859375,52.71732711791992,0.016856450587511063,0.0946747288107872,0.12983238697052002
38,1239.903076171875,47.87885284423828,0.015462921932339668,0.0895448550581932,0.12434999644756317,1253.843505859375,52.5902214050293,0.016774311661720276,0.09458369016647339,0.12951567769050598
39,1235.07763671875,47.59131622314453,0.015409516170620918,0.0895150899887085,0.12413506954908371,1253.298583984375,52.8863525390625,0.01684318110346794,0.0945156067609787,0.12978127598762512
40,1233.3392333984375,47.228206634521484,0.015405459329485893,0.08949562907218933,0.12411873042583466,1253.7200927734375,52.634849548339844,0.01679048128426075,0.09442324191331863,0.12957808375358582
41,1242.14501953125,47.4659538269043,0.015346194617450237,0.08905600011348724,0.12387976050376892,1253.908935546875,52.53229904174805,0.01679098792374134,0.09415467083454132,0.1295800507068634
42,1238.523193359375,47.589942932128906,0.015291986986994743,0.0888272374868393,0.12366077303886414,1252.685791015625,52.474098205566406,0.016728119924664497,0.09420517086982727,0.12933725118637085
43,1234.9722900390625,46.878501892089844,0.015259756706655025,0.08895472437143326,0.12353038042783737,1251.34521484375,52.48759078979492,0.01672878861427307,0.09385059028863907,0.1293398141860962
44,1232.9854736328125,46.91155242919922,0.015203761868178844,0.08845476061105728,0.12330353260040283,1251.079833984375,51.83393478393555,0.01658233441412449,0.09366118162870407,0.12877242267131805
45,1232.0888671875,47.000728607177734,0.015199017710983753,0.08874289691448212,0.12328429520130157,1252.408935546875,52.02449417114258,0.016639115288853645,0.09379769116640091,0.1289926916360855
46,1228.0281982421875,46.870521545410156,0.015163375064730644,0.08831716328859329,0.12313965708017349,1250.1259765625,52.434104919433594,0.016658101230859756,0.09398584067821503,0.12906625866889954
47,1226.705810546875,46.719459533691406,0.015133770182728767,0.08817277103662491,0.12301938980817795,1250.748291015625,52.09838104248047,0.016635548323392868,0.09355245530605316,0.12897886335849762
48,1230.290771484375,46.33081817626953,0.015140890143811703,0.08835025131702423,0.1230483204126358,1255.345947265625,51.95172119140625,0.01667037606239319,0.09407658129930496,0.1291138082742691
49,1223.7208251953125,46.497886657714844,0.01507738046348095,0.08794930577278137,0.12278998643159866,1250.792724609375,51.78044509887695,0.01654384471476078,0.09337442368268967,0.1286228746175766
50,1227.519287109375,46.73604202270508,0.015026880428195,0.08803538978099823,0.12258417904376984,1256.289306640625,51.622711181640625,0.01663896068930626,0.09353505074977875,0.12899209558963776
51,1232.38330078125,46.39215850830078,0.015038328245282173,0.08788955956697464,0.12263086438179016,1250.1363525390625,52.18629837036133,0.01663481444120407,0.09323492646217346,0.1289760172367096
52,1230.97998046875,46.34295654296875,0.01503035333007574,0.08784200996160507,0.12259833514690399,1245.6607666015625,52.14067459106445,0.016550032421946526,0.09301251918077469,0.12864693999290466
53,1222.9671630859375,46.56987762451172,0.014976652339100838,0.08749306946992874,0.1223791316151619,1249.4635009765625,51.29401779174805,0.01643015630543232,0.09272852540016174,0.12818017601966858
54,1230.773681640625,46.631866455078125,0.015009869821369648,0.08735606074333191,0.1225147694349289,1249.584716796875,51.06768798828125,0.016376210376620293,0.09292516112327576,0.12796956300735474
55,1226.1888427734375,46.29361343383789,0.014953031204640865,0.08751071244478226,0.12228259444236755,1246.351318359375,51.13063049316406,0.016341708600521088,0.09254997223615646,0.12783469259738922
56,1227.522705078125,46.02371597290039,0.014891458675265312,0.0870102047920227,0.12203056365251541,1245.197265625,50.928016662597656,0.016287248581647873,0.09251649677753448,0.12762150168418884
57,1217.14013671875,45.806678771972656,0.014846219681203365,0.08697221428155899,0.1218450665473938,1251.938720703125,51.377532958984375,0.016510026529431343,0.09270614385604858,0.1284913569688797
58,1223.6080322265625,45.64580535888672,0.014857282862067223,0.08695680648088455,0.12189046293497086,1245.553955078125,51.51824951171875,0.01641138270497322,0.09240715205669403,0.12810692191123962
59,1219.509033203125,45.93101119995117,0.014795603230595589,0.08665694296360016,0.12163718789815903,1245.953369140625,51.54515838623047,0.016416871920228004,0.09266266971826553,0.12812833487987518
60,1219.3525390625,45.93687057495117,0.014751953072845936,0.08661758899688721,0.12145762145519257,1243.755859375,50.705848693847656,0.01618775725364685,0.09195172041654587,0.12723112106323242
61,1219.194091796875,45.970375061035156,0.014748908579349518,0.08657115697860718,0.12144508212804794,1247.2977294921875,50.741294860839844,0.016268456354737282,0.09177184104919434,0.12754786014556885
62,1221.6673583984375,45.46833038330078,0.01470519881695509,0.08642463386058807,0.1212649941444397,1241.1876220703125,50.755332946777344,0.01616564206779003,0.09175538271665573,0.12714417278766632
63,1221.966064453125,45.97405242919922,0.014683461748063564,0.08654484152793884,0.12117533385753632,1244.31005859375,50.518070220947266,0.01619933545589447,0.09131161868572235,0.12727661430835724
64,1215.9163818359375,45.29125213623047,0.014675338752567768,0.08622650802135468,0.12114181369543076,1239.5955810546875,50.512718200683594,0.016094598919153214,0.09135176986455917,0.126864492893219
65,1218.912109375,45.028717041015625,0.01465932559221983,0.08596714586019516,0.12107570469379425,1240.19970703125,50.71982955932617,0.01614157110452652,0.09136437624692917,0.12704947590827942
66,1219.75537109375,45.7928466796875,0.014616335742175579,0.08613426983356476,0.12089803814888,1240.4375,50.684852600097656,0.016108905896544456,0.09152353554964066,0.12692086398601532
67,1213.72265625,45.71064376831055,0.01463419571518898,0.08641816675662994,0.12097187340259552,1238.1092529296875,50.63414764404297,0.01608370803296566,0.09127946943044662,0.12682156264781952
68,1219.082275390625,45.272377014160156,0.014590869657695293,0.08607075363397598,0.12079267203807831,1239.882080078125,51.217002868652344,0.016247069463133812,0.09145480394363403,0.12746399641036987
69,1212.0267333984375,45.14693069458008,0.014531470835208893,0.08573413640260696,0.12054654955863953,1240.52587890625,50.8141975402832,0.01615179143846035,0.09150402992963791,0.1270896941423416
70,1212.7666015625,44.66054153442383,0.0146280936896801,0.08628612011671066,0.12094665318727493,1239.7529296875,50.39161682128906,0.016049006953835487,0.09089937061071396,0.12668468058109283
71,1213.8837890625,45.16162872314453,0.014539099298417568,0.08570335060358047,0.12057818472385406,1236.9853515625,50.260807037353516,0.015987928956747055,0.09084281325340271,0.12644338607788086
72,1211.291259765625,45.25619888305664,0.014480260200798512,0.08550805598497391,0.1203339546918869,1241.355224609375,50.31450271606445,0.016030002385377884,0.09152058511972427,0.12660963833332062
73,1217.2825927734375,45.235252380371094,0.014510112814605236,0.08565975725650787,0.12045793235301971,1236.850830078125,51.09450149536133,0.016132155433297157,0.09138299524784088,0.1270124316215515
74,1208.4276123046875,45.18831253051758,0.014460142701864243,0.08557922393083572,0.12025033682584763,1236.576171875,50.742828369140625,0.01606598310172558,0.09106066077947617,0.12675166130065918
75,1207.9835205078125,45.08946228027344,0.014437295496463776,0.08532968908548355,0.12015529721975327,1237.32373046875,50.371124267578125,0.01598396711051464,0.09093744307756424,0.12642772495746613
76,1214.353759765625,44.69580841064453,0.014409088529646397,0.08535914868116379,0.12003786116838455,1236.6280517578125,50.5911979675293,0.01604405790567398,0.09078990668058395,0.1266651451587677
77,1211.091552734375,45.01731872558594,0.014416523277759552,0.08528374880552292,0.12006882578134537,1236.09326171875,50.701011657714844,0.016032621264457703,0.09111187607049942,0.12661999464035034
78,1203.4837646484375,45.084075927734375,0.014449061825871468,0.08527612686157227,0.12020424008369446,1234.79541015625,50.83366394042969,0.01604880392551422,0.09083753079175949,0.12668387591838837
79,1210.7275390625,44.88788604736328,0.014394446276128292,0.0853971317410469,0.11997685581445694,1234.1953125,50.58028030395508,0.015992706641554832,0.09052655845880508,0.12646228075027466
80,1215.098388671875,44.902320861816406,0.014396646991372108,0.085366390645504,0.11998602747917175,1234.3377685546875,50.29861831665039,0.015930740162730217,0.09026068449020386,0.1262170374393463
81,1208.288330078125,44.693084716796875,0.014413188211619854,0.08511634171009064,0.1200549453496933,1237.4296875,50.53474807739258,0.016015952453017235,0.09092909842729568,0.12655414640903473
82,1208.42431640625,44.5960693359375,0.014355487190186977,0.0853288471698761,0.11981438845396042,1236.27685546875,50.20756149291992,0.01593615673482418,0.09048040211200714,0.12623849511146545
83,1208.766845703125,44.93841552734375,0.014341871254146099,0.08514188975095749,0.11975755542516708,1238.2626953125,50.28474426269531,0.015985777601599693,0.0911821499466896,0.12643487751483917
84,1201.945556640625,44.632225036621094,0.014331743121147156,0.08519089221954346,0.11971526592969894,1237.429443359375,50.36650848388672,0.01600782200694084,0.09019975364208221,0.1265220195055008
85,1204.8253173828125,44.588985443115234,0.014347906224429607,0.08504398167133331,0.11978274583816528,1236.0662841796875,50.17399215698242,0.01595345139503479,0.09058541059494019,0.12630696594715118
86,1204.6376953125,45.043338775634766,0.014331323094666004,0.08485335856676102,0.11971351504325867,1236.7459716796875,50.534305572509766,0.016013536602258682,0.0906209647655487,0.12654460966587067
87,1204.9625244140625,44.89071273803711,0.014349504373967648,0.08483397960662842,0.11978941410779953,1237.7056884765625,50.69049072265625,0.01608574390411377,0.0906715840101242,0.1268295794725418
88,1204.0775146484375,44.70732498168945,0.014291034080088139,0.08505888283252716,0.1195451095700264,1233.9517822265625,50.471920013427734,0.015960251912474632,0.09047126770019531,0.12633389234542847
89,1201.5008544921875,44.831058502197266,0.014270695857703686,0.08480676263570786,0.11946001648902893,1233.822509765625,50.3553352355957,0.015941409394145012,0.09036847949028015,0.12625928223133087
90,1206.1763916015625,44.48242950439453,0.014298639260232449,0.08468624949455261,0.11957692354917526,1235.8734130859375,50.01359176635742,0.015882350504398346,0.09083882719278336,0.12602519989013672
91,1203.5074462890625,44.6851692199707,0.014321893453598022,0.08502503484487534,0.11967411637306213,1232.789794921875,50.3347053527832,0.015901291742920876,0.0904846265912056,0.1261003315448761
92,1204.2967529296875,44.496009826660156,0.01426095049828291,0.08484307676553726,0.11941921710968018,1235.580810546875,49.98789596557617,0.015885593369603157,0.09043841063976288,0.126038059592247
93,1207.091552734375,44.74766540527344,0.014279529452323914,0.08488548547029495,0.11949698626995087,1233.9495849609375,50.26838684082031,0.01591450348496437,0.09042017161846161,0.12615269422531128
94,1202.423095703125,44.50310516357422,0.014229195192456245,0.08493420481681824,0.1192861869931221,1237.463623046875,50.35551834106445,0.016025274991989136,0.09032886475324631,0.12659098207950592
95,1204.762939453125,44.782073974609375,0.014269675128161907,0.08496271073818207,0.1194557473063469,1234.2139892578125,50.929542541503906,0.01604902744293213,0.090868279337883,0.1266847550868988
96,1200.82177734375,44.796348571777344,0.01423638965934515,0.08482977002859116,0.11931633949279785,1232.8919677734375,50.01209259033203,0.015836574137210846,0.09027153998613358,0.12584345042705536
97,1200.734619140625,44.6649169921875,0.014233277179300785,0.0846591517329216,0.11930330097675323,1235.357177734375,50.325382232666016,0.015939639881253242,0.09073614329099655,0.12625229358673096
98,1204.979736328125,44.403812408447266,0.014211110770702362,0.08451467007398605,0.1192103698849678,1233.2783203125,50.130348205566406,0.015874400734901428,0.09030573070049286,0.12599365413188934
99,1206.251708984375,44.60509490966797,0.014231126755475998,0.08477954566478729,0.11929430067539215,1236.521728515625,50.30857467651367,0.015983765944838524,0.09007371217012405,0.12642692029476166
100,1204.816650390625,44.71006774902344,0.014197707176208496,0.08466935157775879,0.11915413290262222,1234.9375,50.44806671142578,0.01598381996154785,0.09056874364614487,0.12642712891101837
101,1201.301025390625,44.565284729003906,0.014179106801748276,0.08479275554418564,0.11907605826854706,1238.374755859375,50.36113739013672,0.016053561121225357,0.09014814347028732,0.12670265138149261
102,1201.73779296875,44.663143157958984,0.014231892302632332,0.08443094789981842,0.11929749697446823,1238.315185546875,50.08018112182617,0.015978943556547165,0.09042496979236603,0.12640784680843353
103,1207.3260498046875,44.58142852783203,0.014206130057573318,0.0847499892115593,0.11918947100639343,1235.83984375,50.04353713989258,0.015881100669503212,0.09057097136974335,0.12602023780345917
104,1204.8380126953125,44.48695755004883,0.014187972992658615,0.08447697013616562,0.11911328136920929,1232.40673828125,50.19228744506836,0.015882983803749084,0.09001777321100235,0.12602770328521729
105,1197.572021484375,44.241554260253906,0.014141990803182125,0.0846409723162651,0.11892010271549225,1236.3880615234375,50.385826110839844,0.016000255942344666,0.09022302180528641,0.12649211287498474
106,1201.7977294921875,43.951744079589844,0.014129606075584888,0.08427486568689346,0.11886802315711975,1233.2418212890625,50.27009201049805,0.015899095684289932,0.0902591347694397,0.1260916292667389
107,1199.052734375,44.32820129394531,0.014086494222283363,0.08456400036811829,0.11868653446435928,1236.3323974609375,51.2984504699707,0.01619906537234783,0.09088952094316483,0.12727555632591248
108,1202.031982421875,44.6646614074707,0.014177888631820679,0.08453421294689178,0.11907094717025757,1234.581787109375,50.01496124267578,0.015885885804891586,0.09023966640233994,0.12603922188282013
109,1200.292236328125,44.255836486816406,0.014117464423179626,0.08454345911741257,0.11881693452596664,1241.4595947265625,49.985164642333984,0.016028566285967827,0.09023184329271317,0.12660397589206696
110,1199.548095703125,44.5562858581543,0.01424693875014782,0.0845426693558693,0.1193605437874794,1233.6546630859375,50.082759857177734,0.015884654596447945,0.09003515541553497,0.12603434920310974
111,1193.052978515625,44.4211540222168,0.014091821387410164,0.08454849570989609,0.11870897561311722,1240.186279296875,50.18788528442383,0.016046689823269844,0.0903654471039772,0.1266755312681198
112,1202.8865966796875,44.55466842651367,0.01412278413772583,0.08449913561344147,0.118839330971241,1236.9036865234375,49.838890075683594,0.015887649729847908,0.08998081833124161,0.12604622542858124
113,1198.8787841796875,44.437442779541016,0.0140914935618639,0.08419807255268097,0.11870759725570679,1236.196533203125,50.33842086791992,0.01598912477493286,0.09018539637327194,0.1264481097459793
114,1197.65234375,43.98985290527344,0.014077244326472282,0.08418962359428406,0.11864756047725677,1235.010009765625,49.832176208496094,0.01586437039077282,0.09034392237663269,0.12595383822917938
115,1203.17626953125,44.19610595703125,0.014133566990494728,0.08458326756954193,0.11888469010591507,1237.5233154296875,50.18000411987305,0.015981167554855347,0.09027694165706635,0.1264166384935379
116,1194.55322265625,44.22285461425781,0.014083877205848694,0.08427269756793976,0.11867551505565643,1239.8531494140625,49.79253005981445,0.01592925563454628,0.09014374762773514,0.12621115148067474
117,1196.9075927734375,44.1678466796875,0.01406056433916092,0.08440546691417694,0.1185772493481636,1236.4697265625,50.465904235839844,0.01601758413016796,0.09021858870983124,0.12656059861183167
118,1195.64404296875,43.91168975830078,0.014059680514037609,0.08402818441390991,0.11857351660728455,1238.4884033203125,50.18681716918945,0.015987403690814972,0.09053424000740051,0.12644129991531372
119,1196.878662109375,43.998085021972656,0.01406085304915905,0.08418702334165573,0.1185784712433815,1235.4710693359375,50.069400787353516,0.015918677672743797,0.09006515145301819,0.12616924941539764
120,1205.728759765625,44.77263259887695,0.014064585790038109,0.0841406062245369,0.1185942068696022,1238.5174560546875,50.294185638427734,0.01601291075348854,0.09021184593439102,0.1265421211719513
121,1198.393798828125,44.5794563293457,0.014058784581720829,0.08446621894836426,0.1185697466135025,1235.0460205078125,50.01005554199219,0.015906762331724167,0.090072862803936,0.12612201273441315
122,1194.721923828125,44.370399475097656,0.014040447771549225,0.08431874215602875,0.11849239468574524,1236.342041015625,50.225440979003906,0.01597660221159458,0.09004785865545273,0.12639857828617096
123,1191.3038330078125,44.33362579345703,0.014076047576963902,0.08433683961629868,0.11864253133535385,1237.99072265625,49.99333953857422,0.015957048162817955,0.09000789374113083,0.1263212114572525
124,1200.04638671875,43.91883087158203,0.014035339467227459,0.08411852270364761,0.11847084015607834,1234.2613525390625,49.81293487548828,0.015853384509682655,0.08995882421731949,0.125910222530365
125,1198.0999755859375,44.157188415527344,0.014090141281485558,0.08438161015510559,0.11870189756155014,1234.6158447265625,49.952919006347656,0.01589425839483738,0.08985785394906998,0.12607242166996002
126,1200.547119140625,44.078433990478516,0.014132894575595856,0.08457815647125244,0.11888185888528824,1236.790771484375,50.22223663330078,0.015964971855282784,0.08998417109251022,0.12635256350040436
127,1199.1610107421875,43.902320861816406,0.01403841283172369,0.08402353525161743,0.11848381161689758,1236.166015625,49.980125427246094,0.015909038484096527,0.0901561751961708,0.12613102793693542
128,1192.1160888671875,44.269866943359375,0.01400509662926197,0.08414094150066376,0.11834312975406647,1238.458251953125,50.12994384765625,0.01600642129778862,0.08982954174280167,0.12651649117469788
129,1191.456298828125,44.0658073425293,0.014021270908415318,0.08399201929569244,0.11841144412755966,1239.311279296875,50.01543045043945,0.01598936691880226,0.09005164355039597,0.12644906342029572
130,1198.4482421875,44.42427062988281,0.01408793218433857,0.08443286269903183,0.11869259178638458,1240.887451171875,50.193824768066406,0.016067709773778915,0.08996817469596863,0.12675847113132477
131,1199.606689453125,44.123992919921875,0.014052649959921837,0.0843345895409584,0.11854387074708939,1234.9384765625,50.18227767944336,0.01594824343919754,0.08987464755773544,0.1262863576412201
132,1202.655029296875,44.13374710083008,0.014080459251999855,0.08397489786148071,0.11866111308336258,1234.646240234375,49.89613723754883,0.01586752198636532,0.08978535234928131,0.12596635520458221
133,1196.8236083984375,44.14435577392578,0.014029642567038536,0.08389980345964432,0.11844679713249207,1235.0703125,50.048465728759766,0.015904411673545837,0.08993635326623917,0.126112699508667
134,1194.1341552734375,44.13505554199219,0.014010034501552582,0.08396349847316742,0.11836399137973785,1235.602294921875,49.91290283203125,0.015892591327428818,0.08988125622272491,0.12606582045555115
135,1194.2884521484375,44.17221450805664,0.014003628864884377,0.0841471254825592,0.11833693087100983,1236.644775390625,50.16402053833008,0.015965348109602928,0.09004311263561249,0.12635405361652374
136,1194.848388671875,44.10248947143555,0.014038308523595333,0.08406311273574829,0.11848336458206177,1232.897705078125,49.644309997558594,0.015766166150569916,0.08992325514554977,0.12556339800357819
137,1197.7998046875,44.05624771118164,0.01401592418551445,0.08412715792655945,0.11838886886835098,1234.550537109375,49.79755401611328,0.015832535922527313,0.08985747396945953,0.12582740187644958
138,1196.070068359375,44.14442443847656,0.014022372663021088,0.0837901309132576,0.11841610819101334,1232.770751953125,50.183387756347656,0.015891294926404953,0.08991263806819916,0.12606067955493927
139,1193.7191162109375,44.254268646240234,0.01399384904652834,0.08407285064458847,0.11829560995101929,1234.6927490234375,49.78387451171875,0.015835609287023544,0.09015368670225143,0.12583962082862854
140,1190.9483642578125,43.83575439453125,0.014013745822012424,0.08401229232549667,0.11837966740131378,1233.9896240234375,50.25672149658203,0.015936587005853653,0.08999057859182358,0.12624019384384155
141,1190.733642578125,44.255615234375,0.013990458101034164,0.0840945839881897,0.11828126758337021,1235.61083984375,49.78955841064453,0.015879807993769646,0.08982251584529877,0.12601511180400848
142,1191.0714111328125,44.32903289794922,0.014004110358655453,0.08391506969928741,0.11833895742893219,1235.58447265625,49.670284271240234,0.015854621306061745,0.08949137479066849,0.12591512501239777
143,1192.506103515625,44.08074188232422,0.014012042433023453,0.08393343538045883,0.11837247759103775,1235.716552734375,49.76520919799805,0.015863509848713875,0.08997693657875061,0.125950425863266
144,1189.0731201171875,43.9738883972168,0.014018828049302101,0.08401375263929367,0.11840113252401352,1244.3695068359375,50.04524612426758,0.01611604541540146,0.0898507758975029,0.1269489824771881
145,1191.480224609375,44.272499084472656,0.013977124355733395,0.08387742191553116,0.11822488903999329,1234.645751953125,49.650665283203125,0.015798727050423622,0.09002269059419632,0.12569297850131989
146,1186.50146484375,44.032867431640625,0.013955282047390938,0.08389821648597717,0.11813247948884964,1239.62109375,50.09798049926758,0.0160286333411932,0.08993557840585709,0.12660424411296844
147,1196.97509765625,44.45301055908203,0.014051263220608234,0.08409137278795242,0.1185380220413208,1234.96435546875,50.02286911010742,0.015921996906399727,0.08989796787500381,0.12618239223957062
148,1188.961181640625,44.16280746459961,0.014030958525836468,0.08423946797847748,0.11845234781503677,1235.129150390625,51.11919403076172,0.016110122203826904,0.0910836011171341,0.12692566215991974
149,1193.8505859375,44.229148864746094,0.014035620726644993,0.0840555801987648,0.11847202479839325,1234.296142578125,49.899654388427734,0.01587347872555256,0.08975793421268463,0.12598998844623566
150,1194.198486328125,43.91994857788086,0.014070308767259121,0.08410880714654922,0.11861833184957504,1231.6842041015625,50.62831115722656,0.015965795144438744,0.09022114425897598,0.1263558268547058
151,1195.039306640625,44.26567840576172,0.013965055346488953,0.08408669382333755,0.11817383766174316,1234.489501953125,50.07371139526367,0.015920456498861313,0.08968968689441681,0.12617629766464233
152,1198.0523681640625,44.21664810180664,0.013980516232550144,0.083925761282444,0.11823923885822296,1236.0279541015625,50.21415710449219,0.01598265767097473,0.08974088728427887,0.12642253935337067
153,1191.1890869140625,43.91519546508789,0.013989410363137722,0.08398346602916718,0.11827681958675385,1234.405029296875,49.696449279785156,0.015847288072109222,0.0897035077214241,0.125886008143425
154,1192.6973876953125,43.914249420166016,0.013948600739240646,0.08373712748289108,0.11810419708490372,1230.2418212890625,49.72423553466797,0.015748485922813416,0.08964324742555618,0.12549297511577606
155,1193.7320556640625,44.05756759643555,0.013990172185003757,0.08410780131816864,0.11828006058931351,1232.58251953125,49.799224853515625,0.0158141627907753,0.08973884582519531,0.12575437128543854
156,1196.95361328125,43.86388397216797,0.013963191770017147,0.08381183445453644,0.11816594749689102,1234.4176025390625,49.78107833862305,0.015869421884417534,0.08957642316818237,0.1259738951921463
157,1193.5648193359375,44.30142593383789,0.014036649838089943,0.08384716510772705,0.11847636103630066,1233.0452880859375,49.60970687866211,0.015822142362594604,0.09004127979278564,0.12578609585762024
158,1196.782470703125,44.39613342285156,0.014005611650645733,0.08395732939243317,0.11834530532360077,1232.4642333984375,49.70851516723633,0.015782121568918228,0.08977784216403961,0.12562690675258636
159,1194.9293212890625,43.907859802246094,0.013938450254499912,0.0838811919093132,0.11806121468544006,1233.2359619140625,50.07158660888672,0.01591120846569538,0.08970879763364792,0.12613962590694427
160,1187.2279052734375,43.891998291015625,0.013915748335421085,0.08372119814157486,0.11796502023935318,1236.321533203125,50.677947998046875,0.01608848385512829,0.09029315412044525,0.12684039771556854
161,1192.0693359375,44.016822814941406,0.013991640880703926,0.08412648737430573,0.11828626692295074,1232.5460205078125,49.812618255615234,0.015833912417292595,0.0895637646317482,0.12583287060260773
162,1191.9195556640625,43.99103546142578,0.013910009525716305,0.08356335014104843,0.11794070154428482,1231.0274658203125,50.545772552490234,0.015951741486787796,0.09012871235609055,0.12630021572113037
163,1180.9927978515625,44.018821716308594,0.013900188729166985,0.08384659886360168,0.11789906024932861,1236.3450927734375,50.385704040527344,0.01603509671986103,0.08963864296674728,0.1266297698020935
164,1189.3463134765625,43.80467224121094,0.013988329097628593,0.08385343104600906,0.11827226728200912,1229.31005859375,49.82131576538086,0.015773510560393333,0.08971574902534485,0.12559263408184052
165,1188.3077392578125,43.916709899902344,0.013937142677605152,0.08379485458135605,0.11805567890405655,1231.8441162109375,49.91493606567383,0.01582632027566433,0.08987221121788025,0.12580271065235138
166,1191.40673828125,43.70752716064453,0.013907208107411861,0.08366242796182632,0.11792882531881332,1231.761474609375,49.74217987060547,0.015779349952936172,0.090191550552845,0.12561587989330292
167,1189.740478515625,44.24323654174805,0.013949524611234665,0.08373858779668808,0.1181081011891365,1229.2332763671875,49.99661636352539,0.015808282420039177,0.08971268683671951,0.1257309913635254
168,1186.513916015625,43.87546157836914,0.013918592594563961,0.08377432078123093,0.1179770827293396,1230.0609130859375,49.66081619262695,0.01574767380952835,0.08990278840065002,0.125489741563797
169,1193.135986328125,43.726436614990234,0.013901746831834316,0.08372393250465393,0.11790566891431808,1230.3250732421875,49.69444274902344,0.015760624781250954,0.08967652171850204,0.1255413293838501
170,1183.36962890625,43.61184310913086,0.01388792134821415,0.08353219926357269,0.1178470328450203,1231.8948974609375,49.80371856689453,0.01582499034702778,0.08958737552165985,0.12579742074012756
171,1187.6962890625,43.609561920166016,0.013891064561903477,0.0837579295039177,0.11786036193370819,1230.87841796875,50.084068298339844,0.015863841399550438,0.08960816264152527,0.12595173716545105
172,1192.791015625,43.50901412963867,0.013886380940675735,0.0836697593331337,0.1178404912352562,1230.556640625,49.96806716918945,0.015831174328923225,0.08985403925180435,0.12582199275493622
173,1188.584716796875,44.0471305847168,0.013894704170525074,0.08383753150701523,0.11787579953670502,1234.9815673828125,50.154640197753906,0.015966366976499557,0.0898795947432518,0.12635809183120728
174,1187.4840087890625,44.10894012451172,0.013906359672546387,0.0836014375090599,0.11792522668838501,1226.490234375,49.83274841308594,0.015714414417743683,0.08976613730192184,0.12535715103149414
175,1182.455810546875,43.507080078125,0.01386413723230362,0.08350686728954315,0.11774607002735138,1228.579345703125,50.21969985961914,0.01583436131477356,0.09015266597270966,0.125834658741951
176,1188.1026611328125,44.11526870727539,0.01392798125743866,0.08373858779668808,0.11801686882972717,1230.170166015625,49.79808807373047,0.015763310715556145,0.0901327058672905,0.12555202841758728
177,1181.5230712890625,43.34284210205078,0.01385741401463747,0.08364720642566681,0.11771751940250397,1232.7547607421875,49.74684524536133,0.015814082697033882,0.08986593782901764,0.12575405836105347
178,1191.5367431640625,43.69987106323242,0.013879790902137756,0.08375713229179382,0.11781252175569534,1228.656494140625,49.71642303466797,0.015753628686070442,0.08942186087369919,0.1255134642124176
179,1187.291259765625,43.619651794433594,0.013880119659006596,0.08334027230739594,0.11781392246484756,1229.9005126953125,49.786537170410156,0.015775708481669426,0.08989205956459045,0.1256013810634613
180,1193.9930419921875,43.91106414794922,0.013892008922994137,0.08393646031618118,0.11786437779664993,1229.3121337890625,50.011844635009766,0.01581062562763691,0.08990856260061264,0.12574031949043274
181,1192.9776611328125,43.71833419799805,0.013900200836360455,0.08389889448881149,0.11789911240339279,1232.1688232421875,49.7868537902832,0.015826208516955376,0.08955270797014236,0.12580226361751556
182,1194.124755859375,43.99066925048828,0.013918275944888592,0.08386920392513275,0.11797574162483215,1232.741455078125,50.3046989440918,0.01595473289489746,0.09008432179689407,0.1263120472431183
183,1191.853515625,43.85408020019531,0.01387485209852457,0.08371654152870178,0.1177915632724762,1230.0484619140625,49.86925506591797,0.015819117426872253,0.08949940651655197,0.1257740706205368
184,1183.173095703125,43.71186065673828,0.013853722251951694,0.08362200856208801,0.11770183593034744,1227.965087890625,50.055519104003906,0.015814701095223427,0.08968746662139893,0.12575650215148926
185,1183.04541015625,43.90705108642578,0.013829504139721394,0.08358142524957657,0.11759891360998154,1227.385009765625,49.79719543457031,0.015722183510661125,0.08993784338235855,0.12538813054561615
186,1187.47412109375,43.98183822631836,0.013827433809638023,0.08360752463340759,0.11759011447429657,1235.16064453125,49.558197021484375,0.015829838812351227,0.09001143276691437,0.1258166879415512
187,1192.18212890625,43.48701858520508,0.013883481733500957,0.08358719944953918,0.11782819032669067,1231.8199462890625,49.96986770629883,0.015854449942708015,0.08977770805358887,0.12591445446014404
188,1183.41064453125,44.099491119384766,0.013839944265782833,0.08363566547632217,0.11764328926801682,1225.1842041015625,50.071624755859375,0.015754535794258118,0.0895238146185875,0.1255170702934265
189,1189.423583984375,43.93846893310547,0.013866620138287544,0.0835975781083107,0.11775661259889603,1228.0633544921875,49.72956466674805,0.01573575846850872,0.08949252963066101,0.1254422515630722
190,1187.8065185546875,43.667728424072266,0.013820393942296505,0.08341414481401443,0.11756017059087753,1231.3521728515625,49.79756164550781,0.01582513563334942,0.0895068496465683,0.12579800188541412
191,1185.6368408203125,43.77760696411133,0.01385109219700098,0.08342842757701874,0.11769066005945206,1228.481689453125,49.58916473388672,0.015714019536972046,0.08952437341213226,0.1253555715084076
192,1186.969970703125,43.549102783203125,0.013842725194990635,0.08354944735765457,0.11765511333942413,1231.5762939453125,50.06774139404297,0.015891270712018013,0.08971009403467178,0.1260605901479721
193,1179.047119140625,43.961326599121094,0.013857281766831875,0.08373934775590897,0.117716945707798,1226.7088623046875,49.77864456176758,0.01574021391570568,0.08926378190517426,0.12546001374721527
194,1182.874755859375,43.779911041259766,0.013845565728843212,0.08356358110904694,0.11766718327999115,1224.120361328125,49.96063232421875,0.015691110864281654,0.08971773833036423,0.12526415288448334
195,1182.8856201171875,44.06592559814453,0.013781796209514141,0.08310889452695847,0.11739589273929596,1227.060791015625,49.67348861694336,0.015723885968327522,0.08931418508291245,0.12539492547512054
196,1191.4293212890625,43.85900115966797,0.013856728561222553,0.0834127813577652,0.11771460622549057,1227.791259765625,49.747039794921875,0.015722976997494698,0.08991275727748871,0.12539128959178925
197,1186.2445068359375,43.91954040527344,0.013828924857079983,0.08348989486694336,0.11759644001722336,1224.6231689453125,49.66282653808594,0.0156543031334877,0.08945067971944809,0.12511715292930603
198,1174.9998779296875,43.89422607421875,0.013819306157529354,0.08336575329303741,0.11755554378032684,1227.244384765625,49.9864387512207,0.015769820660352707,0.08961884677410126,0.12557794153690338
199,1186.4735107421875,43.7188606262207,0.013845650479197502,0.08348672091960907,0.1176675409078598,1224.122802734375,49.46085739135742,0.015618138015270233,0.08916756510734558,0.12497255206108093
200,1188.0272216796875,43.62041091918945,0.013788574375212193,0.08340079337358475,0.11742476373910904,1227.742431640625,49.45991134643555,0.01567872241139412,0.08956994861364365,0.12521471083164215
201,1188.060791015625,43.8582763671875,0.013893430121243,0.0835309773683548,0.11787039786577225,1227.785888671875,49.86650466918945,0.01577169820666313,0.08947226405143738,0.1255854219198227
202,1185.013671875,43.78219985961914,0.013851563446223736,0.0836399495601654,0.11769267171621323,1226.623779296875,49.798912048339844,0.015716178342700005,0.08957692235708237,0.12536416947841644
203,1194.19482421875,43.84473419189453,0.01391033548861742,0.08377103507518768,0.11794208735227585,1226.646240234375,49.46785354614258,0.015619540587067604,0.08973517268896103,0.12497816234827042
204,1185.548583984375,43.8510627746582,0.013827694579958916,0.08315608650445938,0.11759121716022491,1229.3878173828125,49.672096252441406,0.015717806294560432,0.09003470093011856,0.12537068128585815
205,1180.826904296875,43.884918212890625,0.013856393285095692,0.08361858874559402,0.11771318316459656,1225.571044921875,49.3918342590332,0.015643250197172165,0.08946014195680618,0.12507298588752747
206,1189.907470703125,44.001380920410156,0.013805939815938473,0.083595871925354,0.11749867349863052,1225.822021484375,49.754188537597656,0.015686193481087685,0.08959876000881195,0.12524452805519104
207,1185.28759765625,43.650203704833984,0.013780509121716022,0.08307714015245438,0.11739041656255722,1223.6669921875,49.94404220581055,0.01571023091673851,0.08950480818748474,0.12534046173095703
208,1181.964111328125,43.685115814208984,0.013791786506772041,0.08339182287454605,0.1174384355545044,1236.2559814453125,49.7481689453125,0.015890737995505333,0.08993466198444366,0.12605847418308258
209,1188.4171142578125,43.702369689941406,0.01386573538184166,0.08376933634281158,0.11775285750627518,1242.9761962890625,50.52677536010742,0.016175923869013786,0.09063320606946945,0.12718459963798523
210,1183.165771484375,43.534385681152344,0.013840839266777039,0.08345593512058258,0.11764709651470184,1224.346923828125,49.64900207519531,0.01564493216574192,0.08952989429235458,0.1250797063112259
211,1187.5953369140625,43.668983459472656,0.013831958174705505,0.08356452733278275,0.11760934442281723,1230.762939453125,49.739593505859375,0.015770111232995987,0.08991698175668716,0.1255791187286377
212,1185.575439453125,43.58783721923828,0.013845087960362434,0.08348943293094635,0.11766514182090759,1233.0521240234375,49.523597717285156,0.01578163355588913,0.08977605402469635,0.12562496960163116
213,1183.0758056640625,43.641536712646484,0.013843197375535965,0.08351746946573257,0.1176571175456047,1225.692626953125,49.39665985107422,0.015623330138623714,0.08966094255447388,0.12499332427978516
214,1185.223388671875,43.44050979614258,0.013778449967503548,0.08318394422531128,0.11738163977861404,1227.0029296875,49.654930114746094,0.015691135078668594,0.08968905359506607,0.1252642571926117
215,1187.3607177734375,44.003761291503906,0.013842483051121235,0.08365386724472046,0.11765408515930176,1225.5628662109375,50.1391716003418,0.01577410101890564,0.08987276256084442,0.12559498846530914
216,1185.687744140625,43.80470275878906,0.01383157353848219,0.0833788588643074,0.1176077127456665,1237.354248046875,49.89904022216797,0.015933675691485405,0.09003572165966034,0.12622866034507751
217,1188.067138671875,43.92470169067383,0.013811812736093998,0.08339624851942062,0.1175236701965332,1231.508544921875,49.42994689941406,0.015739919617772102,0.08990579098463058,0.12545883655548096
218,1180.4434814453125,43.79119873046875,0.013803192414343357,0.08338820934295654,0.11748699098825455,1224.0726318359375,49.44507598876953,0.015613336116075516,0.08959051221609116,0.12495334446430206
219,1180.294677734375,43.72562789916992,0.013792324811220169,0.08320488780736923,0.11744073033332825,1225.96240234375,49.72637176513672,0.015695398673415184,0.08972650021314621,0.12528127431869507
220,1182.2027587890625,43.674930572509766,0.013786555267870426,0.08325124531984329,0.11741615831851959,1227.0919189453125,49.870697021484375,0.01571848802268505,0.09001540392637253,0.12537339329719543
221,1186.448974609375,43.70967483520508,0.013821348547935486,0.08353619277477264,0.11756423860788345,1223.7669677734375,49.59199905395508,0.015626655891537666,0.08933370560407639,0.12500661611557007
222,1183.42626953125,43.824378967285156,0.013773483224213123,0.08332618325948715,0.11736048758029938,1225.5582275390625,49.49376678466797,0.01565953902900219,0.08935505896806717,0.1251380741596222
223,1179.5323486328125,43.858863830566406,0.013756662607192993,0.08320488035678864,0.11728879809379578,1232.5704345703125,49.80360412597656,0.015874482691287994,0.08924005180597305,0.1259939819574356
224,1186.398681640625,43.696006774902344,0.013833240605890751,0.08346971869468689,0.11761479824781418,1229.561279296875,49.99794006347656,0.015843810513615608,0.08949374407529831,0.1258721947669983
225,1186.04833984375,43.99964141845703,0.013789203949272633,0.08318183571100235,0.11742743849754333,1229.48046875,49.593666076660156,0.01576741226017475,0.08909954130649567,0.12556836009025574
226,1186.31982421875,44.02735137939453,0.013797687366604805,0.08318598568439484,0.11746355891227722,1229.3896484375,49.641021728515625,0.01574992574751377,0.08948679268360138,0.1254987120628357
227,1181.437255859375,44.01383972167969,0.013788440264761448,0.08327391743659973,0.11742419004440308,1227.5413818359375,49.73601150512695,0.015739476308226585,0.08947460353374481,0.1254570633172989
228,1181.132568359375,43.48854064941406,0.013781633228063583,0.08324538916349411,0.11739519983530045,1229.811279296875,49.51618194580078,0.015734974294900894,0.08955654501914978,0.1254391223192215
229,1180.8544921875,44.08576202392578,0.013778387568891048,0.08319107443094254,0.11738137155771255,1223.4388427734375,49.63524627685547,0.01563114859163761,0.08916313946247101,0.12502458691596985
230,1187.919677734375,43.70146942138672,0.013792956247925758,0.08321284502744675,0.11744341999292374,1225.2760009765625,49.538307189941406,0.015650199726223946,0.08932218700647354,0.1251007616519928
231,1190.0064697265625,43.425682067871094,0.013796755112707615,0.08323897421360016,0.11745958775281906,1224.970703125,49.608028411865234,0.01567741669714451,0.08913709223270416,0.1252094954252243
232,1183.388427734375,43.65153121948242,0.013777388259768486,0.08310576528310776,0.11737711727619171,1222.923583984375,49.56801223754883,0.015598026104271412,0.0893622562289238,0.12489206343889236
233,1179.907958984375,43.7486572265625,0.013765417970716953,0.0833873450756073,0.11732611805200577,1224.19580078125,49.592002868652344,0.015647275373339653,0.08931545913219452,0.12508906424045563
234,1184.8372802734375,43.798099517822266,0.01383785530924797,0.08381868898868561,0.11763441562652588,1232.61669921875,49.416770935058594,0.015798242762684822,0.08909966051578522,0.12569105625152588
235,1186.1697998046875,43.80620193481445,0.013792798854410648,0.08292290568351746,0.11744274944067001,1225.022216796875,49.3734245300293,0.015616270713508129,0.08915195614099503,0.12496507167816162
236,1187.08935546875,44.017330169677734,0.01381975132972002,0.08334055542945862,0.11755743622779846,1227.6605224609375,49.40595245361328,0.01564735360443592,0.08975423127412796,0.1250893771648407
237,1187.169189453125,43.956459045410156,0.013756205327808857,0.08322284370660782,0.11728685349225998,1227.118896484375,49.93328094482422,0.01575249619781971,0.0895969420671463,0.12550894916057587
238,1180.974853515625,43.828880310058594,0.013749138452112675,0.08298890292644501,0.11725671589374542,1229.697021484375,49.39496612548828,0.015690546482801437,0.0896511897444725,0.12526191771030426
239,1183.7650146484375,43.7595329284668,0.01376035250723362,0.08317385613918304,0.11730452626943588,1222.853271484375,49.79206848144531,0.015649665147066116,0.08943680673837662,0.12509861588478088
240,1180.711669921875,43.585594177246094,0.013724572956562042,0.0829223170876503,0.11715192347764969,1230.616455078125,50.07949447631836,0.015874464064836502,0.0895451232790947,0.12599390745162964
241,1179.1358642578125,43.598365783691406,0.013728904537856579,0.08325459808111191,0.11717040836811066,1226.217529296875,50.06306076049805,0.015778176486492157,0.08942911773920059,0.12561121582984924
242,1180.1153564453125,43.7750358581543,0.01376030221581459,0.0832764208316803,0.11730431765317917,1227.485595703125,49.97658920288086,0.01579734869301319,0.08945909887552261,0.12568750977516174
243,1185.0960693359375,44.04782485961914,0.013768602162599564,0.08282069116830826,0.11733968555927277,1226.50390625,49.646827697753906,0.015711430460214615,0.0891108363866806,0.12534524500370026
244,1178.2279052734375,43.71283721923828,0.013722239062190056,0.08287142962217331,0.1171419620513916,1237.2940673828125,49.84840393066406,0.015895172953605652,0.09057573974132538,0.12607605755329132
245,1187.271240234375,43.825321197509766,0.013828407973051071,0.08376473188400269,0.11759424954652786,1224.1690673828125,49.87781524658203,0.01570291630923748,0.08928164094686508,0.12531127035617828
246,1178.27294921875,43.58822250366211,0.013738966546952724,0.083170585334301,0.11721333861351013,1223.7265625,49.75630187988281,0.015670018270611763,0.08922287821769714,0.1251799464225769
247,1187.710205078125,43.91429901123047,0.013760892674326897,0.08316875994205475,0.11730682849884033,1221.721923828125,49.272281646728516,0.015532014891505241,0.08928944915533066,0.1246275082230568
248,1171.61376953125,43.75031661987305,0.013734347186982632,0.08274570852518082,0.11719363182783127,1227.487060546875,49.23849868774414,0.015611868351697922,0.08976489305496216,0.12494746595621109
249,1182.970947265625,43.935428619384766,0.013780356384813786,0.08325348794460297,0.11738976091146469,1226.5701904296875,49.487178802490234,0.015668006613850594,0.0892048105597496,0.12517191469669342
250,1183.931640625,43.629554748535156,0.013741551898419857,0.08309488743543625,0.11722436547279358,1222.4442138671875,49.25277328491211,0.015546801500022411,0.08904219418764114,0.12468680739402771
251,1173.8212890625,43.707847595214844,0.013742716982960701,0.08325415104627609,0.11722934991121292,1223.2335205078125,49.21577835083008,0.015562129206955433,0.08882628381252289,0.12474825978279114
252,1183.285400390625,43.89641189575195,0.01376973744481802,0.08307045698165894,0.11734452098608017,1223.305908203125,49.56639862060547,0.015629881992936134,0.08912238478660583,0.12501952052116394
253,1182.713623046875,43.89210510253906,0.013705889694392681,0.08282382786273956,0.11707215756177902,1229.1644287109375,49.52068328857422,0.015738042071461678,0.08935856074094772,0.12545135617256165
254,1184.9635009765625,43.88304901123047,0.013728124089539051,0.08297929167747498,0.11716707795858383,1223.251220703125,49.23503875732422,0.015537267550826073,0.08937296271324158,0.1246485784649849
255,1183.106689453125,43.82653045654297,0.01376944687217474,0.0832991749048233,0.11734328418970108,1227.5142822265625,49.53853988647461,0.01568525843322277,0.0894947201013565,0.12524080276489258
256,1177.097412109375,43.640296936035156,0.013735435903072357,0.08296535164117813,0.11719827353954315,1225.0474853515625,49.59749984741211,0.015641290694475174,0.08946206420660019,0.1250651478767395
257,1185.6019287109375,43.31576919555664,0.013749821111559868,0.08311598747968674,0.11725962907075882,1224.0316162109375,49.54619598388672,0.015643810853362083,0.08912528306245804,0.12507522106170654
258,1185.3748779296875,43.688377380371094,0.0137325469404459,0.08309105038642883,0.11718595027923584,1230.4427490234375,49.48323440551758,0.01575324684381485,0.08930861204862595,0.12551194429397583
259,1176.56982421875,43.65937423706055,0.013724555261433125,0.0828859955072403,0.11715184152126312,1226.11767578125,49.29180145263672,0.015609263442456722,0.08916568011045456,0.1249370351433754
260,1182.2459716796875,43.525638580322266,0.013704943470656872,0.08302070945501328,0.11706811189651489,1226.988037109375,49.59101104736328,0.01569182239472866,0.08964992314577103,0.12526699900627136
261,1180.426513671875,43.814720153808594,0.013738077133893967,0.08313830196857452,0.1172095462679863,1229.2103271484375,49.67662811279297,0.015774065628647804,0.08927114307880402,0.1255948543548584
262,1177.703857421875,43.56658172607422,0.013732696883380413,0.08302107453346252,0.11718659102916718,1227.3533935546875,49.40196990966797,0.01567470096051693,0.08929078280925751,0.12519864737987518
263,1186.671875,43.5050048828125,0.013736417517066002,0.08311491459608078,0.11720246076583862,1224.4814453125,49.37158966064453,0.015618511475622654,0.08902403712272644,0.12497404217720032
264,1181.9444580078125,43.689449310302734,0.013742120936512947,0.08307823538780212,0.11722679436206818,1225.182373046875,49.252681732177734,0.015597263351082802,0.0892716720700264,0.12488900125026703
265,1176.3056640625,43.82270050048828,0.013740431517362595,0.08306381106376648,0.11721958965063095,1224.728271484375,49.27827835083008,0.015599880367517471,0.08898411691188812,0.1248994842171669
266,1176.585693359375,44.026432037353516,0.013688042759895325,0.08313223719596863,0.1169959008693695,1225.8084716796875,49.15806198120117,0.015597718767821789,0.08910440653562546,0.12489082664251328
267,1182.909912109375,43.884090423583984,0.013703064993023872,0.08274709433317184,0.1170600950717926,1225.26611328125,49.31591033935547,0.015633752569556236,0.08898822218179703,0.12503500282764435
268,1177.2464599609375,43.56357192993164,0.013715259730815887,0.08298312872648239,0.1171121671795845,1226.2757568359375,49.522796630859375,0.015672368928790092,0.08933407068252563,0.12518933415412903
269,1185.978759765625,43.46895217895508,0.013725207187235355,0.08304114639759064,0.11715462803840637,1223.805908203125,49.49164581298828,0.015605040825903416,0.08929945528507233,0.12492013722658157
270,1184.125244140625,43.759822845458984,0.013725180178880692,0.08304037153720856,0.11715451627969742,1228.333251953125,49.21696853637695,0.015653615817427635,0.08936954289674759,0.12511439621448517
271,1181.927490234375,43.672306060791016,0.013747170567512512,0.083050437271595,0.11724832653999329,1226.3173828125,49.527164459228516,0.01569868065416813,0.08895807713270187,0.12529437243938446
272,1174.21240234375,43.54951858520508,0.013726134784519672,0.08317943662405014,0.11715859174728394,1228.6065673828125,49.62285614013672,0.015747874975204468,0.08920425176620483,0.12549053132534027
273,1184.6378173828125,44.08982467651367,0.013782994821667671,0.08309847861528397,0.11740100383758545,1221.600830078125,49.30567169189453,0.015564772300422192,0.08874614536762238,0.12475886195898056
274,1182.873046875,43.94918441772461,0.013699943199753761,0.08285721391439438,0.11704675853252411,1229.583740234375,49.59123229980469,0.015750864520668983,0.08952784538269043,0.12550245225429535
275,1177.477294921875,43.60655975341797,0.01375149842351675,0.08311291038990021,0.11726678162813187,1228.0748291015625,49.17250061035156,0.015659814700484276,0.0888545960187912,0.12513917684555054
276,1188.40478515625,43.797813415527344,0.013734132051467896,0.08311198651790619,0.11719271540641785,1224.7376708984375,49.589149475097656,0.01568121463060379,0.08896663039922714,0.12522466480731964
277,1180.5830078125,44.11138153076172,0.013748835772275925,0.08306767791509628,0.11725542694330215,1223.2669677734375,49.27709197998047,0.015585503540933132,0.08859337866306305,0.12484191358089447
278,1181.4014892578125,44.01923751831055,0.013734176754951477,0.08303730189800262,0.11719290167093277,1225.3973388671875,49.18463134765625,0.015612677671015263,0.08893357962369919,0.12495069950819016
279,1182.617919921875,43.37533187866211,0.01371215283870697,0.08295820653438568,0.11709890514612198,1224.23046875,49.42891311645508,0.015624314546585083,0.08903920650482178,0.12499725073575974
280,1177.775390625,43.783790588378906,0.013703071512281895,0.08285213261842728,0.1170601174235344,1228.9097900390625,49.3560676574707,0.015706628561019897,0.08909425884485245,0.12532608211040497
281,1180.6387939453125,43.78654098510742,0.013722570613026619,0.08301297575235367,0.11714337766170502,1230.15087890625,49.36006164550781,0.0157278161495924,0.08920087665319443,0.12541058659553528
282,1187.3798828125,43.79759979248047,0.013753074221313,0.08297225087881088,0.1172734946012497,1227.9053955078125,49.256553649902344,0.01567649096250534,0.08878970891237259,0.12520579993724823
283,1177.8763427734375,43.592098236083984,0.013690297491848469,0.08287670463323593,0.11700554192066193,1224.7275390625,49.18545913696289,0.015574797987937927,0.08922537416219711,0.12479903548955917
284,1181.4534912109375,43.39738845825195,0.013675346970558167,0.08305291086435318,0.11694163829088211,1233.371826171875,50.08903503417969,0.01593588851392269,0.08971567451953888,0.1262374371290207
285,1179.7423095703125,43.612831115722656,0.013806420378386974,0.08282967656850815,0.11750071495771408,1225.228271484375,49.333702087402344,0.015633050352334976,0.08892635256052017,0.1250322014093399
286,1183.330078125,43.92548370361328,0.013701881282031536,0.08292308449745178,0.11705503612756729,1221.564453125,49.21543502807617,0.015542592853307724,0.08856259286403656,0.12466993927955627
287,1178.033935546875,43.70387649536133,0.013691211119294167,0.08289818465709686,0.11700944602489471,1226.18017578125,49.43732833862305,0.015668805688619614,0.08899986743927002,0.1251751035451889
288,1183.806396484375,43.43172073364258,0.013726193457841873,0.08295508474111557,0.11715883761644363,1224.368408203125,49.258365631103516,0.015618660487234592,0.08873309940099716,0.12497463822364807
289,1181.206787109375,43.52053451538086,0.0137366633862257,0.08309929072856903,0.11720351874828339,1221.674072265625,49.25587844848633,0.015550827607512474,0.08898265659809113,0.12470296025276184
290,1182.729248046875,43.90961456298828,0.013699110597372055,0.0829881876707077,0.11704319715499878,1224.682373046875,49.679962158203125,0.01569691300392151,0.08907965570688248,0.12528732419013977
291,1176.637451171875,43.576171875,0.013694421388208866,0.08287452906370163,0.11702316999435425,1222.63427734375,49.22728729248047,0.015564781613647938,0.0889984518289566,0.12475889176130295
292,1175.6763916015625,43.86600875854492,0.013681440614163876,0.08271622657775879,0.11696769297122955,1220.96435546875,49.09406280517578,0.015523412264883518,0.08865678310394287,0.12459298968315125
293,1180.2369384765625,43.82457733154297,0.013703892938792706,0.08306580036878586,0.11706362664699554,1226.8798828125,49.15632247924805,0.015621830709278584,0.08940424770116806,0.12498731911182404
294,1176.6397705078125,44.04106521606445,0.013725180178880692,0.08305548876523972,0.11715451627969742,1222.1376953125,49.10334777832031,0.015543177723884583,0.08873099088668823,0.12467227876186371
295,1177.1463623046875,43.44389724731445,0.013709078542888165,0.0829392820596695,0.1170857772231102,1227.59716796875,49.07790756225586,0.015616505406796932,0.08916278928518295,0.12496601045131683
296,1178.721923828125,43.84527587890625,0.013702498748898506,0.0826559066772461,0.1170576736330986,1225.2060546875,49.22544860839844,0.015620279125869274,0.08893709629774094,0.1249811202287674
297,1180.2728271484375,43.587806701660156,0.013787047937512398,0.08333458751440048,0.11741825938224792,1220.206787109375,49.176116943359375,0.015507305972278118,0.08897858113050461,0.12452834099531174
298,1177.6219482421875,43.66904067993164,0.013708741404116154,0.08294212818145752,0.11708433926105499,1221.5115966796875,49.06084442138672,0.01551393885165453,0.08911587297916412,0.12455496937036514
299,1180.9332275390625,43.586891174316406,0.013727482408285141,0.08293508738279343,0.11716435104608536,1225.575439453125,49.319007873535156,0.01563172973692417,0.08918160945177078,0.1250269114971161
300,1176.439208984375,43.58051300048828,0.013678901828825474,0.08283945918083191,0.11695683747529984,1222.005126953125,49.33843231201172,0.015579144470393658,0.08899292349815369,0.12481644004583359
301,1182.294921875,43.62200927734375,0.013688992708921432,0.08281393349170685,0.11699996888637543,1227.168212890625,49.30232620239258,0.01563829369843006,0.08942911773920059,0.12505316734313965
302,1182.2738037109375,43.56643295288086,0.013695252127945423,0.08308014273643494,0.11702671647071838,1218.923828125,49.137550354003906,0.015465833246707916,0.08881991356611252,0.12436170130968094
303,1180.8697509765625,43.44599151611328,0.013702532276511192,0.0827760398387909,0.11705781519412994,1225.0130615234375,49.351539611816406,0.015655040740966797,0.08877052366733551,0.1251201033592224
304,1184.1226806640625,43.54966354370117,0.013674315996468067,0.08298666030168533,0.11693723499774933,1226.255615234375,49.27851104736328,0.015636716037988663,0.08890818804502487,0.12504684925079346
305,1176.2967529296875,43.47509002685547,0.013715501874685287,0.0829472467303276,0.11711320281028748,1220.156494140625,49.112823486328125,0.015500105917453766,0.08884215354919434,0.12449941784143448
306,1178.2958984375,43.40459442138672,0.01367401983588934,0.08286578208208084,0.11693596839904785,1224.060302734375,49.563087463378906,0.01566825993359089,0.0890287533402443,0.1251729279756546
307,1184.2763671875,43.75191116333008,0.01370755210518837,0.08296865969896317,0.11707925796508789,1222.0787353515625,49.31543731689453,0.015570363961160183,0.08897260576486588,0.12478126585483551
308,1178.725830078125,43.58222579956055,0.013727684505283833,0.08296486735343933,0.11716520041227341,1218.338623046875,49.25090408325195,0.01549188606441021,0.08884691447019577,0.12446640431880951
309,1183.476318359375,43.76313781738281,0.01365726813673973,0.08292555809020996,0.11686431616544724,1224.2481689453125,49.06524658203125,0.015562771819531918,0.08903339505195618,0.12475083768367767
310,1182.2626953125,43.60729217529297,0.013687191531062126,0.0829286202788353,0.11699226498603821,1219.361328125,49.503849029541016,0.015586205758154392,0.0886826142668724,0.12484471499919891
311,1182.005126953125,43.6148796081543,0.013726308010518551,0.08290493488311768,0.11715932935476303,1224.9736328125,49.67490005493164,0.01566837914288044,0.08965544402599335,0.1251733899116516
312,1181.184326171875,43.36515808105469,0.013737862929701805,0.08299033343791962,0.11720862239599228,1228.419189453125,49.32154083251953,0.015703881159424782,0.08898646384477615,0.1253151297569275
313,1182.7900390625,43.219276428222656,0.013668619096279144,0.08302662521600723,0.11691287159919739,1225.3504638671875,49.30622100830078,0.01565548963844776,0.08832208812236786,0.12512190639972687
314,1173.0712890625,44.07509231567383,0.01369362510740757,0.0826597809791565,0.11701976507902145,1222.048583984375,49.215660095214844,0.015542812645435333,0.08892382681369781,0.12467081099748611
315,1170.687744140625,43.660221099853516,0.013693477027118206,0.08305380493402481,0.11701913177967072,1220.4246826171875,49.040828704833984,0.015470986254513264,0.08902215212583542,0.12438242882490158
316,1176.639892578125,43.463600158691406,0.013711986131966114,0.08317989110946655,0.11709819734096527,1219.962158203125,49.43815994262695,0.015574430115520954,0.08862408995628357,0.12479755282402039
317,1178.447021484375,43.944358825683594,0.013640381395816803,0.08276008069515228,0.11679205298423767,1218.438720703125,49.47792053222656,0.015550159849226475,0.08875773847103119,0.12470027804374695
318,1174.919189453125,44.04763412475586,0.013631203211843967,0.08283109962940216,0.1167527437210083,1221.6136474609375,49.782188415527344,0.01567189209163189,0.08926524221897125,0.1251874417066574
319,1173.44140625,43.88489532470703,0.01367240585386753,0.08253032714128494,0.1169290617108345,1220.116943359375,49.25138473510742,0.015501471236348152,0.08914817869663239,0.12450490146875381
320,1182.442626953125,43.61238479614258,0.013668930158019066,0.08310358226299286,0.11691419780254364,1220.956787109375,49.717735290527344,0.015660028904676437,0.08882159739732742,0.1251400262117386
321,1178.77783203125,43.688690185546875,0.01365591585636139,0.08281302452087402,0.11685852706432343,1220.4176025390625,49.00206756591797,0.015496877022087574,0.08849915117025375,0.12448644638061523
322,1178.466552734375,43.70631790161133,0.01365808304399252,0.08276863396167755,0.1168678030371666,1214.833740234375,49.41743469238281,0.015481634996831417,0.08844245225191116,0.12442521750926971
323,1183.311767578125,44.021305084228516,0.013658493757247925,0.08282552659511566,0.11686955392360687,1225.7967529296875,49.476844787597656,0.01568543165922165,0.08922500163316727,0.1252414882183075
324,1179.4876708984375,43.51713562011719,0.013627542182803154,0.08281183242797852,0.11673707515001297,1216.3763427734375,49.024253845214844,0.015438023023307323,0.08826574683189392,0.12424984574317932
325,1171.10888671875,43.640235900878906,0.013635714538395405,0.08266019821166992,0.11677206307649612,1221.840087890625,48.97868728637695,0.015483787283301353,0.08930066972970963,0.12443386763334274
326,1178.216796875,43.622886657714844,0.01366986334323883,0.08291732519865036,0.11691819131374359,1219.8953857421875,49.05446243286133,0.015504896640777588,0.08895208686590195,0.12451866269111633
327,1176.597900390625,43.999229431152344,0.013663550838828087,0.08276527374982834,0.11689119040966034,1219.302001953125,49.15939712524414,0.015505366027355194,0.0887347161769867,0.12452054023742676
328,1180.1925048828125,43.96676254272461,0.013649878092110157,0.08280670642852783,0.1168326810002327,1218.906005859375,49.810203552246094,0.015622425824403763,0.0892319604754448,0.12498970329761505
329,1172.985107421875,43.837913513183594,0.013665802776813507,0.08280681818723679,0.11690083146095276,1217.3775634765625,49.55123519897461,0.015531920827925205,0.08891455829143524,0.12462712824344635
330,1169.274169921875,43.677268981933594,0.013627452775835991,0.08277644962072372,0.11673668026924133,1217.8275146484375,49.21078872680664,0.015480998903512955,0.08879406005144119,0.12442266196012497
331,1175.6092529296875,43.71210479736328,0.013607539236545563,0.08252923935651779,0.11665135622024536,1217.597900390625,49.18937683105469,0.015485546551644802,0.08857668191194534,0.12444093823432922
332,1174.7696533203125,43.24501037597656,0.013627885840833187,0.08284527063369751,0.11673853546380997,1219.4437255859375,49.363319396972656,0.015551072545349598,0.08868231624364853,0.12470392882823944
333,1180.6510009765625,43.352596282958984,0.013663023710250854,0.0828370600938797,0.11688894033432007,1215.4739990234375,49.158958435058594,0.015431017614901066,0.08855695277452469,0.12422164529561996
334,1172.149658203125,43.6298942565918,0.013621175661683083,0.08257462829351425,0.11670979112386703,1217.164794921875,49.363651275634766,0.015498614870011806,0.08883940428495407,0.12449343502521515
335,1175.950927734375,43.746910095214844,0.01363715622574091,0.08268577605485916,0.11677822470664978,1226.57373046875,49.23966979980469,0.015638010576367378,0.0895051434636116,0.12505203485488892
336,1181.453369140625,43.46479415893555,0.013666384853422642,0.08301813900470734,0.11690331250429153,1215.947021484375,49.21121597290039,0.015469575300812721,0.08851584792137146,0.12437674403190613
337,1178.478759765625,43.56897735595703,0.013632108457386494,0.08279986679553986,0.1167566254734993,1217.743408203125,49.46767807006836,0.01554243452847004,0.0886031985282898,0.12466929107904434
338,1174.4473876953125,43.529449462890625,0.013665477745234966,0.08276162296533585,0.11689943075180054,1222.455322265625,49.42770004272461,0.015618341974914074,0.08878529071807861,0.124973364174366
339,1178.8980712890625,43.42015838623047,0.013667948544025421,0.08278428763151169,0.11691000312566757,1218.77001953125,49.26305389404297,0.01552558969706297,0.08848976343870163,0.12460172176361084
340,1178.792724609375,43.81624984741211,0.013675764203071594,0.08282940834760666,0.11694342643022537,1232.934326171875,49.29035186767578,0.015755655243992805,0.08980827033519745,0.12552152574062347
341,1181.818603515625,43.52048110961914,0.013721012510359287,0.08307816833257675,0.11713672429323196,1219.0577392578125,48.992835998535156,0.015488017350435257,0.08828984200954437,0.12445086985826492
342,1176.460693359375,43.634437561035156,0.013616181910037994,0.08277880400419235,0.11668839305639267,1217.48046875,48.90540313720703,0.015439552254974842,0.08876955509185791,0.12425599247217178
343,1174.7113037109375,43.51347732543945,0.01363334245979786,0.08286702632904053,0.11676190793514252,1216.448486328125,48.995948791503906,0.015430373139679432,0.08861671388149261,0.12421905249357224
344,1182.218505859375,43.62815856933594,0.0136513477191329,0.0828855112195015,0.1168389841914177,1216.255859375,48.95243453979492,0.015410926192998886,0.08835853636264801,0.12414075434207916
345,1174.3426513671875,43.61027526855469,0.013711612671613693,0.08305013924837112,0.11709659546613693,1217.202392578125,48.92041778564453,0.015414038673043251,0.08881374448537827,0.12415328621864319
346,1183.2720947265625,43.63822555541992,0.013634294271469116,0.08263203501701355,0.11676598340272903,1215.61474609375,48.946983337402344,0.01538687851279974,0.08893585205078125,0.12404385954141617
347,1178.8837890625,43.6587028503418,0.013633335940539837,0.08279469609260559,0.11676187813282013,1219.310302734375,49.06776809692383,0.015499778091907501,0.08832759410142899,0.12449810653924942
348,1175.3046875,43.48986053466797,0.01363993901759386,0.0826854258775711,0.11679015308618546,1222.655517578125,49.007083892822266,0.01553143747150898,0.08910389244556427,0.12462519109249115
349,1176.0045166015625,43.41468811035156,0.01364386361092329,0.08276473730802536,0.11680694669485092,1220.490966796875,49.397064208984375,0.015574580989778042,0.08892670273780823,0.12479815632104874
350,1178.1728515625,43.399147033691406,0.013633200898766518,0.08290448784828186,0.11676129698753357,1218.7646484375,49.09877395629883,0.015486661344766617,0.08859963715076447,0.12444541603326797
351,1176.4205322265625,43.742713928222656,0.01363576389849186,0.08283724635839462,0.11677227169275284,1215.5404052734375,48.90616989135742,0.015393460169434547,0.08853672444820404,0.12407038360834122
352,1178.307373046875,43.48805618286133,0.013636642135679722,0.08275110274553299,0.11677604168653488,1219.82666015625,49.37865447998047,0.015592334792017937,0.08831360936164856,0.12486927211284637
353,1173.7657470703125,43.591041564941406,0.013624702580273151,0.08249369263648987,0.1167249009013176,1214.423583984375,48.974205017089844,0.015391728840768337,0.0885697528719902,0.1240634024143219
354,1179.524658203125,43.61859893798828,0.013626545667648315,0.0823797956109047,0.11673279851675034,1214.9283447265625,48.89430618286133,0.015376120805740356,0.08875945210456848,0.12400048971176147
355,1173.3677978515625,43.78296661376953,0.013647136278450489,0.08279123157262802,0.11682096123695374,1216.5709228515625,48.946807861328125,0.015427431091666222,0.08810153603553772,0.12420721352100372
356,1178.0565185546875,43.85026931762695,0.013598654419183731,0.08275886625051498,0.11661326885223389,1216.209716796875,49.12909698486328,0.015440758317708969,0.08879692852497101,0.12426085025072098
357,1179.973388671875,43.462364196777344,0.013640088029205799,0.08274295926094055,0.1167907863855362,1217.0703125,49.06025314331055,0.0154416523873806,0.08889371901750565,0.12426444888114929
358,1180.723388671875,43.10700225830078,0.013595504686236382,0.08250672370195389,0.11659976094961166,1216.706298828125,49.32476806640625,0.015499121509492397,0.08855198323726654,0.12449546158313751
359,1176.85205078125,43.62068557739258,0.013584725558757782,0.08251242339611053,0.11655353009700775,1216.232666015625,49.24348068237305,0.015451103448867798,0.08874035626649857,0.1243024691939354
360,1180.666748046875,43.610755920410156,0.013685946352779865,0.08276662975549698,0.1169869527220726,1215.2158203125,48.962005615234375,0.015404384583234787,0.08858878165483475,0.12411440163850784
361,1176.614013671875,43.47341537475586,0.013595694676041603,0.0826697126030922,0.11660058051347733,1217.277099609375,49.34442138671875,0.015505379065871239,0.08885065466165543,0.12452059239149094
362,1176.6573486328125,43.26820373535156,0.013605378568172455,0.08283229917287827,0.11664209514856339,1220.6295166015625,48.97618865966797,0.015505787916481495,0.08882596343755722,0.12452223896980286
363,1173.884033203125,43.457801818847656,0.013607754372060299,0.08246459811925888,0.11665227264165878,1213.4630126953125,49.06174850463867,0.015394903719425201,0.08838273584842682,0.12407620251178741
364,1168.5137939453125,43.67040252685547,0.013572798110544682,0.08270926028490067,0.11650235950946808,1215.4844970703125,49.65308380126953,0.015519131906330585,0.08897725492715836,0.12457580864429474
365,1171.4779052734375,43.76218032836914,0.013616276904940605,0.08281616866588593,0.1166888102889061,1216.763427734375,49.53862762451172,0.015541184693574905,0.088912732899189,0.12466428428888321
366,1174.4371337890625,43.79399871826172,0.013605162501335144,0.08272393047809601,0.11664117872714996,1216.08447265625,49.10524368286133,0.015429685823619366,0.08897918462753296,0.12421628832817078
367,1176.252685546875,43.47346115112305,0.01365487091243267,0.08275725692510605,0.11685405671596527,1216.3643798828125,49.032493591308594,0.015420958399772644,0.08924271166324615,0.12418115139007568
368,1172.672607421875,43.239967346191406,0.013612527400255203,0.0829467847943306,0.11667273193597794,1218.570068359375,49.25048828125,0.015514547005295753,0.0886942520737648,0.12455739825963974
369,1179.2191162109375,43.590293884277344,0.013662728480994701,0.08277750015258789,0.116887666285038,1215.2728271484375,49.086185455322266,0.015430576168000698,0.08849907666444778,0.1242198720574379
370,1174.8792724609375,43.41679000854492,0.013597835786640644,0.08253680169582367,0.11660976707935333,1213.3193359375,49.22964859008789,0.015415276400744915,0.08853073418140411,0.12415827810764313
371,1181.53955078125,43.75417709350586,0.013659995049238205,0.08273978531360626,0.11687598377466202,1223.6612548828125,49.60716247558594,0.015674173831939697,0.08935154229402542,0.12519654631614685
372,1180.455078125,43.70494842529297,0.013650555163621902,0.08295434713363647,0.1168355867266655,1214.539794921875,49.155155181884766,0.01541149988770485,0.08843959867954254,0.12414306402206421
373,1174.0567626953125,43.58061981201172,0.013589059934020042,0.08262613415718079,0.11657212674617767,1216.518310546875,49.28752899169922,0.01549435779452324,0.08860163390636444,0.12447633594274521
374,1175.947998046875,43.36528778076172,0.013623541221022606,0.0827263817191124,0.11671992391347885,1214.944580078125,49.19857406616211,0.01543023157864809,0.08845867216587067,0.12421848624944687
375,1176.421142578125,43.44010925292969,0.013572249561548233,0.08239900320768356,0.11649999767541885,1218.3314208984375,49.15692901611328,0.015492678619921207,0.08880066871643066,0.1244695857167244
376,1177.5616455078125,43.48564529418945,0.013585498556494713,0.08283119648694992,0.11655684560537338,1216.954833984375,49.41809844970703,0.015540025196969509,0.08859624713659286,0.12465963512659073
377,1176.2646484375,43.34067916870117,0.013600819744169712,0.08252835273742676,0.11662255972623825,1213.6092529296875,49.12409973144531,0.015405732207000256,0.08880185335874557,0.124119833111763
378,1177.201416015625,43.8126106262207,0.013644425198435783,0.08291597664356232,0.11680935323238373,1215.9422607421875,49.04872512817383,0.015439345501363277,0.08877069503068924,0.12425516545772552
379,1172.62841796875,43.55310821533203,0.01361585222184658,0.08278383314609528,0.11668697744607925,1212.8792724609375,49.19020080566406,0.01539491768926382,0.08879305422306061,0.12407626211643219
380,1182.5567626953125,43.4887809753418,0.013636956922709942,0.08279580622911453,0.11677738279104233,1214.1368408203125,49.05475997924805,0.015409867279231548,0.08864793181419373,0.12413649260997772
381,1172.851318359375,43.60938262939453,0.013623389415442944,0.0827285572886467,0.11671928316354752,1214.847412109375,49.09444046020508,0.015427058562636375,0.08855123817920685,0.12420570850372314
382,1174.7958984375,43.31501770019531,0.013649909757077694,0.08292974531650543,0.11683283001184464,1214.612060546875,49.08684158325195,0.015431918203830719,0.08857975155115128,0.12422527372837067
383,1174.28466796875,43.63093566894531,0.013554475270211697,0.0823306143283844,0.11642368882894516,1210.973876953125,49.14936828613281,0.0153637221083045,0.0884653702378273,0.12395048141479492
384,1175.669189453125,43.572322845458984,0.013565094210207462,0.0825982466340065,0.11646927893161774,1214.2908935546875,49.156951904296875,0.01543228980153799,0.08841189742088318,0.12422677129507065
385,1175.383056640625,43.549400329589844,0.013679241761565208,0.08306702226400375,0.11695829033851624,1212.444091796875,48.98944854736328,0.015381663106381893,0.088262639939785,0.12402282655239105
386,1172.2662353515625,43.284202575683594,0.013569287955760956,0.08258531242609024,0.1164872795343399,1217.7442626953125,49.000038146972656,0.015477441251277924,0.08823317289352417,0.12440836429595947
387,1178.726806640625,43.65782928466797,0.013624249026179314,0.08280441910028458,0.1167229562997818,1216.5224609375,49.09029006958008,0.015478231012821198,0.08819539099931717,0.12441154569387436
388,1169.294677734375,43.427249908447266,0.013549544848501682,0.08257107436656952,0.1164025142788887,1226.2315673828125,49.08142852783203,0.01563059538602829,0.08897758275270462,0.12502238154411316
389,1179.435302734375,43.85951614379883,0.01364905759692192,0.08277469128370285,0.11682917922735214,1218.469970703125,49.033443450927734,0.015496348030865192,0.08860465884208679,0.12448433041572571
390,1176.79736328125,43.55247497558594,0.013540895655751228,0.08248680084943771,0.11636535078287125,1212.317626953125,49.027610778808594,0.015368946827948093,0.08862491697072983,0.12397155910730362
391,1173.402099609375,43.52187728881836,0.013581828214228153,0.08278106898069382,0.11654110252857208,1212.0416259765625,49.479766845703125,0.015436368994414806,0.08863569796085358,0.12424318492412567
392,1176.99072265625,43.81987762451172,0.013578610494732857,0.08244874328374863,0.11652729660272598,1215.117431640625,49.046913146972656,0.015417330898344517,0.08883827924728394,0.12416654825210571
393,1173.05322265625,43.701595306396484,0.013559640385210514,0.08266479521989822,0.1164458692073822,1210.2552490234375,49.07984161376953,0.015339264646172523,0.08836834877729416,0.12385178357362747
394,1166.14990234375,43.526397705078125,0.013571967370808125,0.0825541689991951,0.11649879068136215,1212.83935546875,49.24790954589844,0.015400790609419346,0.08869915455579758,0.12409992516040802
395,1172.988037109375,43.621063232421875,0.013556979596614838,0.08273286372423172,0.11643444001674652,1211.7838134765625,49.09104537963867,0.015366284176707268,0.08853110671043396,0.12396081537008286
396,1178.4052734375,43.56801986694336,0.013608815148472786,0.0826713815331459,0.1166568249464035,1221.4224853515625,49.4436149597168,0.0156114986166358,0.08896907418966293,0.1249459832906723
397,1170.546630859375,43.4632682800293,0.013580040074884892,0.08270198106765747,0.11653342843055725,1216.2962646484375,49.08787155151367,0.015467782504856586,0.08817242085933685,0.1243695393204689
398,1167.022216796875,43.35792922973633,0.013590918853878975,0.08242765069007874,0.11658009886741638,1212.404541015625,49.03860092163086,0.015379596501588821,0.08841479569673538,0.12401450425386429
399,1174.1683349609375,43.79916000366211,0.01354510709643364,0.08249691873788834,0.11638344824314117,1212.433837890625,49.18387985229492,0.015399830415844917,0.0884610041975975,0.12409605085849762
400,1174.8787841796875,43.38276672363281,0.01358663011342287,0.08256206661462784,0.11656169593334198,1215.576171875,49.152732849121094,0.015441636554896832,0.08898762613534927,0.12426438182592392
401,1177.1478271484375,43.53350830078125,0.013605965301394463,0.08296507596969604,0.11664461344480515,1214.3701171875,49.23991394042969,0.015431363135576248,0.08873078227043152,0.12422303110361099
402,1178.347900390625,43.53950119018555,0.013568301685154438,0.08267071098089218,0.11648304760456085,1216.697509765625,49.26596450805664,0.01551078911870718,0.08861547708511353,0.12454231828451157
403,1173.246826171875,43.346046447753906,0.01357666589319706,0.08252403885126114,0.11651895195245743,1215.730224609375,49.0999641418457,0.01544581726193428,0.0885874330997467,0.12428121268749237
404,1176.794921875,43.47431182861328,0.013615036383271217,0.08290016651153564,0.1166834831237793,1213.41015625,49.12929153442383,0.01540562603622675,0.08856413513422012,0.12411940097808838
405,1176.0452880859375,43.6813850402832,0.013547585345804691,0.08245542645454407,0.11639410257339478,1212.007080078125,49.42103576660156,0.015438653528690338,0.08859187364578247,0.12425237894058228
406,1165.6943359375,43.639591217041016,0.013559660874307156,0.08265557885169983,0.11644595861434937,1211.54443359375,49.34124755859375,0.015438796021044254,0.08833780139684677,0.12425295263528824
407,1177.35791015625,43.84406661987305,0.013622310943901539,0.08294136822223663,0.11671465635299683,1216.095947265625,49.54402542114258,0.015552196651697159,0.08879636973142624,0.12470844388008118
408,1171.8736572265625,43.713966369628906,0.013591878116130829,0.08255553245544434,0.11658421158790588,1217.7789306640625,49.18319320678711,0.015496261417865753,0.08879603445529938,0.12448398023843765
409,1172.1573486328125,43.520652770996094,0.013581765815615654,0.08263984322547913,0.1165408343076706,1212.7403564453125,49.57659912109375,0.015505264513194561,0.08856858313083649,0.12452014535665512
410,1166.948486328125,43.457515716552734,0.013539099134504795,0.08250585943460464,0.11635763198137283,1213.0252685546875,49.11561584472656,0.015383771620690823,0.08886349946260452,0.12403133511543274
411,1174.9290771484375,43.603580474853516,0.013543404638767242,0.08260490745306015,0.116376131772995,1211.919677734375,49.233177185058594,0.015397857874631882,0.088559091091156,0.1240881085395813
412,1172.231689453125,43.31188201904297,0.013555489480495453,0.08266130089759827,0.11642803996801376,1210.7161865234375,49.192779541015625,0.015378786250948906,0.08865103125572205,0.12401123344898224
413,1173.04736328125,43.538211822509766,0.013570304028689861,0.08258604258298874,0.1164916455745697,1214.262451171875,49.28129196166992,0.015469984151422977,0.08850622922182083,0.12437839061021805
414,1168.07275390625,43.94197463989258,0.013555817306041718,0.08261751383543015,0.11642946302890778,1212.458740234375,49.39943313598633,0.015447315759956837,0.08878979831933975,0.12428722530603409
415,1169.233154296875,43.459205627441406,0.013545245863497257,0.08250188827514648,0.11638404428958893,1215.345458984375,49.090145111083984,0.015410073101520538,0.08928617835044861,0.12413731962442398
416,1168.2462158203125,43.39141845703125,0.013562197797000408,0.08254262804985046,0.11645685136318207,1215.3759765625,49.38841247558594,0.015497964806854725,0.08888211846351624,0.12449081987142563
417,1169.764892578125,43.34436798095703,0.013541106134653091,0.08254310488700867,0.11636625975370407,1210.860107421875,49.352622985839844,0.015406333841383457,0.08852008730173111,0.124122254550457
418,1169.1572265625,43.46461868286133,0.013548792339861393,0.08259308338165283,0.11639928072690964,1216.045166015625,49.68146896362305,0.015560043044388294,0.08919578790664673,0.12473990023136139
419,1170.7232666015625,43.47013473510742,0.013526137918233871,0.08258674293756485,0.11630193144083023,1215.597412109375,49.03305435180664,0.015425462275743484,0.0884656012058258,0.1241992861032486
420,1172.3826904296875,43.69865798950195,0.013630883768200874,0.08274596929550171,0.11675137281417847,1209.931640625,49.22632598876953,0.015361829660832882,0.08869065344333649,0.12394284456968307
421,1169.1373291015625,43.588050842285156,0.013533263467252254,0.08264420926570892,0.11633255332708359,1214.258056640625,48.989688873291016,0.015410802327096462,0.0884924829006195,0.12414025515317917
422,1172.8330078125,43.613868713378906,0.013592519797384739,0.08305162191390991,0.11658696085214615,1209.2823486328125,49.252784729003906,0.015369335189461708,0.08812761306762695,0.12397311627864838
423,1170.9522705078125,43.50296401977539,0.013554259203374386,0.08238131552934647,0.11642275750637054,1213.6727294921875,49.314659118652344,0.0154415313154459,0.08883784711360931,0.1242639571428299
424,1177.864990234375,43.56694030761719,0.013556152582168579,0.08258379995822906,0.11643089354038239,1213.72216796875,49.17076873779297,0.015447108075022697,0.08816146850585938,0.12428639084100723
425,1175.629150390625,43.8310661315918,0.013545699417591095,0.0825948566198349,0.11638599634170532,1213.976318359375,49.225669860839844,0.01544864196330309,0.08837176859378815,0.12429256737232208
426,1171.264892578125,43.210487365722656,0.013516906648874283,0.08257348835468292,0.11626222729682922,1209.8385009765625,49.10309600830078,0.015342891216278076,0.08862240612506866,0.12386642396450043
427,1167.70556640625,43.410301208496094,0.013566255569458008,0.08238880336284637,0.11647425591945648,1211.7972412109375,49.23017501831055,0.015411408618092537,0.08850926905870438,0.12414269149303436
428,1166.608642578125,43.669612884521484,0.013535174541175365,0.08264019340276718,0.116340771317482,1210.326416015625,49.08319091796875,0.015344370156526566,0.08847934752702713,0.12387239187955856
429,1174.748046875,43.39729309082031,0.013508932664990425,0.08224602043628693,0.11622793227434158,1210.7398681640625,49.24831771850586,0.015386205166578293,0.0886768251657486,0.12404114007949829
430,1169.5555419921875,43.51028060913086,0.013540491461753845,0.08288928866386414,0.11636361479759216,1214.1439208984375,49.52904510498047,0.01551242545247078,0.0886603593826294,0.12454888969659805
431,1175.3818359375,43.238555908203125,0.013586790300905704,0.08257859200239182,0.1165623888373375,1213.6568603515625,49.090389251708984,0.015417229384183884,0.08867007493972778,0.12416613847017288
432,1170.412841796875,43.415523529052734,0.013501494191586971,0.08266541361808777,0.1161959320306778,1213.2982177734375,49.1278076171875,0.0154121620580554,0.08854550868272781,0.12414572387933731
433,1172.8798828125,43.346012115478516,0.013578829355537891,0.08277422934770584,0.1165282353758812,1210.520263671875,49.149559020996094,0.01533945370465517,0.08854939788579941,0.12385255098342896
434,1174.741943359375,43.57948684692383,0.013530081138014793,0.08228761702775955,0.11631887406110764,1212.0108642578125,49.0700798034668,0.01537357922643423,0.08892081677913666,0.12399023771286011
435,1171.268798828125,43.4561767578125,0.013546263799071312,0.0829075425863266,0.11638841778039932,1211.073974609375,49.078857421875,0.015370395965874195,0.08832326531410217,0.1239774078130722
436,1171.8836669921875,43.781639099121094,0.013526738621294498,0.08245022594928741,0.11630450934171677,1209.598388671875,49.10497283935547,0.015344185754656792,0.0884946957230568,0.12387164682149887
437,1169.4627685546875,43.59241485595703,0.013513049110770226,0.08267631381750107,0.11624564230442047,1220.6949462890625,49.40811538696289,0.01561638992279768,0.08877655118703842,0.12496555596590042
438,1175.258056640625,43.55353927612305,0.013558649457991123,0.08253415673971176,0.11644161492586136,1211.612060546875,49.110008239746094,0.015391092747449875,0.08818759024143219,0.12406083941459656
439,1169.639892578125,43.493614196777344,0.013533794321119785,0.08255113661289215,0.11633484065532684,1211.398193359375,49.52370071411133,0.015463627874851227,0.08847750723361969,0.1243528351187706
440,1174.6402587890625,43.89225387573242,0.01354189496487379,0.08282153308391571,0.11636964976787567,1212.5831298828125,49.053043365478516,0.015390430577099323,0.08861284703016281,0.12405817210674286
441,1170.2548828125,43.232418060302734,0.013501595705747604,0.08228443562984467,0.11619636416435242,1210.148681640625,49.2634391784668,0.015385000966489315,0.08849995583295822,0.1240362897515297
442,1172.92919921875,43.70606994628906,0.01349711511284113,0.0824330598115921,0.11617708206176758,1211.435791015625,49.145851135253906,0.015388022176921368,0.08828157931566238,0.12404846400022507
443,1171.9259033203125,43.738033294677734,0.01353647280484438,0.08271688222885132,0.11634635180234909,1210.387451171875,49.02043914794922,0.01534661091864109,0.08814118802547455,0.12388143688440323
