epoch,RMSE_P,RMSE_T,loss,mean_absolute_error,root_mean_squared_error,val_RMSE_P,val_RMSE_T,val_loss,val_mean_absolute_error,val_root_mean_squared_error
0,4058.88720703125,313.9779968261719,0.3211662471294403,0.48526591062545776,0.5667153000831604,3328.8046875,245.39529418945312,0.19760218262672424,0.3766114115715027,0.4445246458053589
1,2834.801025390625,202.12950134277344,0.1397857666015625,0.30873754620552063,0.3738793432712555,2477.66064453125,178.6347198486328,0.10708673298358917,0.26462844014167786,0.32724109292030334
2,2224.81689453125,157.91641235351562,0.08537884056568146,0.23086777329444885,0.2921965718269348,2100.601318359375,144.68653869628906,0.0731893926858902,0.21259181201457977,0.270535409450531
3,1927.3638916015625,132.77914428710938,0.061961829662323,0.1929948776960373,0.24892133474349976,1904.0201416015625,124.8272705078125,0.05696550011634827,0.18479536473751068,0.23867446184158325
4,1744.7418212890625,115.44682312011719,0.04869551584124565,0.16912473738193512,0.22067061066627502,1785.218505859375,110.48374938964844,0.047099143266677856,0.16711930930614471,0.21702337265014648
5,1628.652587890625,102.39132690429688,0.040090713649988174,0.1518000215291977,0.20022664964199066,1707.893798828125,99.21919250488281,0.04047240689396858,0.1534474939107895,0.20117755234241486
6,1551.8759765625,92.34042358398438,0.03427240997552872,0.13911931216716766,0.1851280927658081,1652.3138427734375,90.04338073730469,0.03566097468137741,0.14297650754451752,0.18884114921092987
7,1497.7806396484375,84.46516418457031,0.03019700013101101,0.12985661625862122,0.17377284169197083,1613.542236328125,83.34368896484375,0.03244549408555031,0.1355142593383789,0.18012632429599762
8,1445.8067626953125,78.04566955566406,0.027285199612379074,0.12265638262033463,0.16518232226371765,1572.892822265625,78.29314422607422,0.029856862500309944,0.12962079048156738,0.17279137670993805
9,1417.02001953125,73.71888732910156,0.02514619380235672,0.11732149124145508,0.15857551991939545,1546.252197265625,74.42868041992188,0.028092073276638985,0.12543423473834991,0.1676069051027298
10,1387.246826171875,70.05413055419922,0.023564038798213005,0.11322012543678284,0.1535058170557022,1522.006103515625,71.87892150878906,0.026808083057403564,0.12268699705600739,0.16373173892498016
11,1364.9986572265625,66.87252044677734,0.02230081707239151,0.10994455218315125,0.14933457970619202,1503.3370361328125,69.05524444580078,0.025598803535103798,0.1198892891407013,0.15999625623226166
12,1352.737548828125,64.87863159179688,0.02132967859506607,0.107261061668396,0.14604683220386505,1484.151611328125,67.06822204589844,0.02463783696293831,0.11768723279237747,0.15696445107460022
13,1341.415283203125,62.91529083251953,0.0205660592764616,0.10525107383728027,0.14340871572494507,1471.089599609375,65.73796081542969,0.024011144414544106,0.11597044765949249,0.15495529770851135
14,1327.253173828125,61.22539520263672,0.01991090178489685,0.10359860211610794,0.1411059945821762,1465.256103515625,64.45914459228516,0.023535653948783875,0.11454352736473083,0.1534133404493332
15,1319.665283203125,59.851158142089844,0.01938517764210701,0.10217694938182831,0.1392306536436081,1455.4486083984375,63.43999099731445,0.02306297793984413,0.11354612559080124,0.15186500549316406
16,1305.8837890625,59.01276397705078,0.01912478543817997,0.10143554955720901,0.13829240202903748,1445.73046875,62.7171630859375,0.022670263424515724,0.11228378117084503,0.1505664736032486
17,1289.166259765625,57.79509353637695,0.018671104684472084,0.09993556886911392,0.1366422474384308,1441.7244873046875,61.898040771484375,0.022360021248459816,0.11163833737373352,0.14953267574310303
18,1297.2281494140625,57.05366134643555,0.018355024978518486,0.09915797412395477,0.13548071682453156,1435.654541015625,61.252174377441406,0.02206443063914776,0.11088739335536957,0.14854101836681366
19,1287.157958984375,56.16252899169922,0.01807902380824089,0.09834606945514679,0.1344582587480545,1433.745849609375,60.93620681762695,0.02197098359465599,0.11029718071222305,0.14822612702846527
20,1293.3660888671875,55.386085510253906,0.017920253798365593,0.09787456691265106,0.133866548538208,1427.786376953125,60.262413024902344,0.021666651591658592,0.10959909856319427,0.1471959501504898
21,1277.7047119140625,55.10693359375,0.017690807580947876,0.09700660407543182,0.13300679624080658,1422.2774658203125,59.7391357421875,0.021412160247564316,0.10927777737379074,0.14632894098758698
22,1280.564697265625,54.40058135986328,0.01757601648569107,0.09711764007806778,0.13257457315921783,1422.501953125,59.53638458251953,0.02137947268784046,0.10847519338130951,0.1462172120809555
23,1271.8275146484375,53.96601486206055,0.01737377606332302,0.09654760360717773,0.13180960714817047,1419.9940185546875,59.27540969848633,0.021264424547553062,0.10790888965129852,0.14582327008247375
24,1270.6116943359375,53.483734130859375,0.017278848215937614,0.09561134874820709,0.13144902884960175,1417.8846435546875,58.54780197143555,0.021043067798018456,0.1079145297408104,0.14506228268146515
25,1269.241455078125,52.896209716796875,0.017112761735916138,0.09532453864812851,0.1308157593011856,1417.913330078125,58.06660842895508,0.020912466570734978,0.10761954635381699,0.1446114331483841
26,1262.813232421875,52.56636428833008,0.017046315595507622,0.09527317434549332,0.13056154549121857,1415.095947265625,57.80869674682617,0.020811347290873528,0.10711311548948288,0.14426137506961823
27,1265.291259765625,52.43492889404297,0.016856832429766655,0.09455302357673645,0.1298338621854782,1409.5936279296875,57.37031173706055,0.02058487944304943,0.10664014518260956,0.14347431063652039
28,1271.3541259765625,52.26438522338867,0.01677408628165722,0.09434336423873901,0.12951481342315674,1410.9210205078125,57.25090789794922,0.020599016919732094,0.10612118989229202,0.14352357387542725
29,1270.0048828125,51.6440315246582,0.016686247661709785,0.0940186008810997,0.12917526066303253,1404.633544921875,56.822715759277344,0.020374981686472893,0.10565269738435745,0.14274096488952637
30,1264.260009765625,51.447486877441406,0.01657639443874359,0.09361929446458817,0.12874934077262878,1403.9501953125,56.51212692260742,0.020284900441765785,0.10530561953783035,0.142425075173378
31,1254.38916015625,50.94805145263672,0.016517071053385735,0.09355541318655014,0.12851876020431519,1402.7666015625,56.58208084106445,0.02027844823896885,0.1048230454325676,0.14240241050720215
32,1253.0675048828125,51.211204528808594,0.016487495973706245,0.09304235130548477,0.1284036487340927,1398.861572265625,56.41156005859375,0.020169677212834358,0.10485789179801941,0.14202000200748444
33,1255.489990234375,50.79499816894531,0.01633905991911888,0.09291579574346542,0.1278243362903595,1399.6160888671875,55.879241943359375,0.020061053335666656,0.1042325422167778,0.14163704216480255
34,1254.8697509765625,50.202266693115234,0.01624712534248829,0.09253688156604767,0.1274642050266266,1394.065673828125,55.711143493652344,0.019915005192160606,0.10392692685127258,0.1411205232143402
35,1251.4888916015625,49.646934509277344,0.01616515964269638,0.09249527752399445,0.1271422803401947,1396.06201171875,55.723350524902344,0.019943198189139366,0.10356215387582779,0.14122037589550018
36,1252.934326171875,49.664520263671875,0.01613100990653038,0.09177251905202866,0.12700791656970978,1393.182373046875,55.567726135253906,0.01988154463469982,0.10379456728696823,0.14100192487239838
37,1249.697998046875,49.802860260009766,0.01610213704407215,0.09203053265810013,0.12689420580863953,1396.953125,55.23018264770508,0.019871803000569344,0.10322903841733932,0.14096738398075104
38,1247.720947265625,49.72113800048828,0.016070665791630745,0.09183110296726227,0.12677012383937836,1389.5006103515625,55.396759033203125,0.019761594012379646,0.1033412516117096,0.14057593047618866
39,1255.314208984375,49.672115325927734,0.016041705384850502,0.09168505668640137,0.12665584683418274,1388.0513916015625,54.817291259765625,0.019615354016423225,0.10277819633483887,0.1400548219680786
40,1252.73828125,49.39888000488281,0.015881545841693878,0.09122065454721451,0.12602201104164124,1386.332763671875,54.527923583984375,0.019508736208081245,0.10241461545228958,0.13967368006706238
41,1249.5626220703125,48.86650466918945,0.015881992876529694,0.0911124125123024,0.1260237842798233,1382.8475341796875,54.32769775390625,0.019399719312787056,0.10207102447748184,0.13928288221359253
42,1245.01123046875,48.910343170166016,0.015836447477340698,0.09108585119247437,0.12584294378757477,1387.1881103515625,54.44047927856445,0.019506340846419334,0.10187860578298569,0.13966509699821472
43,1241.110595703125,49.014488220214844,0.01574389822781086,0.09062321484088898,0.1254746913909912,1386.5703125,54.2237548828125,0.01945374719798565,0.10167953372001648,0.1394766867160797
44,1248.389892578125,48.71179962158203,0.015775075182318687,0.09047806262969971,0.12559887766838074,1380.708251953125,53.738624572753906,0.01923264190554619,0.10143468528985977,0.1386817991733551
45,1246.179931640625,48.61335372924805,0.015702644363045692,0.09051046520471573,0.12531019747257233,1382.1024169921875,53.96314239501953,0.019318170845508575,0.10175023227930069,0.13898982107639313
46,1241.363037109375,48.701416015625,0.015635797753930092,0.09022682160139084,0.12504318356513977,1380.771728515625,53.227081298828125,0.01912332884967327,0.10057982057332993,0.13828712701797485
47,1245.32861328125,48.14691925048828,0.015665777027606964,0.09014327079057693,0.1251630038022995,1384.917236328125,53.1762809753418,0.019178157672286034,0.10094355046749115,0.13848523795604706
48,1236.7073974609375,48.21503829956055,0.015627091750502586,0.09003345668315887,0.12500835955142975,1379.9776611328125,53.376220703125,0.01915271207690239,0.10103581845760345,0.1383933275938034
49,1242.9674072265625,48.12565231323242,0.0155582120642066,0.08964996784925461,0.12473256140947342,1379.339111328125,53.052467346191406,0.019059641286730766,0.10036342591047287,0.1380566656589508
50,1240.6217041015625,48.212581634521484,0.015540681779384613,0.09006643295288086,0.12466225773096085,1379.088134765625,53.96712112426758,0.019247474148869514,0.10086669772863388,0.13873526453971863
51,1235.325927734375,48.04086685180664,0.01544036716222763,0.08932654559612274,0.12425927817821503,1376.7530517578125,52.59608840942383,0.018922856077551842,0.10017645359039307,0.13756036758422852
52,1239.9215087890625,47.786659240722656,0.015450621955096722,0.08935581147670746,0.1243005320429802,1377.1510009765625,52.836341857910156,0.018977666273713112,0.10015153884887695,0.13775944709777832
53,1239.123779296875,47.58129119873047,0.015451773069798946,0.08946432918310165,0.12430515885353088,1376.9049072265625,52.53205490112305,0.01891123503446579,0.09973862767219543,0.13751812279224396
54,1232.723876953125,47.981773376464844,0.015421157702803612,0.08917570114135742,0.12418196350336075,1376.718994140625,53.08913040161133,0.01902645453810692,0.10018305480480194,0.13793641328811646
55,1233.0482177734375,47.424930572509766,0.015361553058028221,0.08898258209228516,0.12394172698259354,1376.7701416015625,52.33616256713867,0.018870577216148376,0.09970259666442871,0.13737021386623383
56,1239.657470703125,47.618865966796875,0.015382234007120132,0.08905401825904846,0.1240251362323761,1375.147705078125,52.632957458496094,0.018892591819167137,0.09943021833896637,0.13745032250881195
57,1237.6627197265625,47.38153076171875,0.01536395214498043,0.08913414180278778,0.12395141273736954,1378.273681640625,52.66259002685547,0.018960015848279,0.0993310734629631,0.13769537210464478
58,1242.9095458984375,47.8114128112793,0.015340433456003666,0.08875835686922073,0.12385650724172592,1377.0169677734375,52.148193359375,0.018830111250281334,0.09935931116342545,0.13722285628318787
59,1238.408447265625,47.352867126464844,0.015315958298742771,0.08880094438791275,0.12375766038894653,1377.256103515625,52.4566535949707,0.018897660076618195,0.09907837212085724,0.13746875524520874
60,1235.357421875,47.42844772338867,0.015313356183469296,0.0887877568602562,0.12374714761972427,1380.54150390625,52.39331817626953,0.01894131302833557,0.0991412103176117,0.13762743771076202
61,1229.0499267578125,47.493080139160156,0.01527079101651907,0.08858189731836319,0.12357504665851593,1375.5947265625,52.28763961791992,0.018841860815882683,0.09972479939460754,0.1372656524181366
62,1235.404052734375,47.112327575683594,0.01525711640715599,0.08868222683668137,0.12351970374584198,1375.131103515625,51.95294189453125,0.018752841278910637,0.09870103001594543,0.13694101572036743
63,1237.013671875,46.763893127441406,0.015220936387777328,0.08821914345026016,0.12337315827608109,1376.6953125,51.50917434692383,0.01870281621813774,0.0988396406173706,0.1367582380771637
64,1239.949462890625,47.02105712890625,0.01522438321262598,0.08831892907619476,0.12338712811470032,1374.2542724609375,51.890037536621094,0.018727442249655724,0.09894327074289322,0.13684824109077454
65,1234.06494140625,46.850914001464844,0.015223831869661808,0.08858229964971542,0.12338489294052124,1374.1761474609375,51.425682067871094,0.01863205060362816,0.09873230755329132,0.13649927079677582
66,1234.2359619140625,47.15587615966797,0.015225240029394627,0.08863396942615509,0.12339060008525848,1373.6685791015625,51.412864685058594,0.01860850676894188,0.09822482615709305,0.13641300797462463
67,1237.24365234375,46.92340087890625,0.01521345041692257,0.08789820969104767,0.12334281951189041,1372.5863037109375,51.02406311035156,0.01852426677942276,0.0988047793507576,0.13610386848449707
68,1238.92578125,47.204742431640625,0.015203156508505344,0.08838772028684616,0.12330108135938644,1375.035400390625,51.51628494262695,0.018664525821805,0.09903781861066818,0.13661818206310272
69,1229.5433349609375,46.752357482910156,0.015140462666749954,0.08824579417705536,0.12304658442735672,1375.698486328125,51.001380920410156,0.018583636730909348,0.09847599267959595,0.1363218128681183
70,1225.1707763671875,46.00465774536133,0.015061466954648495,0.08795911818742752,0.12272518128156662,1374.46923828125,51.596275329589844,0.01866201125085354,0.09828662127256393,0.13660897314548492
71,1236.747314453125,46.85170364379883,0.015131426975131035,0.0875236764550209,0.12300986796617508,1371.235595703125,51.58604049682617,0.0186096653342247,0.09891906380653381,0.1364172399044037
72,1239.732177734375,46.651859283447266,0.015126562677323818,0.08774948865175247,0.12299009412527084,1377.499755859375,51.14217758178711,0.018629485741257668,0.09804864227771759,0.1364898830652237
73,1229.357421875,46.540306091308594,0.015066389925777912,0.08790569752454758,0.12274522334337234,1374.649658203125,50.89667510986328,0.01852179877460003,0.09806274622678757,0.1360948085784912
74,1232.609619140625,46.31318664550781,0.01506380457431078,0.08748053759336472,0.12273469567298889,1376.650146484375,50.92942428588867,0.018566081300377846,0.0979582667350769,0.13625741004943848
75,1236.288330078125,46.455875396728516,0.015001766383647919,0.08748149871826172,0.12248169630765915,1374.6676025390625,51.71879959106445,0.018683839589357376,0.09819711744785309,0.13668882846832275
76,1231.08349609375,46.43332290649414,0.015039486810564995,0.08740630000829697,0.12263558059930801,1374.082763671875,50.67604446411133,0.018476499244570732,0.0980084240436554,0.13592827320098877
77,1233.2274169921875,46.617618560791016,0.015038986690342426,0.08761802315711975,0.12263354659080505,1374.2464599609375,51.06544876098633,0.018566258251667023,0.09855576604604721,0.1362580507993698
78,1227.432373046875,46.402679443359375,0.01496972981840372,0.0876348689198494,0.12235085666179657,1378.91796875,51.448219299316406,0.01871028169989586,0.09830351918935776,0.13678553700447083
79,1232.089599609375,46.28048324584961,0.014992160722613335,0.0874527245759964,0.12244247645139694,1377.447998046875,51.2553825378418,0.018650004640221596,0.09843132644891739,0.13656501471996307
80,1238.329345703125,46.25792694091797,0.0151223661378026,0.08774890750646591,0.12297303229570389,1381.4373779296875,50.437801361083984,0.018551772460341454,0.09775760024785995,0.13620489835739136
81,1230.496826171875,46.09010314941406,0.014951014891266823,0.08698931336402893,0.12227434664964676,1375.7169189453125,50.28291320800781,0.018432408571243286,0.09765366464853287,0.13576599955558777
82,1228.444091796875,46.139156341552734,0.01494150422513485,0.08717022091150284,0.12223544716835022,1373.137939453125,50.84771728515625,0.01849794015288353,0.09792052954435349,0.1360071301460266
83,1229.4404296875,45.960079193115234,0.014972514472901821,0.08722468465566635,0.12236222624778748,1374.8214111328125,50.657711029052734,0.018478546291589737,0.09793134033679962,0.13593581318855286
84,1227.572021484375,46.333213806152344,0.015004104003310204,0.08757445961236954,0.12249124050140381,1372.7950439453125,50.54030990600586,0.018435847014188766,0.09751128405332565,0.13577868044376373
85,1218.318115234375,46.05659866333008,0.01489750761538744,0.08706783503293991,0.12205534428358078,1373.90283203125,51.07317352294922,0.018549242988228798,0.09845014661550522,0.1361956000328064
86,1219.008056640625,45.99445724487305,0.014891545288264751,0.08682841062545776,0.12203092128038406,1377.096923828125,50.5048713684082,0.01851191557943821,0.0982447937130928,0.1360584944486618
87,1233.5042724609375,46.255027770996094,0.014906737953424454,0.08710990846157074,0.12209315598011017,1374.320068359375,50.40163803100586,0.01843436434864998,0.09757556021213531,0.1357732117176056
88,1222.732177734375,45.810707092285156,0.014847087673842907,0.08671241998672485,0.12184862792491913,1372.2154541015625,50.112178802490234,0.018338840454816818,0.09771554917097092,0.13542097806930542
89,1228.0360107421875,46.07435989379883,0.01483648270368576,0.08725569397211075,0.1218051090836525,1376.180419921875,50.17787551879883,0.018413277342915535,0.09751687198877335,0.13569553196430206
90,1227.6834716796875,46.31401824951172,0.0148328747600317,0.08694104105234146,0.12179028987884521,1376.7904052734375,50.48362731933594,0.018482347950339317,0.09717579185962677,0.13594980537891388
91,1222.5570068359375,46.0721321105957,0.014839796349406242,0.08695613592863083,0.12181870639324188,1377.0615234375,50.415748596191406,0.018504180014133453,0.09763359278440475,0.13603006303310394
92,1224.745361328125,46.08411407470703,0.014846174977719784,0.08666640520095825,0.12184488028287888,1373.1173095703125,50.092926025390625,0.018354494124650955,0.09711135923862457,0.13547876477241516
93,1223.1673583984375,45.34355926513672,0.014815391041338444,0.08695372939109802,0.12171848118305206,1373.7965087890625,50.36568069458008,0.018422922119498253,0.09763538837432861,0.1357310712337494
94,1221.6697998046875,45.431800842285156,0.01476456131786108,0.08648813515901566,0.12150951474905014,1374.6363525390625,50.42686080932617,0.018450088798999786,0.0977340042591095,0.1358311027288437
95,1229.2386474609375,45.692447662353516,0.01483495719730854,0.08683561533689499,0.12179885059595108,1375.540283203125,49.851112365722656,0.018343275412917137,0.09690266847610474,0.13543735444545746
96,1217.333740234375,46.21611022949219,0.01477617584168911,0.0865330696105957,0.12155729532241821,1372.4620361328125,50.14830780029297,0.018350403755903244,0.09677035361528397,0.1354636549949646
97,1218.8028564453125,45.58645248413086,0.014696353115141392,0.08648131787776947,0.12122851610183716,1376.4388427734375,49.8806266784668,0.018370235338807106,0.09728852659463882,0.13553683459758759
98,1219.4886474609375,45.700504302978516,0.014770478010177612,0.08653274178504944,0.12153385579586029,1372.943603515625,49.79352569580078,0.018288232386112213,0.09742296487092972,0.13523399829864502
99,1219.065673828125,45.810726165771484,0.014707566238939762,0.08685789257287979,0.12127476185560226,1377.585205078125,49.94327926635742,0.01840132102370262,0.09672009944915771,0.13565146923065186
100,1223.198486328125,46.37703323364258,0.014761991798877716,0.08645519614219666,0.12149893492460251,1372.4508056640625,50.212913513183594,0.018377481028437614,0.09790520370006561,0.13556356728076935
101,1223.580078125,46.152339935302734,0.014795121736824512,0.08711542934179306,0.12163519859313965,1377.3365478515625,50.31252670288086,0.018480412662029266,0.09716135263442993,0.13594268262386322
102,1221.3577880859375,45.880306243896484,0.014726280234754086,0.08650767058134079,0.12135188281536102,1373.2232666015625,50.183231353759766,0.01836831122636795,0.09729155153036118,0.13552974164485931
103,1226.660888671875,45.33723449707031,0.014659836888313293,0.0860925242304802,0.12107782065868378,1374.836669921875,49.63854217529297,0.018299918621778488,0.0973106250166893,0.13527719676494598
104,1212.2294921875,45.36933517456055,0.014652744866907597,0.08674156665802002,0.12104853242635727,1372.9447021484375,49.72261428833008,0.018282584846019745,0.0967419296503067,0.13521310687065125
105,1217.539794921875,45.45716094970703,0.014644013717770576,0.08625681698322296,0.12101244926452637,1375.264404296875,49.69304275512695,0.018303312361240387,0.09638828784227371,0.1352897435426712
106,1221.4066162109375,45.67531204223633,0.014684097841382027,0.08659838140010834,0.12117795646190643,1374.7415771484375,49.660301208496094,0.01829179748892784,0.09660253673791885,0.13524717092514038
107,1217.91796875,45.625999450683594,0.01467012520879507,0.0864696204662323,0.12112028896808624,1373.6038818359375,49.99761199951172,0.01834588125348091,0.0968627780675888,0.1354469656944275
108,1213.269287109375,45.14064025878906,0.014563742093741894,0.08637162297964096,0.12068033218383789,1380.4681396484375,49.49211883544922,0.018385043367743492,0.09733765572309494,0.13559146225452423
109,1216.126220703125,45.53367614746094,0.014626878313720226,0.08611512184143066,0.1209416314959526,1377.860595703125,50.03803253173828,0.018422655761241913,0.09679257124662399,0.1357300877571106
110,1211.9810791015625,45.56876754760742,0.014558208175003529,0.08598372340202332,0.12065739929676056,1375.7098388671875,50.056907653808594,0.018381813541054726,0.09686082601547241,0.13557954132556915
111,1207.1131591796875,45.45232009887695,0.014561450108885765,0.0861181914806366,0.12067083269357681,1379.7232666015625,50.20775604248047,0.018490927293896675,0.0967213362455368,0.13598136603832245
112,1220.205078125,45.424381256103516,0.014552995562553406,0.08616700768470764,0.12063579261302948,1375.6982421875,49.907958984375,0.018351566046476364,0.09635093808174133,0.13546796143054962
113,1215.17919921875,45.3995246887207,0.014535137452185154,0.08589590340852737,0.12056176364421844,1380.9871826171875,49.636512756347656,0.018407655879855156,0.09628622233867645,0.13567481935024261
114,1208.718505859375,45.52402877807617,0.014514503069221973,0.08560966700315475,0.1204761490225792,1375.4000244140625,51.16522979736328,0.018598750233650208,0.09839113056659698,0.1363772451877594
115,1212.4737548828125,45.623836517333984,0.014552098698914051,0.08599361032247543,0.12063208967447281,1377.0330810546875,49.628414154052734,0.01833137311041355,0.09706506878137589,0.1353933960199356
116,1202.338623046875,45.56894302368164,0.014513331465423107,0.08612669259309769,0.12047129124403,1375.179443359375,51.24424362182617,0.01860618405044079,0.09809406101703644,0.13640448451042175
117,1213.140380859375,45.13239288330078,0.014501398429274559,0.08604513853788376,0.12042175978422165,1372.7958984375,49.86326217651367,0.018296165391802788,0.09668426215648651,0.1352633237838745
118,1212.3985595703125,45.06291198730469,0.014449060894548893,0.08568871021270752,0.12020424753427505,1374.3895263671875,49.75432205200195,0.018297674134373665,0.09625918418169022,0.13526888191699982
119,1204.393310546875,44.82597732543945,0.014342674985527992,0.08517924696207047,0.1197609081864357,1376.0421142578125,49.389617919921875,0.018259845674037933,0.0967649593949318,0.13512898981571198
120,1205.374755859375,45.16871643066406,0.014451613649725914,0.0858205184340477,0.12021486461162567,1377.1044921875,49.45398712158203,0.018299544230103493,0.0965849906206131,0.13527581095695496
121,1208.235107421875,45.0047607421875,0.014381378889083862,0.08510475605726242,0.11992239207029343,1374.964599609375,49.78215026855469,0.018324848264455795,0.09721488505601883,0.13536930084228516
122,1210.104248046875,44.96892166137695,0.014368205331265926,0.08576139062643051,0.11986744403839111,1379.57470703125,49.29979705810547,0.018306374549865723,0.09608563780784607,0.13530105352401733
123,1204.5604248046875,45.01154708862305,0.014407528564333916,0.08541205525398254,0.12003137171268463,1374.9891357421875,49.52077102661133,0.018259400501847267,0.09608783572912216,0.13512735068798065
124,1213.028076171875,45.05453872680664,0.014386655762791634,0.0855310708284378,0.11994439363479614,1383.433837890625,49.66189193725586,0.018449798226356506,0.09693923592567444,0.13583002984523773
125,1205.560302734375,44.8857307434082,0.014448930509388447,0.08564663678407669,0.12020370364189148,1381.6383056640625,49.2953987121582,0.018344128504395485,0.09598405659198761,0.13544049859046936
126,1210.004638671875,44.85134506225586,0.014440803788602352,0.08530367165803909,0.12016989290714264,1376.492919921875,49.638065338134766,0.018320376053452492,0.09641164541244507,0.13535279035568237
127,1215.2789306640625,44.799068450927734,0.01448536291718483,0.08570440113544464,0.12035515159368515,1375.3887939453125,49.35104751586914,0.018249064683914185,0.09680764377117157,0.13508909940719604
128,1209.2537841796875,44.72249221801758,0.01440628431737423,0.08524315059185028,0.12002617865800858,1372.1600341796875,49.538082122802734,0.01820858009159565,0.09729892015457153,0.13493917882442474
129,1201.215576171875,44.91912841796875,0.014366436749696732,0.08563008904457092,0.11986006796360016,1374.6370849609375,49.11699676513672,0.01819143444299698,0.0965002104640007,0.13487562537193298
130,1206.6724853515625,44.952369689941406,0.014349515549838543,0.08514072000980377,0.11978946626186371,1377.6429443359375,49.35313415527344,0.018287185579538345,0.09616106003522873,0.13523012399673462
131,1203.71875,44.772300720214844,0.014293458312749863,0.08532542735338211,0.11955524981021881,1376.4937744140625,49.33184814453125,0.018256952986121178,0.09578334540128708,0.1351182907819748
132,1206.498779296875,44.48741912841797,0.014308837242424488,0.08502304553985596,0.11961954832077026,1376.24072265625,49.819236755371094,0.018341414630413055,0.09621445089578629,0.1354304850101471
133,1208.3497314453125,44.65422058105469,0.014295672066509724,0.08528581261634827,0.11956451088190079,1378.12158203125,49.488380432128906,0.018318528309464455,0.09567897021770477,0.1353459507226944
134,1212.122802734375,44.78770065307617,0.014303306117653847,0.08507441729307175,0.11959642916917801,1375.762939453125,49.26956558227539,0.018243998289108276,0.0963587611913681,0.135070338845253
135,1205.125244140625,44.80133819580078,0.014308319427073002,0.08527357876300812,0.11961738765239716,1374.5416259765625,49.14105224609375,0.01818317174911499,0.09621226787567139,0.13484498858451843
136,1203.7783203125,44.8770751953125,0.014273544773459435,0.08485940843820572,0.11947193741798401,1373.4761962890625,49.01472091674805,0.018144601956009865,0.09627953916788101,0.1347019076347351
137,1202.2972412109375,44.97844696044922,0.01427548285573721,0.0856015756726265,0.11948005110025406,1378.00732421875,48.75811004638672,0.018184222280979156,0.09582255780696869,0.13484889268875122
138,1199.3280029296875,45.08707046508789,0.014239517040550709,0.08499696105718613,0.11932944506406784,1374.730224609375,49.690208435058594,0.018306955695152283,0.09638289362192154,0.13530319929122925
139,1209.17529296875,45.125694274902344,0.01433047465980053,0.08532291650772095,0.11970996111631393,1377.507568359375,48.985382080078125,0.01822582818567753,0.09676312655210495,0.13500306010246277
140,1199.5357666015625,44.43967819213867,0.014220102690160275,0.08512117713689804,0.11924806982278824,1378.7005615234375,49.18035125732422,0.018291080370545387,0.09603042900562286,0.13524451851844788
141,1206.78076171875,44.619937896728516,0.014184661209583282,0.08470407873392105,0.11909937858581543,1374.7054443359375,49.12729263305664,0.018193334341049194,0.09638092666864395,0.13488265872001648
142,1204.927001953125,45.041282653808594,0.014267663471400738,0.08494001626968384,0.11944732069969177,1376.142333984375,49.073944091796875,0.018224861472845078,0.09669487178325653,0.13499948382377625
143,1205.00244140625,45.01161193847656,0.014294744469225407,0.08492754399776459,0.11956062912940979,1376.2113037109375,49.10875701904297,0.01822769083082676,0.09651530534029007,0.13500995934009552
144,1207.5863037109375,44.685115814208984,0.014231029897928238,0.08494595438241959,0.11929388344287872,1375.0760498046875,49.99941635131836,0.018362361937761307,0.09661471098661423,0.13550779223442078
145,1197.34130859375,44.564571380615234,0.014196401461958885,0.08481094986200333,0.11914864927530289,1375.675048828125,49.42947006225586,0.018275516107678413,0.09662963449954987,0.13518697023391724
146,1202.673583984375,44.31529998779297,0.014159783720970154,0.08467283844947815,0.11899489909410477,1378.7330322265625,48.81707763671875,0.01820085570216179,0.09542197734117508,0.13491055369377136
147,1196.9786376953125,44.200965881347656,0.014176658354699612,0.0845608189702034,0.1190657764673233,1377.232177734375,49.708457946777344,0.018347643315792084,0.09624417126178741,0.135453462600708
148,1196.796875,44.23564910888672,0.014112552627921104,0.08438591659069061,0.11879626661539078,1376.4134521484375,49.647953033447266,0.018323326483368874,0.09643784165382385,0.13536368310451508
149,1207.44482421875,44.65480041503906,0.014245725236833096,0.08516757190227509,0.1193554550409317,1379.2193603515625,48.82694625854492,0.018225623294711113,0.0959179699420929,0.13500231504440308
150,1194.9576416015625,44.36191177368164,0.014171433635056019,0.08462841063737869,0.11904382705688477,1381.467041015625,49.067665100097656,0.01831618696451187,0.09615455567836761,0.13533729314804077
151,1197.283203125,44.59470748901367,0.014181708917021751,0.08475540578365326,0.11908698081970215,1378.49609375,48.71188735961914,0.018195893615484238,0.09667269885540009,0.13489215075969696
152,1195.666259765625,44.33635711669922,0.014101415872573853,0.08463231474161148,0.11874938011169434,1378.7891845703125,48.655860900878906,0.01818162389099598,0.09592538326978683,0.1348392516374588
153,1202.6282958984375,44.272830963134766,0.01411450281739235,0.08432306349277496,0.11880446970462799,1377.72021484375,49.1391487121582,0.018249530345201492,0.09645052999258041,0.13509082794189453
154,1201.547607421875,44.69757843017578,0.014156607910990715,0.08477825671434402,0.11898154765367508,1380.705810546875,48.566932678222656,0.018203005194664,0.0956946462392807,0.13491851091384888
155,1192.984619140625,44.42037582397461,0.014107627794146538,0.08453650772571564,0.11877553164958954,1376.8236083984375,48.621925354003906,0.018136480823159218,0.09650874882936478,0.13467174768447876
156,1197.533935546875,44.42142105102539,0.014072450809180737,0.08428609371185303,0.11862736195325851,1378.346923828125,48.55495834350586,0.018147047609090805,0.09593775123357773,0.13471098244190216
157,1199.907958984375,44.407264709472656,0.014122871682047844,0.08430176228284836,0.11883969604969025,1379.1424560546875,49.25762939453125,0.01829627715051174,0.09704697132110596,0.13526372611522675
158,1201.517578125,44.72200012207031,0.014208853244781494,0.08528373390436172,0.11920089274644852,1383.223388671875,49.288978576660156,0.018388798460364342,0.09655880182981491,0.13560530543327332
159,1195.402587890625,44.42092514038086,0.014154653996229172,0.08453309535980225,0.11897332966327667,1379.554931640625,50.01996612548828,0.018450334668159485,0.0968167707324028,0.1358320116996765
160,1203.708251953125,44.59437942504883,0.014097630977630615,0.08481743186712265,0.11873345077037811,1383.279052734375,49.618988037109375,0.01846383325755596,0.09658908098936081,0.1358816921710968
161,1202.5574951171875,44.565528869628906,0.014137785881757736,0.08481688052415848,0.11890242248773575,1384.2755126953125,48.73876190185547,0.01832282543182373,0.09646803885698318,0.13536182045936584
162,1201.585205078125,44.58506774902344,0.01411028578877449,0.08448281139135361,0.11878672242164612,1379.3695068359375,48.58890914916992,0.018193833529949188,0.09617337584495544,0.1348845213651657
163,1202.35986328125,43.84624481201172,0.014083797112107277,0.08451095223426819,0.11867517232894897,1382.8359375,48.749839782714844,0.018272288143634796,0.09615829586982727,0.13517503440380096
164,1198.2728271484375,44.270843505859375,0.014122387394309044,0.08467783778905869,0.11883765459060669,1379.332275390625,48.44730758666992,0.018153345212340355,0.09611707925796509,0.1347343474626541
165,1194.32861328125,44.175636291503906,0.014051026664674282,0.08434537798166275,0.11853702366352081,1379.2535400390625,48.455196380615234,0.01816285029053688,0.09628468751907349,0.13476961851119995
166,1197.762451171875,44.248748779296875,0.01413700170814991,0.08474896848201752,0.11889912188053131,1382.460693359375,48.742820739746094,0.018302297219634056,0.09705598652362823,0.13528598845005035
167,1197.330322265625,44.390785217285156,0.014123890548944473,0.08459722250699997,0.11884397268295288,1379.55419921875,48.34273910522461,0.018144024536013603,0.09588060528039932,0.1346997618675232
168,1192.563720703125,44.145713806152344,0.014006753452122211,0.08392341434955597,0.11835013329982758,1379.568603515625,48.67405700683594,0.018241263926029205,0.09741558879613876,0.13506022095680237
169,1201.05615234375,44.54423522949219,0.014180399477481842,0.08503629267215729,0.11908148974180222,1377.264404296875,49.4453239440918,0.01831873506307602,0.09675782918930054,0.13534672558307648
170,1197.508056640625,44.352691650390625,0.014067365787923336,0.08451329916715622,0.11860592663288116,1378.4852294921875,48.790550231933594,0.0182181429117918,0.09612392634153366,0.13497459888458252
171,1192.6939697265625,44.2606315612793,0.014028250239789486,0.08445611596107483,0.11844091862440109,1375.7921142578125,48.50948715209961,0.018128221854567528,0.09649044275283813,0.13464108109474182
172,1196.088134765625,44.53466796875,0.014041421003639698,0.08423447608947754,0.11849649995565414,1378.340576171875,49.400123596191406,0.018344487994909286,0.09703706949949265,0.1354418247938156
173,1187.035400390625,44.05735397338867,0.01399549376219511,0.08428332209587097,0.11830255389213562,1374.3997802734375,48.42725372314453,0.01808580569922924,0.09634888917207718,0.1344834864139557
174,1186.8438720703125,44.49339294433594,0.014008083380758762,0.08434074372053146,0.11835574358701706,1380.62109375,48.92340850830078,0.018311338499188423,0.0966581255197525,0.13531939685344696
175,1191.7139892578125,44.42131423950195,0.014016945846378803,0.08445291966199875,0.1183931827545166,1377.7890625,48.68169021606445,0.018200434744358063,0.09648142009973526,0.134908989071846
176,1195.4407958984375,44.201297760009766,0.014021998271346092,0.08468703925609589,0.11841452121734619,1377.6220703125,48.71888732910156,0.018201500177383423,0.0960332378745079,0.13491293787956238
177,1189.6458740234375,44.074703216552734,0.014016823843121529,0.08398774266242981,0.11839266121387482,1379.6529541015625,48.974037170410156,0.018303953111171722,0.09758984297513962,0.13529209792613983
178,1192.9638671875,43.9378662109375,0.013947278261184692,0.08405934274196625,0.11809860169887543,1377.67578125,48.88227844238281,0.018238401040434837,0.0965878888964653,0.13504962623119354
179,1188.2169189453125,43.90147018432617,0.01391875185072422,0.08411915600299835,0.11797775328159332,1376.1153564453125,48.37408447265625,0.018107416108250618,0.09606335312128067,0.13456380367279053
180,1185.8289794921875,43.950340270996094,0.013929905369877815,0.08415508270263672,0.11802501976490021,1377.036376953125,48.831520080566406,0.018211189657449722,0.09621270000934601,0.13494883477687836
181,1190.260009765625,44.449928283691406,0.013949736952781677,0.08416177332401276,0.11810900270938873,1383.844482421875,48.7916145324707,0.018319224938750267,0.09635601937770844,0.13534852862358093
182,1192.238525390625,44.008323669433594,0.013978774659335613,0.08384519070386887,0.1182318702340126,1377.831298828125,49.143882751464844,0.018284181132912636,0.09663987159729004,0.135219007730484
183,1187.3917236328125,44.40690994262695,0.013961218297481537,0.08456118404865265,0.11815760284662247,1379.948486328125,48.74141311645508,0.018251625820994377,0.09651090949773788,0.13509857654571533
184,1195.203369140625,44.48760223388672,0.013971792533993721,0.08411855250597,0.118202343583107,1375.2203369140625,48.372928619384766,0.018082216382026672,0.09596634656190872,0.134470134973526
185,1185.998779296875,44.12529754638672,0.01394684799015522,0.08404315263032913,0.11809677630662918,1375.077880859375,49.07143020629883,0.018229147419333458,0.09669388085603714,0.1350153535604477
186,1192.9776611328125,44.08529281616211,0.013963612727820873,0.08414766937494278,0.11816772818565369,1377.814208984375,48.50971603393555,0.018174856901168823,0.09721127152442932,0.13481414318084717
187,1190.0787353515625,44.095542907714844,0.013948742300271988,0.08441479504108429,0.11810479313135147,1378.373291015625,48.656402587890625,0.018210822716355324,0.0966833233833313,0.1349474936723709
188,1185.6954345703125,44.537296295166016,0.01393999345600605,0.08406753838062286,0.11806775629520416,1375.4339599609375,48.98271942138672,0.018220003694295883,0.09694435447454453,0.13498149812221527
189,1186.6923828125,44.16802215576172,0.01391573529690504,0.08434376865625381,0.117964968085289,1380.091552734375,49.08229064941406,0.018323469907045364,0.09672203660011292,0.13536420464515686
190,1193.13720703125,44.47554016113281,0.013956260867416859,0.08401976525783539,0.11813662201166153,1377.6766357421875,48.67240905761719,0.018188871443271637,0.09645900875329971,0.1348661184310913
191,1193.7135009765625,43.94296646118164,0.013937732204794884,0.08426298201084137,0.11805817484855652,1377.6580810546875,48.565277099609375,0.018173890188336372,0.09640246629714966,0.13481056690216064
192,1180.7650146484375,44.08740997314453,0.013870460912585258,0.08384091407060623,0.11777292191982269,1380.9302978515625,49.019874572753906,0.018333543092012405,0.09716860204935074,0.1354014128446579
193,1191.1171875,44.26818084716797,0.013955820351839066,0.08448991924524307,0.1181347519159317,1382.385498046875,48.70219421386719,0.018289033323526382,0.09639374166727066,0.1352369487285614
194,1186.393798828125,44.26332092285156,0.013956773094832897,0.08426540344953537,0.11813879013061523,1376.25390625,48.494598388671875,0.01814354583621025,0.09627719223499298,0.13469798862934113
195,1191.73095703125,44.11357116699219,0.01389519963413477,0.08402245491743088,0.11787790060043335,1375.2340087890625,49.46239471435547,0.01830470561981201,0.09691974520683289,0.13529488444328308
196,1186.52490234375,44.49152755737305,0.013941335491836071,0.08423490822315216,0.11807343363761902,1380.5692138671875,48.594478607177734,0.01823388785123825,0.09670455008745193,0.13503290712833405
197,1190.8511962890625,44.22148513793945,0.013960940763354301,0.08397839218378067,0.11815642565488815,1376.8875732421875,49.184486389160156,0.01826792024075985,0.09677746146917343,0.13515886664390564
198,1187.011962890625,44.05596160888672,0.013930019922554493,0.0839797779917717,0.11802550405263901,1382.0731201171875,48.803916931152344,0.018318630754947662,0.09766446799039841,0.13534633815288544
199,1187.377685546875,44.14248275756836,0.013991204090416431,0.0844520777463913,0.11828441917896271,1377.831787109375,48.46767044067383,0.01817202754318714,0.09679873287677765,0.1348036676645279
200,1179.6982421875,43.97002029418945,0.013838197104632854,0.08387497812509537,0.11763586848974228,1380.252685546875,48.19165802001953,0.018146712332963943,0.09648557007312775,0.13470973074436188
201,1187.439697265625,44.645599365234375,0.013937795534729958,0.08424574881792068,0.11805843561887741,1376.9468994140625,48.36355209350586,0.01812581904232502,0.09592924267053604,0.1346321552991867
202,1192.840087890625,44.31671905517578,0.01391611434519291,0.08410648256540298,0.11796658486127853,1379.741943359375,48.532493591308594,0.018208807334303856,0.09618982672691345,0.1349400132894516
203,1186.0599365234375,44.26357650756836,0.013916012831032276,0.08418026566505432,0.11796615272760391,1378.578125,48.46691131591797,0.0181785449385643,0.09654083102941513,0.13482782244682312
204,1186.3992919921875,44.08295822143555,0.013849135488271713,0.08369889855384827,0.11768234521150589,1377.718994140625,48.43359375,0.01815815456211567,0.09648965299129486,0.13475219905376434
205,1183.4761962890625,44.13663101196289,0.013889733701944351,0.08364471793174744,0.11785471439361572,1376.9976806640625,49.176944732666016,0.018280547112226486,0.09717578440904617,0.13520556688308716
206,1178.85400390625,44.562564849853516,0.01386735588312149,0.0840645357966423,0.11775973439216614,1377.293212890625,49.9254264831543,0.01841721311211586,0.09709585458040237,0.13571003079414368
207,1188.8939208984375,44.668609619140625,0.013964943587779999,0.08420363068580627,0.11817336827516556,1376.841796875,48.68685531616211,0.01817711442708969,0.09661518782377243,0.1348225325345993
208,1179.26513671875,44.02753448486328,0.01386269647628069,0.08390401303768158,0.1177399531006813,1375.9981689453125,48.45192337036133,0.018125183880329132,0.09676773101091385,0.13462980091571808
209,1192.4190673828125,44.56249237060547,0.013934974558651447,0.08403260260820389,0.11804649233818054,1379.39453125,48.540008544921875,0.01820492185652256,0.09722553193569183,0.13492561876773834
210,1190.410400390625,44.020572662353516,0.0138491690158844,0.08412688225507736,0.11768249422311783,1378.9404296875,48.32079315185547,0.0181619580835104,0.09617311507463455,0.1347663253545761
211,1188.9481201171875,43.99074935913086,0.013834339566528797,0.08388631790876389,0.11761946976184845,1378.491943359375,48.58833694458008,0.018187714740633965,0.09642815589904785,0.13486182689666748
212,1188.367919921875,44.14412307739258,0.013880223035812378,0.08379308879375458,0.11781436204910278,1376.3148193359375,49.14239501953125,0.018262486904859543,0.09687766432762146,0.13513876497745514
213,1185.066650390625,44.263492584228516,0.013859030790627003,0.083855040371418,0.11772438138723373,1377.2818603515625,48.764122009277344,0.01820661686360836,0.09697987139225006,0.13493189215660095
214,1183.6798095703125,44.501441955566406,0.01395847275853157,0.08448735624551773,0.11814597249031067,1379.927001953125,48.50973129272461,0.01821238361299038,0.09631223976612091,0.13495326042175293
215,1186.3114013671875,44.065208435058594,0.013864103704690933,0.08382155001163483,0.11774592846632004,1377.2850341796875,49.37968063354492,0.018330642953515053,0.09695783257484436,0.13539071381092072
216,1186.195556640625,44.04172897338867,0.013829515315592289,0.08392449468374252,0.11759895831346512,1381.0947265625,48.4173583984375,0.0182111207395792,0.09584018588066101,0.13494858145713806
217,1189.236328125,44.161720275878906,0.013930156826972961,0.08402525633573532,0.11802607774734497,1376.638671875,48.807167053222656,0.018211301416158676,0.09631332755088806,0.13494925200939178
218,1180.085205078125,44.01805877685547,0.013847332447767258,0.08359800279140472,0.11767468601465225,1373.8255615234375,48.827110290527344,0.01815938763320446,0.09640800952911377,0.13475677371025085
219,1188.942626953125,44.23977279663086,0.013892536982893944,0.08386749029159546,0.11786660552024841,1378.7939453125,49.04035949707031,0.01830429956316948,0.09691796451807022,0.1352933794260025
220,1180.288330078125,44.061370849609375,0.013848768547177315,0.08385901153087616,0.11768078804016113,1378.21337890625,48.61833190917969,0.018196897581219673,0.09624708443880081,0.13489587604999542
221,1183.6114501953125,44.063629150390625,0.013872000388801098,0.08373894542455673,0.1177794560790062,1377.60400390625,48.5321044921875,0.01818019524216652,0.09668131172657013,0.13483396172523499
222,1185.4422607421875,44.17471694946289,0.01385828573256731,0.08381649106740952,0.11772122234106064,1376.8968505859375,48.932376861572266,0.01823248341679573,0.096729576587677,0.1350277066230774
223,1186.1719970703125,44.38980484008789,0.013837643899023533,0.08370799571275711,0.11763351410627365,1376.0089111328125,49.050926208496094,0.018248198553919792,0.09640258550643921,0.13508589565753937
224,1179.8050537109375,44.35242462158203,0.013817784376442432,0.08370225131511688,0.11754907667636871,1375.445068359375,48.926307678222656,0.01820410043001175,0.09641076624393463,0.1349225789308548
225,1184.084228515625,44.10540771484375,0.013806873932480812,0.08373471349477768,0.11750265210866928,1376.0791015625,48.07238006591797,0.018064411357045174,0.09599760919809341,0.13440391421318054
226,1184.2608642578125,43.97283935546875,0.01381795946508646,0.08350930362939835,0.1175498217344284,1377.03759765625,48.51670455932617,0.01815858855843544,0.09648435562849045,0.13475380837917328
227,1180.5789794921875,44.381919860839844,0.013836928643286228,0.08385279029607773,0.1176304742693901,1375.4324951171875,48.25127410888672,0.018086057156324387,0.09594450891017914,0.1344844102859497
228,1175.7584228515625,44.15009689331055,0.013795309700071812,0.08349695801734924,0.117453433573246,1378.305908203125,48.38693618774414,0.018152443692088127,0.09592527896165848,0.1347310096025467
229,1185.8973388671875,44.15760803222656,0.013813978061079979,0.08387099206447601,0.1175328865647316,1378.2620849609375,48.34567642211914,0.0181485153734684,0.09623599797487259,0.13471642136573792
230,1178.843994140625,44.508750915527344,0.013834199868142605,0.08385638147592545,0.1176188737154007,1378.8468017578125,49.003379821777344,0.01830621436238289,0.09704150259494781,0.13530045747756958
231,1180.6724853515625,44.18623352050781,0.013813992962241173,0.08370229601860046,0.11753294616937637,1377.2490234375,49.584800720214844,0.018364639952778816,0.09715236723423004,0.1355161964893341
232,1181.6796875,44.55355453491211,0.013864411041140556,0.0841125026345253,0.1177472397685051,1378.9273681640625,48.37651062011719,0.018181268125772476,0.09651707112789154,0.13483792543411255
233,1190.7919921875,44.154544830322266,0.013838364742696285,0.08376190066337585,0.11763657629489899,1380.4112548828125,48.173187255859375,0.01815621368587017,0.09633809328079224,0.13474500179290771
234,1191.252685546875,44.45669174194336,0.01395042147487402,0.08431252092123032,0.11811190098524094,1378.647705078125,48.43689727783203,0.018187955021858215,0.09672349691390991,0.1348627209663391
235,1180.97314453125,44.2344970703125,0.013786555267870426,0.08373363316059113,0.11741615831851959,1378.6573486328125,48.605804443359375,0.018204011023044586,0.09666931629180908,0.13492223620414734
236,1185.274658203125,44.334503173828125,0.013804693706333637,0.0835457369685173,0.11749337613582611,1375.0294189453125,48.55977249145508,0.018152378499507904,0.0968933254480362,0.1347307711839676
237,1175.98681640625,44.08539962768555,0.013803522102534771,0.08379446715116501,0.11748839169740677,1377.646240234375,48.270301818847656,0.018129862844944,0.09653224050998688,0.1346471756696701
238,1184.2196044921875,44.05049514770508,0.013840396888554096,0.08380705863237381,0.11764521896839142,1376.8411865234375,48.403472900390625,0.01814507693052292,0.09642137587070465,0.1347036510705948
239,1177.1185302734375,44.27941131591797,0.013828081078827381,0.08385055512189865,0.11759286373853683,1378.6492919921875,48.205265045166016,0.018149998039007187,0.09637930989265442,0.13472193479537964
240,1187.507568359375,43.84021759033203,0.013807451352477074,0.08346500247716904,0.11750511080026627,1379.214599609375,48.46609878540039,0.018213018774986267,0.09707523882389069,0.13495561480522156
241,1179.47314453125,44.29085922241211,0.013849720358848572,0.08379648625850677,0.11768483370542526,1377.149169921875,48.5749397277832,0.01818668469786644,0.09654851257801056,0.13485801219940186
242,1188.388427734375,43.821311950683594,0.013796746730804443,0.08370453864336014,0.11745955049991608,1376.3980712890625,48.27069854736328,0.018109267577528954,0.0963745191693306,0.1345706731081009
243,1180.716064453125,44.14906692504883,0.013808821327984333,0.08389993011951447,0.11751094460487366,1376.132568359375,48.71379852294922,0.018189284950494766,0.09627658873796463,0.13486765325069427
244,1186.364501953125,43.99451446533203,0.013847128488123417,0.08356758207082748,0.1176738291978836,1375.16064453125,48.77894973754883,0.018182994797825813,0.09726859629154205,0.1348443478345871
245,1189.088623046875,44.182395935058594,0.013811924494802952,0.08380953967571259,0.1175241470336914,1376.3994140625,48.552978515625,0.01815505139529705,0.09643448144197464,0.1347406804561615
246,1186.26025390625,44.061439514160156,0.013784252107143402,0.0835714191198349,0.11740635335445404,1378.6810302734375,48.69565200805664,0.01822955533862114,0.096527598798275,0.13501687347888947
247,1181.360595703125,44.081993103027344,0.013801858760416508,0.08369891345500946,0.11748131364583969,1375.7833251953125,48.293846130371094,0.018095960840582848,0.09639143198728561,0.1345212310552597
248,1185.335693359375,43.82194137573242,0.013761439360678196,0.08357798308134079,0.11730916798114777,1377.6378173828125,48.543460845947266,0.018183356150984764,0.09663108736276627,0.13484567403793335
249,1184.306396484375,44.17310333251953,0.013767441734671593,0.08341401070356369,0.117334745824337,1375.7896728515625,48.590492248535156,0.018159905448555946,0.09638377279043198,0.13475868105888367
250,1182.000732421875,43.87230682373047,0.013729670085012913,0.08358848839998245,0.11717367172241211,1378.582763671875,48.65431594848633,0.018206648528575897,0.09649956971406937,0.1349320113658905
251,1181.283203125,44.60197830200195,0.013846670277416706,0.08385825157165527,0.11767187714576721,1377.5113525390625,48.29551696777344,0.01812705583870411,0.09641948342323303,0.1346367597579956
252,1186.7135009765625,44.23259735107422,0.013764954172074795,0.08354971557855606,0.11732413619756699,1379.273681640625,48.38654327392578,0.01818089373409748,0.09635962545871735,0.13483653962612152
253,1182.085205078125,44.070953369140625,0.013746456243097782,0.08322729915380478,0.11724528670310974,1378.7884521484375,48.961204528808594,0.01830131933093071,0.09717357903718948,0.13528236746788025
254,1177.306396484375,44.08207702636719,0.013786557130515575,0.08353819698095322,0.11741617321968079,1375.00390625,48.51072311401367,0.018133511766791344,0.09662459045648575,0.1346607357263565
255,1175.5360107421875,44.124305725097656,0.013727767392992973,0.08357032388448715,0.11716555804014206,1378.44189453125,48.612586975097656,0.0182182639837265,0.09625162184238434,0.13497504591941833
256,1183.3436279296875,44.010257720947266,0.013785098679363728,0.0834595113992691,0.11740995943546295,1376.249267578125,48.714317321777344,0.018186025321483612,0.09621978551149368,0.13485556840896606
257,1175.8546142578125,44.01400375366211,0.013731318525969982,0.083211250603199,0.1171807125210762,1377.009033203125,48.948944091796875,0.018246930092573166,0.09685979038476944,0.1350811868906021
258,1182.046875,44.287574768066406,0.0137264309450984,0.0836758241057396,0.11715985834598541,1380.707275390625,48.54832077026367,0.01823984459042549,0.09650121629238129,0.13505497574806213
259,1183.39599609375,43.91398620605469,0.013793975114822388,0.08360210061073303,0.11744774878025055,1392.1123046875,48.74073791503906,0.0184897780418396,0.09638290107250214,0.1359771192073822
260,1177.45263671875,44.13752365112305,0.013825291767716408,0.08334481716156006,0.11758100241422653,1374.525146484375,48.40190505981445,0.018100496381521225,0.09663724899291992,0.13453808426856995
261,1180.1109619140625,44.128746032714844,0.0137649429962039,0.08345476537942886,0.1173240914940834,1376.41357421875,48.527305603027344,0.01815699227154255,0.09658805280923843,0.13474787771701813
262,1172.431884765625,43.91282272338867,0.013745438307523727,0.0833132416009903,0.11724094301462173,1381.6817626953125,48.66712188720703,0.018275827169418335,0.09712235629558563,0.13518811762332916
263,1178.5645751953125,44.02976608276367,0.013723855838179588,0.08357446640729904,0.11714886128902435,1380.7197265625,48.4034538269043,0.018213091418147087,0.0962996557354927,0.13495589792728424
264,1181.193603515625,44.2983283996582,0.01377377100288868,0.08357563614845276,0.11736170947551727,1376.8892822265625,48.36213302612305,0.018143806606531143,0.0961344987154007,0.13469895720481873
265,1173.8477783203125,44.040794372558594,0.01376276183873415,0.08352183550596237,0.11731480062007904,1376.296630859375,48.48595428466797,0.01814773865044117,0.09603829681873322,0.1347135454416275
266,1176.759765625,44.14588928222656,0.013753607869148254,0.08350108563899994,0.11727578192949295,1377.165771484375,48.24585723876953,0.018114568665623665,0.09615478664636612,0.13459037244319916
267,1177.59912109375,43.98816680908203,0.013772121630609035,0.08335475623607635,0.11735468357801437,1379.052001953125,48.711326599121094,0.018257739022374153,0.0965445339679718,0.1351211816072464
268,1183.1666259765625,44.012046813964844,0.013753475621342659,0.08354710042476654,0.11727521568536758,1379.18115234375,48.48738479614258,0.018202023580670357,0.09668406844139099,0.13491487503051758
269,1181.061767578125,43.657752990722656,0.013802268542349339,0.0833904817700386,0.11748305708169937,1378.4005126953125,48.357444763183594,0.018159272149205208,0.09630819410085678,0.13475634157657623
270,1177.0377197265625,43.850059509277344,0.013710841536521912,0.08356944471597672,0.11709330976009369,1377.538330078125,48.23417663574219,0.018123891204595566,0.09624137729406357,0.13462500274181366
271,1175.073486328125,43.942054748535156,0.013744239695370197,0.08362327516078949,0.11723583191633224,1380.9244384765625,48.67456817626953,0.018267538398504257,0.09637417644262314,0.13515745103359222
272,1186.759521484375,43.90839767456055,0.013779079541563988,0.08340451866388321,0.11738432198762894,1380.001220703125,48.40529251098633,0.01819714903831482,0.096087746322155,0.13489681482315063
273,1178.60498046875,44.169349670410156,0.013780713081359863,0.08338996022939682,0.11739128082990646,1381.5360107421875,48.511348724365234,0.018251515924930573,0.09678857028484344,0.1350981742143631
274,1179.386474609375,44.05117416381836,0.013771142810583115,0.08345315605401993,0.1173505187034607,1379.638671875,48.467716217041016,0.018197523429989815,0.09673594683408737,0.13489820063114166
275,1181.5001220703125,43.965057373046875,0.013739611022174358,0.08323685824871063,0.1172160804271698,1380.59716796875,48.61324691772461,0.018245162442326546,0.09682493656873703,0.1350746601819992
