epoch,RMSE_P,RMSE_T,loss,mean_absolute_error,root_mean_squared_error,val_RMSE_P,val_RMSE_T,val_loss,val_mean_absolute_error,val_root_mean_squared_error
0,4003.602783203125,396.68768310546875,0.4395661950111389,0.5099372267723083,0.6629979014396667,3527.600830078125,304.2823791503906,0.2747088372707367,0.4158799648284912,0.5241267085075378
1,3229.900634765625,281.6654357910156,0.23898805677890778,0.37022489309310913,0.4888640344142914,2968.684814453125,226.02658081054688,0.1659226417541504,0.315105676651001,0.40733602643013
2,2749.848876953125,213.734619140625,0.15009282529354095,0.28818267583847046,0.3874181807041168,2551.69287109375,183.4205780029297,0.11423590034246445,0.25958916544914246,0.337988018989563
3,2396.843994140625,174.0284881591797,0.10360848158597946,0.23866422474384308,0.3218827247619629,2244.537841796875,156.3528289794922,0.08502405881881714,0.22206562757492065,0.29158884286880493
4,2114.498779296875,144.66525268554688,0.07558293640613556,0.20483312010765076,0.27492350339889526,2019.6328125,136.22946166992188,0.06627792119979858,0.19486048817634583,0.25744497776031494
5,1949.247314453125,123.9737777709961,0.05782108008861542,0.17856068909168243,0.24046014249324799,1858.651611328125,118.26271057128906,0.05257461965084076,0.17270247638225555,0.22929155826568604
6,1800.0765380859375,105.98394775390625,0.04581820219755173,0.15883392095565796,0.21405187249183655,1740.400634765625,105.04994201660156,0.04353716969490051,0.15774206817150116,0.20865562558174133
7,1698.4517822265625,93.82508850097656,0.03802460804581642,0.14446891844272614,0.19499897956848145,1654.2457275390625,94.92749786376953,0.03736606985330582,0.14619095623493195,0.19330304861068726
8,1613.233154296875,84.54141998291016,0.03277131915092468,0.13362620770931244,0.18102850019931793,1584.057861328125,87.4862289428711,0.03300284594297409,0.1374380737543106,0.18166685104370117
9,1548.8009033203125,77.89839935302734,0.02911154180765152,0.12596145272254944,0.17062103748321533,1531.589111328125,82.06446838378906,0.02997150644659996,0.1308480203151703,0.1731228083372116
10,1495.885009765625,72.87474060058594,0.026507433503866196,0.12000963091850281,0.1628110408782959,1494.1287841796875,77.59658813476562,0.027726707980036736,0.1258164793252945,0.1665133833885193
11,1455.2740478515625,69.09638977050781,0.0246037058532238,0.11570154130458832,0.15685568749904633,1465.479736328125,74.51020050048828,0.02617337554693222,0.12198401242494583,0.16178187727928162
12,1423.6768798828125,66.092529296875,0.02320612221956253,0.11231137812137604,0.15233556926250458,1440.9659423828125,72.12883758544922,0.024978000670671463,0.11884544789791107,0.15804429352283478
13,1394.339599609375,63.85962677001953,0.02211086079478264,0.10957235842943192,0.14869721233844757,1431.581787109375,70.12828063964844,0.024227632209658623,0.11679984629154205,0.15565228462219238
14,1383.038330078125,62.404273986816406,0.021274058148264885,0.10745309293270111,0.14585629105567932,1407.6865234375,68.66156005859375,0.023345088586211205,0.11425524204969406,0.15279099345207214
15,1373.318115234375,60.93131637573242,0.020612038671970367,0.10551872849464417,0.14356893301010132,1397.7138671875,67.42509460449219,0.022812262177467346,0.11253444850444794,0.1510372906923294
16,1355.8389892578125,59.33918380737305,0.01999976485967636,0.10388950258493423,0.14142052829265594,1394.4176025390625,66.1161880493164,0.02240164205431938,0.11136409640312195,0.1496717780828476
17,1337.4803466796875,57.95100021362305,0.019499024376273155,0.10233638435602188,0.13963890075683594,1384.566650390625,65.4037857055664,0.022034170106053352,0.11002825200557709,0.14843910932540894
18,1338.715087890625,56.97578811645508,0.019149480387568474,0.10127649456262589,0.13838164508342743,1380.3614501953125,64.60197448730469,0.02174331806600094,0.10938981175422668,0.14745615422725677
19,1330.5712890625,55.7316780090332,0.01882314123213291,0.1004810556769371,0.13719744980335236,1374.665771484375,64.04191589355469,0.02148614078760147,0.10864400863647461,0.1465815156698227
20,1324.703857421875,55.056427001953125,0.018551016226410866,0.0994550958275795,0.1362021118402481,1369.1492919921875,63.40802764892578,0.021228333935141563,0.1077076718211174,0.14569947123527527
21,1312.461181640625,54.42505645751953,0.018290899693965912,0.09851973503828049,0.13524384796619415,1368.373046875,63.038673400878906,0.021126367151737213,0.10740317404270172,0.14534911513328552
22,1310.8597412109375,53.795021057128906,0.018077610060572624,0.09807725995779037,0.13445299863815308,1367.626220703125,62.91620635986328,0.02108165994286537,0.10714821517467499,0.14519524574279785
23,1314.539794921875,53.26837158203125,0.017939675599336624,0.09746810793876648,0.13393907248973846,1360.9539794921875,62.375404357910156,0.02081459015607834,0.10646171122789383,0.14427262544631958
24,1307.184326171875,53.076934814453125,0.017727548256516457,0.09683647006750107,0.13314484059810638,1354.532958984375,62.312232971191406,0.02068478614091873,0.1061227023601532,0.1438220590353012
25,1302.409423828125,52.68465042114258,0.017612295225262642,0.09644383192062378,0.13271132111549377,1357.832275390625,61.76201629638672,0.020614132285118103,0.10571745783090591,0.1435762196779251
26,1300.431884765625,51.83759689331055,0.017418013885617256,0.09600024670362473,0.13197731971740723,1354.225341796875,61.59356689453125,0.020501447841525078,0.10558725148439407,0.14318326115608215
27,1299.0140380859375,51.92926025390625,0.017324889078736305,0.09557902812957764,0.13162405788898468,1347.357177734375,61.3888053894043,0.020327094942331314,0.10496708005666733,0.14257311820983887
28,1294.782470703125,51.250694274902344,0.01719536818563938,0.09525575488805771,0.1311310976743698,1344.2579345703125,61.34716033935547,0.020267318934202194,0.10458044707775116,0.14236332476139069
29,1286.3634033203125,51.408241271972656,0.01706022396683693,0.09479466080665588,0.13061478734016418,1342.1502685546875,60.5998649597168,0.020023580640554428,0.10413938760757446,0.14150470495224
30,1287.061767578125,50.807212829589844,0.01695898175239563,0.0945076048374176,0.13022665679454803,1339.761962890625,61.03541946411133,0.020102547481656075,0.10411936044692993,0.1417834460735321
31,1288.3941650390625,50.989768981933594,0.016893720254302025,0.09401698410511017,0.1299758404493332,1340.7208251953125,60.518348693847656,0.019985351711511612,0.10401583462953568,0.1413695514202118
32,1287.21240234375,50.49699783325195,0.016785183921456337,0.09400978684425354,0.12955765426158905,1335.57958984375,60.19774627685547,0.019819702953100204,0.10325940698385239,0.1407824605703354
33,1283.4615478515625,50.58720016479492,0.016716880723834038,0.09368231147527695,0.1292937695980072,1336.773681640625,60.48369598388672,0.019918885082006454,0.10373160243034363,0.14113427698612213
34,1277.488525390625,49.959835052490234,0.016608526930212975,0.09354545921087265,0.12887407839298248,1329.0469970703125,60.1127815246582,0.019686728715896606,0.1029006689786911,0.1403094083070755
35,1271.2940673828125,50.06593322753906,0.016534408554434776,0.0932704508304596,0.12858618795871735,1328.6142578125,59.501976013183594,0.019518475979566574,0.10262306034564972,0.1397085338830948
36,1278.84521484375,50.10391616821289,0.01652291603386402,0.0931098461151123,0.128541499376297,1326.363037109375,59.84455490112305,0.01956990920007229,0.10236911475658417,0.13989250361919403
37,1271.071533203125,49.48164367675781,0.016426527872681618,0.09286590665578842,0.12816601991653442,1331.48046875,59.9448356628418,0.01969105377793312,0.1031438410282135,0.14032481610774994
38,1274.032958984375,49.204872131347656,0.016312628984451294,0.09244025498628616,0.127720907330513,1324.470458984375,59.43315505981445,0.01942703314125538,0.10227494686841965,0.13938088715076447
39,1259.857666015625,49.445098876953125,0.016226520761847496,0.0922941192984581,0.12738336622714996,1320.078369140625,59.36857986450195,0.01934245228767395,0.10187409073114395,0.13907714188098907
40,1258.0577392578125,49.242340087890625,0.01619827188551426,0.09203564375638962,0.12727242708206177,1318.493408203125,58.9525146484375,0.019199363887310028,0.10159648954868317,0.13856177031993866
41,1265.9727783203125,48.9403190612793,0.01618162728846073,0.09198607504367828,0.12720702588558197,1314.8128662109375,59.13958740234375,0.019183538854122162,0.10136966407299042,0.13850465416908264
42,1263.318603515625,48.988426208496094,0.016097363084554672,0.09164217114448547,0.1268753856420517,1317.1112060546875,59.067230224609375,0.019207419827580452,0.10161308944225311,0.13859084248542786
43,1262.674560546875,48.80961227416992,0.016015606001019478,0.09148517996072769,0.1265527755022049,1317.05615234375,58.971702575683594,0.01918189972639084,0.10137875378131866,0.13849873840808868
44,1257.7381591796875,48.713890075683594,0.0159723199903965,0.09129423648118973,0.12638165056705475,1309.2100830078125,58.28697967529297,0.018866626545786858,0.10059964656829834,0.13735583424568176
45,1252.6661376953125,48.305564880371094,0.015939489006996155,0.09093454480171204,0.126251682639122,1307.427734375,58.613861083984375,0.018918201327323914,0.10059231519699097,0.1375434547662735
46,1260.397705078125,48.29217529296875,0.015901343896985054,0.09096828103065491,0.12610052525997162,1304.848388671875,58.497474670410156,0.018847784027457237,0.10020442306995392,0.1372872292995453
47,1255.6268310546875,48.00299835205078,0.01586519554257393,0.09090930968523026,0.12595711648464203,1303.096923828125,58.147735595703125,0.018717944622039795,0.09991244971752167,0.13681353628635406
48,1249.3616943359375,48.35947036743164,0.01575498655438423,0.09050135314464569,0.12551887333393097,1297.8897705078125,57.5634880065918,0.01847766898572445,0.09931305050849915,0.13593259453773499
49,1252.717529296875,47.98075485229492,0.01573784276843071,0.09022696316242218,0.12545055150985718,1305.2271728515625,57.50176239013672,0.01859312877058983,0.09997374564409256,0.13635662198066711
50,1245.694091796875,48.11697769165039,0.015687815845012665,0.09028419107198715,0.12525101006031036,1296.5093994140625,57.399330139160156,0.01841842755675316,0.09927701950073242,0.13571450114250183
51,1247.821044921875,48.055030822753906,0.015694163739681244,0.0900840312242508,0.1252763420343399,1295.22998046875,57.35856246948242,0.018383245915174484,0.09918809682130814,0.13558483123779297
52,1249.234619140625,47.65938949584961,0.015614418312907219,0.08999425172805786,0.12495765835046768,1297.70068359375,57.309593200683594,0.018422085791826248,0.0993310883641243,0.13572798669338226
53,1249.87451171875,47.68428421020508,0.015614139847457409,0.08971544355154037,0.12495654821395874,1302.2381591796875,57.153648376464844,0.018460920080542564,0.09971853345632553,0.13587096333503723
54,1246.2901611328125,47.7063102722168,0.015533171594142914,0.08982355892658234,0.12463214248418808,1286.5262451171875,56.892356872558594,0.018111418932676315,0.09831482917070389,0.134578675031662
55,1244.69482421875,47.564815521240234,0.015458256006240845,0.08927510678768158,0.12433123588562012,1293.4456787109375,56.839439392089844,0.018212758004665375,0.09885388612747192,0.13495464622974396
56,1240.2542724609375,47.370948791503906,0.015458024106919765,0.08958619832992554,0.1243303045630455,1287.4322509765625,56.793121337890625,0.018102901056408882,0.09826891869306564,0.13454702496528625
57,1237.4193115234375,47.476043701171875,0.015399578027427197,0.08896417170763016,0.12409503757953644,1294.30078125,57.016334533691406,0.018279477953910828,0.09917780011892319,0.1352016180753708
58,1244.0941162109375,47.15345001220703,0.015394520945847034,0.08942915499210358,0.12407466024160385,1282.682861328125,57.09638595581055,0.01810501143336296,0.09821990132331848,0.13455486297607422
59,1241.6385498046875,47.2437629699707,0.015370468609035015,0.08889451622962952,0.12397769093513489,1284.127197265625,56.6319465637207,0.018022868782281876,0.09808599948883057,0.13424928486347198
60,1242.4190673828125,46.93159484863281,0.015417139045894146,0.08898762613534927,0.12416577339172363,1276.3436279296875,56.46769332885742,0.01783660426735878,0.0972215086221695,0.13355374336242676
61,1243.686767578125,47.06404495239258,0.015302948653697968,0.08854122459888458,0.12370508909225464,1280.5091552734375,55.92780685424805,0.017780514433979988,0.09743336588144302,0.13334359228610992
62,1229.517578125,47.19996643066406,0.015284528024494648,0.08866827934980392,0.12363060563802719,1277.72119140625,55.940101623535156,0.017732877284288406,0.09735234081745148,0.13316483795642853
63,1238.1878662109375,47.00183868408203,0.015243280678987503,0.08847437053918839,0.12346368283033371,1275.283447265625,55.69145965576172,0.017634661868214607,0.09700760245323181,0.1327955573797226
64,1233.833740234375,47.074913024902344,0.015211797319352627,0.08842161297798157,0.12333612143993378,1276.6495361328125,55.31671142578125,0.01756777986884117,0.0968453586101532,0.13254350423812866
65,1232.573974609375,46.815025329589844,0.015179021283984184,0.08833087980747223,0.12320317327976227,1272.2745361328125,55.63505172729492,0.01756604015827179,0.09680046886205673,0.13253693282604218
66,1233.9659423828125,46.87213897705078,0.015133341774344444,0.088307686150074,0.12301764637231827,1268.8056640625,55.55205535888672,0.017494967207312584,0.09634023159742355,0.1322685331106186
67,1225.760009765625,46.88115692138672,0.015093937516212463,0.08791161328554153,0.12285738438367844,1274.982666015625,55.28583526611328,0.017532167956233025,0.09689563512802124,0.13240909576416016
68,1227.441650390625,46.850128173828125,0.015073683112859726,0.08807995170354843,0.12277492880821228,1266.852294921875,55.064476013183594,0.017349516972899437,0.09588363766670227,0.13171756267547607
69,1240.086181640625,46.3753662109375,0.015100984834134579,0.08751863241195679,0.122886061668396,1276.572509765625,55.70100021362305,0.01766093447804451,0.09737078100442886,0.13289444148540497
70,1231.548583984375,46.15559005737305,0.015045495703816414,0.08789306879043579,0.1226600855588913,1266.783935546875,55.246726989746094,0.017383739352226257,0.09598304331302643,0.13184741139411926
71,1228.6640625,46.360992431640625,0.015012985095381737,0.08778940141201019,0.12252748757600784,1266.949462890625,54.876853942871094,0.017287693917751312,0.09596200287342072,0.13148267567157745
72,1227.0068359375,46.40753936767578,0.01497409027069807,0.08732535690069199,0.12236867845058441,1269.7078857421875,54.62003707885742,0.017286250367760658,0.09615802019834518,0.13147719204425812
73,1226.5411376953125,46.51405334472656,0.014944668859243393,0.08739057183265686,0.12224838882684708,1264.82958984375,54.97422409057617,0.017288848757743835,0.0958421528339386,0.13148705661296844
74,1228.2584228515625,46.51091003417969,0.014954213984310627,0.08728771656751633,0.12228742241859436,1268.349609375,54.58649826049805,0.0172492116689682,0.09606610983610153,0.1313362568616867
75,1226.7734375,46.03211212158203,0.014881388284265995,0.0871967226266861,0.12198929488658905,1274.683837890625,54.278770446777344,0.017294064164161682,0.09644199162721634,0.13150690495967865
76,1229.08642578125,45.97832489013672,0.014878044836223125,0.08723028004169464,0.12197558581829071,1285.056640625,54.8713264465332,0.017614886164665222,0.09756351262331009,0.13272108137607574
77,1225.355712890625,45.7664680480957,0.014871050603687763,0.08722778409719467,0.12194691598415375,1261.147216796875,53.946311950683594,0.016992783173918724,0.09495337307453156,0.13035637140274048
78,1229.623779296875,45.797157287597656,0.014908025041222572,0.08696218580007553,0.12209843099117279,1268.4300537109375,53.660728454589844,0.01704060658812523,0.09536883980035782,0.1305396854877472
79,1223.134033203125,45.843040466308594,0.01487357635051012,0.08723539113998413,0.12195727229118347,1258.586669921875,54.550392150878906,0.017087969928979874,0.09521841257810593,0.13072095811367035
80,1227.6353759765625,46.03184127807617,0.014815076254308224,0.08687601238489151,0.12171719968318939,1264.1546630859375,54.032745361328125,0.01707393489778042,0.09524405747652054,0.13066726922988892
81,1223.240966796875,45.95441436767578,0.014816602692008018,0.08692897111177444,0.1217234656214714,1260.62939453125,53.626731872558594,0.016912046819925308,0.09481749683618546,0.1300463229417801
82,1221.6678466796875,45.42683792114258,0.014791621826589108,0.08651525527238846,0.12162081152200699,1260.969970703125,53.41412353515625,0.016868846490979195,0.09472579509019852,0.1298801302909851
83,1223.228271484375,45.714744567871094,0.014788850210607052,0.08646344393491745,0.12160941958427429,1258.375244140625,53.36333084106445,0.016818860545754433,0.09478678554296494,0.12968754768371582
84,1223.2886962890625,45.87427520751953,0.01475119311362505,0.08652524650096893,0.12145449221134186,1263.5157470703125,53.6534538269043,0.01697576232254505,0.09499431401491165,0.13029107451438904
85,1225.3514404296875,45.28750228881836,0.014711790718138218,0.08643563836812973,0.12129217386245728,1265.272705078125,53.12036895751953,0.016887260600924492,0.09513530135154724,0.12995100021362305
86,1218.2928466796875,45.38334655761719,0.01471624244004488,0.08644695580005646,0.1213105171918869,1260.4962158203125,53.442779541015625,0.016878634691238403,0.09491399675607681,0.12991780042648315
87,1220.0328369140625,45.531394958496094,0.014638958498835564,0.0860348790884018,0.12099156528711319,1257.9849853515625,53.61655807495117,0.016877811402082443,0.09484986215829849,0.12991462647914886
88,1216.7591552734375,44.88633346557617,0.014679878018796444,0.08616906404495239,0.12116054445505142,1257.708984375,52.92277908325195,0.016707418486475945,0.09445298463106155,0.1292571723461151
89,1228.130126953125,45.23661422729492,0.014692436903715134,0.08633268624544144,0.12121236324310303,1262.42919921875,52.77693557739258,0.016765687614679337,0.09460331499576569,0.12948237359523773
90,1218.38720703125,44.7039794921875,0.014641008339822292,0.08604714274406433,0.12100003659725189,1269.031982421875,53.23740768432617,0.016983143985271454,0.0956728532910347,0.13031938672065735
91,1220.207275390625,45.63296127319336,0.014692149125039577,0.08626432716846466,0.12121117860078812,1255.0433349609375,53.122833251953125,0.01671699993312359,0.09441356360912323,0.1292942315340042
92,1221.2802734375,45.41790008544922,0.014639846049249172,0.08613010495901108,0.12099523097276688,1259.4522705078125,52.24406051635742,0.016591986641287804,0.09427282959222794,0.1288098841905594
93,1221.8319091796875,45.26935577392578,0.014606584794819355,0.08585911244153976,0.12085770815610886,1267.098876953125,52.5415153503418,0.016796113923192024,0.09483827650547028,0.12959982454776764
94,1219.510986328125,45.249900817871094,0.014568732120096684,0.08585621416568756,0.12070100009441376,1259.5810546875,52.4477424621582,0.01664501242339611,0.09441803395748138,0.12901555001735687
95,1225.8408203125,45.384151458740234,0.01462637446820736,0.08610985428094864,0.12093954533338547,1259.432861328125,52.43475341796875,0.016647934913635254,0.0942152738571167,0.1290268898010254
96,1219.450439453125,45.36166763305664,0.014579175971448421,0.08601941913366318,0.1207442507147789,1257.531494140625,52.21571731567383,0.016550198197364807,0.0940963476896286,0.1286475658416748
97,1217.81494140625,45.02238845825195,0.01454655360430479,0.08594560623168945,0.1206090971827507,1251.4659423828125,51.788047790527344,0.016361333429813385,0.0932016596198082,0.12791143357753754
98,1211.1458740234375,44.77092742919922,0.014552847482264042,0.08572763949632645,0.12063518166542053,1255.228271484375,51.9878044128418,0.016468528658151627,0.09349635988473892,0.12832976877689362
99,1217.824462890625,45.18081283569336,0.014558851718902588,0.08569754660129547,0.12066006660461426,1263.367431640625,52.1884880065918,0.016662269830703735,0.09442545473575592,0.12908241152763367
100,1219.110107421875,44.999122619628906,0.01452946662902832,0.08585023134946823,0.12053823471069336,1253.17578125,51.8609504699707,0.016398120671510696,0.09349464625120163,0.1280551552772522
101,1220.6845703125,44.98990249633789,0.014566542580723763,0.08604413270950317,0.1206919401884079,1264.2921142578125,51.999244689941406,0.016630802303552628,0.09441433101892471,0.1289604753255844
102,1217.836181640625,45.10686492919922,0.014513232745230198,0.08546511828899384,0.12047088146209717,1257.4088134765625,51.771270751953125,0.016454456374049187,0.09386910498142242,0.12827491760253906
103,1212.612548828125,44.58778762817383,0.014516538940370083,0.08562774956226349,0.1204845979809761,1262.8927001953125,51.65259552001953,0.016529347747564316,0.09408526122570038,0.12856650352478027
104,1219.6583251953125,45.00945281982422,0.014453593641519547,0.08540303260087967,0.12022309005260468,1255.2293701171875,51.4112663269043,0.01634848676621914,0.09324073046445847,0.12786120176315308
105,1206.204345703125,44.829383850097656,0.014459953643381596,0.08571705967187881,0.12024954706430435,1249.302001953125,51.14534378051758,0.016187962144613266,0.09242445975542068,0.1272319257259369
106,1214.3529052734375,44.70695495605469,0.014474409632384777,0.08517185598611832,0.12030964344739914,1254.263916015625,51.0590705871582,0.016254665330052376,0.09290184080600739,0.12749378383159637
107,1205.6240234375,44.854026794433594,0.01444657426327467,0.08525628596544266,0.12019389867782593,1251.7977294921875,51.03158187866211,0.01620185747742653,0.09273867309093475,0.12728652358055115
108,1216.6221923828125,44.73142623901367,0.014454474672675133,0.08538377285003662,0.12022676318883896,1249.06103515625,50.94993209838867,0.016137344762682915,0.09239356964826584,0.12703284621238708
109,1213.9110107421875,44.847782135009766,0.014433515258133411,0.08517898619174957,0.12013956904411316,1257.510009765625,50.876712799072266,0.016273222863674164,0.09327363967895508,0.12756654620170593
110,1208.94384765625,44.80015563964844,0.014427647925913334,0.08529365807771683,0.12011514604091644,1257.2596435546875,50.877925872802734,0.01626407355070114,0.09302766621112823,0.12753067910671234
111,1209.2542724609375,44.7400016784668,0.014411154203116894,0.08508226275444031,0.1200464740395546,1249.477294921875,51.57744598388672,0.016287488862872124,0.09290929138660431,0.12762244045734406
112,1213.369384765625,44.827537536621094,0.014404896646738052,0.08489805459976196,0.12002040445804596,1265.7232666015625,50.92327117919922,0.01642162725329399,0.09386420249938965,0.12814690172672272
113,1217.684326171875,44.39494705200195,0.014407703652977943,0.08532942831516266,0.12003209441900253,1258.286376953125,50.89978790283203,0.016288958489894867,0.09293004870414734,0.12762820720672607
114,1209.7684326171875,44.31436538696289,0.014392593875527382,0.08479586243629456,0.11996913701295853,1254.779296875,51.217491149902344,0.01630166545510292,0.09303094446659088,0.12767797708511353
115,1216.62890625,44.59421157836914,0.014387467876076698,0.08508598059415817,0.11994777619838715,1252.6529541015625,50.990325927734375,0.016223331913352013,0.09240319579839706,0.12737083435058594
116,1218.341552734375,44.53080368041992,0.014418338425457478,0.08523950725793839,0.12007638812065125,1260.890380859375,50.73572540283203,0.016301874071359634,0.09301231801509857,0.127678781747818
117,1213.52880859375,44.412376403808594,0.014383518137037754,0.08474023640155792,0.11993130296468735,1252.052490234375,50.29457092285156,0.016067761927843094,0.09203749895095825,0.12675867974758148
118,1210.04052734375,44.494815826416016,0.014414436183869839,0.08522647619247437,0.12006013840436935,1248.9906005859375,50.76487731933594,0.016101617366075516,0.09280969202518463,0.12689213454723358
119,1205.679931640625,44.3982048034668,0.014368794858455658,0.08496808260679245,0.1198699027299881,1252.0897216796875,50.390296936035156,0.01607745885848999,0.0924018993973732,0.1267969310283661
120,1203.993408203125,44.32303237915039,0.014439382590353489,0.08514808863401413,0.12016397714614868,1256.2874755859375,50.23000717163086,0.01612047664821148,0.09250879287719727,0.1269664317369461
121,1214.7899169921875,44.34349822998047,0.014385528862476349,0.08486844599246979,0.11993968486785889,1253.671630859375,50.39183807373047,0.016106635332107544,0.0926923081278801,0.126911923289299
122,1213.9267578125,44.19990921020508,0.01435280591249466,0.08498143404722214,0.11980319768190384,1253.921142578125,51.11592483520508,0.01626955345273018,0.0928669199347496,0.12755216658115387
123,1210.760498046875,44.65161895751953,0.014340832829475403,0.08485867828130722,0.11975321918725967,1249.064208984375,50.227394104003906,0.01598566211760044,0.09212418645620346,0.12643443048000336
124,1210.6143798828125,44.63211441040039,0.014341161586344242,0.08498349785804749,0.11975459009408951,1247.9642333984375,50.21702575683594,0.015972424298524857,0.09199076145887375,0.12638205289840698
125,1214.7061767578125,44.30211639404297,0.014326697215437889,0.08468662202358246,0.11969418078660965,1251.195556640625,50.11336135864258,0.016007311642169952,0.09192615002393723,0.12652000784873962
126,1211.3585205078125,44.230533599853516,0.014313205145299435,0.08467555791139603,0.11963780969381332,1246.669189453125,50.16468048095703,0.015942407771945,0.09202955663204193,0.12626324594020844
127,1208.973876953125,44.35213088989258,0.01431390829384327,0.08496148139238358,0.11964074522256851,1250.918701171875,50.518070220947266,0.016093580052256584,0.09215961396694183,0.12686046957969666
128,1209.126708984375,44.41664123535156,0.014329995959997177,0.08460600674152374,0.11970796436071396,1255.12841796875,49.969261169433594,0.016045477241277695,0.09239912778139114,0.1266707479953766
129,1213.177490234375,44.614280700683594,0.014331058599054813,0.08461453765630722,0.11971239745616913,1266.014892578125,49.93254852294922,0.01621958613395691,0.09326072037220001,0.1273561418056488
130,1216.68115234375,44.32412338256836,0.014400625601410866,0.08554321527481079,0.12000260502099991,1255.048095703125,49.838645935058594,0.016005514189600945,0.09256719797849655,0.12651289999485016
131,1209.2288818359375,44.19123077392578,0.014270765706896782,0.08438046276569366,0.11946030706167221,1256.781494140625,50.022987365722656,0.016085073351860046,0.09270220994949341,0.1268269419670105
132,1206.56640625,44.243797302246094,0.014250829815864563,0.08469600230455399,0.11937684565782547,1250.3966064453125,50.15242004394531,0.016005918383598328,0.09192346781492233,0.1265144944190979
133,1213.836669921875,44.297821044921875,0.014346555806696415,0.08464828878641129,0.11977710574865341,1262.929443359375,50.31226348876953,0.016250064596533775,0.09296825528144836,0.12747573852539062
134,1208.8424072265625,44.42656707763672,0.014266472309827805,0.08456271141767502,0.11944233626127243,1251.2220458984375,50.47644805908203,0.016090000048279762,0.09239859133958817,0.12684635818004608
135,1210.438232421875,44.42898941040039,0.014250202104449272,0.0845646932721138,0.11937420815229416,1250.9580078125,50.04723358154297,0.01598917320370674,0.09218940138816833,0.12644830346107483
136,1209.670166015625,44.19704055786133,0.01431645080447197,0.08465200662612915,0.11965136975049973,1261.526611328125,49.88072204589844,0.016141800209879875,0.09271334856748581,0.12705038487911224
137,1208.634033203125,44.22058868408203,0.014314910396933556,0.08454462140798569,0.11964493989944458,1254.7593994140625,49.80790328979492,0.016002323478460312,0.09244691580533981,0.12650029361248016
138,1218.6507568359375,44.32854461669922,0.014327645301818848,0.08505968004465103,0.11969814449548721,1249.898193359375,49.76362991333008,0.015914827585220337,0.09205254912376404,0.12615399062633514
139,1208.029052734375,44.46586608886719,0.014308706857264042,0.08485710620880127,0.11961901187896729,1246.8311767578125,50.05059051513672,0.015919653698801994,0.0919988602399826,0.12617310881614685
140,1212.7493896484375,44.23691177368164,0.014283289201557636,0.08453300595283508,0.11951271444559097,1246.709716796875,49.48821258544922,0.015803463757038116,0.09174365550279617,0.1257118284702301
141,1211.12744140625,44.19300079345703,0.014242815785109997,0.08446621149778366,0.11934326589107513,1242.744873046875,49.45706558227539,0.01572818122804165,0.09102558344602585,0.12541204690933228
142,1212.4647216796875,44.18647003173828,0.014283455908298492,0.08448151499032974,0.11951341480016708,1245.781005859375,49.69841384887695,0.015831325203180313,0.09152387082576752,0.12582258880138397
143,1208.16748046875,44.041500091552734,0.014247889630496502,0.08452136069536209,0.11936452239751816,1252.267822265625,49.7242546081543,0.01594444364309311,0.09187611192464828,0.1262713074684143
144,1212.506103515625,44.70262908935547,0.014327740296721458,0.08473286032676697,0.11969853937625885,1246.791259765625,49.57056427001953,0.015816451981663704,0.09144912660121918,0.12576347589492798
145,1214.45703125,44.371116638183594,0.014310807920992374,0.08470867574214935,0.11962778866291046,1243.31689453125,49.50336837768555,0.015748662874102592,0.0911918357014656,0.12549367547035217
146,1215.628173828125,44.047088623046875,0.014317823573946953,0.0845356211066246,0.11965710669755936,1245.53857421875,49.38460159301758,0.01575920544564724,0.09156003594398499,0.12553565204143524
147,1208.102294921875,44.21199035644531,0.014215908013284206,0.08420872688293457,0.1192304715514183,1256.0059814453125,49.95321273803711,0.016050074249505997,0.09259968250989914,0.1266888976097107
148,1207.5050048828125,43.886695861816406,0.01419795397669077,0.0845867320895195,0.1191551610827446,1241.5042724609375,49.46244430541992,0.01571204513311386,0.09103450179100037,0.12534770369529724
149,1207.610595703125,44.19267654418945,0.014292323961853981,0.08457617461681366,0.11955051124095917,1245.031494140625,49.838356018066406,0.015836741775274277,0.09191062301397324,0.12584412097930908
150,1209.956298828125,44.03817367553711,0.014234201982617378,0.0843396931886673,0.11930717527866364,1243.1859130859375,49.74471664428711,0.015796443447470665,0.09138769656419754,0.12568390369415283
151,1207.160400390625,44.132198333740234,0.014234071597456932,0.08422988653182983,0.11930662393569946,1248.5941162109375,49.811378479003906,0.015899179503321648,0.091995008289814,0.12609194219112396
152,1215.9920654296875,44.17997741699219,0.014300943352282047,0.0843886062502861,0.11958654969930649,1261.0657958984375,49.79694366455078,0.016112931072711945,0.09246279299259186,0.12693671882152557
153,1211.771240234375,43.966182708740234,0.014176363125443459,0.08443395793437958,0.11906453222036362,1245.0828857421875,49.861839294433594,0.01584792137145996,0.09172489494085312,0.12588852643966675
154,1204.9163818359375,44.33005905151367,0.01421709917485714,0.08429187536239624,0.11923547834157944,1247.146728515625,49.582454681396484,0.015822093933820724,0.09166375547647476,0.12578590214252472
155,1207.055419921875,44.379981994628906,0.014200162142515182,0.08427407592535019,0.11916442960500717,1256.6185302734375,49.969482421875,0.016068467870354652,0.09295808523893356,0.12676146626472473
156,1205.5745849609375,44.4267578125,0.014254876412451267,0.08433881402015686,0.11939378827810287,1255.966064453125,49.42345428466797,0.01594582200050354,0.09244938939809799,0.12627676129341125
157,1212.3358154296875,44.09264373779297,0.01417521946132183,0.08417678624391556,0.1190597340464592,1253.75732421875,49.67707824707031,0.015953442081809044,0.09230329841375351,0.1263069361448288
158,1209.6077880859375,44.1624641418457,0.014223418198525906,0.08450596779584885,0.1192619726061821,1246.347900390625,49.21083450317383,0.015730995684862137,0.09188913553953171,0.12542326748371124
159,1206.883544921875,44.08015441894531,0.014173295348882675,0.08421743661165237,0.11905164271593094,1258.648681640625,49.32299041748047,0.01597030647099018,0.09252452105283737,0.12637367844581604
160,1207.34814453125,44.188560485839844,0.01421206071972847,0.08439385145902634,0.11921434849500656,1255.5550537109375,49.254539489746094,0.01589936576783657,0.09249323606491089,0.12609268724918365
161,1202.586669921875,43.981895446777344,0.014187595807015896,0.08423785120248795,0.11911169439554214,1245.5596923828125,49.146461486816406,0.01570453681051731,0.09155675023794174,0.1253177374601364
162,1211.709228515625,44.20885467529297,0.014248480089008808,0.08448730409145355,0.11936699599027634,1252.578857421875,49.51276397705078,0.015908440575003624,0.0919446274638176,0.1261286735534668
163,1204.8521728515625,43.72291946411133,0.014162194915115833,0.08410685509443283,0.11900501698255539,1251.120849609375,49.731632232666016,0.015920350328087807,0.09240313619375229,0.1261758655309677
164,1197.95361328125,44.045963287353516,0.01419087965041399,0.0845630019903183,0.11912547051906586,1253.3463134765625,49.45466613769531,0.015907226130366325,0.09195403754711151,0.12612384557724
165,1212.2088623046875,43.94947052001953,0.014243126846849918,0.08449302613735199,0.1193445697426796,1240.819580078125,49.0556526184082,0.01561430562287569,0.09138309955596924,0.12495721876621246
166,1204.498779296875,43.95820999145508,0.014160938560962677,0.08417554199695587,0.11899973452091217,1242.51708984375,49.32714080810547,0.015696700662374496,0.09140388667583466,0.12528647482395172
167,1208.4532470703125,43.96565246582031,0.014133362099528313,0.08409822732210159,0.11888381838798523,1249.0072021484375,49.588890075683594,0.01586271822452545,0.09190785884857178,0.1259472817182541
168,1200.6632080078125,44.067588806152344,0.014176720753312111,0.08423490077257156,0.1190660372376442,1239.6195068359375,49.40076446533203,0.015662625432014465,0.0910579189658165,0.1251504123210907
169,1197.7896728515625,43.802616119384766,0.014139560051262379,0.08409153670072556,0.11890988051891327,1239.6544189453125,49.1630973815918,0.01560851838439703,0.09114330261945724,0.12493405491113663
170,1203.72998046875,43.77401351928711,0.014175423420965672,0.08403763920068741,0.11906059086322784,1255.1793212890625,49.3103141784668,0.01590181514620781,0.09234170615673065,0.12610240280628204
171,1198.085693359375,43.989990234375,0.014120922423899174,0.08412670344114304,0.11883148550987244,1240.0780029296875,49.69460678100586,0.015720926225185394,0.0915408805012703,0.12538312375545502
172,1204.022705078125,43.968406677246094,0.01408117264509201,0.08404497802257538,0.11866411566734314,1246.11328125,49.434627532958984,0.015772739425301552,0.09221964329481125,0.12558956444263458
173,1197.3212890625,43.865806579589844,0.01412578858435154,0.08426091074943542,0.11885195970535278,1241.471923828125,49.11643600463867,0.015636933967471123,0.0914461612701416,0.1250477284193039
174,1204.5601806640625,44.20237350463867,0.014156512916088104,0.08410962671041489,0.11898114532232285,1243.9127197265625,49.314430236816406,0.015706554055213928,0.09169754385948181,0.12532579898834229
175,1210.11376953125,43.90624237060547,0.014095393009483814,0.084050752222538,0.11872401833534241,1238.8870849609375,49.088504791259766,0.015584152191877365,0.09082867950201035,0.1248365044593811
176,1193.446533203125,43.7105598449707,0.014097791165113449,0.08390825241804123,0.11873412132263184,1254.212158203125,49.1826171875,0.015855062752962112,0.09261036664247513,0.12591688334941864
177,1204.4713134765625,43.79800796508789,0.014097335748374462,0.08412764966487885,0.11873219907283783,1246.0263671875,49.56793975830078,0.01579589955508709,0.0918281227350235,0.12568174302577972
178,1200.48095703125,44.05835723876953,0.01408294215798378,0.08414101600646973,0.11867156624794006,1242.354248046875,49.23419952392578,0.01566256769001484,0.09143136441707611,0.1251501739025116
179,1202.1962890625,43.73402404785156,0.014102079905569553,0.08407475799322128,0.11875218152999878,1238.9505615234375,48.907508850097656,0.015548448078334332,0.09105604141950607,0.12469341605901718
180,1198.6617431640625,43.87632369995117,0.014009678736329079,0.08397907018661499,0.11836248636245728,1251.064208984375,49.448707580566406,0.015855509787797928,0.09221315383911133,0.1259186565876007
181,1205.7542724609375,44.062618255615234,0.014087985269725323,0.08371177315711975,0.11869281530380249,1241.7081298828125,49.14032745361328,0.01562933437526226,0.09143806248903275,0.12501733005046844
182,1203.3067626953125,43.670494079589844,0.014050009660422802,0.08391571044921875,0.11853273212909698,1243.6993408203125,49.26216125488281,0.015692543238401413,0.09123077988624573,0.12526987493038177
183,1204.5400390625,43.503173828125,0.013980334624648094,0.08378307521343231,0.11823846399784088,1245.948974609375,49.412872314453125,0.015760555863380432,0.09173215180635452,0.12554104626178741
184,1208.1524658203125,43.9285774230957,0.014031879603862762,0.08384033292531967,0.11845622956752777,1242.84033203125,49.67945098876953,0.01576322503387928,0.09160808473825455,0.12555168569087982
185,1199.1260986328125,43.93356704711914,0.013987290672957897,0.08367842435836792,0.11826787889003754,1242.9912109375,48.7877082824707,0.015584895387291908,0.09114476293325424,0.12483947724103928
186,1201.029541015625,43.53539276123047,0.014047753997147083,0.08395694941282272,0.11852321773767471,1248.693115234375,49.46836471557617,0.015818804502487183,0.0916966125369072,0.12577283382415771
187,1196.7496337890625,44.12467956542969,0.014034506864845753,0.08402898162603378,0.11846733093261719,1240.2547607421875,49.080169677734375,0.015595206059515476,0.09138768166303635,0.12488076090812683
188,1202.452392578125,43.87425994873047,0.013990544714033604,0.0837688073515892,0.11828163266181946,1253.1793212890625,49.1434440612793,0.01581989973783493,0.0919666588306427,0.12577717006206512
189,1197.9971923828125,43.52921676635742,0.013987487182021141,0.0837392508983612,0.1182686984539032,1244.882080078125,49.15093231201172,0.01568523235619068,0.09150173515081406,0.12524068355560303
190,1193.897705078125,43.59706115722656,0.013918216340243816,0.08345453441143036,0.11797548830509186,1244.342041015625,49.23552703857422,0.015695905312895775,0.09123632311820984,0.12528330087661743
191,1196.77197265625,43.99552536010742,0.013997484929859638,0.08385762572288513,0.11831096559762955,1239.7535400390625,49.2094841003418,0.015604709275066853,0.09138502925634384,0.12491881102323532
192,1197.29296875,43.745018005371094,0.014007465913891792,0.08395618200302124,0.11835314333438873,1242.2864990234375,48.908302307128906,0.015592629089951515,0.09126698225736618,0.12487044930458069
193,1201.177001953125,43.658897399902344,0.013967872597277164,0.08384346961975098,0.11818575114011765,1238.5052490234375,48.81251907348633,0.01550748199224472,0.09085340052843094,0.12452904134988785
194,1202.98876953125,43.721588134765625,0.01397975068539381,0.08375227451324463,0.1182359978556633,1237.0909423828125,49.05739212036133,0.015533053316175938,0.09093441069126129,0.12463167309761047
195,1198.3837890625,43.742610931396484,0.013948353938758373,0.08362128585577011,0.11810314655303955,1237.32763671875,48.97789001464844,0.01552057359367609,0.09123838692903519,0.12458159029483795
196,1197.3018798828125,43.59596252441406,0.013954825699329376,0.08364131301641464,0.11813054233789444,1246.587646484375,48.978660583496094,0.015674177557229996,0.09163962304592133,0.12519656121730804
197,1196.5279541015625,43.482086181640625,0.01396133378148079,0.08375521004199982,0.11815808713436127,1252.8721923828125,49.34312438964844,0.01586032658815384,0.09176263213157654,0.1259377896785736
198,1197.0540771484375,43.545040130615234,0.013923854567110538,0.08352335542440414,0.11799938231706619,1239.634521484375,48.870704650878906,0.015541174449026585,0.09065084904432297,0.12466424703598022
199,1188.88525390625,43.46521759033203,0.013934607617557049,0.08350837230682373,0.11804494261741638,1244.63037109375,49.02134323120117,0.015648650005459785,0.09166518598794937,0.12509456276893616
200,1200.7513427734375,43.76155471801758,0.013924090191721916,0.08363061398267746,0.11800038069486618,1248.029541015625,49.08802032470703,0.01571478880941868,0.09206753224134445,0.12535864114761353
201,1196.90771484375,43.67180252075195,0.0139353321865201,0.08374019712209702,0.11804801225662231,1234.446533203125,49.06288146972656,0.015487288124859333,0.09076959639787674,0.12444793432950974
202,1196.0802001953125,43.49411392211914,0.013872840441763401,0.08324036002159119,0.11778302490711212,1248.210205078125,49.3481559753418,0.01577337458729744,0.0919843465089798,0.12559209764003754
203,1197.1776123046875,43.89958572387695,0.01396874338388443,0.08374805748462677,0.11818943917751312,1250.0115966796875,49.32443618774414,0.01579964905977249,0.09249425679445267,0.12569665908813477
204,1187.992431640625,43.72609329223633,0.013925718143582344,0.08368125557899475,0.11800728738307953,1237.633056640625,49.28633117675781,0.015580669976770878,0.09083167463541031,0.12482254952192307
205,1190.7672119140625,43.423484802246094,0.013855920173227787,0.08343909680843353,0.11771117895841599,1235.621337890625,48.997066497802734,0.01549072377383709,0.09112219512462616,0.12446173280477524
206,1197.028076171875,43.55519485473633,0.013867628760635853,0.08337146043777466,0.11776089668273926,1239.4027099609375,48.8585090637207,0.01552637666463852,0.09085293859243393,0.12460488080978394
207,1185.474365234375,43.26145935058594,0.013840359635651112,0.08332078903913498,0.11764506250619888,1234.3031005859375,49.079673767089844,0.015488448552787304,0.0907626822590828,0.12445259839296341
208,1194.9617919921875,43.33030700683594,0.013868394307792187,0.08340562880039215,0.11776416003704071,1248.947021484375,48.9158935546875,0.015696650370955467,0.09182042628526688,0.1252862811088562
209,1186.1688232421875,43.337974548339844,0.013849071227014065,0.08352375775575638,0.1176820769906044,1240.703369140625,48.85064697265625,0.015545097179710865,0.09139310568571091,0.12467998266220093
210,1193.1737060546875,43.2240104675293,0.01381207536906004,0.08317998051643372,0.11752478778362274,1235.39599609375,49.489009857177734,0.015581154264509678,0.09132609516382217,0.12482448667287827
211,1196.4720458984375,43.7410774230957,0.013900956138968468,0.08344698697328568,0.11790230870246887,1235.2852783203125,49.09542465209961,0.01550082303583622,0.09069324284791946,0.12450230121612549
212,1188.0697021484375,43.15587615966797,0.013827643357217312,0.08363576978445053,0.1175910010933876,1233.5859375,49.30755615234375,0.015517123974859715,0.09104012697935104,0.12456774711608887
213,1191.95751953125,43.59355926513672,0.013833167962729931,0.08332069218158722,0.11761448532342911,1234.830810546875,48.913875579833984,0.01546573918312788,0.09107302129268646,0.1243613213300705
214,1192.6514892578125,43.250709533691406,0.013853884302079678,0.08336331695318222,0.11770252138376236,1228.4888916015625,48.94242858886719,0.01536062266677618,0.0904497280716896,0.12393797934055328
215,1187.814208984375,43.36056137084961,0.013784308917820454,0.08318711817264557,0.11740659922361374,1231.580322265625,49.203773498535156,0.015461932867765427,0.09056946635246277,0.12434601783752441
216,1191.35888671875,43.39870834350586,0.013827587477862835,0.08334538340568542,0.1175907552242279,1234.93359375,48.87541961669922,0.015453236177563667,0.09069003909826279,0.12431105226278305
217,1185.8221435546875,43.22427749633789,0.01375441625714302,0.08284149318933487,0.11727921664714813,1252.932373046875,49.383113861083984,0.015858888626098633,0.09221139550209045,0.12593208253383636
218,1187.3701171875,43.36095428466797,0.013772079721093178,0.0833466574549675,0.11735450476408005,1228.83056640625,49.31328582763672,0.015436410903930664,0.09045985341072083,0.1242433562874794
219,1195.1990966796875,43.4271354675293,0.013820497319102287,0.0832219198346138,0.11756060272455215,1247.501708984375,49.64324951171875,0.0158219151198864,0.0920075923204422,0.1257852017879486
220,1188.441162109375,43.18663787841797,0.01372810360044241,0.08287257701158524,0.11716698110103607,1240.0804443359375,48.86568832397461,0.015536499209702015,0.09099547564983368,0.12464549392461777
221,1190.0709228515625,43.28889465332031,0.013742290437221527,0.0831284299492836,0.11722751706838608,1236.5078125,48.963279724121094,0.01550278253853321,0.09069301187992096,0.12451016902923584
222,1182.9173583984375,42.93961715698242,0.013745971024036407,0.0830129086971283,0.1172432154417038,1234.185302734375,48.82334518432617,0.015441597439348698,0.09069160372018814,0.12426422536373138
223,1189.814208984375,43.405601501464844,0.013767397031188011,0.08310581743717194,0.11733455210924149,1248.867919921875,49.954444885253906,0.015898870304226875,0.09272447228431702,0.12609072029590607
224,1182.2601318359375,43.4511833190918,0.013736747205257416,0.0831494852900505,0.11720386892557144,1234.65234375,49.38484191894531,0.015554885379970074,0.09073514491319656,0.12471922487020493
225,1189.106201171875,43.564659118652344,0.013724676333367825,0.0829092264175415,0.11715236306190491,1240.2955322265625,49.03263854980469,0.015578586608171463,0.09146149456501007,0.12481419742107391
226,1187.569580078125,43.409236907958984,0.013724811375141144,0.08281715959310532,0.11715293675661087,1238.021728515625,48.724388122558594,0.015475607477128506,0.09076320379972458,0.12440099567174911
227,1193.774658203125,43.49674606323242,0.013785148970782757,0.08335986733436584,0.11741017550230026,1230.9866943359375,48.934364318847656,0.015397612936794758,0.09057006239891052,0.12408711761236191
228,1182.147705078125,43.16545867919922,0.013727235607802868,0.08295359462499619,0.11716328561306,1237.1109619140625,48.86638641357422,0.015487201511859894,0.09058832377195358,0.12444759160280228
229,1189.0015869140625,43.04718780517578,0.013722012750804424,0.08301887661218643,0.1171410009264946,1242.853759765625,48.834716796875,0.015583258122205734,0.09126607328653336,0.12483292073011398
230,1193.58349609375,43.385948181152344,0.013757335022091866,0.08308092504739761,0.11729166656732559,1234.858642578125,48.8994140625,0.01546256709843874,0.09039860218763351,0.12434857338666916
231,1189.7755126953125,43.0919075012207,0.013694679364562035,0.08282863348722458,0.117024265229702,1241.3642578125,48.71013641357422,0.015532730147242546,0.09103517979383469,0.12463036179542542
232,1177.860595703125,43.19519805908203,0.013649387285113335,0.08280470222234726,0.11683059483766556,1236.8753662109375,48.88797378540039,0.01549301017075777,0.09080210328102112,0.12447091937065125
233,1184.9661865234375,43.510440826416016,0.013668950647115707,0.08264108002185822,0.1169142872095108,1235.335205078125,48.97808074951172,0.01548362709581852,0.09081510454416275,0.12443322688341141
234,1186.8104248046875,42.967559814453125,0.013671113178133965,0.08285015821456909,0.11692353338003159,1234.2601318359375,49.570472717285156,0.015581025741994381,0.09137186408042908,0.12482398003339767
235,1183.211181640625,43.50164031982422,0.01369927916675806,0.08281176537275314,0.11704391241073608,1235.7012939453125,49.04995346069336,0.01550647895783186,0.09061519801616669,0.12452501058578491
236,1186.574462890625,43.12007141113281,0.013632996007800102,0.0824408084154129,0.11676041781902313,1248.515625,48.635929107666016,0.01563279889523983,0.09165207296609879,0.12503118813037872
237,1191.7928466796875,43.329811096191406,0.01376790925860405,0.08319709450006485,0.11733673512935638,1247.7994384765625,48.724910736083984,0.015644557774066925,0.09139508008956909,0.1250782012939453
238,1179.2908935546875,43.14141845703125,0.013613734394311905,0.08257529139518738,0.1166779100894928,1245.9307861328125,48.831024169921875,0.01564178243279457,0.09129928797483444,0.1250671148300171
239,1186.76611328125,43.38971710205078,0.013711739331483841,0.08278801292181015,0.11709713935852051,1252.011474609375,48.70029067993164,0.015714796259999275,0.09152478724718094,0.1253586709499359
240,1185.35498046875,43.076053619384766,0.01364896260201931,0.08252061903476715,0.11682877689599991,1251.249267578125,48.89677810668945,0.01573650725185871,0.09154533594846725,0.12544523179531097
241,1181.281005859375,43.14429473876953,0.013605693355202675,0.08248361200094223,0.11664344370365143,1244.2188720703125,48.87986755371094,0.015616173855960369,0.0912598967552185,0.12496469169855118
242,1182.32666015625,43.04164505004883,0.013634104281663895,0.08250822871923447,0.11676517128944397,1251.232421875,48.88605880737305,0.01572810672223568,0.09151449799537659,0.1254117488861084
243,1183.919677734375,42.90544128417969,0.013664478436112404,0.08282923698425293,0.1168951615691185,1244.35400390625,49.048851013183594,0.015652434900403023,0.09124819189310074,0.1251096874475479
244,1180.11669921875,42.97351837158203,0.013633252121508121,0.08257575333118439,0.11676151305437088,1241.4608154296875,48.87858200073242,0.015569634735584259,0.09096885472536087,0.12477834522724152
245,1186.794189453125,43.163333892822266,0.01359090581536293,0.08236531168222427,0.1165800392627716,1252.0286865234375,48.7364616394043,0.015714652836322784,0.09177236258983612,0.12535810470581055
246,1178.99755859375,43.26609802246094,0.01361179817467928,0.08258180320262909,0.11666961759328842,1244.9981689453125,49.11052703857422,0.015667781233787537,0.09132184833288193,0.1251710057258606
247,1185.4984130859375,43.13047409057617,0.013648615218698978,0.08266185224056244,0.11682728677988052,1233.7296142578125,49.72623825073242,0.015605617314577103,0.0915524959564209,0.12492244690656662
248,1185.2720947265625,43.22785568237305,0.0136771434918046,0.08260481804609299,0.11694931983947754,1238.69287109375,48.86345291137695,0.015526319853961468,0.09059815853834152,0.12460465729236603
249,1176.802978515625,42.62102508544922,0.01354592852294445,0.08197809755802155,0.11638697981834412,1255.4599609375,48.864166259765625,0.01580197364091873,0.09215389937162399,0.12570589780807495
250,1180.436767578125,43.074039459228516,0.013596552424132824,0.08277855813503265,0.1166042611002922,1228.6826171875,48.71921920776367,0.015328544192016125,0.09020451456308365,0.12380849570035934
251,1174.999267578125,43.35066604614258,0.01364066917449236,0.08267003297805786,0.11679327487945557,1239.5347900390625,49.10469436645508,0.015578679740428925,0.09163565188646317,0.12481458485126495
252,1178.2724609375,42.78311538696289,0.013620424084365368,0.0823020339012146,0.11670656502246857,1235.7791748046875,48.82178497314453,0.015456737950444221,0.09078139066696167,0.12432512640953064
253,1180.921142578125,43.11381912231445,0.013601789250969887,0.08231773972511292,0.11662670969963074,1236.1927490234375,48.789283752441406,0.015462508425116539,0.09077338129281998,0.12434833496809006
254,1179.47607421875,43.27691650390625,0.013582093641161919,0.08244840055704117,0.11654224246740341,1238.6427001953125,48.99741744995117,0.01554798986762762,0.09111981093883514,0.12469157576560974
255,1179.7547607421875,42.74197769165039,0.01360241137444973,0.08236921578645706,0.11662937700748444,1249.909912109375,48.7883186340332,0.015679804608225822,0.09157216548919678,0.12521903216838837
256,1182.453857421875,43.25877380371094,0.013556557707488537,0.08243095874786377,0.11643262952566147,1243.303955078125,48.65668487548828,0.015553094446659088,0.09127092361450195,0.12471204996109009
257,1178.9068603515625,42.838096618652344,0.013567008078098297,0.08228238672018051,0.11647750437259674,1243.393310546875,48.823177337646484,0.015591933391988277,0.09106720238924026,0.12486765533685684
258,1185.45849609375,42.933536529541016,0.013535145670175552,0.08256328105926514,0.11634065210819244,1250.7984619140625,49.935394287109375,0.01593945361673832,0.0927235335111618,0.12625154852867126
259,1176.043212890625,42.86200714111328,0.013536457903683186,0.08213288336992264,0.11634627729654312,1241.6903076171875,48.7030029296875,0.015540225431323051,0.09105980396270752,0.1246604397892952
260,1181.48388671875,43.336181640625,0.01359181385487318,0.08251333236694336,0.1165839359164238,1237.4052734375,48.9903450012207,0.015533236786723137,0.09064314514398575,0.12463241070508957
261,1171.7662353515625,42.99005889892578,0.01360247004777193,0.08269175887107849,0.11662963032722473,1238.4940185546875,49.253074645996094,0.015597175806760788,0.09114203602075577,0.12488865852355957
262,1180.2747802734375,43.01276779174805,0.013586277142167091,0.08246869593858719,0.1165601834654808,1240.242919921875,48.88304901123047,0.015549495816230774,0.09098644554615021,0.12469761818647385
263,1181.5447998046875,43.06349563598633,0.013545959256589413,0.08214857429265976,0.11638711392879486,1238.5035400390625,49.057308197021484,0.015560006722807884,0.09114261716604233,0.12473975867033005
264,1181.930419921875,43.21855926513672,0.0135880121961236,0.08247768133878708,0.11656762659549713,1232.836181640625,48.79552459716797,0.015408409759402275,0.0904156044125557,0.12413061410188675
265,1170.3748779296875,42.89710235595703,0.013517781160771847,0.08213458955287933,0.11626598984003067,1250.1146240234375,49.13081359863281,0.01575794629752636,0.09182335436344147,0.1255306601524353
266,1177.996337890625,42.83539581298828,0.013491202145814896,0.0821545347571373,0.11615163832902908,1239.7408447265625,48.7589225769043,0.015515829436480999,0.09137949347496033,0.12456255406141281
267,1178.689208984375,42.90644454956055,0.013528283685445786,0.08245686441659927,0.11631114780902863,1237.896484375,48.72886657714844,0.015477304346859455,0.09074205905199051,0.1244078129529953
268,1174.428955078125,42.88551712036133,0.013486484996974468,0.08185192197561264,0.11613132804632187,1241.9774169921875,48.70611572265625,0.015547124668955803,0.09098803251981735,0.12468811124563217
269,1181.8197021484375,43.18755340576172,0.01350181084126234,0.0821724683046341,0.11619729548692703,1246.80224609375,49.018775939941406,0.015684064477682114,0.09182321280241013,0.12523603439331055
270,1178.150634765625,43.04203414916992,0.013617074117064476,0.08249226212501526,0.11669222265481949,1246.0927734375,48.82054138183594,0.01563999429345131,0.091359943151474,0.12505996227264404
271,1173.476318359375,43.14588165283203,0.013487367890775204,0.08195480704307556,0.1161351278424263,1251.8885498046875,48.97323226928711,0.015760336071252823,0.09190714359283447,0.12554018199443817
272,1168.94921875,42.582069396972656,0.013467702083289623,0.08221571892499924,0.11605042964220047,1242.8355712890625,48.7259521484375,0.01556365005671978,0.0915437638759613,0.12475435435771942
273,1183.439453125,42.84905242919922,0.013554626144468784,0.08240071684122086,0.11642434448003769,1242.7852783203125,48.61931228637695,0.015536290593445301,0.09095650166273117,0.12464466691017151
274,1174.237060546875,42.80450439453125,0.01349573489278555,0.08196461945772171,0.11617114394903183,1238.82861328125,48.98694610595703,0.015537429600954056,0.09134005755186081,0.12464921921491623
275,1175.311279296875,43.00416946411133,0.013461313210427761,0.08192948251962662,0.11602289974689484,1237.5552978515625,48.52315139770508,0.015424788929522038,0.09077209234237671,0.12419657409191132
276,1172.052734375,42.85133743286133,0.013472100719809532,0.0820065289735794,0.11606937646865845,1243.860107421875,48.720008850097656,0.015578838996589184,0.09102970361709595,0.12481521815061569
277,1175.74169921875,43.081539154052734,0.013488895259797573,0.08211442083120346,0.11614169925451279,1237.7890625,49.153160095214844,0.015565487556159496,0.09114032238721848,0.12476172298192978
278,1176.362548828125,42.86897659301758,0.013523022644221783,0.08216630667448044,0.11628853529691696,1237.2435302734375,48.628665924072266,0.015446470119059086,0.09064905345439911,0.12428383529186249
279,1172.4715576171875,43.190956115722656,0.01348565611988306,0.08181542903184891,0.11612776666879654,1242.71630859375,48.424556732177734,0.015496869571506977,0.0911046713590622,0.12448642402887344
280,1175.8046875,43.16205596923828,0.013487768359482288,0.08234579116106033,0.11613685637712479,1235.495361328125,48.63871383666992,0.015420962125062943,0.09071249514818192,0.12418116629123688
281,1170.7666015625,43.191650390625,0.013473031111061573,0.0818900316953659,0.11607339233160019,1246.8377685546875,48.54824447631836,0.01559604611247778,0.09150447696447372,0.12488412857055664
282,1170.51904296875,43.26685333251953,0.01346813514828682,0.08199649304151535,0.1160522922873497,1245.732177734375,48.92496109008789,0.015646200627088547,0.09180676192045212,0.1250847727060318
283,1168.3487548828125,42.9536247253418,0.013437194749712944,0.08189120143651962,0.11591890454292297,1245.607177734375,48.55183410644531,0.015569749288260937,0.09164316952228546,0.12477879971265793
284,1173.030517578125,42.55694580078125,0.013498801738023758,0.08205518126487732,0.11618434637784958,1251.869873046875,48.52634811401367,0.015674857422709465,0.09184444695711136,0.12519927322864532
285,1174.71484375,42.95648956298828,0.013466580770909786,0.08205429464578629,0.11604560166597366,1242.296875,48.67864227294922,0.015543361194431782,0.09126745909452438,0.1246730163693428
286,1174.053466796875,42.709285736083984,0.013467228971421719,0.0820680484175682,0.11604839563369751,1234.42333984375,48.74113464355469,0.015423621982336044,0.0907907709479332,0.12419188022613525
287,1175.32373046875,42.840816497802734,0.013528650626540184,0.08216492086648941,0.11631272733211517,1237.842041015625,48.54164123535156,0.015434853732585907,0.09057039022445679,0.12423709779977798
288,1172.0777587890625,42.875953674316406,0.0134712690487504,0.08209323137998581,0.11606579273939133,1246.1063232421875,48.54843521118164,0.01558610051870346,0.09097113460302353,0.12484429776668549
289,1178.429931640625,42.94176483154297,0.013504044152796268,0.08206668496131897,0.11620689183473587,1250.350341796875,48.46475601196289,0.01564655639231205,0.09144371747970581,0.1250862032175064
290,1179.832275390625,42.920188903808594,0.01350173819810152,0.08226741850376129,0.11619698256254196,1238.8427734375,48.22898483276367,0.01539490558207035,0.09076280146837234,0.12407620996236801
291,1173.2275390625,42.84578323364258,0.013440096750855446,0.08185125887393951,0.115931436419487,1243.0479736328125,48.34131622314453,0.015498665161430836,0.09095949679613113,0.12449363619089127
292,1172.223388671875,42.995933532714844,0.013447691686451435,0.08210272341966629,0.11596418172121048,1241.525146484375,48.29456329345703,0.015457122586667538,0.09114380180835724,0.1243266761302948
293,1174.1732177734375,43.16300582885742,0.013423104770481586,0.08197179436683655,0.11585813015699387,1247.7752685546875,48.496456146240234,0.015605142340064049,0.09144579619169235,0.12492053955793381
294,1170.1126708984375,42.89978790283203,0.01343508530408144,0.08199218660593033,0.11590981483459473,1238.206787109375,48.27529525756836,0.015397973358631134,0.09063873440027237,0.12408857047557831
295,1170.866943359375,42.65843963623047,0.013411808758974075,0.08183500170707703,0.115809366106987,1242.6973876953125,48.46672439575195,0.015511040575802326,0.09129077941179276,0.12454333156347275
296,1178.25244140625,42.58498764038086,0.013404478318989277,0.08166023343801498,0.11577771604061127,1251.15673828125,48.6119384765625,0.01568271405994892,0.09198025614023209,0.12523064017295837
297,1176.248046875,42.71612548828125,0.013416831381618977,0.08176887035369873,0.11583103984594345,1267.4918212890625,48.56047439575195,0.015953214839100838,0.09286365658044815,0.12630604207515717
298,1174.1529541015625,42.743560791015625,0.013425455428659916,0.08200082182884216,0.11586827039718628,1240.193359375,48.4415397644043,0.015463537536561489,0.09104988723993301,0.12435247749090195
299,1174.7139892578125,42.6760139465332,0.013418628834187984,0.08193738013505936,0.11583880335092545,1238.0162353515625,48.55881881713867,0.015448300167918205,0.0909082442522049,0.12429118156433105
300,1173.318115234375,42.456016540527344,0.013384963385760784,0.08184468001127243,0.11569339781999588,1235.0927734375,48.303977966308594,0.015352043323218822,0.09068776667118073,0.12390336394309998
